2016-09-09 15:00:05:279  INFO INSTANCEZONE:mkdb.Worker.scheduled.28 - 刷怪定时器开始:201005,201005,间隔时间:3600,是否触发时间随机:0
2016-09-09 15:00:05:280  INFO INSTANCEZONE:mkdb.Worker.procedure.51 - 开始刷新一轮的怪,任务:201005 时间:2016-9-9 15:00:05
2016-09-09 15:00:05:296  INFO INSTANCEZONE:mkdb.Worker.scheduled.27 - 刷怪定时器开始:201012,201012,间隔时间:3600,是否触发时间随机:0
2016-09-09 15:00:05:296  INFO INSTANCEZONE:mkdb.Worker.procedure.52 - 开始刷新一轮的怪,任务:201012 时间:2016-9-9 15:00:05
2016-09-09 15:00:05:328  INFO INSTANCEZONE:mkdb.Worker.procedure.51 - 活动Id:201005,活动类型Id:201,在地图:1616,共刷出npc数量为:7
2016-09-09 15:00:05:328  INFO INSTANCEZONE:mkdb.Worker.procedure.52 - 活动Id:201012,活动类型Id:201,在地图:1616,共刷出npc数量为:7
2016-09-09 15:00:05:328  INFO INSTANCEZONE:mkdb.Worker.procedure.51 - 活动Id:201005,活动类型Id:201,在地图:1606,共刷出npc数量为:8
2016-09-09 15:00:05:328  INFO INSTANCEZONE:mkdb.Worker.procedure.52 - 活动Id:201012,活动类型Id:201,在地图:1607,共刷出npc数量为:8
2016-09-09 15:00:05:328  INFO INSTANCEZONE:mkdb.Worker.procedure.51 - 活动Id:201005,活动类型Id:201,在地图:1607,共刷出npc数量为:7
2016-09-09 15:00:05:328  INFO INSTANCEZONE:mkdb.Worker.procedure.51 - 活动Id:201005,活动类型Id:201,在地图:1610,共刷出npc数量为:8
2016-09-09 15:00:05:328  INFO INSTANCEZONE:mkdb.Worker.procedure.52 - 活动Id:201012,活动类型Id:201,在地图:1610,共刷出npc数量为:8
2016-09-09 15:00:05:328  INFO INSTANCEZONE:mkdb.Worker.procedure.52 - 活动Id:201012,活动类型Id:201,在地图:1611,共刷出npc数量为:7
2016-09-09 15:00:52:292  INFO INSTANCEZONE:mkdb.Worker.scheduled.27 - 刷怪定时器开始:231005,231005,间隔时间:0,是否触发时间随机:0
2016-09-09 15:00:52:292  INFO INSTANCEZONE:mkdb.Worker.procedure.56 - 开始刷新一轮的怪,任务:231005 时间:2016-9-9 15:00:52
2016-09-09 15:00:52:293  INFO INSTANCEZONE:mkdb.Worker.scheduled.24 - 刷怪定时器开始:230005,230005,间隔时间:0,是否触发时间随机:0
2016-09-09 15:00:52:293  INFO INSTANCEZONE:mkdb.Worker.procedure.56 - 活动Id:231005,活动类型Id:231,在地图:1605,共刷出npc数量为:8
2016-09-09 15:00:52:293  INFO INSTANCEZONE:mkdb.Worker.procedure.39 - 开始刷新一轮的怪,任务:230005 时间:2016-9-9 15:00:52
2016-09-09 15:00:52:293  INFO INSTANCEZONE:mkdb.Worker.procedure.56 - 活动Id:231005,活动类型Id:231,在地图:1608,共刷出npc数量为:8
2016-09-09 15:00:52:293  INFO INSTANCEZONE:mkdb.Worker.procedure.56 - 活动Id:231005,活动类型Id:231,在地图:1609,共刷出npc数量为:8
2016-09-09 15:00:52:293  INFO INSTANCEZONE:mkdb.Worker.procedure.39 - 活动Id:230005,活动类型Id:230,在地图:1616,共刷出npc数量为:8
2016-09-09 15:00:52:293  INFO INSTANCEZONE:mkdb.Worker.procedure.39 - 活动Id:230005,活动类型Id:230,在地图:1614,共刷出npc数量为:8
2016-09-09 15:00:52:293  INFO INSTANCEZONE:mkdb.Worker.procedure.39 - 活动Id:230005,活动类型Id:230,在地图:1615,共刷出npc数量为:8
2016-09-09 15:00:55:403  INFO INSTANCEZONE:mkdb.Worker.procedure.38 - 开始补怪,任务:200005 时间:2016-9-9 15:00:55
2016-09-09 15:01:05:342  INFO INSTANCEZONE:mkdb.Worker.procedure.44 - 开始补怪,任务:201005 时间:2016-9-9 15:01:05
2016-09-09 15:01:05:342  INFO INSTANCEZONE:mkdb.Worker.procedure.53 - 开始补怪,任务:201012 时间:2016-9-9 15:01:05
2016-09-09 15:01:55:404  INFO INSTANCEZONE:mkdb.Worker.procedure.52 - 开始补怪,任务:200005 时间:2016-9-9 15:01:55
2016-09-09 15:02:05:343  INFO INSTANCEZONE:mkdb.Worker.procedure.40 - 开始补怪,任务:201005 时间:2016-9-9 15:02:05
2016-09-09 15:02:05:343  INFO INSTANCEZONE:mkdb.Worker.procedure.35 - 开始补怪,任务:201012 时间:2016-9-9 15:02:05
2016-09-09 15:02:55:412  INFO INSTANCEZONE:mkdb.Worker.procedure.43 - 开始补怪,任务:200005 时间:2016-9-9 15:02:55
2016-09-09 15:03:05:351  INFO INSTANCEZONE:mkdb.Worker.procedure.36 - 开始补怪,任务:201012 时间:2016-9-9 15:03:05
2016-09-09 15:03:05:351  INFO INSTANCEZONE:mkdb.Worker.procedure.55 - 开始补怪,任务:201005 时间:2016-9-9 15:03:05
2016-09-09 15:03:55:402  INFO INSTANCEZONE:mkdb.Worker.procedure.49 - 开始补怪,任务:200005 时间:2016-9-9 15:03:55
2016-09-09 15:04:05:342  INFO INSTANCEZONE:mkdb.Worker.procedure.56 - 开始补怪,任务:201012 时间:2016-9-9 15:04:05
2016-09-09 15:04:05:342  INFO INSTANCEZONE:mkdb.Worker.procedure.37 - 开始补怪,任务:201005 时间:2016-9-9 15:04:05
2016-09-09 15:04:55:410  INFO INSTANCEZONE:mkdb.Worker.procedure.40 - 开始补怪,任务:200005 时间:2016-9-9 15:04:55
2016-09-09 15:05:00:273  INFO INSTANCEZONE:mkdb.Worker.scheduled.28 - 刷怪定时器开始:233005,233005,间隔时间:3600,是否触发时间随机:0
2016-09-09 15:05:00:273  INFO INSTANCEZONE:mkdb.Worker.scheduled.29 - 刷怪定时器开始:234005,234005,间隔时间:3600,是否触发时间随机:0
2016-09-09 15:05:00:273  INFO INSTANCEZONE:mkdb.Worker.procedure.43 - 开始刷新一轮的怪,任务:233005 时间:2016-9-9 15:05:00
2016-09-09 15:05:00:273  INFO INSTANCEZONE:mkdb.Worker.procedure.41 - 开始刷新一轮的怪,任务:234005 时间:2016-9-9 15:05:00
2016-09-09 15:05:00:274  INFO INSTANCEZONE:mkdb.Worker.procedure.43 - 活动Id:233005,活动类型Id:233,在地图:1616,共刷出npc数量为:6
2016-09-09 15:05:00:274  INFO INSTANCEZONE:mkdb.Worker.procedure.41 - 活动Id:234005,活动类型Id:234,在地图:1614,共刷出npc数量为:6
2016-09-09 15:05:00:290  INFO INSTANCEZONE:mkdb.Worker.scheduled.24 - 刷怪定时器开始:232005,232005,间隔时间:3600,是否触发时间随机:0
2016-09-09 15:05:00:290  INFO INSTANCEZONE:mkdb.Worker.procedure.35 - 开始刷新一轮的怪,任务:232005 时间:2016-9-9 15:05:00
2016-09-09 15:05:00:290  INFO INSTANCEZONE:mkdb.Worker.procedure.35 - 活动Id:232005,活动类型Id:232,在地图:1616,共刷出npc数量为:6
2016-09-09 15:05:00:306  INFO INSTANCEZONE:mkdb.Worker.scheduled.27 - 刷怪定时器开始:239005,239005,间隔时间:3600,是否触发时间随机:0
2016-09-09 15:05:00:306  INFO INSTANCEZONE:mkdb.Worker.scheduled.30 - 刷怪定时器开始:237005,237005,间隔时间:3600,是否触发时间随机:0
2016-09-09 15:05:00:306  INFO INSTANCEZONE:mkdb.Worker.scheduled.28 - 刷怪定时器开始:238005,238005,间隔时间:3600,是否触发时间随机:0
2016-09-09 15:05:00:306  INFO INSTANCEZONE:mkdb.Worker.scheduled.29 - 刷怪定时器开始:236005,236005,间隔时间:3600,是否触发时间随机:0
2016-09-09 15:05:00:306  INFO INSTANCEZONE:mkdb.Worker.scheduled.24 - 刷怪定时器开始:235005,235005,间隔时间:3600,是否触发时间随机:0
2016-09-09 15:05:00:306  INFO INSTANCEZONE:mkdb.Worker.procedure.50 - 开始刷新一轮的怪,任务:235005 时间:2016-9-9 15:05:00
2016-09-09 15:05:00:306  INFO INSTANCEZONE:mkdb.Worker.procedure.35 - 开始刷新一轮的怪,任务:239005 时间:2016-9-9 15:05:00
2016-09-09 15:05:00:306  INFO INSTANCEZONE:mkdb.Worker.procedure.31 - 开始刷新一轮的怪,任务:237005 时间:2016-9-9 15:05:00
2016-09-09 15:05:00:306  INFO INSTANCEZONE:mkdb.Worker.procedure.32 - 开始刷新一轮的怪,任务:238005 时间:2016-9-9 15:05:00
2016-09-09 15:05:00:306  INFO INSTANCEZONE:mkdb.Worker.procedure.35 - 活动Id:239005,活动类型Id:239,在地图:1609,共刷出npc数量为:6
2016-09-09 15:05:00:306  INFO INSTANCEZONE:mkdb.Worker.procedure.32 - 活动Id:238005,活动类型Id:238,在地图:1610,共刷出npc数量为:6
2016-09-09 15:05:00:306  INFO INSTANCEZONE:mkdb.Worker.procedure.32 - 开始刷新一轮的怪,任务:236005 时间:2016-9-9 15:05:00
2016-09-09 15:05:00:306  INFO INSTANCEZONE:mkdb.Worker.procedure.31 - 活动Id:237005,活动类型Id:237,在地图:1607,共刷出npc数量为:6
2016-09-09 15:05:00:306  INFO INSTANCEZONE:mkdb.Worker.procedure.50 - 活动Id:235005,活动类型Id:235,在地图:1606,共刷出npc数量为:6
2016-09-09 15:05:00:306  INFO INSTANCEZONE:mkdb.Worker.procedure.32 - 活动Id:236005,活动类型Id:236,在地图:1605,共刷出npc数量为:6
2016-09-09 15:05:05:337  INFO INSTANCEZONE:mkdb.Worker.procedure.44 - 开始补怪,任务:201005 时间:2016-9-9 15:05:05
2016-09-09 15:05:05:339  INFO INSTANCEZONE:mkdb.Worker.procedure.49 - 开始补怪,任务:201012 时间:2016-9-9 15:05:05
2016-09-09 15:05:55:404  INFO INSTANCEZONE:mkdb.Worker.procedure.52 - 开始补怪,任务:200005 时间:2016-9-9 15:05:55
2016-09-09 15:06:05:343  INFO INSTANCEZONE:mkdb.Worker.procedure.35 - 开始补怪,任务:201005 时间:2016-9-9 15:06:05
2016-09-09 15:06:05:343  INFO INSTANCEZONE:mkdb.Worker.procedure.41 - 开始补怪,任务:201012 时间:2016-9-9 15:06:05
2016-09-09 15:06:55:410  INFO INSTANCEZONE:mkdb.Worker.procedure.50 - 开始补怪,任务:200005 时间:2016-9-9 15:06:55
2016-09-09 15:07:05:349  INFO INSTANCEZONE:mkdb.Worker.procedure.54 - 开始补怪,任务:201012 时间:2016-9-9 15:07:05
2016-09-09 15:07:05:349  INFO INSTANCEZONE:mkdb.Worker.procedure.55 - 开始补怪,任务:201005 时间:2016-9-9 15:07:05
2016-09-09 15:07:55:409  INFO INSTANCEZONE:mkdb.Worker.procedure.36 - 开始补怪,任务:200005 时间:2016-9-9 15:07:55
2016-09-09 15:08:05:349  INFO INSTANCEZONE:mkdb.Worker.procedure.56 - 开始补怪,任务:201012 时间:2016-9-9 15:08:05
2016-09-09 15:08:05:349  INFO INSTANCEZONE:mkdb.Worker.procedure.39 - 开始补怪,任务:201005 时间:2016-9-9 15:08:05
2016-09-09 15:08:55:408  INFO INSTANCEZONE:mkdb.Worker.procedure.40 - 开始补怪,任务:200005 时间:2016-9-9 15:08:55
2016-09-09 15:09:05:347  INFO INSTANCEZONE:mkdb.Worker.procedure.31 - 开始补怪,任务:201005 时间:2016-9-9 15:09:05
2016-09-09 15:09:05:347  INFO INSTANCEZONE:mkdb.Worker.procedure.38 - 开始补怪,任务:201012 时间:2016-9-9 15:09:05
2016-09-09 15:09:55:400  INFO INSTANCEZONE:mkdb.Worker.procedure.54 - 开始补怪,任务:200005 时间:2016-9-9 15:09:55
2016-09-09 15:10:00:295  INFO INSTANCEZONE:mkdb.Worker.scheduled.28 - 刷怪定时器开始:200005,200005,间隔时间:1200,是否触发时间随机:0
2016-09-09 15:10:00:295  INFO INSTANCEZONE:mkdb.Worker.procedure.49 - 开始刷新一轮的怪,任务:200005 时间:2016-9-9 15:10:00
2016-09-09 15:10:00:296  INFO INSTANCEZONE:mkdb.Worker.procedure.49 - 活动Id:200005,活动类型Id:200,在地图:1605,共刷出npc数量为:10
2016-09-09 15:10:00:296  INFO INSTANCEZONE:mkdb.Worker.procedure.49 - 活动Id:200005,活动类型Id:200,在地图:1608,共刷出npc数量为:10
2016-09-09 15:10:00:296  INFO INSTANCEZONE:mkdb.Worker.procedure.49 - 活动Id:200005,活动类型Id:200,在地图:1609,共刷出npc数量为:10
2016-09-09 15:10:05:343  INFO INSTANCEZONE:mkdb.Worker.procedure.55 - 开始补怪,任务:201005 时间:2016-9-9 15:10:05
2016-09-09 15:10:05:343  INFO INSTANCEZONE:mkdb.Worker.procedure.31 - 开始补怪,任务:201012 时间:2016-9-9 15:10:05
2016-09-09 15:11:00:301  INFO INSTANCEZONE:mkdb.Worker.procedure.54 - 开始补怪,任务:200005 时间:2016-9-9 15:11:00
2016-09-09 15:11:05:349  INFO INSTANCEZONE:mkdb.Worker.procedure.56 - 开始补怪,任务:201012 时间:2016-9-9 15:11:05
2016-09-09 15:11:05:349  INFO INSTANCEZONE:mkdb.Worker.procedure.39 - 开始补怪,任务:201005 时间:2016-9-9 15:11:05
2016-09-09 15:12:00:306  INFO INSTANCEZONE:mkdb.Worker.procedure.37 - 开始补怪,任务:200005 时间:2016-9-9 15:12:00
2016-09-09 15:12:05:339  INFO INSTANCEZONE:mkdb.Worker.procedure.32 - 开始补怪,任务:201012 时间:2016-9-9 15:12:05
2016-09-09 15:12:05:339  INFO INSTANCEZONE:mkdb.Worker.procedure.43 - 开始补怪,任务:201005 时间:2016-9-9 15:12:05
2016-09-09 15:13:00:307  INFO INSTANCEZONE:mkdb.Worker.procedure.31 - 开始补怪,任务:200005 时间:2016-9-9 15:13:00
2016-09-09 15:13:05:341  INFO INSTANCEZONE:mkdb.Worker.procedure.53 - 开始补怪,任务:201012 时间:2016-9-9 15:13:05
2016-09-09 15:13:05:341  INFO INSTANCEZONE:mkdb.Worker.procedure.44 - 开始补怪,任务:201005 时间:2016-9-9 15:13:05
2016-09-09 15:14:00:298  INFO INSTANCEZONE:mkdb.Worker.procedure.39 - 开始补怪,任务:200005 时间:2016-9-9 15:14:00
2016-09-09 15:14:05:346  INFO INSTANCEZONE:mkdb.Worker.procedure.41 - 开始补怪,任务:201005 时间:2016-9-9 15:14:05
2016-09-09 15:14:05:346  INFO INSTANCEZONE:mkdb.Worker.procedure.37 - 开始补怪,任务:201012 时间:2016-9-9 15:14:05
2016-09-09 15:15:00:306  INFO INSTANCEZONE:mkdb.Worker.procedure.54 - 开始补怪,任务:200005 时间:2016-9-9 15:15:00
2016-09-09 15:15:05:340  INFO INSTANCEZONE:mkdb.Worker.procedure.39 - 开始补怪,任务:201005 时间:2016-9-9 15:15:05
2016-09-09 15:15:05:340  INFO INSTANCEZONE:mkdb.Worker.procedure.56 - 开始补怪,任务:201012 时间:2016-9-9 15:15:05
2016-09-09 15:16:00:306  INFO INSTANCEZONE:mkdb.Worker.procedure.52 - 开始补怪,任务:200005 时间:2016-9-9 15:16:00
2016-09-09 15:16:05:343  INFO INSTANCEZONE:mkdb.Worker.procedure.43 - 开始补怪,任务:201005 时间:2016-9-9 15:16:05
2016-09-09 15:16:05:343  INFO INSTANCEZONE:mkdb.Worker.procedure.32 - 开始补怪,任务:201012 时间:2016-9-9 15:16:05
2016-09-09 15:18:42:672  INFO INSTANCEZONE:mkdb.Worker.scheduled.24 - 开始刷怪234005 234
2016-09-09 15:18:42:672  INFO INSTANCEZONE:mkdb.Worker.scheduled.55 - 开始刷怪201005 201
2016-09-09 15:18:42:672  INFO INSTANCEZONE:mkdb.Worker.scheduled.27 - 开始刷怪244005 244
2016-09-09 15:18:42:672  INFO INSTANCEZONE:mkdb.Worker.scheduled.54 - 开始刷怪233005 233
2016-09-09 15:18:42:672  INFO INSTANCEZONE:mkdb.Worker.scheduled.27 - now time:1473405522672 real start time:1473350410672 actid:244005
2016-09-09 15:18:42:672  INFO INSTANCEZONE:mkdb.Worker.scheduled.55 - now time:1473405522672 real start time:1473350405672 actid:201005
2016-09-09 15:18:42:672  INFO INSTANCEZONE:mkdb.Worker.scheduled.54 - now time:1473405522672 real start time:1473350700672 actid:233005
2016-09-09 15:18:42:672  INFO INSTANCEZONE:mkdb.Worker.scheduled.24 - now time:1473405522672 real start time:1473350700672 actid:234005
2016-09-09 15:18:42:672  INFO INSTANCEZONE:mkdb.Worker.scheduled.54 - delay time3:2778000 actid:233005
2016-09-09 15:18:42:672  INFO INSTANCEZONE:mkdb.Worker.scheduled.55 - delay time3:2483000 actid:201005
2016-09-09 15:18:42:672  INFO INSTANCEZONE:mkdb.Worker.scheduled.24 - delay time3:2778000 actid:234005
2016-09-09 15:18:42:672  INFO INSTANCEZONE:mkdb.Worker.scheduled.27 - delay time3:2488000 actid:244005
2016-09-09 15:18:42:672  INFO INSTANCEZONE:mkdb.Worker.scheduled.55 - 开始刷怪201012 201
2016-09-09 15:18:42:672  INFO INSTANCEZONE:mkdb.Worker.scheduled.54 - 开始刷怪200005 200
2016-09-09 15:18:42:672  INFO INSTANCEZONE:mkdb.Worker.scheduled.27 - 开始刷怪231005 231
2016-09-09 15:18:42:672  INFO INSTANCEZONE:mkdb.Worker.scheduled.55 - now time:1473405522672 real start time:1473350405672 actid:201012
2016-09-09 15:18:42:672  INFO INSTANCEZONE:mkdb.Worker.scheduled.55 - delay time3:2483000 actid:201012
2016-09-09 15:18:42:672  INFO INSTANCEZONE:mkdb.Worker.scheduled.54 - now time:1473405522672 real start time:1473351000672 actid:200005
2016-09-09 15:18:42:672  INFO INSTANCEZONE:mkdb.Worker.scheduled.54 - delay time3:678000 actid:200005
2016-09-09 15:18:42:672  INFO INSTANCEZONE:mkdb.Worker.scheduled.27 - now time:1473405522672 real start time:1473350700672 actid:231005
2016-09-09 15:18:42:672  INFO INSTANCEZONE:mkdb.Worker.scheduled.56 - 开始刷怪232005 232
2016-09-09 15:18:42:672  INFO INSTANCEZONE:mkdb.Worker.scheduled.56 - now time:1473405522672 real start time:1473350700672 actid:232005
2016-09-09 15:18:42:672  INFO INSTANCEZONE:mkdb.Worker.scheduled.56 - delay time3:2778000 actid:232005
2016-09-09 15:18:42:672  INFO INSTANCEZONE:mkdb.Worker.scheduled.55 - 开始刷怪230005 230
2016-09-09 15:18:42:672  INFO INSTANCEZONE:mkdb.Worker.scheduled.55 - now time:1473405522672 real start time:1473350700672 actid:230005
2016-09-09 15:18:42:672  INFO INSTANCEZONE:mkdb.Worker.scheduled.54 - 开始刷怪239005 239
2016-09-09 15:18:42:672  INFO INSTANCEZONE:mkdb.Worker.scheduled.54 - now time:1473405522672 real start time:1473350700672 actid:239005
2016-09-09 15:18:42:672  INFO INSTANCEZONE:mkdb.Worker.scheduled.54 - delay time3:2778000 actid:239005
2016-09-09 15:18:42:672  INFO INSTANCEZONE:mkdb.Worker.scheduled.55 - 开始刷怪238005 238
2016-09-09 15:18:42:672  INFO INSTANCEZONE:mkdb.Worker.scheduled.55 - now time:1473405522672 real start time:1473350700672 actid:238005
2016-09-09 15:18:42:672  INFO INSTANCEZONE:mkdb.Worker.scheduled.55 - delay time3:2778000 actid:238005
2016-09-09 15:19:20:582  INFO INSTANCEZONE:mkdb.Worker.scheduled.56 - 开始刷怪234005 234
2016-09-09 15:19:20:598  INFO INSTANCEZONE:mkdb.Worker.scheduled.56 - now time:1473405560582 real start time:1473350700582 actid:234005
2016-09-09 15:19:20:598  INFO INSTANCEZONE:mkdb.Worker.scheduled.56 - delay time3:2740000 actid:234005
2016-09-09 15:19:20:598  INFO INSTANCEZONE:mkdb.Worker.scheduled.55 - 开始刷怪244005 244
2016-09-09 15:19:20:598  INFO INSTANCEZONE:mkdb.Worker.scheduled.55 - now time:1473405560598 real start time:1473350410598 actid:244005
2016-09-09 15:19:20:598  INFO INSTANCEZONE:mkdb.Worker.scheduled.55 - delay time3:2450000 actid:244005
2016-09-09 15:19:20:598  INFO INSTANCEZONE:mkdb.Worker.scheduled.56 - 开始刷怪201012 201
2016-09-09 15:19:20:598  INFO INSTANCEZONE:mkdb.Worker.scheduled.56 - now time:1473405560598 real start time:1473350405598 actid:201012
2016-09-09 15:19:20:598  INFO INSTANCEZONE:mkdb.Worker.scheduled.56 - delay time3:2445000 actid:201012
2016-09-09 15:19:20:598  INFO INSTANCEZONE:mkdb.Worker.scheduled.54 - 开始刷怪233005 233
2016-09-09 15:19:20:598  INFO INSTANCEZONE:mkdb.Worker.scheduled.54 - now time:1473405560598 real start time:1473350700598 actid:233005
2016-09-09 15:19:20:598  INFO INSTANCEZONE:mkdb.Worker.scheduled.54 - delay time3:2740000 actid:233005
2016-09-09 15:19:20:598  INFO INSTANCEZONE:mkdb.Worker.scheduled.24 - 开始刷怪201005 201
2016-09-09 15:19:20:598  INFO INSTANCEZONE:mkdb.Worker.scheduled.24 - now time:1473405560598 real start time:1473350405598 actid:201005
2016-09-09 15:19:20:598  INFO INSTANCEZONE:mkdb.Worker.scheduled.24 - delay time3:2445000 actid:201005
2016-09-09 15:19:20:598  INFO INSTANCEZONE:mkdb.Worker.scheduled.55 - 开始刷怪232005 232
2016-09-09 15:19:20:598  INFO INSTANCEZONE:mkdb.Worker.scheduled.55 - now time:1473405560598 real start time:1473350700598 actid:232005
2016-09-09 15:19:20:598  INFO INSTANCEZONE:mkdb.Worker.scheduled.55 - delay time3:2740000 actid:232005
2016-09-09 15:19:20:598  INFO INSTANCEZONE:mkdb.Worker.scheduled.27 - 开始刷怪200005 200
2016-09-09 15:19:20:598  INFO INSTANCEZONE:mkdb.Worker.scheduled.56 - 开始刷怪231005 231
2016-09-09 15:19:20:598  INFO INSTANCEZONE:mkdb.Worker.scheduled.27 - now time:1473405560598 real start time:1473351000598 actid:200005
2016-09-09 15:19:20:598  INFO INSTANCEZONE:mkdb.Worker.scheduled.24 - 开始刷怪239005 239
2016-09-09 15:19:20:598  INFO INSTANCEZONE:mkdb.Worker.scheduled.54 - 开始刷怪230005 230
2016-09-09 15:19:20:598  INFO INSTANCEZONE:mkdb.Worker.scheduled.54 - now time:1473405560598 real start time:1473350700598 actid:230005
2016-09-09 15:19:20:598  INFO INSTANCEZONE:mkdb.Worker.scheduled.27 - delay time3:640000 actid:200005
2016-09-09 15:19:20:598  INFO INSTANCEZONE:mkdb.Worker.scheduled.24 - now time:1473405560598 real start time:1473350700598 actid:239005
2016-09-09 15:19:20:598  INFO INSTANCEZONE:mkdb.Worker.scheduled.24 - delay time3:2740000 actid:239005
2016-09-09 15:19:20:598  INFO INSTANCEZONE:mkdb.Worker.scheduled.56 - now time:1473405560598 real start time:1473350700598 actid:231005
2016-09-09 15:19:20:598  INFO INSTANCEZONE:mkdb.Worker.scheduled.27 - 开始刷怪238005 238
2016-09-09 15:19:20:598  INFO INSTANCEZONE:mkdb.Worker.scheduled.27 - now time:1473405560598 real start time:1473350700598 actid:238005
2016-09-09 15:19:20:598  INFO INSTANCEZONE:mkdb.Worker.scheduled.27 - delay time3:2740000 actid:238005
2016-09-09 15:19:20:598  INFO INSTANCEZONE:mkdb.Worker.scheduled.27 - 开始刷怪237005 237
2016-09-09 15:19:20:598  INFO INSTANCEZONE:mkdb.Worker.scheduled.27 - now time:1473405560598 real start time:1473350700598 actid:237005
2016-09-09 15:19:20:598  INFO INSTANCEZONE:mkdb.Worker.scheduled.27 - delay time3:2740000 actid:237005
2016-09-09 15:19:20:614  INFO INSTANCEZONE:mkdb.Worker.scheduled.54 - 开始刷怪236005 236
2016-09-09 15:19:20:614  INFO INSTANCEZONE:mkdb.Worker.scheduled.54 - now time:1473405560614 real start time:1473350700614 actid:236005
2016-09-09 15:19:20:614  INFO INSTANCEZONE:mkdb.Worker.scheduled.54 - delay time3:2740000 actid:236005
2016-09-09 15:19:20:614  INFO INSTANCEZONE:mkdb.Worker.scheduled.55 - 开始刷怪235005 235
2016-09-09 15:19:20:614  INFO INSTANCEZONE:mkdb.Worker.scheduled.55 - now time:1473405560614 real start time:1473350700614 actid:235005
2016-09-09 15:19:20:614  INFO INSTANCEZONE:mkdb.Worker.scheduled.55 - delay time3:2740000 actid:235005
2016-09-09 15:19:21:601  INFO INSTANCEZONE:mkdb.Worker.scheduled.54 - 刷怪定时器开始:244005,244005,间隔时间:7200,是否触发时间随机:0
2016-09-09 15:19:21:601  INFO INSTANCEZONE:mkdb.Worker.scheduled.27 - 刷怪定时器开始:234005,234005,间隔时间:3600,是否触发时间随机:0
2016-09-09 15:19:21:601  INFO INSTANCEZONE:mkdb.Worker.scheduled.27 - 刷怪定时器开始:201012,201012,间隔时间:3600,是否触发时间随机:0
2016-09-09 15:19:21:601  INFO INSTANCEZONE:mkdb.Worker.scheduled.54 - 刷怪定时器开始:233005,233005,间隔时间:3600,是否触发时间随机:0
2016-09-09 15:19:21:602  INFO INSTANCEZONE:mkdb.Worker.scheduled.55 - 刷怪定时器开始:201005,201005,间隔时间:3600,是否触发时间随机:0
2016-09-09 15:19:21:602  INFO INSTANCEZONE:mkdb.Worker.procedure.32 - 开始刷新一轮的怪,任务:201012 时间:2016-9-9 15:19:21
2016-09-09 15:19:21:602  INFO INSTANCEZONE:mkdb.Worker.procedure.34 - 开始刷新一轮的怪,任务:244005 时间:2016-9-9 15:19:21
2016-09-09 15:19:21:602  INFO INSTANCEZONE:mkdb.Worker.procedure.35 - 开始刷新一轮的怪,任务:233005 时间:2016-9-9 15:19:21
2016-09-09 15:19:21:602  INFO INSTANCEZONE:mkdb.Worker.procedure.50 - 开始刷新一轮的怪,任务:234005 时间:2016-9-9 15:19:21
2016-09-09 15:19:21:602  INFO INSTANCEZONE:mkdb.Worker.procedure.36 - 开始刷新一轮的怪,任务:201005 时间:2016-9-9 15:19:21
2016-09-09 15:19:21:602  INFO INSTANCEZONE:mkdb.Worker.procedure.50 - 活动Id:234005,活动类型Id:234,在地图:1614,共刷出npc数量为:6
2016-09-09 15:19:21:602  INFO INSTANCEZONE:mkdb.Worker.procedure.34 - 活动Id:244005,活动类型Id:244,在地图:1616,共刷出npc数量为:2
2016-09-09 15:19:21:602  INFO INSTANCEZONE:mkdb.Worker.procedure.35 - 活动Id:233005,活动类型Id:233,在地图:1616,共刷出npc数量为:6
2016-09-09 15:19:21:602  INFO INSTANCEZONE:mkdb.Worker.procedure.36 - 活动Id:201005,活动类型Id:201,在地图:1606,共刷出npc数量为:7
2016-09-09 15:19:21:602  INFO INSTANCEZONE:mkdb.Worker.procedure.32 - 活动Id:201012,活动类型Id:201,在地图:1606,共刷出npc数量为:8
2016-09-09 15:19:21:602  INFO INSTANCEZONE:mkdb.Worker.procedure.36 - 活动Id:201005,活动类型Id:201,在地图:1607,共刷出npc数量为:8
2016-09-09 15:19:21:602  INFO INSTANCEZONE:mkdb.Worker.procedure.36 - 活动Id:201005,活动类型Id:201,在地图:1611,共刷出npc数量为:7
2016-09-09 15:19:21:602  INFO INSTANCEZONE:mkdb.Worker.procedure.32 - 活动Id:201012,活动类型Id:201,在地图:1607,共刷出npc数量为:7
2016-09-09 15:19:21:602  INFO INSTANCEZONE:mkdb.Worker.procedure.32 - 活动Id:201012,活动类型Id:201,在地图:1610,共刷出npc数量为:7
2016-09-09 15:19:21:602  INFO INSTANCEZONE:mkdb.Worker.procedure.32 - 活动Id:201012,活动类型Id:201,在地图:1611,共刷出npc数量为:8
2016-09-09 15:19:21:602  INFO INSTANCEZONE:mkdb.Worker.procedure.36 - 活动Id:201005,活动类型Id:201,在地图:1614,共刷出npc数量为:8
2016-09-09 15:19:21:602  INFO INSTANCEZONE:mkdb.Worker.procedure.34 - 活动Id:244005,活动类型Id:244,在地图:1610,共刷出npc数量为:2
2016-09-09 15:19:21:602  INFO INSTANCEZONE:mkdb.Worker.procedure.34 - 活动Id:244005,活动类型Id:244,在地图:1611,共刷出npc数量为:2
2016-09-09 15:19:21:602  INFO INSTANCEZONE:mkdb.Worker.procedure.34 - 活动Id:244005,活动类型Id:244,在地图:1614,共刷出npc数量为:2
2016-09-09 15:19:21:618  INFO INSTANCEZONE:mkdb.Worker.scheduled.24 - 刷怪定时器开始:232005,232005,间隔时间:3600,是否触发时间随机:0
2016-09-09 15:19:21:618  INFO INSTANCEZONE:mkdb.Worker.scheduled.56 - 刷怪定时器开始:200005,200005,间隔时间:1200,是否触发时间随机:0
2016-09-09 15:19:21:618  INFO INSTANCEZONE:mkdb.Worker.scheduled.24 - 刷怪定时器开始:230005,230005,间隔时间:0,是否触发时间随机:0
2016-09-09 15:19:21:618  INFO INSTANCEZONE:mkdb.Worker.scheduled.24 - 刷怪定时器开始:239005,239005,间隔时间:3600,是否触发时间随机:0
2016-09-09 15:19:21:618  INFO INSTANCEZONE:mkdb.Worker.scheduled.24 - 刷怪定时器开始:231005,231005,间隔时间:0,是否触发时间随机:0
2016-09-09 15:19:21:618  INFO INSTANCEZONE:mkdb.Worker.scheduled.24 - 刷怪定时器开始:238005,238005,间隔时间:3600,是否触发时间随机:0
2016-09-09 15:19:21:618  INFO INSTANCEZONE:mkdb.Worker.procedure.40 - 开始刷新一轮的怪,任务:232005 时间:2016-9-9 15:19:21
2016-09-09 15:19:21:618  INFO INSTANCEZONE:mkdb.Worker.scheduled.24 - 刷怪定时器开始:237005,237005,间隔时间:3600,是否触发时间随机:0
2016-09-09 15:19:21:618  INFO INSTANCEZONE:mkdb.Worker.scheduled.24 - 刷怪定时器开始:236005,236005,间隔时间:3600,是否触发时间随机:0
2016-09-09 15:19:21:618  INFO INSTANCEZONE:mkdb.Worker.scheduled.24 - 刷怪定时器开始:235005,235005,间隔时间:3600,是否触发时间随机:0
2016-09-09 15:19:21:618  INFO INSTANCEZONE:mkdb.Worker.procedure.40 - 活动Id:232005,活动类型Id:232,在地图:1616,共刷出npc数量为:6
2016-09-09 15:19:21:618  INFO INSTANCEZONE:mkdb.Worker.procedure.40 - 开始刷新一轮的怪,任务:200005 时间:2016-9-9 15:19:21
2016-09-09 15:19:21:618  INFO INSTANCEZONE:mkdb.Worker.procedure.40 - 活动Id:200005,活动类型Id:200,在地图:1605,共刷出npc数量为:10
2016-09-09 15:19:21:618  INFO INSTANCEZONE:mkdb.Worker.procedure.40 - 活动Id:200005,活动类型Id:200,在地图:1608,共刷出npc数量为:10
2016-09-09 15:19:21:618  INFO INSTANCEZONE:mkdb.Worker.procedure.40 - 活动Id:200005,活动类型Id:200,在地图:1609,共刷出npc数量为:10
2016-09-09 15:19:21:712  INFO INSTANCEZONE:mkdb.Worker.procedure.40 - 开始刷新一轮的怪,任务:230005 时间:2016-9-9 15:19:21
2016-09-09 15:19:21:712  INFO INSTANCEZONE:mkdb.Worker.procedure.53 - 开始刷新一轮的怪,任务:239005 时间:2016-9-9 15:19:21
2016-09-09 15:19:21:712  INFO INSTANCEZONE:mkdb.Worker.procedure.39 - 开始刷新一轮的怪,任务:231005 时间:2016-9-9 15:19:21
2016-09-09 15:19:21:712  INFO INSTANCEZONE:mkdb.Worker.procedure.29 - 开始刷新一轮的怪,任务:238005 时间:2016-9-9 15:19:21
2016-09-09 15:19:21:712  INFO INSTANCEZONE:mkdb.Worker.procedure.33 - 开始刷新一轮的怪,任务:237005 时间:2016-9-9 15:19:21
2016-09-09 15:19:21:712  INFO INSTANCEZONE:mkdb.Worker.procedure.51 - 开始刷新一轮的怪,任务:236005 时间:2016-9-9 15:19:21
2016-09-09 15:19:21:712  INFO INSTANCEZONE:mkdb.Worker.procedure.41 - 开始刷新一轮的怪,任务:235005 时间:2016-9-9 15:19:21
2016-09-09 15:19:21:712  INFO INSTANCEZONE:mkdb.Worker.procedure.40 - 活动Id:230005,活动类型Id:230,在地图:1616,共刷出npc数量为:8
2016-09-09 15:19:21:712  INFO INSTANCEZONE:mkdb.Worker.procedure.40 - 活动Id:230005,活动类型Id:230,在地图:1614,共刷出npc数量为:8
2016-09-09 15:19:21:712  INFO INSTANCEZONE:mkdb.Worker.procedure.40 - 活动Id:230005,活动类型Id:230,在地图:1615,共刷出npc数量为:8
2016-09-09 15:19:21:712  INFO INSTANCEZONE:mkdb.Worker.procedure.53 - 活动Id:239005,活动类型Id:239,在地图:1609,共刷出npc数量为:6
2016-09-09 15:19:21:727  INFO INSTANCEZONE:mkdb.Worker.procedure.39 - 活动Id:231005,活动类型Id:231,在地图:1605,共刷出npc数量为:8
2016-09-09 15:19:21:727  INFO INSTANCEZONE:mkdb.Worker.procedure.39 - 活动Id:231005,活动类型Id:231,在地图:1608,共刷出npc数量为:8
2016-09-09 15:19:21:727  INFO INSTANCEZONE:mkdb.Worker.procedure.39 - 活动Id:231005,活动类型Id:231,在地图:1609,共刷出npc数量为:8
2016-09-09 15:19:21:727  INFO INSTANCEZONE:mkdb.Worker.procedure.29 - 活动Id:238005,活动类型Id:238,在地图:1610,共刷出npc数量为:6
2016-09-09 15:19:21:727  INFO INSTANCEZONE:mkdb.Worker.procedure.33 - 活动Id:237005,活动类型Id:237,在地图:1607,共刷出npc数量为:6
2016-09-09 15:19:21:727  INFO INSTANCEZONE:mkdb.Worker.procedure.51 - 活动Id:236005,活动类型Id:236,在地图:1605,共刷出npc数量为:6
2016-09-09 15:19:21:727  INFO INSTANCEZONE:mkdb.Worker.procedure.41 - 活动Id:235005,活动类型Id:235,在地图:1606,共刷出npc数量为:6
2016-09-09 15:20:20:607  INFO INSTANCEZONE:mkdb.Worker.scheduled.56 - 刷怪定时器开始:230005,230005,间隔时间:0,是否触发时间随机:0
2016-09-09 15:20:20:607  INFO INSTANCEZONE:mkdb.Worker.scheduled.24 - 刷怪定时器开始:231005,231005,间隔时间:0,是否触发时间随机:0
2016-09-09 15:20:20:607  INFO INSTANCEZONE:mkdb.Worker.procedure.49 - 开始刷新一轮的怪,任务:230005 时间:2016-9-9 15:20:20
2016-09-09 15:20:20:607  INFO INSTANCEZONE:mkdb.Worker.procedure.46 - 开始刷新一轮的怪,任务:231005 时间:2016-9-9 15:20:20
2016-09-09 15:20:20:608  INFO INSTANCEZONE:mkdb.Worker.procedure.46 - 活动Id:231005,活动类型Id:231,在地图:1605,共刷出npc数量为:8
2016-09-09 15:20:20:608  INFO INSTANCEZONE:mkdb.Worker.procedure.49 - 活动Id:230005,活动类型Id:230,在地图:1616,共刷出npc数量为:8
2016-09-09 15:20:20:608  INFO INSTANCEZONE:mkdb.Worker.procedure.46 - 活动Id:231005,活动类型Id:231,在地图:1608,共刷出npc数量为:8
2016-09-09 15:20:20:608  INFO INSTANCEZONE:mkdb.Worker.procedure.49 - 活动Id:230005,活动类型Id:230,在地图:1614,共刷出npc数量为:8
2016-09-09 15:20:20:608  INFO INSTANCEZONE:mkdb.Worker.procedure.46 - 活动Id:231005,活动类型Id:231,在地图:1609,共刷出npc数量为:8
2016-09-09 15:20:20:608  INFO INSTANCEZONE:mkdb.Worker.procedure.49 - 活动Id:230005,活动类型Id:230,在地图:1615,共刷出npc数量为:8
2016-09-09 15:20:21:624  INFO INSTANCEZONE:mkdb.Worker.procedure.29 - 开始补怪,任务:201012 时间:2016-9-9 15:20:21
2016-09-09 15:20:21:624  INFO INSTANCEZONE:mkdb.Worker.procedure.33 - 开始补怪,任务:201005 时间:2016-9-9 15:20:21
2016-09-09 15:20:21:624  INFO INSTANCEZONE:mkdb.Worker.procedure.53 - 开始补怪,任务:200005 时间:2016-9-9 15:20:21
2016-09-09 15:21:22:044  INFO INSTANCEZONE:mkdb.Worker.procedure.34 - 开始补怪,任务:201005 时间:2016-9-9 15:21:22
2016-09-09 15:21:22:044  INFO INSTANCEZONE:mkdb.Worker.procedure.51 - 开始补怪,任务:201012 时间:2016-9-9 15:21:22
2016-09-09 15:21:22:044  INFO INSTANCEZONE:mkdb.Worker.procedure.38 - 开始补怪,任务:200005 时间:2016-9-9 15:21:22
2016-09-09 15:22:21:624  INFO INSTANCEZONE:mkdb.Worker.procedure.29 - 开始补怪,任务:201012 时间:2016-9-9 15:22:21
2016-09-09 15:22:21:624  INFO INSTANCEZONE:mkdb.Worker.procedure.33 - 开始补怪,任务:200005 时间:2016-9-9 15:22:21
2016-09-09 15:22:21:624  INFO INSTANCEZONE:mkdb.Worker.procedure.53 - 开始补怪,任务:201005 时间:2016-9-9 15:22:21
2016-09-09 15:23:21:627  INFO INSTANCEZONE:mkdb.Worker.procedure.41 - 开始补怪,任务:200005 时间:2016-9-9 15:23:21
2016-09-09 15:23:21:627  INFO INSTANCEZONE:mkdb.Worker.procedure.35 - 开始补怪,任务:201012 时间:2016-9-9 15:23:21
2016-09-09 15:23:21:627  INFO INSTANCEZONE:mkdb.Worker.procedure.39 - 开始补怪,任务:201005 时间:2016-9-9 15:23:21
2016-09-09 15:24:21:619  INFO INSTANCEZONE:mkdb.Worker.procedure.33 - 开始补怪,任务:201005 时间:2016-9-9 15:24:21
2016-09-09 15:24:21:619  INFO INSTANCEZONE:mkdb.Worker.procedure.53 - 开始补怪,任务:201012 时间:2016-9-9 15:24:21
2016-09-09 15:24:21:621  INFO INSTANCEZONE:mkdb.Worker.procedure.37 - 开始补怪,任务:200005 时间:2016-9-9 15:24:21
2016-09-09 15:25:21:623  INFO INSTANCEZONE:mkdb.Worker.procedure.53 - 开始补怪,任务:201005 时间:2016-9-9 15:25:21
2016-09-09 15:25:21:623  INFO INSTANCEZONE:mkdb.Worker.procedure.33 - 开始补怪,任务:200005 时间:2016-9-9 15:25:21
2016-09-09 15:25:21:623  INFO INSTANCEZONE:mkdb.Worker.procedure.37 - 开始补怪,任务:201012 时间:2016-9-9 15:25:21
2016-09-09 15:26:21:627  INFO INSTANCEZONE:mkdb.Worker.procedure.52 - 开始补怪,任务:201012 时间:2016-9-9 15:26:21
2016-09-09 15:26:21:627  INFO INSTANCEZONE:mkdb.Worker.procedure.36 - 开始补怪,任务:200005 时间:2016-9-9 15:26:21
2016-09-09 15:26:21:627  INFO INSTANCEZONE:mkdb.Worker.procedure.28 - 开始补怪,任务:201005 时间:2016-9-9 15:26:21
2016-09-09 15:27:21:621  INFO INSTANCEZONE:mkdb.Worker.procedure.34 - 开始补怪,任务:201005 时间:2016-9-9 15:27:21
2016-09-09 15:27:21:621  INFO INSTANCEZONE:mkdb.Worker.procedure.51 - 开始补怪,任务:201012 时间:2016-9-9 15:27:21
2016-09-09 15:27:21:621  INFO INSTANCEZONE:mkdb.Worker.procedure.50 - 开始补怪,任务:200005 时间:2016-9-9 15:27:21
2016-09-09 15:28:21:617  INFO INSTANCEZONE:mkdb.Worker.procedure.32 - 开始补怪,任务:201005 时间:2016-9-9 15:28:21
2016-09-09 15:28:21:617  INFO INSTANCEZONE:mkdb.Worker.procedure.40 - 开始补怪,任务:201012 时间:2016-9-9 15:28:21
2016-09-09 15:28:21:620  INFO INSTANCEZONE:mkdb.Worker.procedure.47 - 开始补怪,任务:200005 时间:2016-9-9 15:28:21
2016-09-09 15:29:21:621  INFO INSTANCEZONE:mkdb.Worker.procedure.46 - 开始补怪,任务:201005 时间:2016-9-9 15:29:21
2016-09-09 15:29:21:621  INFO INSTANCEZONE:mkdb.Worker.procedure.48 - 开始补怪,任务:200005 时间:2016-9-9 15:29:21
2016-09-09 15:29:21:621  INFO INSTANCEZONE:mkdb.Worker.procedure.32 - 开始补怪,任务:201012 时间:2016-9-9 15:29:21
2016-09-09 15:30:00:608  INFO INSTANCEZONE:mkdb.Worker.scheduled.54 - 刷怪定时器开始:200005,200005,间隔时间:1200,是否触发时间随机:0
2016-09-09 15:30:00:609  INFO INSTANCEZONE:mkdb.Worker.procedure.28 - 开始刷新一轮的怪,任务:200005 时间:2016-9-9 15:30:00
2016-09-09 15:30:00:610  INFO INSTANCEZONE:mkdb.Worker.procedure.28 - 活动Id:200005,活动类型Id:200,在地图:1605,共刷出npc数量为:10
2016-09-09 15:30:00:610  INFO INSTANCEZONE:mkdb.Worker.procedure.28 - 活动Id:200005,活动类型Id:200,在地图:1608,共刷出npc数量为:10
2016-09-09 15:30:00:610  INFO INSTANCEZONE:mkdb.Worker.procedure.28 - 活动Id:200005,活动类型Id:200,在地图:1609,共刷出npc数量为:10
2016-09-09 15:30:21:624  INFO INSTANCEZONE:mkdb.Worker.procedure.29 - 开始补怪,任务:201012 时间:2016-9-9 15:30:21
2016-09-09 15:30:21:624  INFO INSTANCEZONE:mkdb.Worker.procedure.52 - 开始补怪,任务:201005 时间:2016-9-9 15:30:21
2016-09-09 15:31:00:626  INFO INSTANCEZONE:mkdb.Worker.procedure.35 - 开始补怪,任务:200005 时间:2016-9-9 15:31:00
2016-09-09 15:31:21:619  INFO INSTANCEZONE:mkdb.Worker.procedure.38 - 开始补怪,任务:201012 时间:2016-9-9 15:31:21
2016-09-09 15:31:23:401  INFO INSTANCEZONE:mkdb.Worker.procedure.51 - 开始补怪,任务:201005 时间:2016-9-9 15:31:21
2016-09-09 15:32:00:622  INFO INSTANCEZONE:mkdb.Worker.procedure.49 - 开始补怪,任务:200005 时间:2016-9-9 15:32:00
2016-09-09 15:32:21:618  INFO INSTANCEZONE:mkdb.Worker.procedure.32 - 开始补怪,任务:201005 时间:2016-9-9 15:32:21
2016-09-09 15:32:21:618  INFO INSTANCEZONE:mkdb.Worker.procedure.50 - 开始补怪,任务:201012 时间:2016-9-9 15:32:21
2016-09-09 15:33:00:613  INFO INSTANCEZONE:mkdb.Worker.procedure.33 - 开始补怪,任务:200005 时间:2016-9-9 15:33:00
2016-09-09 15:33:21:625  INFO INSTANCEZONE:mkdb.Worker.procedure.35 - 开始补怪,任务:201012 时间:2016-9-9 15:33:21
2016-09-09 15:33:21:625  INFO INSTANCEZONE:mkdb.Worker.procedure.39 - 开始补怪,任务:201005 时间:2016-9-9 15:33:21
2016-09-09 15:34:00:616  INFO INSTANCEZONE:mkdb.Worker.procedure.51 - 开始补怪,任务:200005 时间:2016-9-9 15:34:00
2016-09-09 15:34:21:623  INFO INSTANCEZONE:mkdb.Worker.procedure.49 - 开始补怪,任务:201005 时间:2016-9-9 15:34:21
2016-09-09 15:34:21:623  INFO INSTANCEZONE:mkdb.Worker.procedure.28 - 开始补怪,任务:201012 时间:2016-9-9 15:34:21
2016-09-09 15:35:00:625  INFO INSTANCEZONE:mkdb.Worker.procedure.47 - 开始补怪,任务:200005 时间:2016-9-9 15:35:00
2016-09-09 15:35:21:622  INFO INSTANCEZONE:mkdb.Worker.procedure.33 - 开始补怪,任务:201005 时间:2016-9-9 15:35:21
2016-09-09 15:35:21:622  INFO INSTANCEZONE:mkdb.Worker.procedure.53 - 开始补怪,任务:201012 时间:2016-9-9 15:35:21
2016-09-09 15:36:00:625  INFO INSTANCEZONE:mkdb.Worker.procedure.48 - 开始补怪,任务:200005 时间:2016-9-9 15:36:00
2016-09-09 15:36:21:614  INFO INSTANCEZONE:mkdb.Worker.procedure.36 - 开始补怪,任务:201012 时间:2016-9-9 15:36:21
2016-09-09 15:36:21:614  INFO INSTANCEZONE:mkdb.Worker.procedure.51 - 开始补怪,任务:201005 时间:2016-9-9 15:36:21
2016-09-09 15:37:00:619  INFO INSTANCEZONE:mkdb.Worker.procedure.49 - 开始补怪,任务:200005 时间:2016-9-9 15:37:00
2016-09-09 15:37:21:624  INFO INSTANCEZONE:mkdb.Worker.procedure.34 - 开始补怪,任务:201012 时间:2016-9-9 15:37:21
2016-09-09 15:37:21:624  INFO INSTANCEZONE:mkdb.Worker.procedure.47 - 开始补怪,任务:201005 时间:2016-9-9 15:37:21
2016-09-09 15:38:00:626  INFO INSTANCEZONE:mkdb.Worker.procedure.40 - 开始补怪,任务:200005 时间:2016-9-9 15:38:00
2016-09-09 15:38:21:614  INFO INSTANCEZONE:mkdb.Worker.procedure.46 - 开始补怪,任务:201012 时间:2016-9-9 15:38:21
2016-09-09 15:38:21:614  INFO INSTANCEZONE:mkdb.Worker.procedure.48 - 开始补怪,任务:201005 时间:2016-9-9 15:38:21
2016-09-09 15:39:00:616  INFO INSTANCEZONE:mkdb.Worker.procedure.29 - 开始补怪,任务:200005 时间:2016-9-9 15:39:00
2016-09-09 15:39:21:617  INFO INSTANCEZONE:mkdb.Worker.procedure.39 - 开始补怪,任务:201005 时间:2016-9-9 15:39:21
2016-09-09 15:39:21:617  INFO INSTANCEZONE:mkdb.Worker.procedure.35 - 开始补怪,任务:201012 时间:2016-9-9 15:39:21
2016-09-09 15:39:31:634  INFO INSTANCEZONE:mkdb.Worker.procedure.50 - 结束补怪任务:200005 时间:2016-9-9 15:39:31
2016-09-09 15:39:31:634  INFO INSTANCEZONE:mkdb.Worker.procedure.47 - 结束补怪任务:201005 时间:2016-9-9 15:39:31
2016-09-09 15:39:31:634  INFO INSTANCEZONE:mkdb.Worker.procedure.32 - 结束补怪任务:201012 时间:2016-9-9 15:39:31
2016-09-09 15:50:00:616  INFO INSTANCEZONE:mkdb.Worker.scheduled.55 - 刷怪定时器开始:200005,200005,间隔时间:1200,是否触发时间随机:0
2016-09-09 15:50:00:617  INFO INSTANCEZONE:mkdb.Worker.procedure.34 - 开始刷新一轮的怪,任务:200005 时间:2016-9-9 15:50:00
2016-09-09 15:50:00:618  INFO INSTANCEZONE:mkdb.Worker.procedure.34 - 活动Id:200005,活动类型Id:200,在地图:1605,共刷出npc数量为:10
2016-09-09 15:50:00:618  INFO INSTANCEZONE:mkdb.Worker.procedure.34 - 活动Id:200005,活动类型Id:200,在地图:1608,共刷出npc数量为:10
2016-09-09 15:50:00:618  INFO INSTANCEZONE:mkdb.Worker.procedure.34 - 活动Id:200005,活动类型Id:200,在地图:1609,共刷出npc数量为:10
2016-09-09 15:50:10:618  INFO INSTANCEZONE:mkdb.Worker.procedure.48 - 结束补怪任务:200005 时间:2016-9-9 15:50:10
