2016-09-09 18:00:05:609  INFO INSTANCEZONE:mkdb.Worker.scheduled.24 - 刷怪定时器开始:201005,201005,间隔时间:3600,是否触发时间随机:0
2016-09-09 18:00:05:609  INFO INSTANCEZONE:mkdb.Worker.scheduled.54 - 刷怪定时器开始:201012,201012,间隔时间:3600,是否触发时间随机:0
2016-09-09 18:00:05:609  INFO INSTANCEZONE:mkdb.Worker.procedure.28 - 开始刷新一轮的怪,任务:201005 时间:2016-9-9 18:00:05
2016-09-09 18:00:05:609  INFO INSTANCEZONE:mkdb.Worker.procedure.53 - 开始刷新一轮的怪,任务:201012 时间:2016-9-9 18:00:05
2016-09-09 18:00:05:612  INFO INSTANCEZONE:mkdb.Worker.procedure.53 - 活动Id:201012,活动类型Id:201,在地图:1616,共刷出npc数量为:7
2016-09-09 18:00:05:612  INFO INSTANCEZONE:mkdb.Worker.procedure.28 - 活动Id:201005,活动类型Id:201,在地图:1606,共刷出npc数量为:7
2016-09-09 18:00:05:612  INFO INSTANCEZONE:mkdb.Worker.procedure.28 - 活动Id:201005,活动类型Id:201,在地图:1607,共刷出npc数量为:7
2016-09-09 18:00:05:612  INFO INSTANCEZONE:mkdb.Worker.procedure.53 - 活动Id:201012,活动类型Id:201,在地图:1607,共刷出npc数量为:7
2016-09-09 18:00:05:612  INFO INSTANCEZONE:mkdb.Worker.procedure.28 - 活动Id:201005,活动类型Id:201,在地图:1610,共刷出npc数量为:9
2016-09-09 18:00:05:612  INFO INSTANCEZONE:mkdb.Worker.procedure.53 - 活动Id:201012,活动类型Id:201,在地图:1611,共刷出npc数量为:8
2016-09-09 18:00:05:612  INFO INSTANCEZONE:mkdb.Worker.procedure.28 - 活动Id:201005,活动类型Id:201,在地图:1611,共刷出npc数量为:7
2016-09-09 18:00:05:612  INFO INSTANCEZONE:mkdb.Worker.procedure.53 - 活动Id:201012,活动类型Id:201,在地图:1612,共刷出npc数量为:8
2016-09-09 18:00:10:612  INFO INSTANCEZONE:mkdb.Worker.scheduled.24 - 刷怪定时器开始:244005,244005,间隔时间:7200,是否触发时间随机:0
2016-09-09 18:00:10:612  INFO INSTANCEZONE:mkdb.Worker.procedure.35 - 开始刷新一轮的怪,任务:244005 时间:2016-9-9 18:00:10
2016-09-09 18:00:10:614  INFO INSTANCEZONE:mkdb.Worker.procedure.35 - 活动Id:244005,活动类型Id:244,在地图:1616,共刷出npc数量为:2
2016-09-09 18:00:10:614  INFO INSTANCEZONE:mkdb.Worker.procedure.35 - 活动Id:244005,活动类型Id:244,在地图:1610,共刷出npc数量为:2
2016-09-09 18:00:10:614  INFO INSTANCEZONE:mkdb.Worker.procedure.35 - 活动Id:244005,活动类型Id:244,在地图:1612,共刷出npc数量为:2
2016-09-09 18:00:10:614  INFO INSTANCEZONE:mkdb.Worker.procedure.35 - 活动Id:244005,活动类型Id:244,在地图:1614,共刷出npc数量为:2
2016-09-09 18:01:05:632  INFO INSTANCEZONE:mkdb.Worker.procedure.29 - 开始补怪,任务:201012 时间:2016-9-9 18:01:05
2016-09-09 18:01:05:632  INFO INSTANCEZONE:mkdb.Worker.procedure.35 - 开始补怪,任务:201005 时间:2016-9-9 18:01:05
2016-09-09 18:02:05:624  INFO INSTANCEZONE:mkdb.Worker.procedure.36 - 开始补怪,任务:201005 时间:2016-9-9 18:02:05
2016-09-09 18:02:05:624  INFO INSTANCEZONE:mkdb.Worker.procedure.48 - 开始补怪,任务:201012 时间:2016-9-9 18:02:05
2016-09-09 18:03:05:629  INFO INSTANCEZONE:mkdb.Worker.procedure.41 - 开始补怪,任务:201005 时间:2016-9-9 18:03:05
2016-09-09 18:03:05:629  INFO INSTANCEZONE:mkdb.Worker.procedure.28 - 开始补怪,任务:201012 时间:2016-9-9 18:03:05
2016-09-09 18:04:05:619  INFO INSTANCEZONE:mkdb.Worker.procedure.39 - 开始补怪,任务:201012 时间:2016-9-9 18:04:05
2016-09-09 18:04:05:619  INFO INSTANCEZONE:mkdb.Worker.procedure.52 - 开始补怪,任务:201005 时间:2016-9-9 18:04:05
2016-09-09 18:05:00:611  INFO INSTANCEZONE:mkdb.Worker.scheduled.27 - 刷怪定时器开始:233005,233005,间隔时间:3600,是否触发时间随机:0
2016-09-09 18:05:00:611  INFO INSTANCEZONE:mkdb.Worker.scheduled.24 - 刷怪定时器开始:238005,238005,间隔时间:3600,是否触发时间随机:0
2016-09-09 18:05:00:611  INFO INSTANCEZONE:mkdb.Worker.scheduled.56 - 刷怪定时器开始:239005,239005,间隔时间:3600,是否触发时间随机:0
2016-09-09 18:05:00:611  INFO INSTANCEZONE:mkdb.Worker.scheduled.55 - 刷怪定时器开始:232005,232005,间隔时间:3600,是否触发时间随机:0
2016-09-09 18:05:00:611  INFO INSTANCEZONE:mkdb.Worker.scheduled.54 - 刷怪定时器开始:234005,234005,间隔时间:3600,是否触发时间随机:0
2016-09-09 18:05:00:611  INFO INSTANCEZONE:mkdb.Worker.scheduled.27 - 刷怪定时器开始:237005,237005,间隔时间:3600,是否触发时间随机:0
2016-09-09 18:05:00:611  INFO INSTANCEZONE:mkdb.Worker.procedure.46 - 开始刷新一轮的怪,任务:233005 时间:2016-9-9 18:05:00
2016-09-09 18:05:00:611  INFO INSTANCEZONE:mkdb.Worker.procedure.36 - 开始刷新一轮的怪,任务:239005 时间:2016-9-9 18:05:00
2016-09-09 18:05:00:611  INFO INSTANCEZONE:mkdb.Worker.procedure.48 - 开始刷新一轮的怪,任务:238005 时间:2016-9-9 18:05:00
2016-09-09 18:05:00:611  INFO INSTANCEZONE:mkdb.Worker.procedure.38 - 开始刷新一轮的怪,任务:232005 时间:2016-9-9 18:05:00
2016-09-09 18:05:00:611  INFO INSTANCEZONE:mkdb.Worker.procedure.36 - 活动Id:239005,活动类型Id:239,在地图:1609,共刷出npc数量为:6
2016-09-09 18:05:00:611  INFO INSTANCEZONE:mkdb.Worker.procedure.48 - 活动Id:238005,活动类型Id:238,在地图:1610,共刷出npc数量为:6
2016-09-09 18:05:00:611  INFO INSTANCEZONE:mkdb.Worker.procedure.38 - 活动Id:232005,活动类型Id:232,在地图:1616,共刷出npc数量为:6
2016-09-09 18:05:00:611  INFO INSTANCEZONE:mkdb.Worker.procedure.46 - 活动Id:233005,活动类型Id:233,在地图:1616,共刷出npc数量为:6
2016-09-09 18:05:00:611  INFO INSTANCEZONE:mkdb.Worker.procedure.37 - 开始刷新一轮的怪,任务:237005 时间:2016-9-9 18:05:00
2016-09-09 18:05:00:611  INFO INSTANCEZONE:mkdb.Worker.procedure.33 - 开始刷新一轮的怪,任务:234005 时间:2016-9-9 18:05:00
2016-09-09 18:05:00:611  INFO INSTANCEZONE:mkdb.Worker.procedure.37 - 活动Id:237005,活动类型Id:237,在地图:1607,共刷出npc数量为:6
2016-09-09 18:05:00:611  INFO INSTANCEZONE:mkdb.Worker.procedure.33 - 活动Id:234005,活动类型Id:234,在地图:1614,共刷出npc数量为:6
2016-09-09 18:05:00:616  INFO INSTANCEZONE:mkdb.Worker.scheduled.56 - 刷怪定时器开始:236005,236005,间隔时间:3600,是否触发时间随机:0
2016-09-09 18:05:00:617  INFO INSTANCEZONE:mkdb.Worker.scheduled.56 - 刷怪定时器开始:235005,235005,间隔时间:3600,是否触发时间随机:0
2016-09-09 18:05:00:617  INFO INSTANCEZONE:mkdb.Worker.procedure.29 - 开始刷新一轮的怪,任务:236005 时间:2016-9-9 18:05:00
2016-09-09 18:05:00:617  INFO INSTANCEZONE:mkdb.Worker.procedure.35 - 开始刷新一轮的怪,任务:235005 时间:2016-9-9 18:05:00
2016-09-09 18:05:00:617  INFO INSTANCEZONE:mkdb.Worker.procedure.29 - 活动Id:236005,活动类型Id:236,在地图:1605,共刷出npc数量为:6
2016-09-09 18:05:00:617  INFO INSTANCEZONE:mkdb.Worker.procedure.35 - 活动Id:235005,活动类型Id:235,在地图:1606,共刷出npc数量为:6
2016-09-09 18:05:05:632  INFO INSTANCEZONE:mkdb.Worker.procedure.33 - 开始补怪,任务:201005 时间:2016-9-9 18:05:05
2016-09-09 18:05:05:632  INFO INSTANCEZONE:mkdb.Worker.procedure.41 - 开始补怪,任务:201012 时间:2016-9-9 18:05:05
2016-09-09 18:06:05:621  INFO INSTANCEZONE:mkdb.Worker.procedure.35 - 开始补怪,任务:201012 时间:2016-9-9 18:06:05
2016-09-09 18:06:05:621  INFO INSTANCEZONE:mkdb.Worker.procedure.39 - 开始补怪,任务:201005 时间:2016-9-9 18:06:05
2016-09-09 18:07:05:629  INFO INSTANCEZONE:mkdb.Worker.procedure.36 - 开始补怪,任务:201005 时间:2016-9-9 18:07:05
2016-09-09 18:07:05:629  INFO INSTANCEZONE:mkdb.Worker.procedure.48 - 开始补怪,任务:201012 时间:2016-9-9 18:07:05
2016-09-09 18:08:05:619  INFO INSTANCEZONE:mkdb.Worker.procedure.28 - 开始补怪,任务:201005 时间:2016-9-9 18:08:05
2016-09-09 18:08:05:619  INFO INSTANCEZONE:mkdb.Worker.procedure.53 - 开始补怪,任务:201012 时间:2016-9-9 18:08:05
2016-09-09 18:09:05:624  INFO INSTANCEZONE:mkdb.Worker.procedure.47 - 开始补怪,任务:201012 时间:2016-9-9 18:09:05
2016-09-09 18:09:05:624  INFO INSTANCEZONE:mkdb.Worker.procedure.52 - 开始补怪,任务:201005 时间:2016-9-9 18:09:05
2016-09-09 18:10:00:614  INFO INSTANCEZONE:mkdb.Worker.scheduled.54 - 刷怪定时器开始:200005,200005,间隔时间:1200,是否触发时间随机:0
2016-09-09 18:10:00:614  INFO INSTANCEZONE:mkdb.Worker.procedure.36 - 开始刷新一轮的怪,任务:200005 时间:2016-9-9 18:10:00
2016-09-09 18:10:00:616  INFO INSTANCEZONE:mkdb.Worker.procedure.36 - 活动Id:200005,活动类型Id:200,在地图:1605,共刷出npc数量为:10
2016-09-09 18:10:00:616  INFO INSTANCEZONE:mkdb.Worker.procedure.36 - 活动Id:200005,活动类型Id:200,在地图:1608,共刷出npc数量为:10
2016-09-09 18:10:00:616  INFO INSTANCEZONE:mkdb.Worker.procedure.36 - 活动Id:200005,活动类型Id:200,在地图:1609,共刷出npc数量为:10
2016-09-09 18:10:05:632  INFO INSTANCEZONE:mkdb.Worker.procedure.41 - 开始补怪,任务:201012 时间:2016-9-9 18:10:05
2016-09-09 18:10:05:632  INFO INSTANCEZONE:mkdb.Worker.procedure.53 - 开始补怪,任务:201005 时间:2016-9-9 18:10:05
2016-09-09 18:10:10:634  INFO INSTANCEZONE:mkdb.Worker.procedure.32 - 结束补怪任务:200005 时间:2016-9-9 18:10:10
2016-09-09 18:11:05:623  INFO INSTANCEZONE:mkdb.Worker.procedure.47 - 开始补怪,任务:201005 时间:2016-9-9 18:11:05
2016-09-09 18:11:05:623  INFO INSTANCEZONE:mkdb.Worker.procedure.40 - 开始补怪,任务:201012 时间:2016-9-9 18:11:05
2016-09-09 18:12:05:631  INFO INSTANCEZONE:mkdb.Worker.procedure.51 - 开始补怪,任务:201005 时间:2016-9-9 18:12:05
2016-09-09 18:12:05:631  INFO INSTANCEZONE:mkdb.Worker.procedure.37 - 开始补怪,任务:201012 时间:2016-9-9 18:12:05
2016-09-09 18:13:05:622  INFO INSTANCEZONE:mkdb.Worker.procedure.34 - 开始补怪,任务:201012 时间:2016-9-9 18:13:05
2016-09-09 18:13:05:622  INFO INSTANCEZONE:mkdb.Worker.procedure.32 - 开始补怪,任务:201005 时间:2016-9-9 18:13:05
2016-09-09 18:14:05:628  INFO INSTANCEZONE:mkdb.Worker.procedure.50 - 开始补怪,任务:201005 时间:2016-9-9 18:14:05
2016-09-09 18:14:05:628  INFO INSTANCEZONE:mkdb.Worker.procedure.49 - 开始补怪,任务:201012 时间:2016-9-9 18:14:05
2016-09-09 18:15:05:619  INFO INSTANCEZONE:mkdb.Worker.procedure.33 - 开始补怪,任务:201012 时间:2016-9-9 18:15:05
2016-09-09 18:15:05:619  INFO INSTANCEZONE:mkdb.Worker.procedure.36 - 开始补怪,任务:201005 时间:2016-9-9 18:15:05
2016-09-09 18:16:05:626  INFO INSTANCEZONE:mkdb.Worker.procedure.35 - 开始补怪,任务:201012 时间:2016-9-9 18:16:05
2016-09-09 18:16:05:626  INFO INSTANCEZONE:mkdb.Worker.procedure.29 - 开始补怪,任务:201005 时间:2016-9-9 18:16:05
2016-09-09 18:17:05:618  INFO INSTANCEZONE:mkdb.Worker.procedure.48 - 开始补怪,任务:201012 时间:2016-9-9 18:17:05
2016-09-09 18:17:05:618  INFO INSTANCEZONE:mkdb.Worker.procedure.38 - 开始补怪,任务:201005 时间:2016-9-9 18:17:05
2016-09-09 18:18:05:624  INFO INSTANCEZONE:mkdb.Worker.procedure.41 - 开始补怪,任务:201005 时间:2016-9-9 18:18:05
2016-09-09 18:18:05:624  INFO INSTANCEZONE:mkdb.Worker.procedure.53 - 开始补怪,任务:201012 时间:2016-9-9 18:18:05
2016-09-09 18:19:05:628  INFO INSTANCEZONE:mkdb.Worker.procedure.52 - 开始补怪,任务:201012 时间:2016-9-9 18:19:05
2016-09-09 18:19:05:628  INFO INSTANCEZONE:mkdb.Worker.procedure.39 - 开始补怪,任务:201005 时间:2016-9-9 18:19:05
2016-09-09 18:20:05:625  INFO INSTANCEZONE:mkdb.Worker.procedure.36 - 开始补怪,任务:201005 时间:2016-9-9 18:20:05
2016-09-09 18:20:05:625  INFO INSTANCEZONE:mkdb.Worker.procedure.51 - 开始补怪,任务:201012 时间:2016-9-9 18:20:05
2016-09-09 18:20:15:628  INFO INSTANCEZONE:mkdb.Worker.procedure.34 - 结束补怪任务:201005 时间:2016-9-9 18:20:15
2016-09-09 18:20:15:628  INFO INSTANCEZONE:mkdb.Worker.procedure.35 - 结束补怪任务:201012 时间:2016-9-9 18:20:15
