2016-09-09 15:00:19:546  INFO MAPMAIN:MapMain - 角色:浪漫榭木,进入游戏,sceneid:2200,index:65536,pos:Pos(1127,466,0)
2016-09-09 15:18:35:652  INFO MAPMAIN:main - map模块初始化开始
2016-09-09 15:18:35:715  INFO MAPMAIN:main - 加载静态场景	溶洞一层	1601
2016-09-09 15:18:35:715  INFO MAPMAIN:main - 加载静态场景	学院一层	1602
2016-09-09 15:18:35:746  INFO MAPMAIN:main - 加载静态场景	埋股圣地一层	1603
2016-09-09 15:18:35:762  INFO MAPMAIN:main - 加载静态场景	祭坛一层	1604
2016-09-09 15:18:35:840  INFO MAPMAIN:main - 加载静态场景	月光海岸	1605
2016-09-09 15:18:35:870  INFO MAPMAIN:main - 加载静态场景	影月城	1606
2016-09-09 15:18:35:881  INFO MAPMAIN:main - 加载静态场景	虚空要塞	1607
2016-09-09 15:18:35:905  INFO MAPMAIN:main - 加载静态场景	十字路口	1608
2016-09-09 15:18:35:912  INFO MAPMAIN:main - 加载静态场景	银松林	1609
2016-09-09 15:18:35:920  INFO MAPMAIN:main - 加载静态场景	暮光林	1610
2016-09-09 15:18:35:936  INFO MAPMAIN:main - 加载静态场景	剃刀泥沼	1611
2016-09-09 15:18:35:944  INFO MAPMAIN:main - 加载静态场景	激流高地	1612
2016-09-09 15:18:35:974  INFO MAPMAIN:main - 加载动态地图模板	公会
2016-09-09 15:18:35:985  INFO MAPMAIN:main - 加载静态场景	风暴城	1614
2016-09-09 15:18:36:058  INFO MAPMAIN:main - 加载静态场景	紫罗兰	1615
2016-09-09 15:18:36:069  INFO MAPMAIN:main - 加载静态场景	欧格瑞姆	1616
2016-09-09 15:18:36:076  INFO MAPMAIN:main - 加载静态场景	太阳岛	1617
2016-09-09 15:18:36:081  INFO MAPMAIN:main - 加载静态场景	雷霆村	1618
2016-09-09 15:18:36:095  INFO MAPMAIN:main - 加载静态场景	提瑞斯镇	1619
2016-09-09 15:18:36:103  INFO MAPMAIN:main - 加载静态场景	暗矛镇	1620
2016-09-09 15:18:36:111  INFO MAPMAIN:main - 加载静态场景	修道院	1621
2016-09-09 15:18:36:116  INFO MAPMAIN:main - 加载静态场景	永夜林地	1622
2016-09-09 15:18:36:134  INFO MAPMAIN:main - 加载静态场景	溶洞二层	1624
2016-09-09 15:18:36:151  INFO MAPMAIN:main - 加载静态场景	溶洞三层	1625
2016-09-09 15:18:36:175  INFO MAPMAIN:main - 加载静态场景	废矿一层	1626
2016-09-09 15:18:36:192  INFO MAPMAIN:main - 加载静态场景	废矿二层	1627
2016-09-09 15:18:36:207  INFO MAPMAIN:main - 加载静态场景	废矿三层	1628
2016-09-09 15:18:36:222  INFO MAPMAIN:main - 加载静态场景	银堡一层	1629
2016-09-09 15:18:36:234  INFO MAPMAIN:main - 加载静态场景	银堡二层	1630
2016-09-09 15:18:36:247  INFO MAPMAIN:main - 加载静态场景	银堡三层	1631
2016-09-09 15:18:36:551  INFO MAPMAIN:main - 加载静态场景	学院二层	1632
2016-09-09 15:18:36:556  INFO MAPMAIN:main - 加载静态场景	学院三层	1633
2016-09-09 15:18:36:567  INFO MAPMAIN:main - 加载静态场景	教堂一层	1634
2016-09-09 15:18:36:577  INFO MAPMAIN:main - 加载静态场景	教堂二层	1635
2016-09-09 15:18:36:587  INFO MAPMAIN:main - 加载静态场景	教堂三层	1636
2016-09-09 15:18:36:594  INFO MAPMAIN:main - 加载静态场景	埋股圣地二层	1637
2016-09-09 15:18:36:602  INFO MAPMAIN:main - 加载静态场景	埋股圣地三层	1638
2016-09-09 15:18:36:611  INFO MAPMAIN:main - 加载静态场景	遗迹一层	1639
2016-09-09 15:18:36:615  INFO MAPMAIN:main - 加载静态场景	遗迹二层	1640
2016-09-09 15:18:36:615  INFO MAPMAIN:main - 加载静态场景	遗迹三层	1641
2016-09-09 15:18:36:630  INFO MAPMAIN:main - 加载静态场景	祭坛二层	1642
2016-09-09 15:18:36:630  INFO MAPMAIN:main - 加载静态场景	祭坛三层	1643
2016-09-09 15:18:36:646  INFO MAPMAIN:main - 加载静态场景	深渊一层	1644
2016-09-09 15:18:36:662  INFO MAPMAIN:main - 加载静态场景	深渊二层	1645
2016-09-09 15:18:36:677  INFO MAPMAIN:main - 加载静态场景	深渊三层	1646
2016-09-09 15:18:36:677  INFO MAPMAIN:main - 加载静态场景	雾都一层	1647
2016-09-09 15:18:36:693  INFO MAPMAIN:main - 加载静态场景	雾都二层	1648
2016-09-09 15:18:36:709  INFO MAPMAIN:main - 加载静态场景	雾都三层	1649
2016-09-09 15:18:36:709  INFO MAPMAIN:main - 加载静态场景	灵界	1650
2016-09-09 15:18:36:709  INFO MAPMAIN:main - 加载静态场景	时之夹缝	1651
2016-09-09 15:18:36:740  INFO MAPMAIN:main - 加载静态场景	敦霍尔德	1652
2016-09-09 15:18:36:740  INFO MAPMAIN:main - 加载静态场景	地下竞技场	1653
2016-09-09 15:18:36:771  INFO MAPMAIN:main - 加载静态场景	紫罗兰（十年前）	1654
2016-09-09 15:18:36:771  INFO MAPMAIN:main - 加载静态场景	创物梦境	1655
2016-09-09 15:18:36:771  INFO MAPMAIN:main - 加载静态场景	精英组	1656
2016-09-09 15:18:36:771  INFO MAPMAIN:main - 加载静态场景	神威组	1657
2016-09-09 15:18:36:787  INFO MAPMAIN:main - 加载静态场景	王者组	1658
2016-09-09 15:18:36:787  INFO MAPMAIN:main - 加载静态场景	精英组	1659
2016-09-09 15:18:36:787  INFO MAPMAIN:main - 加载静态场景	神威组	1660
2016-09-09 15:18:36:787  INFO MAPMAIN:main - 加载静态场景	王者组	1661
2016-09-09 15:18:36:802  INFO MAPMAIN:main - 加载静态场景	死亡矿井	1662
2016-09-09 15:18:36:818  INFO MAPMAIN:main - 加载静态场景	银堡	1671
2016-09-09 15:18:36:836  INFO MAPMAIN:main - 加载静态场景	银堡地下室	1672
2016-09-09 15:18:36:842  INFO MAPMAIN:main - 加载静态场景	锡拉岛	1673
2016-09-09 15:18:36:847  INFO MAPMAIN:main - 加载静态场景	蓝龙之穴	1674
2016-09-09 15:18:36:857  INFO MAPMAIN:main - 加载静态场景	圣光大教堂	1675
2016-09-09 15:18:37:890  INFO MAPMAIN:main - 加载静态场景	溶洞	1676
2016-09-09 15:18:37:901  INFO MAPMAIN:main - 加载静态场景	黑铁深渊	1677
2016-09-09 15:18:37:905  INFO MAPMAIN:main - 加载静态场景	瘟疫废墟	1678
2016-09-09 15:18:37:908  INFO MAPMAIN:main - 加载静态场景	卡达隆	1679
2016-09-09 15:18:37:914  INFO MAPMAIN:main - 加载静态场景	雾都	1680
2016-09-09 15:18:37:918  INFO MAPMAIN:main - 加载静态场景	忏悔岭	1681
2016-09-09 15:18:37:923  INFO MAPMAIN:main - 加载静态场景	赫斯格林	1682
2016-09-09 15:18:37:933  INFO MAPMAIN:main - 加载静态场景	十字军圣殿	1683
2016-09-09 15:18:37:938  INFO MAPMAIN:main - 加载静态场景	密室	1684
2016-09-09 15:18:37:949  INFO MAPMAIN:main - 加载静态场景	圣光大教堂	1685
2016-09-09 15:18:37:960  INFO MAPMAIN:main - 加载静态场景	通灵要塞	1686
2016-09-09 15:18:37:966  INFO MAPMAIN:main - 加载静态场景	乱风峭壁	1687
2016-09-09 15:18:37:970  INFO MAPMAIN:main - 加载静态场景	地窖	1688
2016-09-09 15:18:37:990  INFO MAPMAIN:main - 加载静态场景	紫罗兰	1689
2016-09-09 15:18:37:994  INFO MAPMAIN:main - 加载静态场景	摩萨德	1690
2016-09-09 15:18:37:994  INFO MAPMAIN:main - 加载静态场景	血蹄村	1691
2016-09-09 15:18:37:994  INFO MAPMAIN:main - 加载静态场景	遗忘之城	1692
2016-09-09 15:18:38:010  INFO MAPMAIN:main - 加载静态场景	微风平原	1693
2016-09-09 15:18:38:010  INFO MAPMAIN:main - 加载静态场景	加纳多尔	1694
2016-09-09 15:18:38:010  INFO MAPMAIN:main - 加载静态场景	槌谷	1695
2016-09-09 15:18:38:026  INFO MAPMAIN:main - 加载静态场景	艾森威尔	1696
2016-09-09 15:18:38:026  INFO MAPMAIN:main - 加载静态场景	巨石山脊	1697
2016-09-09 15:18:38:041  INFO MAPMAIN:main - 加载静态场景	戮魔谷	1698
2016-09-09 15:18:38:057  INFO MAPMAIN:main - 加载静态场景	雷毛普通场	1699
2016-09-09 15:18:38:057  INFO MAPMAIN:main - 加载静态场景	双狼普通场	1700
2016-09-09 15:18:38:057  INFO MAPMAIN:main - 加载静态场景	雷毛普通场	1701
2016-09-09 15:18:38:057  INFO MAPMAIN:main - 加载静态场景	双狼普通场	1702
2016-09-09 15:18:38:057  INFO MAPMAIN:main - 加载静态场景	雷毛普通场	1703
2016-09-09 15:18:38:057  INFO MAPMAIN:main - 加载静态场景	双狼普通场	1704
2016-09-09 15:18:38:073  INFO MAPMAIN:main - 加载静态场景	雷毛优胜场	1705
2016-09-09 15:18:38:073  INFO MAPMAIN:main - 加载静态场景	双狼优胜场	1706
2016-09-09 15:18:38:073  INFO MAPMAIN:main - 加载静态场景	雷毛优胜场	1707
2016-09-09 15:18:38:073  INFO MAPMAIN:main - 加载静态场景	双狼优胜场	1708
2016-09-09 15:18:38:073  INFO MAPMAIN:main - 加载静态场景	雷毛优胜场	1709
2016-09-09 15:18:38:088  INFO MAPMAIN:main - 加载静态场景	双狼优胜场	1710
2016-09-09 15:18:38:088  INFO MAPMAIN:main - 加载动态地图模板	公会战
2016-09-09 15:18:38:088  INFO MAPMAIN:main - 加载静态场景	熊猫人场景	1712
2016-09-09 15:18:38:104  INFO MAPMAIN:main - 加载动态地图模板	巨魔之都
2016-09-09 15:18:38:104  INFO MAPMAIN:main - 加载动态地图模板	巨魔之都
2016-09-09 15:18:38:119  INFO MAPMAIN:main - 加载动态地图模板	诅咒之塔
2016-09-09 15:18:38:119  INFO MAPMAIN:main - 加载动态地图模板	诅咒之塔
2016-09-09 15:18:38:135  INFO MAPMAIN:main - 加载动态地图模板	组队副本预留
2016-09-09 15:18:38:135  INFO MAPMAIN:main - 加载动态地图模板	组队副本预留
2016-09-09 15:18:38:151  INFO MAPMAIN:main - 加载动态地图模板	组队副本预留
2016-09-09 15:18:38:151  INFO MAPMAIN:main - 加载动态地图模板	组队副本预留
2016-09-09 15:18:38:151  INFO MAPMAIN:main - 加载动态地图模板	组队副本预留
2016-09-09 15:18:38:166  INFO MAPMAIN:main - 加载动态地图模板	组队副本预留
2016-09-09 15:18:38:166  INFO MAPMAIN:main - 加载动态地图模板	组队副本预留
2016-09-09 15:18:38:166  INFO MAPMAIN:main - 加载动态地图模板	组队副本预留
2016-09-09 15:18:38:182  INFO MAPMAIN:main - 加载静态场景	冰封王座	1821
2016-09-09 15:18:38:182  INFO MAPMAIN:main - 加载静态场景	冰封王座	1822
2016-09-09 15:18:38:198  INFO MAPMAIN:main - 加载静态场景	冰封王座	1823
2016-09-09 15:18:38:213  INFO MAPMAIN:main - 加载静态场景	冰封王座	1824
2016-09-09 15:18:38:213  INFO MAPMAIN:main - 加载静态场景	冰封王座	1825
2016-09-09 15:18:38:213  INFO MAPMAIN:main - 加载静态场景	冰封王座	1826
2016-09-09 15:18:38:213  INFO MAPMAIN:main - 加载静态场景	冰封王座	1827
2016-09-09 15:18:38:229  INFO MAPMAIN:main - 加载静态场景	冰封王座	1828
2016-09-09 15:18:38:229  INFO MAPMAIN:main - 加载静态场景	冰封王座	1829
2016-09-09 15:18:38:229  INFO MAPMAIN:main - 加载静态场景	冰封王座	1830
2016-09-09 15:18:39:152  INFO MAPMAIN:main - 加载静态场景	冰封王座	1831
2016-09-09 15:18:39:163  INFO MAPMAIN:main - 加载静态场景	冰封王座	1832
2016-09-09 15:18:39:176  INFO MAPMAIN:main - 加载静态场景	冰封王座	1833
2016-09-09 15:18:39:190  INFO MAPMAIN:main - 加载静态场景	冰封王座	1834
2016-09-09 15:18:39:202  INFO MAPMAIN:main - 加载静态场景	冰封王座	1835
2016-09-09 15:18:39:211  INFO MAPMAIN:main - 加载静态场景	冰封王座	1836
2016-09-09 15:18:39:213  INFO MAPMAIN:main - 加载静态场景	冰封王座	1837
2016-09-09 15:18:39:213  INFO MAPMAIN:main - 加载静态场景	冰封王座	1838
2016-09-09 15:18:39:228  INFO MAPMAIN:main - 加载静态场景	冰封王座	1839
2016-09-09 15:18:39:244  INFO MAPMAIN:main - 加载动态地图模板	融核之心1层
2016-09-09 15:18:39:244  INFO MAPMAIN:main - 加载动态地图模板	融核之心2层
2016-09-09 15:18:39:259  INFO MAPMAIN:main - 加载动态地图模板	融核之心3层
2016-09-09 15:18:39:275  INFO MAPMAIN:main - 加载动态地图模板	融核之心4层
2016-09-09 15:18:39:275  INFO MAPMAIN:main - 加载动态地图模板	融核之心5层
2016-09-09 15:18:39:291  INFO MAPMAIN:main - 加载动态地图模板	融核之心6层
2016-09-09 15:18:39:291  INFO MAPMAIN:main - 加载动态地图模板	融核之心7层
2016-09-09 15:18:39:306  INFO MAPMAIN:main - 加载动态地图模板	融核之心8层
2016-09-09 15:18:39:322  INFO MAPMAIN:main - 加载动态地图模板	融核之心9层
2016-09-09 15:18:39:322  INFO MAPMAIN:main - 加载动态地图模板	融核之心10层
2016-09-09 15:18:39:338  INFO MAPMAIN:main - 加载动态地图模板	黑龙巢穴1层
2016-09-09 15:18:39:338  INFO MAPMAIN:main - 加载动态地图模板	黑龙巢穴2层
2016-09-09 15:18:39:353  INFO MAPMAIN:main - 加载动态地图模板	黑龙巢穴3层
2016-09-09 15:18:39:369  INFO MAPMAIN:main - 加载动态地图模板	黑龙巢穴4层
2016-09-09 15:18:39:369  INFO MAPMAIN:main - 加载动态地图模板	黑龙巢穴5层
2016-09-09 15:18:39:384  INFO MAPMAIN:main - 加载动态地图模板	黑龙巢穴6层
2016-09-09 15:18:39:384  INFO MAPMAIN:main - 加载动态地图模板	黑龙巢穴7层
2016-09-09 15:18:39:400  INFO MAPMAIN:main - 加载动态地图模板	黑龙巢穴8层
2016-09-09 15:18:39:416  INFO MAPMAIN:main - 加载动态地图模板	黑龙巢穴9层
2016-09-09 15:18:39:416  INFO MAPMAIN:main - 加载动态地图模板	黑龙巢穴10层
2016-09-09 15:18:39:431  INFO MAPMAIN:main - 加载动态地图模板	双子神庙1层
2016-09-09 15:18:39:431  INFO MAPMAIN:main - 加载动态地图模板	双子神庙2层
2016-09-09 15:18:40:240  INFO MAPMAIN:main - 加载动态地图模板	双子神庙3层
2016-09-09 15:18:40:241  INFO MAPMAIN:main - 加载动态地图模板	双子神庙4层
2016-09-09 15:18:40:257  INFO MAPMAIN:main - 加载动态地图模板	双子神庙5层
2016-09-09 15:18:40:257  INFO MAPMAIN:main - 加载动态地图模板	双子神庙6层
2016-09-09 15:18:40:272  INFO MAPMAIN:main - 加载动态地图模板	双子神庙7层
2016-09-09 15:18:40:272  INFO MAPMAIN:main - 加载动态地图模板	双子神庙8层
2016-09-09 15:18:40:288  INFO MAPMAIN:main - 加载动态地图模板	双子神庙9层
2016-09-09 15:18:40:288  INFO MAPMAIN:main - 加载动态地图模板	双子神庙10层
2016-09-09 15:18:40:304  INFO MAPMAIN:main - 加载动态地图模板	刀锋之巢1层
2016-09-09 15:18:40:304  INFO MAPMAIN:main - 加载动态地图模板	刀锋之巢2层
2016-09-09 15:18:40:304  INFO MAPMAIN:main - 加载动态地图模板	刀锋之巢3层
2016-09-09 15:18:40:304  INFO MAPMAIN:main - 加载动态地图模板	刀锋之巢4层
2016-09-09 15:18:40:304  INFO MAPMAIN:main - 加载动态地图模板	刀锋之巢5层
2016-09-09 15:18:40:304  INFO MAPMAIN:main - 加载动态地图模板	刀锋之巢6层
2016-09-09 15:18:40:304  INFO MAPMAIN:main - 加载动态地图模板	刀锋之巢7层
2016-09-09 15:18:40:319  INFO MAPMAIN:main - 加载动态地图模板	刀锋之巢8层
2016-09-09 15:18:40:319  INFO MAPMAIN:main - 加载动态地图模板	刀锋之巢9层
2016-09-09 15:18:40:319  INFO MAPMAIN:main - 加载动态地图模板	刀锋之巢10层
2016-09-09 15:18:40:319  INFO MAPMAIN:main - 加载动态地图模板	溶洞
2016-09-09 15:18:40:335  INFO MAPMAIN:main - 加载动态地图模板	废矿
2016-09-09 15:18:40:351  INFO MAPMAIN:main - 加载动态地图模板	银堡
2016-09-09 15:18:40:351  INFO MAPMAIN:main - 加载动态地图模板	荒泽
2016-09-09 15:18:40:366  INFO MAPMAIN:main - 加载动态地图模板	教堂
2016-09-09 15:18:40:366  INFO MAPMAIN:main - 加载动态地图模板	埋骨圣地
2016-09-09 15:18:40:366  INFO MAPMAIN:main - 加载动态地图模板	遗迹
2016-09-09 15:18:40:382  INFO MAPMAIN:main - 加载动态地图模板	祭坛
2016-09-09 15:18:40:382  INFO MAPMAIN:main - 加载动态地图模板	深渊
2016-09-09 15:18:40:382  INFO MAPMAIN:main - 加载动态地图模板	雾都
2016-09-09 15:18:40:397  INFO MAPMAIN:main - 加载动态地图模板	异度学院
2016-09-09 15:18:40:397  INFO MAPMAIN:main - 加载动态地图模板	邪兽堡垒
2016-09-09 15:18:40:413  INFO MAPMAIN:main - 加载动态地图模板	背叛之手
2016-09-09 15:18:40:413  INFO MAPMAIN:main - 加载动态地图模板	娜迦之谋
2016-09-09 15:18:40:429  INFO MAPMAIN:main - 加载动态地图模板	悲伤墓地
2016-09-09 15:18:40:429  INFO MAPMAIN:main - 加载动态地图模板	纳鲁之城
2016-09-09 15:18:40:444  INFO MAPMAIN:main - 加载动态地图模板	死亡之歌
2016-09-09 15:18:40:444  INFO MAPMAIN:main - 加载动态地图模板	粉碎阴谋
2016-09-09 15:18:40:460  INFO MAPMAIN:main - 加载动态地图模板	时空之路
2016-09-09 15:18:40:460  INFO MAPMAIN:main - 加载动态地图模板	英雄平台
2016-09-09 15:18:40:476  INFO MAPMAIN:main - 加载静态场景	测试	1999
2016-09-09 15:18:40:476  INFO MAPMAIN:main - 加载静态场景	测试1	2000
2016-09-09 15:18:40:491  INFO MAPMAIN:main - 加载静态场景	测试2	2001
2016-09-09 15:18:40:491  INFO MAPMAIN:main - 加载静态场景	长眠圣殿	2100
2016-09-09 15:18:40:491  INFO MAPMAIN:main - 加载静态场景	伦巴洞窟	2101
2016-09-09 15:18:40:507  INFO MAPMAIN:main - 加载静态场景	监牢	2102
2016-09-09 15:18:40:507  INFO MAPMAIN:main - 加载静态场景	菲沃德森林	2103
2016-09-09 15:18:40:522  INFO MAPMAIN:main - 加载静态场景	海吉山	2104
2016-09-09 15:18:40:522  INFO MAPMAIN:main - 加载静态场景	破碎岛	2105
2016-09-09 15:18:41:446  INFO MAPMAIN:main - 加载静态场景	墓穴门口	2106
2016-09-09 15:18:41:450  INFO MAPMAIN:main - 加载静态场景	掠夺者遗迹	2107
2016-09-09 15:18:41:457  INFO MAPMAIN:main - 加载静态场景	魔王墓穴	2108
2016-09-09 15:18:41:461  INFO MAPMAIN:main - 加载静态场景	洛达仑废墟	2109
2016-09-09 15:18:41:464  INFO MAPMAIN:main - 加载静态场景	冰冠堡垒	2110
2016-09-09 15:18:41:471  INFO MAPMAIN:main - 加载静态场景	埋骨圣地	2111
2016-09-09 15:18:41:484  INFO MAPMAIN:main - 加载静态场景	黑铁深渊	2112
2016-09-09 15:18:41:492  INFO MAPMAIN:main - 加载静态场景	哀嚎洞穴	2113
2016-09-09 15:18:41:496  INFO MAPMAIN:main - 加载静态场景	寒风平原	2114
2016-09-09 15:18:41:506  INFO MAPMAIN:main - 加载静态场景	嚎风峡谷	2115
2016-09-09 15:18:41:515  INFO MAPMAIN:main - 加载静态场景	龙眠圣地	2116
2016-09-09 15:18:41:518  INFO MAPMAIN:main - 加载静态场景	融核之心	2200
2016-09-09 15:18:41:518  INFO MAPMAIN:main - map模块初始化完成
2016-09-09 15:18:41:527  INFO MAPMAIN:main - load npc walk ai info start
2016-09-09 15:18:41:546  INFO MAPMAIN:main - load npc walk ai info end
2016-09-09 15:18:41:605  INFO MAPMAIN:main - npc模块初始化开始
2016-09-09 15:18:41:605  INFO MAPMAIN:main - NPC服务配置表加载完毕。一共载入服务NPC651个
2016-09-09 15:18:41:605  INFO MAPMAIN:main - NPC服务描述表加载完毕。一共载入服务 646条
2016-09-09 15:18:41:605  INFO MAPMAIN:main - NPC服务映射表加载完毕。一共载入服务映射126条
2016-09-09 15:18:41:621  INFO MAPMAIN:main - NPC买卖物品表加载完毕。一共加载NPC11个
2016-09-09 15:18:41:621  INFO MAPMAIN:main - npc模块初始化完成
2016-09-09 15:19:13:037  INFO MAPMAIN:main - map模块初始化开始
2016-09-09 15:19:13:085  INFO MAPMAIN:main - 加载静态场景	溶洞一层	1601
2016-09-09 15:19:13:101  INFO MAPMAIN:main - 加载静态场景	学院一层	1602
2016-09-09 15:19:13:116  INFO MAPMAIN:main - 加载静态场景	埋股圣地一层	1603
2016-09-09 15:19:13:148  INFO MAPMAIN:main - 加载静态场景	祭坛一层	1604
2016-09-09 15:19:13:200  INFO MAPMAIN:main - 加载静态场景	月光海岸	1605
2016-09-09 15:19:13:215  INFO MAPMAIN:main - 加载静态场景	影月城	1606
2016-09-09 15:19:13:233  INFO MAPMAIN:main - 加载静态场景	虚空要塞	1607
2016-09-09 15:19:13:251  INFO MAPMAIN:main - 加载静态场景	十字路口	1608
2016-09-09 15:19:13:265  INFO MAPMAIN:main - 加载静态场景	银松林	1609
2016-09-09 15:19:13:294  INFO MAPMAIN:main - 加载静态场景	暮光林	1610
2016-09-09 15:19:13:316  INFO MAPMAIN:main - 加载静态场景	剃刀泥沼	1611
2016-09-09 15:19:13:338  INFO MAPMAIN:main - 加载静态场景	激流高地	1612
2016-09-09 15:19:13:353  INFO MAPMAIN:main - 加载动态地图模板	公会
2016-09-09 15:19:13:363  INFO MAPMAIN:main - 加载静态场景	风暴城	1614
2016-09-09 15:19:13:412  INFO MAPMAIN:main - 加载静态场景	紫罗兰	1615
2016-09-09 15:19:13:427  INFO MAPMAIN:main - 加载静态场景	欧格瑞姆	1616
2016-09-09 15:19:13:436  INFO MAPMAIN:main - 加载静态场景	太阳岛	1617
2016-09-09 15:19:13:446  INFO MAPMAIN:main - 加载静态场景	雷霆村	1618
2016-09-09 15:19:13:456  INFO MAPMAIN:main - 加载静态场景	提瑞斯镇	1619
2016-09-09 15:19:13:465  INFO MAPMAIN:main - 加载静态场景	暗矛镇	1620
2016-09-09 15:19:13:472  INFO MAPMAIN:main - 加载静态场景	修道院	1621
2016-09-09 15:19:13:481  INFO MAPMAIN:main - 加载静态场景	永夜林地	1622
2016-09-09 15:19:13:502  INFO MAPMAIN:main - 加载静态场景	溶洞二层	1624
2016-09-09 15:19:13:526  INFO MAPMAIN:main - 加载静态场景	溶洞三层	1625
2016-09-09 15:19:13:553  INFO MAPMAIN:main - 加载静态场景	废矿一层	1626
2016-09-09 15:19:13:567  INFO MAPMAIN:main - 加载静态场景	废矿二层	1627
2016-09-09 15:19:13:620  INFO MAPMAIN:main - 加载静态场景	废矿三层	1628
2016-09-09 15:19:13:634  INFO MAPMAIN:main - 加载静态场景	银堡一层	1629
2016-09-09 15:19:13:647  INFO MAPMAIN:main - 加载静态场景	银堡二层	1630
2016-09-09 15:19:13:660  INFO MAPMAIN:main - 加载静态场景	银堡三层	1631
2016-09-09 15:19:13:666  INFO MAPMAIN:main - 加载静态场景	学院二层	1632
2016-09-09 15:19:13:672  INFO MAPMAIN:main - 加载静态场景	学院三层	1633
2016-09-09 15:19:13:684  INFO MAPMAIN:main - 加载静态场景	教堂一层	1634
2016-09-09 15:19:13:696  INFO MAPMAIN:main - 加载静态场景	教堂二层	1635
2016-09-09 15:19:13:708  INFO MAPMAIN:main - 加载静态场景	教堂三层	1636
2016-09-09 15:19:13:716  INFO MAPMAIN:main - 加载静态场景	埋股圣地二层	1637
2016-09-09 15:19:13:724  INFO MAPMAIN:main - 加载静态场景	埋股圣地三层	1638
2016-09-09 15:19:13:724  INFO MAPMAIN:main - 加载静态场景	遗迹一层	1639
2016-09-09 15:19:13:739  INFO MAPMAIN:main - 加载静态场景	遗迹二层	1640
2016-09-09 15:19:13:739  INFO MAPMAIN:main - 加载静态场景	遗迹三层	1641
2016-09-09 15:19:13:755  INFO MAPMAIN:main - 加载静态场景	祭坛二层	1642
2016-09-09 15:19:13:755  INFO MAPMAIN:main - 加载静态场景	祭坛三层	1643
2016-09-09 15:19:13:771  INFO MAPMAIN:main - 加载静态场景	深渊一层	1644
2016-09-09 15:19:13:786  INFO MAPMAIN:main - 加载静态场景	深渊二层	1645
2016-09-09 15:19:13:802  INFO MAPMAIN:main - 加载静态场景	深渊三层	1646
2016-09-09 15:19:14:415  INFO MAPMAIN:main - 加载静态场景	雾都一层	1647
2016-09-09 15:19:14:425  INFO MAPMAIN:main - 加载静态场景	雾都二层	1648
2016-09-09 15:19:14:435  INFO MAPMAIN:main - 加载静态场景	雾都三层	1649
2016-09-09 15:19:14:441  INFO MAPMAIN:main - 加载静态场景	灵界	1650
2016-09-09 15:19:14:452  INFO MAPMAIN:main - 加载静态场景	时之夹缝	1651
2016-09-09 15:19:14:473  INFO MAPMAIN:main - 加载静态场景	敦霍尔德	1652
2016-09-09 15:19:14:478  INFO MAPMAIN:main - 加载静态场景	地下竞技场	1653
2016-09-09 15:19:14:501  INFO MAPMAIN:main - 加载静态场景	紫罗兰（十年前）	1654
2016-09-09 15:19:14:507  INFO MAPMAIN:main - 加载静态场景	创物梦境	1655
2016-09-09 15:19:14:512  INFO MAPMAIN:main - 加载静态场景	精英组	1656
2016-09-09 15:19:14:518  INFO MAPMAIN:main - 加载静态场景	神威组	1657
2016-09-09 15:19:14:523  INFO MAPMAIN:main - 加载静态场景	王者组	1658
2016-09-09 15:19:14:528  INFO MAPMAIN:main - 加载静态场景	精英组	1659
2016-09-09 15:19:14:535  INFO MAPMAIN:main - 加载静态场景	神威组	1660
2016-09-09 15:19:14:540  INFO MAPMAIN:main - 加载静态场景	王者组	1661
2016-09-09 15:19:14:555  INFO MAPMAIN:main - 加载静态场景	死亡矿井	1662
2016-09-09 15:19:14:568  INFO MAPMAIN:main - 加载静态场景	银堡	1671
2016-09-09 15:19:14:580  INFO MAPMAIN:main - 加载静态场景	银堡地下室	1672
2016-09-09 15:19:14:584  INFO MAPMAIN:main - 加载静态场景	锡拉岛	1673
2016-09-09 15:19:14:589  INFO MAPMAIN:main - 加载静态场景	蓝龙之穴	1674
2016-09-09 15:19:14:600  INFO MAPMAIN:main - 加载静态场景	圣光大教堂	1675
2016-09-09 15:19:14:608  INFO MAPMAIN:main - 加载静态场景	溶洞	1676
2016-09-09 15:19:14:619  INFO MAPMAIN:main - 加载静态场景	黑铁深渊	1677
2016-09-09 15:19:14:623  INFO MAPMAIN:main - 加载静态场景	瘟疫废墟	1678
2016-09-09 15:19:14:628  INFO MAPMAIN:main - 加载静态场景	卡达隆	1679
2016-09-09 15:19:14:634  INFO MAPMAIN:main - 加载静态场景	雾都	1680
2016-09-09 15:19:14:643  INFO MAPMAIN:main - 加载静态场景	忏悔岭	1681
2016-09-09 15:19:14:650  INFO MAPMAIN:main - 加载静态场景	赫斯格林	1682
2016-09-09 15:19:14:661  INFO MAPMAIN:main - 加载静态场景	十字军圣殿	1683
2016-09-09 15:19:14:666  INFO MAPMAIN:main - 加载静态场景	密室	1684
2016-09-09 15:19:14:736  INFO MAPMAIN:main - 加载静态场景	圣光大教堂	1685
2016-09-09 15:19:14:751  INFO MAPMAIN:main - 加载静态场景	通灵要塞	1686
2016-09-09 15:19:14:751  INFO MAPMAIN:main - 加载静态场景	乱风峭壁	1687
2016-09-09 15:19:14:751  INFO MAPMAIN:main - 加载静态场景	地窖	1688
2016-09-09 15:19:14:767  INFO MAPMAIN:main - 加载静态场景	紫罗兰	1689
2016-09-09 15:19:14:782  INFO MAPMAIN:main - 加载静态场景	摩萨德	1690
2016-09-09 15:19:14:782  INFO MAPMAIN:main - 加载静态场景	血蹄村	1691
2016-09-09 15:19:14:782  INFO MAPMAIN:main - 加载静态场景	遗忘之城	1692
2016-09-09 15:19:14:798  INFO MAPMAIN:main - 加载静态场景	微风平原	1693
2016-09-09 15:19:14:798  INFO MAPMAIN:main - 加载静态场景	加纳多尔	1694
2016-09-09 15:19:14:798  INFO MAPMAIN:main - 加载静态场景	槌谷	1695
2016-09-09 15:19:14:814  INFO MAPMAIN:main - 加载静态场景	艾森威尔	1696
2016-09-09 15:19:14:814  INFO MAPMAIN:main - 加载静态场景	巨石山脊	1697
2016-09-09 15:19:14:829  INFO MAPMAIN:main - 加载静态场景	戮魔谷	1698
2016-09-09 15:19:14:829  INFO MAPMAIN:main - 加载静态场景	雷毛普通场	1699
2016-09-09 15:19:14:829  INFO MAPMAIN:main - 加载静态场景	双狼普通场	1700
2016-09-09 15:19:14:829  INFO MAPMAIN:main - 加载静态场景	雷毛普通场	1701
2016-09-09 15:19:14:829  INFO MAPMAIN:main - 加载静态场景	双狼普通场	1702
2016-09-09 15:19:14:845  INFO MAPMAIN:main - 加载静态场景	雷毛普通场	1703
2016-09-09 15:19:14:845  INFO MAPMAIN:main - 加载静态场景	双狼普通场	1704
2016-09-09 15:19:14:845  INFO MAPMAIN:main - 加载静态场景	雷毛优胜场	1705
2016-09-09 15:19:14:845  INFO MAPMAIN:main - 加载静态场景	双狼优胜场	1706
2016-09-09 15:19:14:845  INFO MAPMAIN:main - 加载静态场景	雷毛优胜场	1707
2016-09-09 15:19:14:861  INFO MAPMAIN:main - 加载静态场景	双狼优胜场	1708
2016-09-09 15:19:14:861  INFO MAPMAIN:main - 加载静态场景	雷毛优胜场	1709
2016-09-09 15:19:14:861  INFO MAPMAIN:main - 加载静态场景	双狼优胜场	1710
2016-09-09 15:19:14:876  INFO MAPMAIN:main - 加载动态地图模板	公会战
2016-09-09 15:19:14:876  INFO MAPMAIN:main - 加载静态场景	熊猫人场景	1712
2016-09-09 15:19:14:876  INFO MAPMAIN:main - 加载动态地图模板	巨魔之都
2016-09-09 15:19:14:892  INFO MAPMAIN:main - 加载动态地图模板	巨魔之都
2016-09-09 15:19:14:892  INFO MAPMAIN:main - 加载动态地图模板	诅咒之塔
2016-09-09 15:19:14:907  INFO MAPMAIN:main - 加载动态地图模板	诅咒之塔
2016-09-09 15:19:14:907  INFO MAPMAIN:main - 加载动态地图模板	组队副本预留
2016-09-09 15:19:14:923  INFO MAPMAIN:main - 加载动态地图模板	组队副本预留
2016-09-09 15:19:14:923  INFO MAPMAIN:main - 加载动态地图模板	组队副本预留
2016-09-09 15:19:14:939  INFO MAPMAIN:main - 加载动态地图模板	组队副本预留
2016-09-09 15:19:14:939  INFO MAPMAIN:main - 加载动态地图模板	组队副本预留
2016-09-09 15:19:14:939  INFO MAPMAIN:main - 加载动态地图模板	组队副本预留
2016-09-09 15:19:14:954  INFO MAPMAIN:main - 加载动态地图模板	组队副本预留
2016-09-09 15:19:14:954  INFO MAPMAIN:main - 加载动态地图模板	组队副本预留
2016-09-09 15:19:15:574  INFO MAPMAIN:main - 加载静态场景	冰封王座	1821
2016-09-09 15:19:15:585  INFO MAPMAIN:main - 加载静态场景	冰封王座	1822
2016-09-09 15:19:15:592  INFO MAPMAIN:main - 加载静态场景	冰封王座	1823
2016-09-09 15:19:15:592  INFO MAPMAIN:main - 加载静态场景	冰封王座	1824
2016-09-09 15:19:15:607  INFO MAPMAIN:main - 加载静态场景	冰封王座	1825
2016-09-09 15:19:15:607  INFO MAPMAIN:main - 加载静态场景	冰封王座	1826
2016-09-09 15:19:15:607  INFO MAPMAIN:main - 加载静态场景	冰封王座	1827
2016-09-09 15:19:15:623  INFO MAPMAIN:main - 加载静态场景	冰封王座	1828
2016-09-09 15:19:15:623  INFO MAPMAIN:main - 加载静态场景	冰封王座	1829
2016-09-09 15:19:15:623  INFO MAPMAIN:main - 加载静态场景	冰封王座	1830
2016-09-09 15:19:15:639  INFO MAPMAIN:main - 加载静态场景	冰封王座	1831
2016-09-09 15:19:15:639  INFO MAPMAIN:main - 加载静态场景	冰封王座	1832
2016-09-09 15:19:15:654  INFO MAPMAIN:main - 加载静态场景	冰封王座	1833
2016-09-09 15:19:15:670  INFO MAPMAIN:main - 加载静态场景	冰封王座	1834
2016-09-09 15:19:15:670  INFO MAPMAIN:main - 加载静态场景	冰封王座	1835
2016-09-09 15:19:15:685  INFO MAPMAIN:main - 加载静态场景	冰封王座	1836
2016-09-09 15:19:15:685  INFO MAPMAIN:main - 加载静态场景	冰封王座	1837
2016-09-09 15:19:15:701  INFO MAPMAIN:main - 加载静态场景	冰封王座	1838
2016-09-09 15:19:15:717  INFO MAPMAIN:main - 加载静态场景	冰封王座	1839
2016-09-09 15:19:15:717  INFO MAPMAIN:main - 加载动态地图模板	融核之心1层
2016-09-09 15:19:15:732  INFO MAPMAIN:main - 加载动态地图模板	融核之心2层
2016-09-09 15:19:15:842  INFO MAPMAIN:main - 加载动态地图模板	融核之心3层
2016-09-09 15:19:15:842  INFO MAPMAIN:main - 加载动态地图模板	融核之心4层
2016-09-09 15:19:15:857  INFO MAPMAIN:main - 加载动态地图模板	融核之心5层
2016-09-09 15:19:15:857  INFO MAPMAIN:main - 加载动态地图模板	融核之心6层
2016-09-09 15:19:15:873  INFO MAPMAIN:main - 加载动态地图模板	融核之心7层
2016-09-09 15:19:15:889  INFO MAPMAIN:main - 加载动态地图模板	融核之心8层
2016-09-09 15:19:15:889  INFO MAPMAIN:main - 加载动态地图模板	融核之心9层
2016-09-09 15:19:15:904  INFO MAPMAIN:main - 加载动态地图模板	融核之心10层
2016-09-09 15:19:15:920  INFO MAPMAIN:main - 加载动态地图模板	黑龙巢穴1层
2016-09-09 15:19:15:929  INFO MAPMAIN:main - 加载动态地图模板	黑龙巢穴2层
2016-09-09 15:19:15:939  INFO MAPMAIN:main - 加载动态地图模板	黑龙巢穴3层
2016-09-09 15:19:15:948  INFO MAPMAIN:main - 加载动态地图模板	黑龙巢穴4层
2016-09-09 15:19:15:959  INFO MAPMAIN:main - 加载动态地图模板	黑龙巢穴5层
2016-09-09 15:19:15:969  INFO MAPMAIN:main - 加载动态地图模板	黑龙巢穴6层
2016-09-09 15:19:15:979  INFO MAPMAIN:main - 加载动态地图模板	黑龙巢穴7层
2016-09-09 15:19:15:988  INFO MAPMAIN:main - 加载动态地图模板	黑龙巢穴8层
2016-09-09 15:19:17:372  INFO MAPMAIN:main - 加载动态地图模板	黑龙巢穴9层
2016-09-09 15:19:17:381  INFO MAPMAIN:main - 加载动态地图模板	黑龙巢穴10层
2016-09-09 15:19:17:391  INFO MAPMAIN:main - 加载动态地图模板	双子神庙1层
2016-09-09 15:19:17:391  INFO MAPMAIN:main - 加载动态地图模板	双子神庙2层
2016-09-09 15:19:17:407  INFO MAPMAIN:main - 加载动态地图模板	双子神庙3层
2016-09-09 15:19:17:407  INFO MAPMAIN:main - 加载动态地图模板	双子神庙4层
2016-09-09 15:19:17:422  INFO MAPMAIN:main - 加载动态地图模板	双子神庙5层
2016-09-09 15:19:17:438  INFO MAPMAIN:main - 加载动态地图模板	双子神庙6层
2016-09-09 15:19:17:438  INFO MAPMAIN:main - 加载动态地图模板	双子神庙7层
2016-09-09 15:19:17:453  INFO MAPMAIN:main - 加载动态地图模板	双子神庙8层
2016-09-09 15:19:17:453  INFO MAPMAIN:main - 加载动态地图模板	双子神庙9层
2016-09-09 15:19:17:469  INFO MAPMAIN:main - 加载动态地图模板	双子神庙10层
2016-09-09 15:19:17:469  INFO MAPMAIN:main - 加载动态地图模板	刀锋之巢1层
2016-09-09 15:19:17:469  INFO MAPMAIN:main - 加载动态地图模板	刀锋之巢2层
2016-09-09 15:19:17:469  INFO MAPMAIN:main - 加载动态地图模板	刀锋之巢3层
2016-09-09 15:19:17:594  INFO MAPMAIN:main - 加载动态地图模板	刀锋之巢4层
2016-09-09 15:19:17:594  INFO MAPMAIN:main - 加载动态地图模板	刀锋之巢5层
2016-09-09 15:19:17:594  INFO MAPMAIN:main - 加载动态地图模板	刀锋之巢6层
2016-09-09 15:19:17:610  INFO MAPMAIN:main - 加载动态地图模板	刀锋之巢7层
2016-09-09 15:19:17:610  INFO MAPMAIN:main - 加载动态地图模板	刀锋之巢8层
2016-09-09 15:19:17:610  INFO MAPMAIN:main - 加载动态地图模板	刀锋之巢9层
2016-09-09 15:19:17:610  INFO MAPMAIN:main - 加载动态地图模板	刀锋之巢10层
2016-09-09 15:19:17:610  INFO MAPMAIN:main - 加载动态地图模板	溶洞
2016-09-09 15:19:17:625  INFO MAPMAIN:main - 加载动态地图模板	废矿
2016-09-09 15:19:17:641  INFO MAPMAIN:main - 加载动态地图模板	银堡
2016-09-09 15:19:17:641  INFO MAPMAIN:main - 加载动态地图模板	荒泽
2016-09-09 15:19:17:641  INFO MAPMAIN:main - 加载动态地图模板	教堂
2016-09-09 15:19:17:657  INFO MAPMAIN:main - 加载动态地图模板	埋骨圣地
2016-09-09 15:19:17:657  INFO MAPMAIN:main - 加载动态地图模板	遗迹
2016-09-09 15:19:17:657  INFO MAPMAIN:main - 加载动态地图模板	祭坛
2016-09-09 15:19:17:672  INFO MAPMAIN:main - 加载动态地图模板	深渊
2016-09-09 15:19:17:672  INFO MAPMAIN:main - 加载动态地图模板	雾都
2016-09-09 15:19:17:672  INFO MAPMAIN:main - 加载动态地图模板	异度学院
2016-09-09 15:19:17:688  INFO MAPMAIN:main - 加载动态地图模板	邪兽堡垒
2016-09-09 15:19:17:688  INFO MAPMAIN:main - 加载动态地图模板	背叛之手
2016-09-09 15:19:17:703  INFO MAPMAIN:main - 加载动态地图模板	娜迦之谋
2016-09-09 15:19:17:703  INFO MAPMAIN:main - 加载动态地图模板	悲伤墓地
2016-09-09 15:19:17:719  INFO MAPMAIN:main - 加载动态地图模板	纳鲁之城
2016-09-09 15:19:17:719  INFO MAPMAIN:main - 加载动态地图模板	死亡之歌
2016-09-09 15:19:19:146  INFO MAPMAIN:main - 加载动态地图模板	粉碎阴谋
2016-09-09 15:19:19:149  INFO MAPMAIN:main - 加载动态地图模板	时空之路
2016-09-09 15:19:19:149  INFO MAPMAIN:main - 加载动态地图模板	英雄平台
2016-09-09 15:19:19:164  INFO MAPMAIN:main - 加载静态场景	测试	1999
2016-09-09 15:19:19:164  INFO MAPMAIN:main - 加载静态场景	测试1	2000
2016-09-09 15:19:19:164  INFO MAPMAIN:main - 加载静态场景	测试2	2001
2016-09-09 15:19:19:180  INFO MAPMAIN:main - 加载静态场景	长眠圣殿	2100
2016-09-09 15:19:19:180  INFO MAPMAIN:main - 加载静态场景	伦巴洞窟	2101
2016-09-09 15:19:19:196  INFO MAPMAIN:main - 加载静态场景	监牢	2102
2016-09-09 15:19:19:196  INFO MAPMAIN:main - 加载静态场景	菲沃德森林	2103
2016-09-09 15:19:19:196  INFO MAPMAIN:main - 加载静态场景	海吉山	2104
2016-09-09 15:19:19:196  INFO MAPMAIN:main - 加载静态场景	破碎岛	2105
2016-09-09 15:19:19:211  INFO MAPMAIN:main - 加载静态场景	墓穴门口	2106
2016-09-09 15:19:19:211  INFO MAPMAIN:main - 加载静态场景	掠夺者遗迹	2107
2016-09-09 15:19:19:211  INFO MAPMAIN:main - 加载静态场景	魔王墓穴	2108
2016-09-09 15:19:19:211  INFO MAPMAIN:main - 加载静态场景	洛达仑废墟	2109
2016-09-09 15:19:19:227  INFO MAPMAIN:main - 加载静态场景	冰冠堡垒	2110
2016-09-09 15:19:19:227  INFO MAPMAIN:main - 加载静态场景	埋骨圣地	2111
2016-09-09 15:19:19:242  INFO MAPMAIN:main - 加载静态场景	黑铁深渊	2112
2016-09-09 15:19:19:242  INFO MAPMAIN:main - 加载静态场景	哀嚎洞穴	2113
2016-09-09 15:19:19:242  INFO MAPMAIN:main - 加载静态场景	寒风平原	2114
2016-09-09 15:19:19:258  INFO MAPMAIN:main - 加载静态场景	嚎风峡谷	2115
2016-09-09 15:19:19:258  INFO MAPMAIN:main - 加载静态场景	龙眠圣地	2116
2016-09-09 15:19:19:274  INFO MAPMAIN:main - 加载静态场景	融核之心	2200
2016-09-09 15:19:19:274  INFO MAPMAIN:main - map模块初始化完成
2016-09-09 15:19:19:274  INFO MAPMAIN:main - load npc walk ai info start
2016-09-09 15:19:19:289  INFO MAPMAIN:main - load npc walk ai info end
2016-09-09 15:19:19:461  INFO MAPMAIN:main - npc模块初始化开始
2016-09-09 15:19:19:461  INFO MAPMAIN:main - NPC服务配置表加载完毕。一共载入服务NPC651个
2016-09-09 15:19:19:461  INFO MAPMAIN:main - NPC服务描述表加载完毕。一共载入服务 646条
2016-09-09 15:19:19:461  INFO MAPMAIN:main - NPC服务映射表加载完毕。一共载入服务映射126条
2016-09-09 15:19:19:477  INFO MAPMAIN:main - NPC买卖物品表加载完毕。一共加载NPC11个
2016-09-09 15:19:19:477  INFO MAPMAIN:main - npc模块初始化完成
2016-09-09 15:19:41:394  INFO MAPMAIN:MapMain - 角色:旋律飞烟,进入游戏,sceneid:2200,index:65536,pos:Pos(1122,478,0)
