2016-08-03 17:03:15:878  INFO MAPMAIN:main - map模块初始化开始
2016-08-03 17:03:16:128  INFO MAPMAIN:main - 加载静态场景	溶洞一层	1601
2016-08-03 17:03:16:144  INFO MAPMAIN:main - 加载静态场景	学院一层	1602
2016-08-03 17:03:16:175  INFO MAPMAIN:main - 加载静态场景	埋股圣地一层	1603
2016-08-03 17:03:16:206  INFO MAPMAIN:main - 加载静态场景	祭坛一层	1604
2016-08-03 17:03:16:550  INFO MAPMAIN:main - 加载静态场景	月光海岸	1605
2016-08-03 17:03:16:575  INFO MAPMAIN:main - 加载静态场景	影月城	1606
2016-08-03 17:03:16:575  INFO MAPMAIN:main - 加载静态场景	虚空要塞	1607
2016-08-03 17:03:16:590  INFO MAPMAIN:main - 加载静态场景	十字路口	1608
2016-08-03 17:03:16:606  INFO MAPMAIN:main - 加载静态场景	银松林	1609
2016-08-03 17:03:16:606  INFO MAPMAIN:main - 加载静态场景	暮光林	1610
2016-08-03 17:03:16:622  INFO MAPMAIN:main - 加载静态场景	剃刀泥沼	1611
2016-08-03 17:03:16:637  INFO MAPMAIN:main - 加载静态场景	激流高地	1612
2016-08-03 17:03:16:653  INFO MAPMAIN:main - 加载动态地图模板	公会
2016-08-03 17:03:16:668  INFO MAPMAIN:main - 加载静态场景	风暴城	1614
2016-08-03 17:03:16:715  INFO MAPMAIN:main - 加载静态场景	紫罗兰	1615
2016-08-03 17:03:16:742  INFO MAPMAIN:main - 加载静态场景	欧格瑞姆	1616
2016-08-03 17:03:16:782  INFO MAPMAIN:main - 加载静态场景	太阳岛	1617
2016-08-03 17:03:16:788  INFO MAPMAIN:main - 加载静态场景	雷霆村	1618
2016-08-03 17:03:16:793  INFO MAPMAIN:main - 加载静态场景	提瑞斯镇	1619
2016-08-03 17:03:16:798  INFO MAPMAIN:main - 加载静态场景	暗矛镇	1620
2016-08-03 17:03:16:806  INFO MAPMAIN:main - 加载静态场景	修道院	1621
2016-08-03 17:03:16:811  INFO MAPMAIN:main - 加载静态场景	永夜林地	1622
2016-08-03 17:03:16:826  INFO MAPMAIN:main - 加载静态场景	溶洞二层	1624
2016-08-03 17:03:16:842  INFO MAPMAIN:main - 加载静态场景	溶洞三层	1625
2016-08-03 17:03:16:857  INFO MAPMAIN:main - 加载静态场景	废矿一层	1626
2016-08-03 17:03:16:880  INFO MAPMAIN:main - 加载静态场景	废矿二层	1627
2016-08-03 17:03:16:895  INFO MAPMAIN:main - 加载静态场景	废矿三层	1628
2016-08-03 17:03:16:912  INFO MAPMAIN:main - 加载静态场景	银堡一层	1629
2016-08-03 17:03:16:943  INFO MAPMAIN:main - 加载静态场景	银堡二层	1630
2016-08-03 17:03:17:234  INFO MAPMAIN:main - 加载静态场景	银堡三层	1631
2016-08-03 17:03:17:240  INFO MAPMAIN:main - 加载静态场景	学院二层	1632
2016-08-03 17:03:17:245  INFO MAPMAIN:main - 加载静态场景	学院三层	1633
2016-08-03 17:03:17:256  INFO MAPMAIN:main - 加载静态场景	教堂一层	1634
2016-08-03 17:03:17:268  INFO MAPMAIN:main - 加载静态场景	教堂二层	1635
2016-08-03 17:03:17:281  INFO MAPMAIN:main - 加载静态场景	教堂三层	1636
2016-08-03 17:03:17:290  INFO MAPMAIN:main - 加载静态场景	埋股圣地二层	1637
2016-08-03 17:03:17:299  INFO MAPMAIN:main - 加载静态场景	埋股圣地三层	1638
2016-08-03 17:03:17:310  INFO MAPMAIN:main - 加载静态场景	遗迹一层	1639
2016-08-03 17:03:17:321  INFO MAPMAIN:main - 加载静态场景	遗迹二层	1640
2016-08-03 17:03:17:332  INFO MAPMAIN:main - 加载静态场景	遗迹三层	1641
2016-08-03 17:03:17:342  INFO MAPMAIN:main - 加载静态场景	祭坛二层	1642
2016-08-03 17:03:17:352  INFO MAPMAIN:main - 加载静态场景	祭坛三层	1643
2016-08-03 17:03:17:367  INFO MAPMAIN:main - 加载静态场景	深渊一层	1644
2016-08-03 17:03:17:371  INFO MAPMAIN:main - 加载静态场景	深渊二层	1645
2016-08-03 17:03:17:387  INFO MAPMAIN:main - 加载静态场景	深渊三层	1646
2016-08-03 17:03:17:387  INFO MAPMAIN:main - 加载静态场景	雾都一层	1647
2016-08-03 17:03:17:403  INFO MAPMAIN:main - 加载静态场景	雾都二层	1648
2016-08-03 17:03:17:418  INFO MAPMAIN:main - 加载静态场景	雾都三层	1649
2016-08-03 17:03:17:418  INFO MAPMAIN:main - 加载静态场景	灵界	1650
2016-08-03 17:03:17:418  INFO MAPMAIN:main - 加载静态场景	时之夹缝	1651
2016-08-03 17:03:17:450  INFO MAPMAIN:main - 加载静态场景	敦霍尔德	1652
2016-08-03 17:03:17:450  INFO MAPMAIN:main - 加载静态场景	地下竞技场	1653
2016-08-03 17:03:17:465  INFO MAPMAIN:main - 加载静态场景	紫罗兰（十年前）	1654
2016-08-03 17:03:17:465  INFO MAPMAIN:main - 加载静态场景	创物梦境	1655
2016-08-03 17:03:17:481  INFO MAPMAIN:main - 加载静态场景	精英组	1656
2016-08-03 17:03:17:481  INFO MAPMAIN:main - 加载静态场景	神威组	1657
2016-08-03 17:03:17:481  INFO MAPMAIN:main - 加载静态场景	王者组	1658
2016-08-03 17:03:17:481  INFO MAPMAIN:main - 加载静态场景	精英组	1659
2016-08-03 17:03:17:496  INFO MAPMAIN:main - 加载静态场景	神威组	1660
2016-08-03 17:03:17:496  INFO MAPMAIN:main - 加载静态场景	王者组	1661
2016-08-03 17:03:18:092  INFO MAPMAIN:main - 加载静态场景	死亡矿井	1662
2016-08-03 17:03:18:230  INFO MAPMAIN:main - 加载静态场景	银堡	1671
2016-08-03 17:03:18:293  INFO MAPMAIN:main - 加载静态场景	银堡地下室	1672
2016-08-03 17:03:18:355  INFO MAPMAIN:main - 加载静态场景	锡拉岛	1673
2016-08-03 17:03:18:465  INFO MAPMAIN:main - 加载静态场景	蓝龙之穴	1674
2016-08-03 17:03:18:496  INFO MAPMAIN:main - 加载静态场景	圣光大教堂	1675
2016-08-03 17:03:18:527  INFO MAPMAIN:main - 加载静态场景	溶洞	1676
2016-08-03 17:03:18:605  INFO MAPMAIN:main - 加载静态场景	黑铁深渊	1677
2016-08-03 17:03:18:636  INFO MAPMAIN:main - 加载静态场景	瘟疫废墟	1678
2016-08-03 17:03:18:668  INFO MAPMAIN:main - 加载静态场景	卡达隆	1679
2016-08-03 17:03:18:715  INFO MAPMAIN:main - 加载静态场景	雾都	1680
2016-08-03 17:03:18:777  INFO MAPMAIN:main - 加载静态场景	忏悔岭	1681
2016-08-03 17:03:18:871  INFO MAPMAIN:main - 加载静态场景	赫斯格林	1682
2016-08-03 17:03:18:918  INFO MAPMAIN:main - 加载静态场景	十字军圣殿	1683
2016-08-03 17:03:18:965  INFO MAPMAIN:main - 加载静态场景	密室	1684
2016-08-03 17:03:19:011  INFO MAPMAIN:main - 加载静态场景	圣光大教堂	1685
2016-08-03 17:03:19:074  INFO MAPMAIN:main - 加载静态场景	通灵要塞	1686
2016-08-03 17:03:19:136  INFO MAPMAIN:main - 加载静态场景	乱风峭壁	1687
2016-08-03 17:03:19:230  INFO MAPMAIN:main - 加载静态场景	地窖	1688
2016-08-03 17:03:19:324  INFO MAPMAIN:main - 加载静态场景	紫罗兰	1689
2016-08-03 17:03:19:355  INFO MAPMAIN:main - 加载静态场景	摩萨德	1690
2016-08-03 17:03:19:402  INFO MAPMAIN:main - 加载静态场景	血蹄村	1691
2016-08-03 17:03:19:433  INFO MAPMAIN:main - 加载静态场景	遗忘之城	1692
2016-08-03 17:03:19:495  INFO MAPMAIN:main - 加载静态场景	微风平原	1693
2016-08-03 17:03:19:558  INFO MAPMAIN:main - 加载静态场景	加纳多尔	1694
2016-08-03 17:03:19:620  INFO MAPMAIN:main - 加载静态场景	槌谷	1695
2016-08-03 17:03:19:699  INFO MAPMAIN:main - 加载静态场景	艾森威尔	1696
2016-08-03 17:03:19:714  INFO MAPMAIN:main - 加载静态场景	巨石山脊	1697
2016-08-03 17:03:19:761  INFO MAPMAIN:main - 加载静态场景	戮魔谷	1698
2016-08-03 17:03:19:824  INFO MAPMAIN:main - 加载静态场景	雷毛普通场	1699
2016-08-03 17:03:19:886  INFO MAPMAIN:main - 加载静态场景	双狼普通场	1700
2016-08-03 17:03:19:917  INFO MAPMAIN:main - 加载静态场景	雷毛普通场	1701
2016-08-03 17:03:19:964  INFO MAPMAIN:main - 加载静态场景	双狼普通场	1702
2016-08-03 17:03:20:011  INFO MAPMAIN:main - 加载静态场景	雷毛普通场	1703
2016-08-03 17:03:20:058  INFO MAPMAIN:main - 加载静态场景	双狼普通场	1704
2016-08-03 17:03:20:105  INFO MAPMAIN:main - 加载静态场景	雷毛优胜场	1705
2016-08-03 17:03:20:167  INFO MAPMAIN:main - 加载静态场景	双狼优胜场	1706
2016-08-03 17:03:20:239  INFO MAPMAIN:main - 加载静态场景	雷毛优胜场	1707
2016-08-03 17:03:20:317  INFO MAPMAIN:main - 加载静态场景	双狼优胜场	1708
2016-08-03 17:03:20:364  INFO MAPMAIN:main - 加载静态场景	雷毛优胜场	1709
2016-08-03 17:03:20:410  INFO MAPMAIN:main - 加载静态场景	双狼优胜场	1710
2016-08-03 17:03:20:457  INFO MAPMAIN:main - 加载动态地图模板	公会战
2016-08-03 17:03:20:473  INFO MAPMAIN:main - 加载动态地图模板	巨魔之都
2016-08-03 17:03:20:520  INFO MAPMAIN:main - 加载动态地图模板	巨魔之都
2016-08-03 17:03:20:535  INFO MAPMAIN:main - 加载动态地图模板	诅咒之塔
2016-08-03 17:03:20:567  INFO MAPMAIN:main - 加载动态地图模板	诅咒之塔
2016-08-03 17:03:20:582  INFO MAPMAIN:main - 加载动态地图模板	组队副本预留
2016-08-03 17:03:21:549  INFO MAPMAIN:main - 加载动态地图模板	组队副本预留
2016-08-03 17:03:21:571  INFO MAPMAIN:main - 加载动态地图模板	组队副本预留
2016-08-03 17:03:21:617  INFO MAPMAIN:main - 加载动态地图模板	组队副本预留
2016-08-03 17:03:21:664  INFO MAPMAIN:main - 加载动态地图模板	组队副本预留
2016-08-03 17:03:21:711  INFO MAPMAIN:main - 加载动态地图模板	组队副本预留
2016-08-03 17:03:21:727  INFO MAPMAIN:main - 加载动态地图模板	组队副本预留
2016-08-03 17:03:21:758  INFO MAPMAIN:main - 加载动态地图模板	组队副本预留
2016-08-03 17:03:21:789  INFO MAPMAIN:main - 加载静态场景	冰封王座	1821
2016-08-03 17:03:21:852  INFO MAPMAIN:main - 加载静态场景	冰封王座	1822
2016-08-03 17:03:21:883  INFO MAPMAIN:main - 加载静态场景	冰封王座	1823
2016-08-03 17:03:21:914  INFO MAPMAIN:main - 加载静态场景	冰封王座	1824
2016-08-03 17:03:21:946  INFO MAPMAIN:main - 加载静态场景	冰封王座	1825
2016-08-03 17:03:22:008  INFO MAPMAIN:main - 加载静态场景	冰封王座	1826
2016-08-03 17:03:22:024  INFO MAPMAIN:main - 加载静态场景	冰封王座	1827
2016-08-03 17:03:22:055  INFO MAPMAIN:main - 加载静态场景	冰封王座	1828
2016-08-03 17:03:22:071  INFO MAPMAIN:main - 加载静态场景	冰封王座	1829
2016-08-03 17:03:22:102  INFO MAPMAIN:main - 加载静态场景	冰封王座	1830
2016-08-03 17:03:22:133  INFO MAPMAIN:main - 加载静态场景	冰封王座	1831
2016-08-03 17:03:22:149  INFO MAPMAIN:main - 加载静态场景	冰封王座	1832
2016-08-03 17:03:22:180  INFO MAPMAIN:main - 加载静态场景	冰封王座	1833
2016-08-03 17:03:22:227  INFO MAPMAIN:main - 加载静态场景	冰封王座	1834
2016-08-03 17:03:22:274  INFO MAPMAIN:main - 加载静态场景	冰封王座	1835
2016-08-03 17:03:22:305  INFO MAPMAIN:main - 加载静态场景	冰封王座	1836
2016-08-03 17:03:22:336  INFO MAPMAIN:main - 加载静态场景	冰封王座	1837
2016-08-03 17:03:22:368  INFO MAPMAIN:main - 加载静态场景	冰封王座	1838
2016-08-03 17:03:22:399  INFO MAPMAIN:main - 加载静态场景	冰封王座	1839
2016-08-03 17:03:22:446  INFO MAPMAIN:main - 加载动态地图模板	融核之心1层
2016-08-03 17:03:22:477  INFO MAPMAIN:main - 加载动态地图模板	融核之心2层
2016-08-03 17:03:22:508  INFO MAPMAIN:main - 加载动态地图模板	融核之心3层
2016-08-03 17:03:22:555  INFO MAPMAIN:main - 加载动态地图模板	融核之心4层
2016-08-03 17:03:22:598  INFO MAPMAIN:main - 加载动态地图模板	融核之心5层
2016-08-03 17:03:22:645  INFO MAPMAIN:main - 加载动态地图模板	融核之心6层
2016-08-03 17:03:22:676  INFO MAPMAIN:main - 加载动态地图模板	融核之心7层
2016-08-03 17:03:22:707  INFO MAPMAIN:main - 加载动态地图模板	融核之心8层
2016-08-03 17:03:22:739  INFO MAPMAIN:main - 加载动态地图模板	融核之心9层
2016-08-03 17:03:22:770  INFO MAPMAIN:main - 加载动态地图模板	融核之心10层
2016-08-03 17:03:23:579  INFO MAPMAIN:main - 加载动态地图模板	黑龙巢穴1层
2016-08-03 17:03:23:605  INFO MAPMAIN:main - 加载动态地图模板	黑龙巢穴2层
2016-08-03 17:03:23:636  INFO MAPMAIN:main - 加载动态地图模板	黑龙巢穴3层
2016-08-03 17:03:23:683  INFO MAPMAIN:main - 加载动态地图模板	黑龙巢穴4层
2016-08-03 17:03:23:714  INFO MAPMAIN:main - 加载动态地图模板	黑龙巢穴5层
2016-08-03 17:03:23:745  INFO MAPMAIN:main - 加载动态地图模板	黑龙巢穴6层
2016-08-03 17:03:23:777  INFO MAPMAIN:main - 加载动态地图模板	黑龙巢穴7层
2016-08-03 17:03:23:792  INFO MAPMAIN:main - 加载动态地图模板	黑龙巢穴8层
2016-08-03 17:03:23:823  INFO MAPMAIN:main - 加载动态地图模板	黑龙巢穴9层
2016-08-03 17:03:23:855  INFO MAPMAIN:main - 加载动态地图模板	黑龙巢穴10层
2016-08-03 17:03:23:886  INFO MAPMAIN:main - 加载动态地图模板	安其拉神殿1层
2016-08-03 17:03:23:917  INFO MAPMAIN:main - 加载动态地图模板	安其拉神殿2层
2016-08-03 17:03:23:948  INFO MAPMAIN:main - 加载动态地图模板	安其拉神殿3层
2016-08-03 17:03:23:964  INFO MAPMAIN:main - 加载动态地图模板	安其拉神殿4层
2016-08-03 17:03:24:011  INFO MAPMAIN:main - 加载动态地图模板	安其拉神殿5层
2016-08-03 17:03:24:027  INFO MAPMAIN:main - 加载动态地图模板	安其拉神殿6层
2016-08-03 17:03:24:042  INFO MAPMAIN:main - 加载动态地图模板	安其拉神殿7层
2016-08-03 17:03:24:073  INFO MAPMAIN:main - 加载动态地图模板	安其拉神殿8层
2016-08-03 17:03:24:105  INFO MAPMAIN:main - 加载动态地图模板	安其拉神殿9层
2016-08-03 17:03:24:136  INFO MAPMAIN:main - 加载动态地图模板	安其拉神殿10层
2016-08-03 17:03:24:167  INFO MAPMAIN:main - 加载动态地图模板	溶洞
2016-08-03 17:03:24:198  INFO MAPMAIN:main - 加载动态地图模板	废矿
2016-08-03 17:03:24:245  INFO MAPMAIN:main - 加载动态地图模板	银堡
2016-08-03 17:03:24:339  INFO MAPMAIN:main - 加载动态地图模板	荒泽
2016-08-03 17:03:24:370  INFO MAPMAIN:main - 加载动态地图模板	教堂
2016-08-03 17:03:24:402  INFO MAPMAIN:main - 加载动态地图模板	埋骨圣地
2016-08-03 17:03:24:448  INFO MAPMAIN:main - 加载动态地图模板	遗迹
2016-08-03 17:03:24:480  INFO MAPMAIN:main - 加载动态地图模板	祭坛
2016-08-03 17:03:24:511  INFO MAPMAIN:main - 加载动态地图模板	深渊
2016-08-03 17:03:24:542  INFO MAPMAIN:main - 加载动态地图模板	雾都
2016-08-03 17:03:24:573  INFO MAPMAIN:main - 加载动态地图模板	异度学院
2016-08-03 17:03:24:605  INFO MAPMAIN:main - 加载动态地图模板	邪兽堡垒
2016-08-03 17:03:24:631  INFO MAPMAIN:main - 加载动态地图模板	背叛之手
2016-08-03 17:03:24:646  INFO MAPMAIN:main - 加载动态地图模板	娜迦之谋
2016-08-03 17:03:24:662  INFO MAPMAIN:main - 加载动态地图模板	悲伤墓地
2016-08-03 17:03:24:693  INFO MAPMAIN:main - 加载动态地图模板	纳鲁之城
2016-08-03 17:03:24:724  INFO MAPMAIN:main - 加载动态地图模板	死亡之歌
2016-08-03 17:03:24:740  INFO MAPMAIN:main - 加载动态地图模板	粉碎阴谋
2016-08-03 17:03:24:756  INFO MAPMAIN:main - 加载动态地图模板	时空之路
2016-08-03 17:03:24:787  INFO MAPMAIN:main - 加载动态地图模板	英雄平台
2016-08-03 17:03:25:842  INFO MAPMAIN:main - 加载静态场景	测试	1999
2016-08-03 17:03:25:866  INFO MAPMAIN:main - 加载静态场景	测试1	2000
2016-08-03 17:03:25:882  INFO MAPMAIN:main - 加载静态场景	测试2	2001
2016-08-03 17:03:25:897  INFO MAPMAIN:main - 加载静态场景	长眠圣殿	2100
2016-08-03 17:03:25:913  INFO MAPMAIN:main - 加载静态场景	伦巴洞窟	2101
2016-08-03 17:03:25:960  INFO MAPMAIN:main - 加载静态场景	监牢	2102
2016-08-03 17:03:26:007  INFO MAPMAIN:main - 加载静态场景	菲沃德森林	2103
2016-08-03 17:03:26:053  INFO MAPMAIN:main - 加载静态场景	海吉山	2104
2016-08-03 17:03:26:100  INFO MAPMAIN:main - 加载静态场景	破碎岛	2105
2016-08-03 17:03:26:116  INFO MAPMAIN:main - 加载静态场景	墓穴门口	2106
2016-08-03 17:03:26:132  INFO MAPMAIN:main - 加载静态场景	掠夺者遗迹	2107
2016-08-03 17:03:26:163  INFO MAPMAIN:main - 加载静态场景	魔王墓穴	2108
2016-08-03 17:03:26:194  INFO MAPMAIN:main - 加载静态场景	洛达仑废墟	2109
2016-08-03 17:03:26:241  INFO MAPMAIN:main - 加载静态场景	冰冠堡垒	2110
2016-08-03 17:03:26:272  INFO MAPMAIN:main - 加载静态场景	埋骨圣地	2111
2016-08-03 17:03:26:319  INFO MAPMAIN:main - 加载静态场景	黑铁深渊	2112
2016-08-03 17:03:26:366  INFO MAPMAIN:main - 加载静态场景	哀嚎洞穴	2113
2016-08-03 17:03:26:397  INFO MAPMAIN:main - 加载静态场景	寒风平原	2114
2016-08-03 17:03:26:444  INFO MAPMAIN:main - 加载静态场景	嚎风峡谷	2115
2016-08-03 17:03:26:475  INFO MAPMAIN:main - 加载静态场景	龙眠圣地	2116
2016-08-03 17:03:26:491  INFO MAPMAIN:main - 加载静态场景	融核之心	2200
2016-08-03 17:03:26:491  INFO MAPMAIN:main - map模块初始化完成
2016-08-03 17:03:26:600  INFO MAPMAIN:main - load npc walk ai info start
2016-08-03 17:03:26:663  INFO MAPMAIN:main - load npc walk ai info end
2016-08-03 17:03:28:306  INFO MAPMAIN:main - npc模块初始化开始
2016-08-03 17:03:28:322  INFO MAPMAIN:main - NPC服务配置表加载完毕。一共载入服务NPC626个
2016-08-03 17:03:28:322  INFO MAPMAIN:main - NPC服务描述表加载完毕。一共载入服务 626条
2016-08-03 17:03:28:322  INFO MAPMAIN:main - NPC服务映射表加载完毕。一共载入服务映射119条
2016-08-03 17:03:28:478  INFO MAPMAIN:main - NPC买卖物品表加载完毕。一共加载NPC11个
2016-08-03 17:03:28:603  INFO MAPMAIN:main - npc模块初始化完成
2016-08-03 17:16:45:078  INFO MAPMAIN:MapMain - 角色 狗头人炎矢(4097) 从场景下线。
2016-08-03 17:19:33:214  INFO MAPMAIN:main - map模块初始化开始
2016-08-03 17:19:33:511  INFO MAPMAIN:main - 加载静态场景	溶洞一层	1601
2016-08-03 17:19:33:574  INFO MAPMAIN:main - 加载静态场景	学院一层	1602
2016-08-03 17:19:33:620  INFO MAPMAIN:main - 加载静态场景	埋股圣地一层	1603
2016-08-03 17:19:33:699  INFO MAPMAIN:main - 加载静态场景	祭坛一层	1604
2016-08-03 17:19:34:042  INFO MAPMAIN:main - 加载静态场景	月光海岸	1605
2016-08-03 17:19:34:139  INFO MAPMAIN:main - 加载静态场景	影月城	1606
2016-08-03 17:19:34:217  INFO MAPMAIN:main - 加载静态场景	虚空要塞	1607
2016-08-03 17:19:34:295  INFO MAPMAIN:main - 加载静态场景	十字路口	1608
2016-08-03 17:19:34:373  INFO MAPMAIN:main - 加载静态场景	银松林	1609
2016-08-03 17:19:34:483  INFO MAPMAIN:main - 加载静态场景	暮光林	1610
2016-08-03 17:19:34:577  INFO MAPMAIN:main - 加载静态场景	剃刀泥沼	1611
2016-08-03 17:19:34:655  INFO MAPMAIN:main - 加载静态场景	激流高地	1612
2016-08-03 17:19:34:749  INFO MAPMAIN:main - 加载动态地图模板	公会
2016-08-03 17:19:34:827  INFO MAPMAIN:main - 加载静态场景	风暴城	1614
2016-08-03 17:19:34:936  INFO MAPMAIN:main - 加载静态场景	紫罗兰	1615
2016-08-03 17:19:35:014  INFO MAPMAIN:main - 加载静态场景	欧格瑞姆	1616
2016-08-03 17:19:35:124  INFO MAPMAIN:main - 加载静态场景	太阳岛	1617
2016-08-03 17:19:35:197  INFO MAPMAIN:main - 加载静态场景	雷霆村	1618
2016-08-03 17:19:35:244  INFO MAPMAIN:main - 加载静态场景	提瑞斯镇	1619
2016-08-03 17:19:35:290  INFO MAPMAIN:main - 加载静态场景	暗矛镇	1620
2016-08-03 17:19:35:337  INFO MAPMAIN:main - 加载静态场景	修道院	1621
2016-08-03 17:19:35:400  INFO MAPMAIN:main - 加载静态场景	永夜林地	1622
2016-08-03 17:19:35:462  INFO MAPMAIN:main - 加载静态场景	溶洞二层	1624
2016-08-03 17:19:35:494  INFO MAPMAIN:main - 加载静态场景	溶洞三层	1625
2016-08-03 17:19:35:572  INFO MAPMAIN:main - 加载静态场景	废矿一层	1626
2016-08-03 17:19:35:681  INFO MAPMAIN:main - 加载静态场景	废矿二层	1627
2016-08-03 17:19:35:697  INFO MAPMAIN:main - 加载静态场景	废矿三层	1628
2016-08-03 17:19:35:728  INFO MAPMAIN:main - 加载静态场景	银堡一层	1629
2016-08-03 17:19:35:790  INFO MAPMAIN:main - 加载静态场景	银堡二层	1630
2016-08-03 17:19:35:853  INFO MAPMAIN:main - 加载静态场景	银堡三层	1631
2016-08-03 17:19:35:931  INFO MAPMAIN:main - 加载静态场景	学院二层	1632
2016-08-03 17:19:36:009  INFO MAPMAIN:main - 加载静态场景	学院三层	1633
2016-08-03 17:19:36:119  INFO MAPMAIN:main - 加载静态场景	教堂一层	1634
2016-08-03 17:19:36:463  INFO MAPMAIN:main - 加载静态场景	教堂二层	1635
2016-08-03 17:19:36:500  INFO MAPMAIN:main - 加载静态场景	教堂三层	1636
2016-08-03 17:19:36:562  INFO MAPMAIN:main - 加载静态场景	埋股圣地二层	1637
2016-08-03 17:19:36:625  INFO MAPMAIN:main - 加载静态场景	埋股圣地三层	1638
2016-08-03 17:19:36:672  INFO MAPMAIN:main - 加载静态场景	遗迹一层	1639
2016-08-03 17:19:36:719  INFO MAPMAIN:main - 加载静态场景	遗迹二层	1640
2016-08-03 17:19:36:750  INFO MAPMAIN:main - 加载静态场景	遗迹三层	1641
2016-08-03 17:19:36:781  INFO MAPMAIN:main - 加载静态场景	祭坛二层	1642
2016-08-03 17:19:36:797  INFO MAPMAIN:main - 加载静态场景	祭坛三层	1643
2016-08-03 17:19:36:859  INFO MAPMAIN:main - 加载静态场景	深渊一层	1644
2016-08-03 17:19:36:906  INFO MAPMAIN:main - 加载静态场景	深渊二层	1645
2016-08-03 17:19:36:937  INFO MAPMAIN:main - 加载静态场景	深渊三层	1646
2016-08-03 17:19:36:984  INFO MAPMAIN:main - 加载静态场景	雾都一层	1647
2016-08-03 17:19:37:016  INFO MAPMAIN:main - 加载静态场景	雾都二层	1648
2016-08-03 17:19:37:047  INFO MAPMAIN:main - 加载静态场景	雾都三层	1649
2016-08-03 17:19:37:078  INFO MAPMAIN:main - 加载静态场景	灵界	1650
2016-08-03 17:19:37:125  INFO MAPMAIN:main - 加载静态场景	时之夹缝	1651
2016-08-03 17:19:37:187  INFO MAPMAIN:main - 加载静态场景	敦霍尔德	1652
2016-08-03 17:19:37:219  INFO MAPMAIN:main - 加载静态场景	地下竞技场	1653
2016-08-03 17:19:37:281  INFO MAPMAIN:main - 加载静态场景	紫罗兰（十年前）	1654
2016-08-03 17:19:37:312  INFO MAPMAIN:main - 加载静态场景	创物梦境	1655
2016-08-03 17:19:37:328  INFO MAPMAIN:main - 加载静态场景	精英组	1656
2016-08-03 17:19:37:359  INFO MAPMAIN:main - 加载静态场景	神威组	1657
2016-08-03 17:19:37:375  INFO MAPMAIN:main - 加载静态场景	王者组	1658
2016-08-03 17:19:37:391  INFO MAPMAIN:main - 加载静态场景	精英组	1659
2016-08-03 17:19:37:422  INFO MAPMAIN:main - 加载静态场景	神威组	1660
2016-08-03 17:19:37:453  INFO MAPMAIN:main - 加载静态场景	王者组	1661
2016-08-03 17:19:37:516  INFO MAPMAIN:main - 加载静态场景	死亡矿井	1662
2016-08-03 17:19:37:571  INFO MAPMAIN:main - 加载静态场景	银堡	1671
2016-08-03 17:19:37:618  INFO MAPMAIN:main - 加载静态场景	银堡地下室	1672
2016-08-03 17:19:37:665  INFO MAPMAIN:main - 加载静态场景	锡拉岛	1673
2016-08-03 17:19:37:696  INFO MAPMAIN:main - 加载静态场景	蓝龙之穴	1674
2016-08-03 17:19:37:712  INFO MAPMAIN:main - 加载静态场景	圣光大教堂	1675
2016-08-03 17:19:37:743  INFO MAPMAIN:main - 加载静态场景	溶洞	1676
2016-08-03 17:19:37:775  INFO MAPMAIN:main - 加载静态场景	黑铁深渊	1677
2016-08-03 17:19:37:790  INFO MAPMAIN:main - 加载静态场景	瘟疫废墟	1678
2016-08-03 17:19:37:806  INFO MAPMAIN:main - 加载静态场景	卡达隆	1679
2016-08-03 17:19:37:853  INFO MAPMAIN:main - 加载静态场景	雾都	1680
2016-08-03 17:19:37:900  INFO MAPMAIN:main - 加载静态场景	忏悔岭	1681
2016-08-03 17:19:37:962  INFO MAPMAIN:main - 加载静态场景	赫斯格林	1682
2016-08-03 17:19:37:993  INFO MAPMAIN:main - 加载静态场景	十字军圣殿	1683
2016-08-03 17:19:38:025  INFO MAPMAIN:main - 加载静态场景	密室	1684
2016-08-03 17:19:38:071  INFO MAPMAIN:main - 加载静态场景	圣光大教堂	1685
2016-08-03 17:19:39:215  INFO MAPMAIN:main - 加载静态场景	通灵要塞	1686
2016-08-03 17:19:39:265  INFO MAPMAIN:main - 加载静态场景	乱风峭壁	1687
2016-08-03 17:19:39:296  INFO MAPMAIN:main - 加载静态场景	地窖	1688
2016-08-03 17:19:39:374  INFO MAPMAIN:main - 加载静态场景	紫罗兰	1689
2016-08-03 17:19:39:405  INFO MAPMAIN:main - 加载静态场景	摩萨德	1690
2016-08-03 17:19:39:436  INFO MAPMAIN:main - 加载静态场景	血蹄村	1691
2016-08-03 17:19:39:468  INFO MAPMAIN:main - 加载静态场景	遗忘之城	1692
2016-08-03 17:19:39:515  INFO MAPMAIN:main - 加载静态场景	微风平原	1693
2016-08-03 17:19:39:561  INFO MAPMAIN:main - 加载静态场景	加纳多尔	1694
2016-08-03 17:19:39:608  INFO MAPMAIN:main - 加载静态场景	槌谷	1695
2016-08-03 17:19:39:671  INFO MAPMAIN:main - 加载静态场景	艾森威尔	1696
2016-08-03 17:19:39:686  INFO MAPMAIN:main - 加载静态场景	巨石山脊	1697
2016-08-03 17:19:39:718  INFO MAPMAIN:main - 加载静态场景	戮魔谷	1698
2016-08-03 17:19:39:827  INFO MAPMAIN:main - 加载静态场景	雷毛普通场	1699
2016-08-03 17:19:39:874  INFO MAPMAIN:main - 加载静态场景	双狼普通场	1700
2016-08-03 17:19:39:905  INFO MAPMAIN:main - 加载静态场景	雷毛普通场	1701
2016-08-03 17:19:39:936  INFO MAPMAIN:main - 加载静态场景	双狼普通场	1702
2016-08-03 17:19:39:968  INFO MAPMAIN:main - 加载静态场景	雷毛普通场	1703
2016-08-03 17:19:39:999  INFO MAPMAIN:main - 加载静态场景	双狼普通场	1704
2016-08-03 17:19:40:030  INFO MAPMAIN:main - 加载静态场景	雷毛优胜场	1705
2016-08-03 17:19:40:077  INFO MAPMAIN:main - 加载静态场景	双狼优胜场	1706
2016-08-03 17:19:40:108  INFO MAPMAIN:main - 加载静态场景	雷毛优胜场	1707
2016-08-03 17:19:40:140  INFO MAPMAIN:main - 加载静态场景	双狼优胜场	1708
2016-08-03 17:19:40:171  INFO MAPMAIN:main - 加载静态场景	雷毛优胜场	1709
2016-08-03 17:19:40:186  INFO MAPMAIN:main - 加载静态场景	双狼优胜场	1710
2016-08-03 17:19:40:218  INFO MAPMAIN:main - 加载动态地图模板	公会战
2016-08-03 17:19:40:250  INFO MAPMAIN:main - 加载动态地图模板	巨魔之都
2016-08-03 17:19:40:281  INFO MAPMAIN:main - 加载动态地图模板	巨魔之都
2016-08-03 17:19:40:297  INFO MAPMAIN:main - 加载动态地图模板	诅咒之塔
2016-08-03 17:19:40:328  INFO MAPMAIN:main - 加载动态地图模板	诅咒之塔
2016-08-03 17:19:40:344  INFO MAPMAIN:main - 加载动态地图模板	组队副本预留
2016-08-03 17:19:40:375  INFO MAPMAIN:main - 加载动态地图模板	组队副本预留
2016-08-03 17:19:40:390  INFO MAPMAIN:main - 加载动态地图模板	组队副本预留
2016-08-03 17:19:40:422  INFO MAPMAIN:main - 加载动态地图模板	组队副本预留
2016-08-03 17:19:40:484  INFO MAPMAIN:main - 加载动态地图模板	组队副本预留
2016-08-03 17:19:40:515  INFO MAPMAIN:main - 加载动态地图模板	组队副本预留
2016-08-03 17:19:40:547  INFO MAPMAIN:main - 加载动态地图模板	组队副本预留
2016-08-03 17:19:40:578  INFO MAPMAIN:main - 加载动态地图模板	组队副本预留
2016-08-03 17:19:40:609  INFO MAPMAIN:main - 加载静态场景	冰封王座	1821
2016-08-03 17:19:40:656  INFO MAPMAIN:main - 加载静态场景	冰封王座	1822
2016-08-03 17:19:40:703  INFO MAPMAIN:main - 加载静态场景	冰封王座	1823
2016-08-03 17:19:40:734  INFO MAPMAIN:main - 加载静态场景	冰封王座	1824
2016-08-03 17:19:40:765  INFO MAPMAIN:main - 加载静态场景	冰封王座	1825
2016-08-03 17:19:40:812  INFO MAPMAIN:main - 加载静态场景	冰封王座	1826
2016-08-03 17:19:40:844  INFO MAPMAIN:main - 加载静态场景	冰封王座	1827
2016-08-03 17:19:40:859  INFO MAPMAIN:main - 加载静态场景	冰封王座	1828
2016-08-03 17:19:40:890  INFO MAPMAIN:main - 加载静态场景	冰封王座	1829
2016-08-03 17:19:40:937  INFO MAPMAIN:main - 加载静态场景	冰封王座	1830
2016-08-03 17:19:40:969  INFO MAPMAIN:main - 加载静态场景	冰封王座	1831
2016-08-03 17:19:40:984  INFO MAPMAIN:main - 加载静态场景	冰封王座	1832
2016-08-03 17:19:41:015  INFO MAPMAIN:main - 加载静态场景	冰封王座	1833
2016-08-03 17:19:41:062  INFO MAPMAIN:main - 加载静态场景	冰封王座	1834
2016-08-03 17:19:41:109  INFO MAPMAIN:main - 加载静态场景	冰封王座	1835
2016-08-03 17:19:41:140  INFO MAPMAIN:main - 加载静态场景	冰封王座	1836
2016-08-03 17:19:41:156  INFO MAPMAIN:main - 加载静态场景	冰封王座	1837
2016-08-03 17:19:41:187  INFO MAPMAIN:main - 加载静态场景	冰封王座	1838
2016-08-03 17:19:41:219  INFO MAPMAIN:main - 加载静态场景	冰封王座	1839
2016-08-03 17:19:41:263  INFO MAPMAIN:main - 加载动态地图模板	融核之心1层
2016-08-03 17:19:41:294  INFO MAPMAIN:main - 加载动态地图模板	融核之心2层
2016-08-03 17:19:42:425  INFO MAPMAIN:main - 加载动态地图模板	融核之心3层
2016-08-03 17:19:42:456  INFO MAPMAIN:main - 加载动态地图模板	融核之心4层
2016-08-03 17:19:42:503  INFO MAPMAIN:main - 加载动态地图模板	融核之心5层
2016-08-03 17:19:42:550  INFO MAPMAIN:main - 加载动态地图模板	融核之心6层
2016-08-03 17:19:42:581  INFO MAPMAIN:main - 加载动态地图模板	融核之心7层
2016-08-03 17:19:42:612  INFO MAPMAIN:main - 加载动态地图模板	融核之心8层
2016-08-03 17:19:42:643  INFO MAPMAIN:main - 加载动态地图模板	融核之心9层
2016-08-03 17:19:42:675  INFO MAPMAIN:main - 加载动态地图模板	融核之心10层
2016-08-03 17:19:42:706  INFO MAPMAIN:main - 加载动态地图模板	黑龙巢穴1层
2016-08-03 17:19:42:737  INFO MAPMAIN:main - 加载动态地图模板	黑龙巢穴2层
2016-08-03 17:19:42:768  INFO MAPMAIN:main - 加载动态地图模板	黑龙巢穴3层
2016-08-03 17:19:42:815  INFO MAPMAIN:main - 加载动态地图模板	黑龙巢穴4层
2016-08-03 17:19:42:846  INFO MAPMAIN:main - 加载动态地图模板	黑龙巢穴5层
2016-08-03 17:19:42:878  INFO MAPMAIN:main - 加载动态地图模板	黑龙巢穴6层
2016-08-03 17:19:42:909  INFO MAPMAIN:main - 加载动态地图模板	黑龙巢穴7层
2016-08-03 17:19:42:925  INFO MAPMAIN:main - 加载动态地图模板	黑龙巢穴8层
2016-08-03 17:19:42:956  INFO MAPMAIN:main - 加载动态地图模板	黑龙巢穴9层
2016-08-03 17:19:43:003  INFO MAPMAIN:main - 加载动态地图模板	黑龙巢穴10层
2016-08-03 17:19:43:034  INFO MAPMAIN:main - 加载动态地图模板	安其拉神殿1层
2016-08-03 17:19:43:065  INFO MAPMAIN:main - 加载动态地图模板	安其拉神殿2层
2016-08-03 17:19:43:096  INFO MAPMAIN:main - 加载动态地图模板	安其拉神殿3层
2016-08-03 17:19:43:128  INFO MAPMAIN:main - 加载动态地图模板	安其拉神殿4层
2016-08-03 17:19:43:159  INFO MAPMAIN:main - 加载动态地图模板	安其拉神殿5层
2016-08-03 17:19:43:175  INFO MAPMAIN:main - 加载动态地图模板	安其拉神殿6层
2016-08-03 17:19:43:206  INFO MAPMAIN:main - 加载动态地图模板	安其拉神殿7层
2016-08-03 17:19:43:221  INFO MAPMAIN:main - 加载动态地图模板	安其拉神殿8层
2016-08-03 17:19:43:253  INFO MAPMAIN:main - 加载动态地图模板	安其拉神殿9层
2016-08-03 17:19:43:284  INFO MAPMAIN:main - 加载动态地图模板	安其拉神殿10层
2016-08-03 17:19:43:315  INFO MAPMAIN:main - 加载动态地图模板	溶洞
2016-08-03 17:19:43:346  INFO MAPMAIN:main - 加载动态地图模板	废矿
2016-08-03 17:19:43:409  INFO MAPMAIN:main - 加载动态地图模板	银堡
2016-08-03 17:19:43:443  INFO MAPMAIN:main - 加载动态地图模板	荒泽
2016-08-03 17:19:43:475  INFO MAPMAIN:main - 加载动态地图模板	教堂
2016-08-03 17:19:43:506  INFO MAPMAIN:main - 加载动态地图模板	埋骨圣地
2016-08-03 17:19:43:568  INFO MAPMAIN:main - 加载动态地图模板	遗迹
2016-08-03 17:19:43:584  INFO MAPMAIN:main - 加载动态地图模板	祭坛
2016-08-03 17:19:43:615  INFO MAPMAIN:main - 加载动态地图模板	深渊
2016-08-03 17:19:43:662  INFO MAPMAIN:main - 加载动态地图模板	雾都
2016-08-03 17:19:43:693  INFO MAPMAIN:main - 加载动态地图模板	异度学院
2016-08-03 17:19:43:709  INFO MAPMAIN:main - 加载动态地图模板	邪兽堡垒
2016-08-03 17:19:43:725  INFO MAPMAIN:main - 加载动态地图模板	背叛之手
2016-08-03 17:19:43:756  INFO MAPMAIN:main - 加载动态地图模板	娜迦之谋
2016-08-03 17:19:43:771  INFO MAPMAIN:main - 加载动态地图模板	悲伤墓地
2016-08-03 17:19:43:787  INFO MAPMAIN:main - 加载动态地图模板	纳鲁之城
2016-08-03 17:19:43:818  INFO MAPMAIN:main - 加载动态地图模板	死亡之歌
2016-08-03 17:19:43:850  INFO MAPMAIN:main - 加载动态地图模板	粉碎阴谋
2016-08-03 17:19:43:865  INFO MAPMAIN:main - 加载动态地图模板	时空之路
2016-08-03 17:19:43:896  INFO MAPMAIN:main - 加载动态地图模板	英雄平台
2016-08-03 17:19:45:078  INFO MAPMAIN:main - 加载静态场景	测试	1999
2016-08-03 17:19:45:110  INFO MAPMAIN:main - 加载静态场景	测试1	2000
2016-08-03 17:19:45:126  INFO MAPMAIN:main - 加载静态场景	测试2	2001
2016-08-03 17:19:45:141  INFO MAPMAIN:main - 加载静态场景	长眠圣殿	2100
2016-08-03 17:19:45:157  INFO MAPMAIN:main - 加载静态场景	伦巴洞窟	2101
2016-08-03 17:19:45:204  INFO MAPMAIN:main - 加载静态场景	监牢	2102
2016-08-03 17:19:45:251  INFO MAPMAIN:main - 加载静态场景	菲沃德森林	2103
2016-08-03 17:19:45:298  INFO MAPMAIN:main - 加载静态场景	海吉山	2104
2016-08-03 17:19:45:344  INFO MAPMAIN:main - 加载静态场景	破碎岛	2105
2016-08-03 17:19:45:360  INFO MAPMAIN:main - 加载静态场景	墓穴门口	2106
2016-08-03 17:19:45:360  INFO MAPMAIN:main - 加载静态场景	掠夺者遗迹	2107
2016-08-03 17:19:45:407  INFO MAPMAIN:main - 加载静态场景	魔王墓穴	2108
2016-08-03 17:19:45:438  INFO MAPMAIN:main - 加载静态场景	洛达仑废墟	2109
2016-08-03 17:19:45:485  INFO MAPMAIN:main - 加载静态场景	冰冠堡垒	2110
2016-08-03 17:19:45:516  INFO MAPMAIN:main - 加载静态场景	埋骨圣地	2111
2016-08-03 17:19:45:563  INFO MAPMAIN:main - 加载静态场景	黑铁深渊	2112
2016-08-03 17:19:45:610  INFO MAPMAIN:main - 加载静态场景	哀嚎洞穴	2113
2016-08-03 17:19:45:641  INFO MAPMAIN:main - 加载静态场景	寒风平原	2114
2016-08-03 17:19:45:688  INFO MAPMAIN:main - 加载静态场景	嚎风峡谷	2115
2016-08-03 17:19:45:751  INFO MAPMAIN:main - 加载静态场景	龙眠圣地	2116
2016-08-03 17:19:45:766  INFO MAPMAIN:main - 加载静态场景	融核之心	2200
2016-08-03 17:19:45:766  INFO MAPMAIN:main - map模块初始化完成
2016-08-03 17:19:45:860  INFO MAPMAIN:main - load npc walk ai info start
2016-08-03 17:19:45:907  INFO MAPMAIN:main - load npc walk ai info end
2016-08-03 17:19:47:457  INFO MAPMAIN:main - npc模块初始化开始
2016-08-03 17:19:47:473  INFO MAPMAIN:main - NPC服务配置表加载完毕。一共载入服务NPC626个
2016-08-03 17:19:47:473  INFO MAPMAIN:main - NPC服务描述表加载完毕。一共载入服务 626条
2016-08-03 17:19:47:473  INFO MAPMAIN:main - NPC服务映射表加载完毕。一共载入服务映射119条
2016-08-03 17:19:47:629  INFO MAPMAIN:main - NPC买卖物品表加载完毕。一共加载NPC11个
2016-08-03 17:19:47:754  INFO MAPMAIN:main - npc模块初始化完成
2016-08-03 17:20:23:542  INFO MAPMAIN:MapMain - 角色狗头人炎矢进入游戏	65536	Pos(1125,474,0)
