2016-08-03 16:27:19:411  INFO MAPMAIN:main - map模块初始化开始
2016-08-03 16:27:19:458  INFO MAPMAIN:main - 加载静态场景	溶洞一层	1601
2016-08-03 16:27:19:474  INFO MAPMAIN:main - 加载静态场景	学院一层	1602
2016-08-03 16:27:19:490  INFO MAPMAIN:main - 加载静态场景	埋股圣地一层	1603
2016-08-03 16:27:19:505  INFO MAPMAIN:main - 加载静态场景	祭坛一层	1604
2016-08-03 16:27:19:536  INFO MAPMAIN:main - 加载静态场景	月光海岸	1605
2016-08-03 16:27:19:552  INFO MAPMAIN:main - 加载静态场景	影月城	1606
2016-08-03 16:27:19:568  INFO MAPMAIN:main - 加载静态场景	虚空要塞	1607
2016-08-03 16:27:19:583  INFO MAPMAIN:main - 加载静态场景	十字路口	1608
2016-08-03 16:27:19:583  INFO MAPMAIN:main - 加载静态场景	银松林	1609
2016-08-03 16:27:19:599  INFO MAPMAIN:main - 加载静态场景	暮光林	1610
2016-08-03 16:27:19:599  INFO MAPMAIN:main - 加载静态场景	剃刀泥沼	1611
2016-08-03 16:27:19:615  INFO MAPMAIN:main - 加载静态场景	激流高地	1612
2016-08-03 16:27:19:615  INFO MAPMAIN:main - 加载动态地图模板	公会
2016-08-03 16:27:19:630  INFO MAPMAIN:main - 加载静态场景	风暴城	1614
2016-08-03 16:27:19:661  INFO MAPMAIN:main - 加载静态场景	紫罗兰	1615
2016-08-03 16:27:19:661  INFO MAPMAIN:main - 加载静态场景	欧格瑞姆	1616
2016-08-03 16:27:19:677  INFO MAPMAIN:main - 加载静态场景	太阳岛	1617
2016-08-03 16:27:19:677  INFO MAPMAIN:main - 加载静态场景	雷霆村	1618
2016-08-03 16:27:19:677  INFO MAPMAIN:main - 加载静态场景	提瑞斯镇	1619
2016-08-03 16:27:19:693  INFO MAPMAIN:main - 加载静态场景	暗矛镇	1620
2016-08-03 16:27:19:693  INFO MAPMAIN:main - 加载静态场景	修道院	1621
2016-08-03 16:27:19:693  INFO MAPMAIN:main - 加载静态场景	永夜林地	1622
2016-08-03 16:27:19:708  INFO MAPMAIN:main - 加载静态场景	溶洞二层	1624
2016-08-03 16:27:19:724  INFO MAPMAIN:main - 加载静态场景	溶洞三层	1625
2016-08-03 16:27:19:740  INFO MAPMAIN:main - 加载静态场景	废矿一层	1626
2016-08-03 16:27:19:740  INFO MAPMAIN:main - 加载静态场景	废矿二层	1627
2016-08-03 16:27:19:755  INFO MAPMAIN:main - 加载静态场景	废矿三层	1628
2016-08-03 16:27:19:771  INFO MAPMAIN:main - 加载静态场景	银堡一层	1629
2016-08-03 16:27:19:786  INFO MAPMAIN:main - 加载静态场景	银堡二层	1630
2016-08-03 16:27:20:115  INFO MAPMAIN:main - 加载静态场景	银堡三层	1631
2016-08-03 16:27:20:115  INFO MAPMAIN:main - 加载静态场景	学院二层	1632
2016-08-03 16:27:20:115  INFO MAPMAIN:main - 加载静态场景	学院三层	1633
2016-08-03 16:27:20:130  INFO MAPMAIN:main - 加载静态场景	教堂一层	1634
2016-08-03 16:27:20:146  INFO MAPMAIN:main - 加载静态场景	教堂二层	1635
2016-08-03 16:27:20:146  INFO MAPMAIN:main - 加载静态场景	教堂三层	1636
2016-08-03 16:27:20:161  INFO MAPMAIN:main - 加载静态场景	埋股圣地二层	1637
2016-08-03 16:27:20:161  INFO MAPMAIN:main - 加载静态场景	埋股圣地三层	1638
2016-08-03 16:27:20:177  INFO MAPMAIN:main - 加载静态场景	遗迹一层	1639
2016-08-03 16:27:20:177  INFO MAPMAIN:main - 加载静态场景	遗迹二层	1640
2016-08-03 16:27:20:193  INFO MAPMAIN:main - 加载静态场景	遗迹三层	1641
2016-08-03 16:27:20:193  INFO MAPMAIN:main - 加载静态场景	祭坛二层	1642
2016-08-03 16:27:20:208  INFO MAPMAIN:main - 加载静态场景	祭坛三层	1643
2016-08-03 16:27:20:208  INFO MAPMAIN:main - 加载静态场景	深渊一层	1644
2016-08-03 16:27:20:224  INFO MAPMAIN:main - 加载静态场景	深渊二层	1645
2016-08-03 16:27:20:240  INFO MAPMAIN:main - 加载静态场景	深渊三层	1646
2016-08-03 16:27:20:240  INFO MAPMAIN:main - 加载静态场景	雾都一层	1647
2016-08-03 16:27:20:255  INFO MAPMAIN:main - 加载静态场景	雾都二层	1648
2016-08-03 16:27:20:255  INFO MAPMAIN:main - 加载静态场景	雾都三层	1649
2016-08-03 16:27:20:255  INFO MAPMAIN:main - 加载静态场景	灵界	1650
2016-08-03 16:27:20:271  INFO MAPMAIN:main - 加载静态场景	时之夹缝	1651
2016-08-03 16:27:20:286  INFO MAPMAIN:main - 加载静态场景	敦霍尔德	1652
2016-08-03 16:27:20:286  INFO MAPMAIN:main - 加载静态场景	地下竞技场	1653
2016-08-03 16:27:20:302  INFO MAPMAIN:main - 加载静态场景	紫罗兰（十年前）	1654
2016-08-03 16:27:20:302  INFO MAPMAIN:main - 加载静态场景	创物梦境	1655
2016-08-03 16:27:20:318  INFO MAPMAIN:main - 加载静态场景	精英组	1656
2016-08-03 16:27:20:318  INFO MAPMAIN:main - 加载静态场景	神威组	1657
2016-08-03 16:27:20:318  INFO MAPMAIN:main - 加载静态场景	王者组	1658
2016-08-03 16:27:20:318  INFO MAPMAIN:main - 加载静态场景	精英组	1659
2016-08-03 16:27:20:318  INFO MAPMAIN:main - 加载静态场景	神威组	1660
2016-08-03 16:27:20:333  INFO MAPMAIN:main - 加载静态场景	王者组	1661
2016-08-03 16:27:21:146  INFO MAPMAIN:main - 加载静态场景	死亡矿井	1662
2016-08-03 16:27:21:162  INFO MAPMAIN:main - 加载静态场景	银堡	1671
2016-08-03 16:27:21:162  INFO MAPMAIN:main - 加载静态场景	银堡地下室	1672
2016-08-03 16:27:21:177  INFO MAPMAIN:main - 加载静态场景	锡拉岛	1673
2016-08-03 16:27:21:177  INFO MAPMAIN:main - 加载静态场景	蓝龙之穴	1674
2016-08-03 16:27:21:193  INFO MAPMAIN:main - 加载静态场景	圣光大教堂	1675
2016-08-03 16:27:21:193  INFO MAPMAIN:main - 加载静态场景	溶洞	1676
2016-08-03 16:27:21:209  INFO MAPMAIN:main - 加载静态场景	黑铁深渊	1677
2016-08-03 16:27:21:209  INFO MAPMAIN:main - 加载静态场景	瘟疫废墟	1678
2016-08-03 16:27:21:209  INFO MAPMAIN:main - 加载静态场景	卡达隆	1679
2016-08-03 16:27:21:209  INFO MAPMAIN:main - 加载静态场景	雾都	1680
2016-08-03 16:27:21:224  INFO MAPMAIN:main - 加载静态场景	忏悔岭	1681
2016-08-03 16:27:21:224  INFO MAPMAIN:main - 加载静态场景	赫斯格林	1682
2016-08-03 16:27:21:224  INFO MAPMAIN:main - 加载静态场景	十字军圣殿	1683
2016-08-03 16:27:21:240  INFO MAPMAIN:main - 加载静态场景	密室	1684
2016-08-03 16:27:21:240  INFO MAPMAIN:main - 加载静态场景	圣光大教堂	1685
2016-08-03 16:27:21:255  INFO MAPMAIN:main - 加载静态场景	通灵要塞	1686
2016-08-03 16:27:21:255  INFO MAPMAIN:main - 加载静态场景	乱风峭壁	1687
2016-08-03 16:27:21:255  INFO MAPMAIN:main - 加载静态场景	地窖	1688
2016-08-03 16:27:21:271  INFO MAPMAIN:main - 加载静态场景	紫罗兰	1689
2016-08-03 16:27:21:271  INFO MAPMAIN:main - 加载静态场景	摩萨德	1690
2016-08-03 16:27:21:287  INFO MAPMAIN:main - 加载静态场景	血蹄村	1691
2016-08-03 16:27:21:287  INFO MAPMAIN:main - 加载静态场景	遗忘之城	1692
2016-08-03 16:27:21:287  INFO MAPMAIN:main - 加载静态场景	微风平原	1693
2016-08-03 16:27:21:302  INFO MAPMAIN:main - 加载静态场景	加纳多尔	1694
2016-08-03 16:27:21:302  INFO MAPMAIN:main - 加载静态场景	槌谷	1695
2016-08-03 16:27:21:302  INFO MAPMAIN:main - 加载静态场景	艾森威尔	1696
2016-08-03 16:27:21:318  INFO MAPMAIN:main - 加载静态场景	巨石山脊	1697
2016-08-03 16:27:21:318  INFO MAPMAIN:main - 加载静态场景	戮魔谷	1698
2016-08-03 16:27:21:318  INFO MAPMAIN:main - 加载静态场景	雷毛普通场	1699
2016-08-03 16:27:21:334  INFO MAPMAIN:main - 加载静态场景	双狼普通场	1700
2016-08-03 16:27:21:334  INFO MAPMAIN:main - 加载静态场景	雷毛普通场	1701
2016-08-03 16:27:21:334  INFO MAPMAIN:main - 加载静态场景	双狼普通场	1702
2016-08-03 16:27:21:334  INFO MAPMAIN:main - 加载静态场景	雷毛普通场	1703
2016-08-03 16:27:21:334  INFO MAPMAIN:main - 加载静态场景	双狼普通场	1704
2016-08-03 16:27:21:349  INFO MAPMAIN:main - 加载静态场景	雷毛优胜场	1705
2016-08-03 16:27:21:349  INFO MAPMAIN:main - 加载静态场景	双狼优胜场	1706
2016-08-03 16:27:21:349  INFO MAPMAIN:main - 加载静态场景	雷毛优胜场	1707
2016-08-03 16:27:21:349  INFO MAPMAIN:main - 加载静态场景	双狼优胜场	1708
2016-08-03 16:27:21:349  INFO MAPMAIN:main - 加载静态场景	雷毛优胜场	1709
2016-08-03 16:27:21:365  INFO MAPMAIN:main - 加载静态场景	双狼优胜场	1710
2016-08-03 16:27:21:365  INFO MAPMAIN:main - 加载动态地图模板	公会战
2016-08-03 16:27:21:380  INFO MAPMAIN:main - 加载动态地图模板	巨魔之都
2016-08-03 16:27:21:380  INFO MAPMAIN:main - 加载动态地图模板	巨魔之都
2016-08-03 16:27:21:396  INFO MAPMAIN:main - 加载动态地图模板	诅咒之塔
2016-08-03 16:27:21:396  INFO MAPMAIN:main - 加载动态地图模板	诅咒之塔
2016-08-03 16:27:21:412  INFO MAPMAIN:main - 加载动态地图模板	组队副本预留
2016-08-03 16:27:21:412  INFO MAPMAIN:main - 加载动态地图模板	组队副本预留
2016-08-03 16:27:21:412  INFO MAPMAIN:main - 加载动态地图模板	组队副本预留
2016-08-03 16:27:22:490  INFO MAPMAIN:main - 加载动态地图模板	组队副本预留
2016-08-03 16:27:22:505  INFO MAPMAIN:main - 加载动态地图模板	组队副本预留
2016-08-03 16:27:22:505  INFO MAPMAIN:main - 加载动态地图模板	组队副本预留
2016-08-03 16:27:22:505  INFO MAPMAIN:main - 加载动态地图模板	组队副本预留
2016-08-03 16:27:22:505  INFO MAPMAIN:main - 加载动态地图模板	组队副本预留
2016-08-03 16:27:22:521  INFO MAPMAIN:main - 加载静态场景	冰封王座	1821
2016-08-03 16:27:22:521  INFO MAPMAIN:main - 加载静态场景	冰封王座	1822
2016-08-03 16:27:22:537  INFO MAPMAIN:main - 加载静态场景	冰封王座	1823
2016-08-03 16:27:22:537  INFO MAPMAIN:main - 加载静态场景	冰封王座	1824
2016-08-03 16:27:22:552  INFO MAPMAIN:main - 加载静态场景	冰封王座	1825
2016-08-03 16:27:22:552  INFO MAPMAIN:main - 加载静态场景	冰封王座	1826
2016-08-03 16:27:22:552  INFO MAPMAIN:main - 加载静态场景	冰封王座	1827
2016-08-03 16:27:22:552  INFO MAPMAIN:main - 加载静态场景	冰封王座	1828
2016-08-03 16:27:22:552  INFO MAPMAIN:main - 加载静态场景	冰封王座	1829
2016-08-03 16:27:22:568  INFO MAPMAIN:main - 加载静态场景	冰封王座	1830
2016-08-03 16:27:22:568  INFO MAPMAIN:main - 加载静态场景	冰封王座	1831
2016-08-03 16:27:22:568  INFO MAPMAIN:main - 加载静态场景	冰封王座	1832
2016-08-03 16:27:22:583  INFO MAPMAIN:main - 加载静态场景	冰封王座	1833
2016-08-03 16:27:22:583  INFO MAPMAIN:main - 加载静态场景	冰封王座	1834
2016-08-03 16:27:22:599  INFO MAPMAIN:main - 加载静态场景	冰封王座	1835
2016-08-03 16:27:22:599  INFO MAPMAIN:main - 加载静态场景	冰封王座	1836
2016-08-03 16:27:22:615  INFO MAPMAIN:main - 加载静态场景	冰封王座	1837
2016-08-03 16:27:22:615  INFO MAPMAIN:main - 加载静态场景	冰封王座	1838
2016-08-03 16:27:22:630  INFO MAPMAIN:main - 加载静态场景	冰封王座	1839
2016-08-03 16:27:22:630  INFO MAPMAIN:main - 加载动态地图模板	融核之心1层
2016-08-03 16:27:22:646  INFO MAPMAIN:main - 加载动态地图模板	融核之心2层
2016-08-03 16:27:22:646  INFO MAPMAIN:main - 加载动态地图模板	融核之心3层
2016-08-03 16:27:22:662  INFO MAPMAIN:main - 加载动态地图模板	融核之心4层
2016-08-03 16:27:22:662  INFO MAPMAIN:main - 加载动态地图模板	融核之心5层
2016-08-03 16:27:22:677  INFO MAPMAIN:main - 加载动态地图模板	融核之心6层
2016-08-03 16:27:22:677  INFO MAPMAIN:main - 加载动态地图模板	融核之心7层
2016-08-03 16:27:22:693  INFO MAPMAIN:main - 加载动态地图模板	融核之心8层
2016-08-03 16:27:22:693  INFO MAPMAIN:main - 加载动态地图模板	融核之心9层
2016-08-03 16:27:22:693  INFO MAPMAIN:main - 加载动态地图模板	融核之心10层
2016-08-03 16:27:22:708  INFO MAPMAIN:main - 加载动态地图模板	黑龙巢穴1层
2016-08-03 16:27:22:708  INFO MAPMAIN:main - 加载动态地图模板	黑龙巢穴2层
2016-08-03 16:27:23:474  INFO MAPMAIN:main - 加载动态地图模板	黑龙巢穴3层
2016-08-03 16:27:23:490  INFO MAPMAIN:main - 加载动态地图模板	黑龙巢穴4层
2016-08-03 16:27:23:490  INFO MAPMAIN:main - 加载动态地图模板	黑龙巢穴5层
2016-08-03 16:27:23:490  INFO MAPMAIN:main - 加载动态地图模板	黑龙巢穴6层
2016-08-03 16:27:23:506  INFO MAPMAIN:main - 加载动态地图模板	黑龙巢穴7层
2016-08-03 16:27:23:506  INFO MAPMAIN:main - 加载动态地图模板	黑龙巢穴8层
2016-08-03 16:27:23:522  INFO MAPMAIN:main - 加载动态地图模板	黑龙巢穴9层
2016-08-03 16:27:23:522  INFO MAPMAIN:main - 加载动态地图模板	黑龙巢穴10层
2016-08-03 16:27:23:522  INFO MAPMAIN:main - 加载动态地图模板	安其拉神殿1层
2016-08-03 16:27:23:522  INFO MAPMAIN:main - 加载动态地图模板	安其拉神殿2层
2016-08-03 16:27:23:538  INFO MAPMAIN:main - 加载动态地图模板	安其拉神殿3层
2016-08-03 16:27:23:538  INFO MAPMAIN:main - 加载动态地图模板	安其拉神殿4层
2016-08-03 16:27:23:538  INFO MAPMAIN:main - 加载动态地图模板	安其拉神殿5层
2016-08-03 16:27:23:538  INFO MAPMAIN:main - 加载动态地图模板	安其拉神殿6层
2016-08-03 16:27:23:538  INFO MAPMAIN:main - 加载动态地图模板	安其拉神殿7层
2016-08-03 16:27:23:538  INFO MAPMAIN:main - 加载动态地图模板	安其拉神殿8层
2016-08-03 16:27:23:538  INFO MAPMAIN:main - 加载动态地图模板	安其拉神殿9层
2016-08-03 16:27:23:538  INFO MAPMAIN:main - 加载动态地图模板	安其拉神殿10层
2016-08-03 16:27:23:553  INFO MAPMAIN:main - 加载动态地图模板	溶洞
2016-08-03 16:27:23:553  INFO MAPMAIN:main - 加载动态地图模板	废矿
2016-08-03 16:27:23:569  INFO MAPMAIN:main - 加载动态地图模板	银堡
2016-08-03 16:27:23:569  INFO MAPMAIN:main - 加载动态地图模板	荒泽
2016-08-03 16:27:23:585  INFO MAPMAIN:main - 加载动态地图模板	教堂
2016-08-03 16:27:23:585  INFO MAPMAIN:main - 加载动态地图模板	埋骨圣地
2016-08-03 16:27:23:585  INFO MAPMAIN:main - 加载动态地图模板	遗迹
2016-08-03 16:27:23:585  INFO MAPMAIN:main - 加载动态地图模板	祭坛
2016-08-03 16:27:23:600  INFO MAPMAIN:main - 加载动态地图模板	深渊
2016-08-03 16:27:23:600  INFO MAPMAIN:main - 加载动态地图模板	雾都
2016-08-03 16:27:23:600  INFO MAPMAIN:main - 加载动态地图模板	异度学院
2016-08-03 16:27:23:616  INFO MAPMAIN:main - 加载动态地图模板	邪兽堡垒
2016-08-03 16:27:23:616  INFO MAPMAIN:main - 加载动态地图模板	背叛之手
2016-08-03 16:27:23:631  INFO MAPMAIN:main - 加载动态地图模板	娜迦之谋
2016-08-03 16:27:23:631  INFO MAPMAIN:main - 加载动态地图模板	悲伤墓地
2016-08-03 16:27:23:631  INFO MAPMAIN:main - 加载动态地图模板	纳鲁之城
2016-08-03 16:27:23:647  INFO MAPMAIN:main - 加载动态地图模板	死亡之歌
2016-08-03 16:27:23:647  INFO MAPMAIN:main - 加载动态地图模板	粉碎阴谋
2016-08-03 16:27:23:663  INFO MAPMAIN:main - 加载动态地图模板	时空之路
2016-08-03 16:27:23:663  INFO MAPMAIN:main - 加载动态地图模板	英雄平台
2016-08-03 16:27:23:678  INFO MAPMAIN:main - 加载静态场景	测试	1999
2016-08-03 16:27:23:678  INFO MAPMAIN:main - 加载静态场景	测试1	2000
2016-08-03 16:27:23:678  INFO MAPMAIN:main - 加载静态场景	测试2	2001
2016-08-03 16:27:23:678  INFO MAPMAIN:main - 加载静态场景	长眠圣殿	2100
2016-08-03 16:27:24:669  INFO MAPMAIN:main - 加载静态场景	伦巴洞窟	2101
2016-08-03 16:27:24:669  INFO MAPMAIN:main - 加载静态场景	监牢	2102
2016-08-03 16:27:24:685  INFO MAPMAIN:main - 加载静态场景	菲沃德森林	2103
2016-08-03 16:27:24:685  INFO MAPMAIN:main - 加载静态场景	海吉山	2104
2016-08-03 16:27:24:685  INFO MAPMAIN:main - 加载静态场景	破碎岛	2105
2016-08-03 16:27:24:685  INFO MAPMAIN:main - 加载静态场景	墓穴门口	2106
2016-08-03 16:27:24:701  INFO MAPMAIN:main - 加载静态场景	掠夺者遗迹	2107
2016-08-03 16:27:24:701  INFO MAPMAIN:main - 加载静态场景	魔王墓穴	2108
2016-08-03 16:27:24:701  INFO MAPMAIN:main - 加载静态场景	洛达仑废墟	2109
2016-08-03 16:27:24:701  INFO MAPMAIN:main - 加载静态场景	冰冠堡垒	2110
2016-08-03 16:27:24:716  INFO MAPMAIN:main - 加载静态场景	埋骨圣地	2111
2016-08-03 16:27:24:716  INFO MAPMAIN:main - 加载静态场景	黑铁深渊	2112
2016-08-03 16:27:24:732  INFO MAPMAIN:main - 加载静态场景	哀嚎洞穴	2113
2016-08-03 16:27:24:732  INFO MAPMAIN:main - 加载静态场景	寒风平原	2114
2016-08-03 16:27:24:732  INFO MAPMAIN:main - 加载静态场景	嚎风峡谷	2115
2016-08-03 16:27:24:747  INFO MAPMAIN:main - 加载静态场景	龙眠圣地	2116
2016-08-03 16:27:24:747  INFO MAPMAIN:main - 加载静态场景	融核之心	2200
2016-08-03 16:27:24:747  INFO MAPMAIN:main - map模块初始化完成
2016-08-03 16:27:24:747  INFO MAPMAIN:main - load npc walk ai info start
2016-08-03 16:27:24:747  INFO MAPMAIN:main - load npc walk ai info end
2016-08-03 16:27:24:826  INFO MAPMAIN:main - npc模块初始化开始
2016-08-03 16:27:24:826  INFO MAPMAIN:main - NPC服务配置表加载完毕。一共载入服务NPC626个
2016-08-03 16:27:24:826  INFO MAPMAIN:main - NPC服务描述表加载完毕。一共载入服务 626条
2016-08-03 16:27:24:826  INFO MAPMAIN:main - NPC服务映射表加载完毕。一共载入服务映射119条
2016-08-03 16:27:24:826  INFO MAPMAIN:main - NPC买卖物品表加载完毕。一共加载NPC11个
2016-08-03 16:27:24:841  INFO MAPMAIN:main - npc模块初始化完成
2016-08-03 16:45:22:777  INFO MAPMAIN:MapMain - 角色狗头人炎矢进入游戏	65536	Pos(1125,474,0)
