2016-08-03 17:02:12:327  INFO RECHARGE:mkdb.Worker.procedure.25 - 角色[4097]确认充值.商品:8,数量:1
2016-08-03 17:02:12:328  INFO RECHARGE:mkdb.Worker.procedure.25 - 角色[4097]确认充值.Nickname:ljpl
2016-08-03 17:02:12:328  INFO RECHARGE:mkdb.Worker.procedure.25 - 角色[4097]确认充值.platType:xxxx
2016-08-03 17:02:12:344  INFO RECHARGE:mkdb.Worker.procedure.25 - 角色[4097],[haimo1]请求订单号:4097
2016-08-03 17:02:12:359  INFO RECHARGE:mkdb.Worker.procedure.25 - 角色[4097]确认充值.测试用绕过第三方直接响应充值请求,单号:4097
2016-08-03 17:02:12:375  INFO RECHARGE:mkdb.Worker.procedure.25 - 订单响应类型restype:1,开始处理充值订单.gamesn:4097,userid:22
2016-08-03 17:02:12:375  INFO RECHARGE:mkdb.Worker.procedure.25 - userid:22,收到充值订单.gamesn:4097,platformsn:4097,retcode:0,detail:{}
2016-08-03 17:02:12:375  INFO RECHARGE:mkdb.Worker.procedure.25 - userid:22,角色[4097]处理充值订单,AddCash.kind:1
2016-08-03 17:02:12:391  INFO RECHARGE:mkdb.Worker.procedure.25 - userid:22,角色[4097]处理充值订单,准备PAddCoin,数量:7768
2016-08-03 17:02:12:469  INFO RECHARGE:mkdb.Worker.procedure.25 - PAddCoin.process:User[22],角色[4097]充值符石数:6480,现有总量:7768
2016-08-03 17:02:12:516  INFO RECHARGE:mkdb.Worker.procedure.25 - userid:22,角色[4097]充值流程就要结束啦~
2016-08-03 17:02:12:516  INFO RECHARGE:mkdb.Worker.procedure.25 - userid:22,角色[4097]充值订单从Chargeorder删除:4097
2016-08-03 17:02:12:516  INFO RECHARGE:mkdb.Worker.procedure.25 - userid:22,角色[4097]本次充值流程终于结束！
2016-08-03 17:02:15:501  INFO RECHARGE:mkdb.Worker.procedure.43 - FushiManager.subFushiFromUser:User[22]Role[4097]减少符石数:2,现有总量:7766
2016-08-03 17:03:31:719  INFO RECHARGE:mkdb.Worker.procedure.50 - 乐动TCP方式直接回调!
2016-08-03 17:19:51:234  INFO RECHARGE:mkdb.Worker.procedure.43 - 乐动TCP方式直接回调!
2016-08-03 17:19:52:591  INFO RECHARGE:ChargeCBServer - 充值Callback Server listen at 0.0.0.0:8800
2016-08-03 17:20:26:703  INFO RECHARGE:mkdb.Worker.procedure.41 - PReceiveDataFromAuany.qtype:9002,user:22
2016-08-03 17:20:26:703  INFO RECHARGE:mkdb.Worker.procedure.41 - PReceiveDataFromAuany.user:22,role:4097,info:0#
2016-08-03 17:20:26:703  INFO RECHARGE:mkdb.Worker.procedure.41 - PReceiveDataFromAuany.send SReqChargeRefundsInfo.result=0,roleid:4097
2016-08-03 17:20:26:969  INFO RECHARGE:mkdb.Worker.procedure.43 - PReceiveDataFromAuany.qtype:9002,user:22
2016-08-03 17:20:26:969  INFO RECHARGE:mkdb.Worker.procedure.43 - PReceiveDataFromAuany.user:22,role:4097,info:0#
2016-08-03 17:20:26:969  INFO RECHARGE:mkdb.Worker.procedure.43 - PReceiveDataFromAuany.send SReqChargeRefundsInfo.result=0,roleid:4097
2016-08-03 17:22:01:182  INFO RECHARGE:mkdb.Worker.procedure.43 - FushiManager.subFushiFromUser:User[22]Role[4097]减少符石数:7,现有总量:7759
