2016-08-03 16:23:35:240  INFO SYSTEM:main - SERVER STARTING...
2016-08-03 16:23:35:350  INFO SYSTEM:main - register bean name=fire.pb.activity.ActivityConfNew
2016-08-03 16:23:35:350  INFO SYSTEM:main - register bean name=fire.pb.activity.ActivityConfNew4D
2016-08-03 16:23:35:428  INFO SYSTEM:main - register bean name=fire.pb.battle.SAIAction
2016-08-03 16:23:35:459  INFO SYSTEM:main - register bean name=fire.pb.battle.SBattleAI
2016-08-03 16:23:35:584  INFO SYSTEM:main - register bean name=fire.pb.battle.SBattleInfo
2016-08-03 16:23:35:584  INFO SYSTEM:main - register bean name=fire.pb.battle.SBattleMonsterConfig
2016-08-03 16:23:35:584  INFO SYSTEM:main - register bean name=fire.pb.battle.SCatchRate
2016-08-03 16:23:35:600  INFO SYSTEM:main - register bean name=fire.pb.battle.SCondition
2016-08-03 16:23:35:600  INFO SYSTEM:main - register bean name=fire.pb.battle.SEffectPostions
2016-08-03 16:23:35:600  INFO SYSTEM:main - register bean name=fire.pb.battle.SFormationConfig
2016-08-03 16:23:35:600  INFO SYSTEM:main - register bean name=fire.pb.battle.SRoleFighteAI
2016-08-03 16:23:35:615  INFO SYSTEM:main - register bean name=fire.pb.battle.STargetFilter
2016-08-03 16:23:35:631  INFO SYSTEM:main - register bean name=fire.pb.buff.SBuffClashs
2016-08-03 16:23:35:647  INFO SYSTEM:main - register bean name=fire.pb.buff.SCBuffConfig
2016-08-03 16:23:35:662  INFO SYSTEM:main - register bean name=fire.pb.buff.SIBuffConfig
2016-08-03 16:23:35:740  INFO SYSTEM:main - register bean name=fire.pb.circletask.AnYeMaXiTuanConf
2016-08-03 16:23:35:740  INFO SYSTEM:main - register bean name=fire.pb.circletask.CircleTaskAutoAccept
2016-08-03 16:23:35:740  INFO SYSTEM:main - register bean name=fire.pb.circletask.CircTask
2016-08-03 16:23:35:740  INFO SYSTEM:main - register bean name=fire.pb.circletask.CircTaskChallengeNpc
2016-08-03 16:23:35:756  INFO SYSTEM:main - register bean name=fire.pb.circletask.CircTaskConf
2016-08-03 16:23:35:756  INFO SYSTEM:main - register bean name=fire.pb.circletask.CircTaskItemCollect
2016-08-03 16:23:35:772  INFO SYSTEM:main - register bean name=fire.pb.circletask.CircTaskItemFind
2016-08-03 16:23:35:772  INFO SYSTEM:main - register bean name=fire.pb.circletask.CircTaskItemFindLegend
2016-08-03 16:23:35:772  INFO SYSTEM:main - register bean name=fire.pb.circletask.CircTaskItemUse
2016-08-03 16:23:35:772  INFO SYSTEM:main - register bean name=fire.pb.circletask.CircTaskKillMonster
2016-08-03 16:23:35:787  INFO SYSTEM:main - register bean name=fire.pb.circletask.CircTaskMailNpc
2016-08-03 16:23:35:787  INFO SYSTEM:main - register bean name=fire.pb.circletask.CircTaskPatrol
2016-08-03 16:23:35:787  INFO SYSTEM:main - register bean name=fire.pb.circletask.CircTaskPetCatch
2016-08-03 16:23:35:787  INFO SYSTEM:main - register bean name=fire.pb.circletask.DemonstrateDefaultMonster
2016-08-03 16:23:35:787  INFO SYSTEM:main - register bean name=fire.pb.circletask.PVPAwardConfig
2016-08-03 16:23:35:787  INFO SYSTEM:main - register bean name=fire.pb.circletask.PVPMatchTimeConfig
2016-08-03 16:23:35:803  INFO SYSTEM:main - register bean name=fire.pb.circletask.PVPScoreAwardConfig
2016-08-03 16:23:35:803  INFO SYSTEM:main - register bean name=fire.pb.circletask.Random4AnYeMaXiTuan
2016-08-03 16:23:35:803  INFO SYSTEM:main - register bean name=fire.pb.circletask.RenXingCircTaskCost
2016-08-03 16:23:35:803  INFO SYSTEM:main - register bean name=fire.pb.circletask.SCircTaskMonsterConfig
2016-08-03 16:23:35:803  INFO SYSTEM:main - register bean name=fire.pb.circletask.SPVP1MapConfig
2016-08-03 16:23:35:803  INFO SYSTEM:main - register bean name=fire.pb.circletask.SPVP3MapConfig
2016-08-03 16:23:35:803  INFO SYSTEM:main - register bean name=fire.pb.circletask.SPVP5MapConfig
2016-08-03 16:23:35:803  INFO SYSTEM:main - register bean name=fire.pb.clan.SClanDrugstore
2016-08-03 16:23:35:803  INFO SYSTEM:main - register bean name=fire.pb.clan.SClanFight
2016-08-03 16:23:35:803  INFO SYSTEM:main - register bean name=fire.pb.clan.SClanGoldBank
2016-08-03 16:23:35:818  INFO SYSTEM:main - register bean name=fire.pb.clan.SClanHotel
2016-08-03 16:23:35:818  INFO SYSTEM:main - register bean name=fire.pb.clan.SClanLobby
2016-08-03 16:23:35:818  INFO SYSTEM:main - register bean name=fire.pb.clan.SClanPosition
2016-08-03 16:23:35:818  INFO SYSTEM:main - register bean name=fire.pb.clan.SClanyaofang
2016-08-03 16:23:35:818  INFO SYSTEM:main - register bean name=fire.pb.clan.SRuneSet
2016-08-03 16:23:35:818  INFO SYSTEM:main - register bean name=fire.pb.common.SCommon
2016-08-03 16:23:35:818  INFO SYSTEM:main - register bean name=fire.pb.effect.SAbilityScore
2016-08-03 16:23:35:834  INFO SYSTEM:main - register bean name=fire.pb.effect.SAttrEffectID2Name
2016-08-03 16:23:35:834  INFO SYSTEM:main - register bean name=fire.pb.effect.SEquipAbilityScore
2016-08-03 16:23:35:834  INFO SYSTEM:main - register bean name=fire.pb.effect.SEquipSkillShowConfig
2016-08-03 16:23:35:834  INFO SYSTEM:main - register bean name=fire.pb.effect.SPetAbilityScore
2016-08-03 16:23:35:834  INFO SYSTEM:main - register bean name=fire.pb.friends.FriendGiveGift
2016-08-03 16:23:35:834  INFO SYSTEM:main - register bean name=fire.pb.friends.FriendGiveItem
2016-08-03 16:23:35:850  INFO SYSTEM:main - register bean name=fire.pb.friends.SpaceDropGift
2016-08-03 16:23:35:850  INFO SYSTEM:main - register bean name=fire.pb.friends.XshGiveGift
2016-08-03 16:23:35:850  INFO SYSTEM:main - register bean name=fire.pb.fushi.SAddCash
2016-08-03 16:23:35:850  INFO SYSTEM:main - register bean name=fire.pb.fushi.SAddCashPCard
2016-08-03 16:23:35:850  INFO SYSTEM:main - register bean name=fire.pb.fushi.SChargeReturnProfit
2016-08-03 16:23:35:850  INFO SYSTEM:main - register bean name=fire.pb.fushi.SCommonDayPay
2016-08-03 16:23:35:850  INFO SYSTEM:main - register bean name=fire.pb.fushi.SCreditPoint
2016-08-03 16:23:35:850  INFO SYSTEM:main - register bean name=fire.pb.fushi.SFreeDisRewardConfig
2016-08-03 16:23:35:850  INFO SYSTEM:main - register bean name=fire.pb.fushi.SFreeDisRewardConfigDayPay
2016-08-03 16:23:35:850  INFO SYSTEM:main - register bean name=fire.pb.fushi.SMonthCardConfig
2016-08-03 16:23:35:850  INFO SYSTEM:main - register bean name=fire.pb.fushi.SMonthCardConfigDayPay
2016-08-03 16:23:35:865  INFO SYSTEM:main - register bean name=fire.pb.fushi.SRedPackConfig
2016-08-03 16:23:35:865  INFO SYSTEM:main - register bean name=fire.pb.fushi.SSpotCardConfig
2016-08-03 16:23:35:865  INFO SYSTEM:main - register bean name=fire.pb.fushi.SVipInfoConfig
2016-08-03 16:23:35:897  INFO SYSTEM:main - register bean name=fire.pb.game.SActivityAward
2016-08-03 16:23:35:897  INFO SYSTEM:main - register bean name=fire.pb.game.Sdongtaifuwu
2016-08-03 16:23:35:897  INFO SYSTEM:main - register bean name=fire.pb.game.SFirstPayReward
2016-08-03 16:23:35:897  INFO SYSTEM:main - register bean name=fire.pb.game.SFortuneWheel
2016-08-03 16:23:35:928  INFO SYSTEM:main - register bean name=fire.pb.game.SImperialExamProvinceRepo
2016-08-03 16:23:35:928  INFO SYSTEM:main - register bean name=fire.pb.game.SImperialExamStateRankReward
2016-08-03 16:23:35:959  INFO SYSTEM:main - register bean name=fire.pb.game.SImperialExamStateRepo
2016-08-03 16:23:35:975  INFO SYSTEM:main - register bean name=fire.pb.game.SImperialExamVillageRepo
2016-08-03 16:23:35:975  INFO SYSTEM:main - register bean name=fire.pb.game.Smuldayloginreward
2016-08-03 16:23:35:975  INFO SYSTEM:main - register bean name=fire.pb.game.Snpcjianglifafang
2016-08-03 16:23:36:006  INFO SYSTEM:main - register bean name=fire.pb.game.SPointCardActivityAward
2016-08-03 16:23:36:006  INFO SYSTEM:main - register bean name=fire.pb.game.SPointCardFirstPayReward
2016-08-03 16:23:36:006  INFO SYSTEM:main - register bean name=fire.pb.game.SPVPCrossWhiteList
2016-08-03 16:23:36:022  INFO SYSTEM:main - register bean name=fire.pb.game.Sregreward
2016-08-03 16:23:36:022  INFO SYSTEM:main - register bean name=fire.pb.game.SRollCardConfig
2016-08-03 16:23:36:022  INFO SYSTEM:main - register bean name=fire.pb.game.SSchoolWheel
2016-08-03 16:23:36:022  INFO SYSTEM:main - register bean name=fire.pb.gm.About360XuanShang
2016-08-03 16:23:36:037  INFO SYSTEM:main - register bean name=fire.pb.gm.SGMStandard
2016-08-03 16:23:36:037  INFO SYSTEM:main - register bean name=fire.pb.instance.SBingFengCfg
2016-08-03 16:23:36:037  INFO SYSTEM:main - register bean name=fire.pb.instance.SBingFengJiangLiCfg
2016-08-03 16:23:36:037  INFO SYSTEM:main - register bean name=fire.pb.instance.SBingFengPingJi
2016-08-03 16:23:36:037  INFO SYSTEM:main - register bean name=fire.pb.instance.SInstaceConfig
2016-08-03 16:23:36:037  INFO SYSTEM:main - register bean name=fire.pb.instance.SInstaceEvent
2016-08-03 16:23:36:053  INFO SYSTEM:main - register bean name=fire.pb.instance.SInstaceNpc
2016-08-03 16:23:36:053  INFO SYSTEM:main - register bean name=fire.pb.instance.SInstanceAct
2016-08-03 16:23:36:053  INFO SYSTEM:main - register bean name=fire.pb.instance.SInstanceChildSave
2016-08-03 16:23:36:053  INFO SYSTEM:main - register bean name=fire.pb.instance.SInstanceSave
2016-08-03 16:23:36:053  INFO SYSTEM:main - register bean name=fire.pb.instance.SInstanceService
2016-08-03 16:23:36:053  INFO SYSTEM:main - register bean name=fire.pb.item.BagConfig
2016-08-03 16:23:36:381  INFO SYSTEM:main - register bean name=fire.pb.item.DEquipItemShuXing
2016-08-03 16:23:36:397  INFO SYSTEM:main - register bean name=fire.pb.item.DgemItemShuXing
2016-08-03 16:23:36:443  INFO SYSTEM:main - register bean name=fire.pb.item.DGroceryItemShuXing
2016-08-03 16:23:36:443  INFO SYSTEM:main - register bean name=fire.pb.item.DItemClassConfig
2016-08-03 16:23:36:443  INFO SYSTEM:main - register bean name=fire.pb.item.DItemShuXing
2016-08-03 16:23:36:443  INFO SYSTEM:main - register bean name=fire.pb.item.DPetItemShuXing
2016-08-03 16:23:36:443  INFO SYSTEM:main - register bean name=fire.pb.item.DSEquipHeCheng
2016-08-03 16:23:36:459  INFO SYSTEM:main - register bean name=fire.pb.item.DSEquipLvGemInfo
2016-08-03 16:23:36:459  INFO SYSTEM:main - register bean name=fire.pb.item.DSFoodAndDrugEffect
2016-08-03 16:23:36:459  INFO SYSTEM:main - register bean name=fire.pb.item.DTaskItemShuXing
2016-08-03 16:23:36:740  INFO SYSTEM:main - register bean name=fire.pb.item.EquipItemShuXing
2016-08-03 16:23:36:753  INFO SYSTEM:main - register bean name=fire.pb.item.gemItemShuXing
2016-08-03 16:23:36:800  INFO SYSTEM:main - register bean name=fire.pb.item.GroceryItemShuXing
2016-08-03 16:23:36:800  INFO SYSTEM:main - register bean name=fire.pb.item.ItemClassConfig
2016-08-03 16:23:36:800  INFO SYSTEM:main - register bean name=fire.pb.item.ItemNameClassConfig
2016-08-03 16:23:36:800  INFO SYSTEM:main - register bean name=fire.pb.item.ItemShuXing
2016-08-03 16:23:36:800  INFO SYSTEM:main - register bean name=fire.pb.item.PetItemShuXing
2016-08-03 16:23:36:815  INFO SYSTEM:main - register bean name=fire.pb.item.QualityFormula
2016-08-03 16:23:36:815  INFO SYSTEM:main - register bean name=fire.pb.item.Sanquan
2016-08-03 16:23:36:815  INFO SYSTEM:main - register bean name=fire.pb.item.SBaoShiBiao
2016-08-03 16:23:36:815  INFO SYSTEM:main - register bean name=fire.pb.item.SBattleUseItem
2016-08-03 16:23:36:815  INFO SYSTEM:main - register bean name=fire.pb.item.SCanntInChangKu
2016-08-03 16:23:36:815  INFO SYSTEM:main - register bean name=fire.pb.item.SChangKuExt
2016-08-03 16:23:36:831  INFO SYSTEM:main - register bean name=fire.pb.item.SDianKaLibaoConfig
2016-08-03 16:23:36:831  INFO SYSTEM:main - register bean name=fire.pb.item.SDirectUseItem
2016-08-03 16:23:36:846  INFO SYSTEM:main - register bean name=fire.pb.item.SEquipAddattributelib
2016-08-03 16:23:36:878  INFO SYSTEM:main - register bean name=fire.pb.item.SEquipAddattributerandomlib
2016-08-03 16:23:36:878  INFO SYSTEM:main - register bean name=fire.pb.item.SEquipHeCheng
2016-08-03 16:23:37:050  INFO SYSTEM:main - register bean name=fire.pb.item.SEquipIteminfo
2016-08-03 16:23:37:050  INFO SYSTEM:main - register bean name=fire.pb.item.SEquipLvGemInfo
2016-08-03 16:23:37:081  INFO SYSTEM:main - register bean name=fire.pb.item.SEquipMakeInfo
2016-08-03 16:23:37:081  INFO SYSTEM:main - register bean name=fire.pb.item.SEquipNaiJiuXiaoHao
2016-08-03 16:23:37:081  INFO SYSTEM:main - register bean name=fire.pb.item.SFoodAndDrugEffect
2016-08-03 16:23:37:081  INFO SYSTEM:main - register bean name=fire.pb.item.SItemBuff
2016-08-03 16:23:37:081  INFO SYSTEM:main - register bean name=fire.pb.item.SItemToDbPoint
2016-08-03 16:23:37:081  INFO SYSTEM:main - register bean name=fire.pb.item.SItemToHuoban
2016-08-03 16:23:37:096  INFO SYSTEM:main - register bean name=fire.pb.item.SItemToItem
2016-08-03 16:23:37:096  INFO SYSTEM:main - register bean name=fire.pb.item.SItemToPet
2016-08-03 16:23:37:096  INFO SYSTEM:main - register bean name=fire.pb.item.SItemUseTime
2016-08-03 16:23:37:112  INFO SYSTEM:main - register bean name=fire.pb.item.SLibaoConfig
2016-08-03 16:23:37:112  INFO SYSTEM:main - register bean name=fire.pb.item.SParkExtTable
2016-08-03 16:23:37:112  INFO SYSTEM:main - register bean name=fire.pb.item.SPetSkillSuccessConfig
2016-08-03 16:23:37:112  INFO SYSTEM:main - register bean name=fire.pb.item.SProduceItem
2016-08-03 16:23:37:112  INFO SYSTEM:main - register bean name=fire.pb.item.SRankListNumConfig
2016-08-03 16:23:37:128  INFO SYSTEM:main - register bean name=fire.pb.item.STimeReturn
2016-08-03 16:23:37:128  INFO SYSTEM:main - register bean name=fire.pb.item.STimingReward
2016-08-03 16:23:37:128  INFO SYSTEM:main - register bean name=fire.pb.item.STransformationConfig
2016-08-03 16:23:37:128  INFO SYSTEM:main - register bean name=fire.pb.item.STransformationEffectConfig
2016-08-03 16:23:37:128  INFO SYSTEM:main - register bean name=fire.pb.item.TaskItemShuXing
2016-08-03 16:23:37:128  INFO SYSTEM:main - register bean name=fire.pb.login.SCompensationConfig
2016-08-03 16:23:37:128  INFO SYSTEM:main - register bean name=fire.pb.main.HotfixConfig
2016-08-03 16:23:37:128  INFO SYSTEM:main - register bean name=fire.pb.main.HotfixXml2ModuleConfig
2016-08-03 16:23:37:128  INFO SYSTEM:main - register bean name=fire.pb.main.JumpQueueUser
2016-08-03 16:23:37:128  INFO SYSTEM:main - register bean name=fire.pb.main.LoginLimit
2016-08-03 16:23:37:128  INFO SYSTEM:main - register bean name=fire.pb.main.LoginQueueUp
2016-08-03 16:23:37:128  INFO SYSTEM:main - register bean name=fire.pb.main.ModuleInfo
2016-08-03 16:23:37:143  INFO SYSTEM:main - register bean name=fire.pb.map.MapConfig
2016-08-03 16:23:37:143  INFO SYSTEM:main - register bean name=fire.pb.map.SActivityAwardItems
2016-08-03 16:23:37:159  INFO SYSTEM:main - register bean name=fire.pb.map.SEventTimerNpc
2016-08-03 16:23:37:159  INFO SYSTEM:main - register bean name=fire.pb.map.SEventTimerNpcDianKa
2016-08-03 16:23:37:159  INFO SYSTEM:main - register bean name=fire.pb.map.SFindTreasureEvent
2016-08-03 16:23:37:159  INFO SYSTEM:main - register bean name=fire.pb.map.SFindTreasureEventDianKa
2016-08-03 16:23:37:159  INFO SYSTEM:main - register bean name=fire.pb.map.SFindTreasureGift
2016-08-03 16:23:37:159  INFO SYSTEM:main - register bean name=fire.pb.map.SFindTreasureGiftDianKa
2016-08-03 16:23:37:159  INFO SYSTEM:main - register bean name=fire.pb.map.SFindTreasureResult
2016-08-03 16:23:37:159  INFO SYSTEM:main - register bean name=fire.pb.map.SFindTreasureResultDianKa
2016-08-03 16:23:37:159  INFO SYSTEM:main - register bean name=fire.pb.map.SItemToPos
2016-08-03 16:23:37:159  INFO SYSTEM:main - register bean name=fire.pb.map.SMineArea
2016-08-03 16:23:37:159  INFO SYSTEM:main - register bean name=fire.pb.map.SShowAreainfo
2016-08-03 16:23:37:159  INFO SYSTEM:main - register bean name=fire.pb.map.SWorldMapConfig
2016-08-03 16:23:37:175  INFO SYSTEM:main - register bean name=fire.pb.message.SStringRes
2016-08-03 16:23:37:175  INFO SYSTEM:main - register bean name=fire.pb.mission.SActiveChestConfig
2016-08-03 16:23:37:175  INFO SYSTEM:main - register bean name=fire.pb.mission.SActiveChestConfig4D
2016-08-03 16:23:37:175  INFO SYSTEM:main - register bean name=fire.pb.mission.SActivityQuestion
2016-08-03 16:23:37:175  INFO SYSTEM:main - register bean name=fire.pb.mission.SAllTaskLine
2016-08-03 16:23:37:175  INFO SYSTEM:main - register bean name=fire.pb.mission.Sbukefangqirenwu
2016-08-03 16:23:37:175  INFO SYSTEM:main - register bean name=fire.pb.mission.SGuideCourse
2016-08-03 16:23:37:175  INFO SYSTEM:main - register bean name=fire.pb.mission.SGuideCourseDianKa
2016-08-03 16:23:37:175  INFO SYSTEM:main - register bean name=fire.pb.mission.SLandFightConfig
2016-08-03 16:23:37:190  INFO SYSTEM:main - register bean name=fire.pb.mission.SLandPingJi
2016-08-03 16:23:37:190  INFO SYSTEM:main - register bean name=fire.pb.mission.SLandTask
2016-08-03 16:23:37:190  INFO SYSTEM:main - register bean name=fire.pb.mission.SLandTaskConfig
2016-08-03 16:23:37:190  INFO SYSTEM:main - register bean name=fire.pb.mission.SLinepingji
2016-08-03 16:23:37:190  INFO SYSTEM:main - register bean name=fire.pb.mission.SLineTask
2016-08-03 16:23:37:190  INFO SYSTEM:main - register bean name=fire.pb.mission.SLineTaskConfig
2016-08-03 16:23:37:190  INFO SYSTEM:main - register bean name=fire.pb.mission.SLineTaskFight
2016-08-03 16:23:37:300  INFO SYSTEM:main - register bean name=fire.pb.mission.SMissionData
2016-08-03 16:23:37:300  INFO SYSTEM:main - register bean name=fire.pb.mission.SNewFunctionOpen
2016-08-03 16:23:37:300  INFO SYSTEM:main - register bean name=fire.pb.mission.SQuestCanAcceptList
2016-08-03 16:23:37:300  INFO SYSTEM:main - register bean name=fire.pb.mission.SQuestCanAcceptListDianKa
2016-08-03 16:23:37:300  INFO SYSTEM:main - register bean name=fire.pb.mission.Squestions
2016-08-03 16:23:37:300  INFO SYSTEM:main - register bean name=fire.pb.mission.SSpecialScenarioQuestConfig
2016-08-03 16:23:37:300  INFO SYSTEM:main - register bean name=fire.pb.npc.SActivityNpcPos
2016-08-03 16:23:37:300  INFO SYSTEM:main - register bean name=fire.pb.npc.SAllConds
2016-08-03 16:23:37:300  INFO SYSTEM:main - register bean name=fire.pb.npc.SBaoxiang
2016-08-03 16:23:37:300  INFO SYSTEM:main - register bean name=fire.pb.npc.SchoolMaster
2016-08-03 16:23:37:300  INFO SYSTEM:main - register bean name=fire.pb.npc.SFestivalGift
2016-08-03 16:23:37:300  INFO SYSTEM:main - register bean name=fire.pb.npc.SGatherConfig
2016-08-03 16:23:37:315  INFO SYSTEM:main - register bean name=fire.pb.npc.SHeroBaseInfo
2016-08-03 16:23:37:315  INFO SYSTEM:main - register bean name=fire.pb.npc.SHeroWeekFreeInfo
2016-08-03 16:23:37:315  INFO SYSTEM:main - register bean name=fire.pb.npc.SHireNpc
2016-08-03 16:23:37:315  INFO SYSTEM:main - register bean name=fire.pb.npc.SLeitaiLevel
2016-08-03 16:23:38:706  INFO SYSTEM:main - register bean name=fire.pb.npc.SMonsterConfig
2016-08-03 16:23:38:709  INFO SYSTEM:main - register bean name=fire.pb.npc.SMonstershowConfig
2016-08-03 16:23:38:710  INFO SYSTEM:main - register bean name=fire.pb.npc.SNpcNameRandom
2016-08-03 16:23:38:710  INFO SYSTEM:main - register bean name=fire.pb.npc.SNpcPreNameRandom
2016-08-03 16:23:38:710  INFO SYSTEM:main - register bean name=fire.pb.npc.SNpcServiceConfig
2016-08-03 16:23:38:710  INFO SYSTEM:main - register bean name=fire.pb.npc.SNpcServiceMapping
2016-08-03 16:23:38:725  INFO SYSTEM:main - register bean name=fire.pb.npc.SNpcShape
2016-08-03 16:23:38:757  INFO SYSTEM:main - register bean name=fire.pb.npc.SNpcShare
2016-08-03 16:23:38:757  INFO SYSTEM:main - register bean name=fire.pb.npc.SRefreshTimerNpc
2016-08-03 16:23:38:757  INFO SYSTEM:main - register bean name=fire.pb.npc.SRefreshTimerNpcDianKa
2016-08-03 16:23:38:757  INFO SYSTEM:main - register bean name=fire.pb.npc.SRide
2016-08-03 16:23:38:757  INFO SYSTEM:main - register bean name=fire.pb.npc.SRideItem
2016-08-03 16:23:38:772  INFO SYSTEM:main - register bean name=fire.pb.npc.SServiceConds
2016-08-03 16:23:38:819  INFO SYSTEM:main - register bean name=fire.pb.npc.SWildMonsterConfig
2016-08-03 16:23:38:850  INFO SYSTEM:main - register bean name=fire.pb.pet.PetAttr
2016-08-03 16:23:38:850  INFO SYSTEM:main - register bean name=fire.pb.pet.PetAttrModData
2016-08-03 16:23:38:850  INFO SYSTEM:main - register bean name=fire.pb.pet.PetColumnConfig
2016-08-03 16:23:38:850  INFO SYSTEM:main - register bean name=fire.pb.pet.PetLearnSkillRateConfig
2016-08-03 16:23:38:850  INFO SYSTEM:main - register bean name=fire.pb.pet.PetNextExp
2016-08-03 16:23:38:850  INFO SYSTEM:main - register bean name=fire.pb.pet.PetResetPointConfig
2016-08-03 16:23:38:850  INFO SYSTEM:main - register bean name=fire.pb.pet.PetSynthesizeSkillRateConfig
2016-08-03 16:23:38:850  INFO SYSTEM:main - register bean name=fire.pb.pet.SPetDepotPrice
2016-08-03 16:23:38:850  INFO SYSTEM:main - register bean name=fire.pb.pet.SShenShouInc
2016-08-03 16:23:38:866  INFO SYSTEM:main - register bean name=fire.pb.role.AttrModData
2016-08-03 16:23:38:866  INFO SYSTEM:main - register bean name=fire.pb.role.NextExpAndResMoney
2016-08-03 16:23:38:866  INFO SYSTEM:main - register bean name=fire.pb.role.Redirect
2016-08-03 16:23:38:866  INFO SYSTEM:main - register bean name=fire.pb.role.RoleConfig
2016-08-03 16:23:38:866  INFO SYSTEM:main - register bean name=fire.pb.role.RoleModData
2016-08-03 16:23:38:866  INFO SYSTEM:main - register bean name=fire.pb.role.Saddpointchange
2016-08-03 16:23:38:866  INFO SYSTEM:main - register bean name=fire.pb.role.SCreateRoleConfig
2016-08-03 16:23:38:866  INFO SYSTEM:main - register bean name=fire.pb.role.SEquipEffectConfig
2016-08-03 16:23:38:882  INFO SYSTEM:main - register bean name=fire.pb.role.SRoleNameData
2016-08-03 16:23:38:882  INFO SYSTEM:main - register bean name=fire.pb.role.SRoleRColorConfig
2016-08-03 16:23:38:882  INFO SYSTEM:main - register bean name=fire.pb.role.SRoleSymbolRepository
2016-08-03 16:23:38:882  INFO SYSTEM:main - register bean name=fire.pb.role.SServerMaxLevelConfig
2016-08-03 16:23:38:882  INFO SYSTEM:main - register bean name=fire.pb.role.SServiceExpConfig
2016-08-03 16:23:38:882  INFO SYSTEM:main - register bean name=fire.pb.role.SServiceLevelConfig
2016-08-03 16:23:38:882  INFO SYSTEM:main - register bean name=fire.pb.shop.DMarketFirstTable
2016-08-03 16:23:38:913  INFO SYSTEM:main - register bean name=fire.pb.shop.DMarketThreeTable
2016-08-03 16:23:38:913  INFO SYSTEM:main - register bean name=fire.pb.shop.DSGoods
2016-08-03 16:23:38:913  INFO SYSTEM:main - register bean name=fire.pb.shop.DSMallShop
2016-08-03 16:23:38:928  INFO SYSTEM:main - register bean name=fire.pb.shop.DSNpcSale
2016-08-03 16:23:38:928  INFO SYSTEM:main - register bean name=fire.pb.shop.MarketFirstTable
2016-08-03 16:23:38:944  INFO SYSTEM:main - register bean name=fire.pb.shop.MarketThreeTable
2016-08-03 16:23:38:944  INFO SYSTEM:main - register bean name=fire.pb.shop.SGoods
2016-08-03 16:23:38:944  INFO SYSTEM:main - register bean name=fire.pb.shop.SMallShop
2016-08-03 16:23:38:960  INFO SYSTEM:main - register bean name=fire.pb.shop.SNpcSale
2016-08-03 16:23:38:960  INFO SYSTEM:main - register bean name=fire.pb.shop.SPetShop
2016-08-03 16:23:38:960  INFO SYSTEM:main - register bean name=fire.pb.skill.SActionTime
2016-08-03 16:23:38:960  INFO SYSTEM:main - register bean name=fire.pb.skill.SAssistSkill
2016-08-03 16:23:38:960  INFO SYSTEM:main - register bean name=fire.pb.skill.SInbornConsume
2016-08-03 16:23:38:975  INFO SYSTEM:main - register bean name=fire.pb.skill.SInbornEffectSkill
2016-08-03 16:23:38:975  INFO SYSTEM:main - register bean name=fire.pb.skill.SInbornInfo
2016-08-03 16:23:38:991  INFO SYSTEM:main - register bean name=fire.pb.skill.SInbornMaxLevel
2016-08-03 16:23:38:991  INFO SYSTEM:main - register bean name=fire.pb.skill.SLifeSkill
2016-08-03 16:23:38:991  INFO SYSTEM:main - register bean name=fire.pb.skill.SLifeSkillCost
2016-08-03 16:23:38:991  INFO SYSTEM:main - register bean name=fire.pb.skill.SNuqiget
2016-08-03 16:23:38:991  INFO SYSTEM:main - register bean name=fire.pb.skill.SParticeSkillLevelup
2016-08-03 16:23:39:007  INFO SYSTEM:main - register bean name=fire.pb.skill.SPetSkillitem
2016-08-03 16:23:39:007  INFO SYSTEM:main - register bean name=fire.pb.skill.SPetSkillupgrade
2016-08-03 16:23:39:007  INFO SYSTEM:main - register bean name=fire.pb.skill.SPointCardParticeSkillLevelup
2016-08-03 16:23:39:007  INFO SYSTEM:main - register bean name=fire.pb.skill.SPracticeItemExp
2016-08-03 16:23:39:007  INFO SYSTEM:main - register bean name=fire.pb.skill.SSceneSkillConfig
2016-08-03 16:23:39:007  INFO SYSTEM:main - register bean name=fire.pb.skill.SSchoolSkillitem
2016-08-03 16:23:39:038  INFO SYSTEM:main - register bean name=fire.pb.skill.SSkillConfig
2016-08-03 16:23:39:038  INFO SYSTEM:main - register bean name=fire.pb.skill.SSkillInfoConfig
2016-08-03 16:23:39:085  INFO SYSTEM:main - register bean name=fire.pb.skill.SSubSkillConfig
2016-08-03 16:23:39:085  INFO SYSTEM:main - register bean name=fire.pb.SysConfig.SHotdeployClass
2016-08-03 16:23:39:085  INFO SYSTEM:main - register bean name=fire.pb.SysConfig.SSysconfig
2016-08-03 16:23:39:085  INFO SYSTEM:main - register bean name=fire.pb.team.DSTeamMatchInfo
2016-08-03 16:23:39:085  INFO SYSTEM:main - register bean name=fire.pb.team.SGuangHuanLevelup
2016-08-03 16:23:39:085  INFO SYSTEM:main - register bean name=fire.pb.team.STeamListInfo
2016-08-03 16:23:39:085  INFO SYSTEM:main - register bean name=fire.pb.team.STeamMatchInfo
2016-08-03 16:23:39:100  INFO SYSTEM:main - register bean name=fire.pb.team.SZhenFaeffect
2016-08-03 16:23:39:100  INFO SYSTEM:main - register bean name=fire.pb.timer.SScheculedActivity
2016-08-03 16:23:39:100  INFO SYSTEM:main - register bean name=fire.pb.timer.SScheculedActivityDianKa
2016-08-03 16:23:39:100  INFO SYSTEM:main - register bean name=fire.pb.title.SItemTitleConfig
2016-08-03 16:23:39:100  INFO SYSTEM:main - register bean name=fire.pb.title.STitleConfig
2016-08-03 16:23:39:116  INFO SYSTEM:main - register bean name=fire.pb.triggers.STriggerCondition
2016-08-03 16:23:39:116  INFO SYSTEM:main - register bean name=fire.pb.triggers.STriggerCondition4D
2016-08-03 16:23:39:132  INFO SYSTEM:main - register properties=activity
2016-08-03 16:23:39:132  INFO SYSTEM:main - register properties=battle
2016-08-03 16:23:39:132  INFO SYSTEM:main - register properties=cross
2016-08-03 16:23:39:132  INFO SYSTEM:main - register properties=forbid
2016-08-03 16:23:39:132  INFO SYSTEM:main - register properties=fushi
2016-08-03 16:23:39:132  INFO SYSTEM:main - register properties=game
2016-08-03 16:23:39:132  INFO SYSTEM:main - register properties=item
2016-08-03 16:23:39:132  INFO SYSTEM:main - register properties=market
2016-08-03 16:23:39:132  INFO SYSTEM:main - register properties=message
2016-08-03 16:23:39:132  INFO SYSTEM:main - register properties=npc
2016-08-03 16:23:39:132  INFO SYSTEM:main - register properties=operlog
2016-08-03 16:23:39:132  INFO SYSTEM:main - register properties=robot
2016-08-03 16:23:39:132  INFO SYSTEM:main - register properties=school
2016-08-03 16:23:39:132  INFO SYSTEM:main - register properties=serverid
2016-08-03 16:23:39:132  INFO SYSTEM:main - register properties=skill
2016-08-03 16:23:39:132  INFO SYSTEM:main - register properties=specialquest
2016-08-03 16:23:39:132  INFO SYSTEM:main - register properties=sys
2016-08-03 16:23:39:132  INFO SYSTEM:main - register properties=task
2016-08-03 16:24:14:213  INFO SYSTEM:main - SERVER STARTING...
2016-08-03 16:24:14:322  INFO SYSTEM:main - register bean name=fire.pb.activity.ActivityConfNew
2016-08-03 16:24:14:322  INFO SYSTEM:main - register bean name=fire.pb.activity.ActivityConfNew4D
2016-08-03 16:24:14:400  INFO SYSTEM:main - register bean name=fire.pb.battle.SAIAction
2016-08-03 16:24:14:431  INFO SYSTEM:main - register bean name=fire.pb.battle.SBattleAI
2016-08-03 16:24:14:556  INFO SYSTEM:main - register bean name=fire.pb.battle.SBattleInfo
2016-08-03 16:24:14:556  INFO SYSTEM:main - register bean name=fire.pb.battle.SBattleMonsterConfig
2016-08-03 16:24:14:556  INFO SYSTEM:main - register bean name=fire.pb.battle.SCatchRate
2016-08-03 16:24:14:572  INFO SYSTEM:main - register bean name=fire.pb.battle.SCondition
2016-08-03 16:24:14:572  INFO SYSTEM:main - register bean name=fire.pb.battle.SEffectPostions
2016-08-03 16:24:14:572  INFO SYSTEM:main - register bean name=fire.pb.battle.SFormationConfig
2016-08-03 16:24:14:572  INFO SYSTEM:main - register bean name=fire.pb.battle.SRoleFighteAI
2016-08-03 16:24:14:588  INFO SYSTEM:main - register bean name=fire.pb.battle.STargetFilter
2016-08-03 16:24:14:603  INFO SYSTEM:main - register bean name=fire.pb.buff.SBuffClashs
2016-08-03 16:24:14:619  INFO SYSTEM:main - register bean name=fire.pb.buff.SCBuffConfig
2016-08-03 16:24:14:619  INFO SYSTEM:main - register bean name=fire.pb.buff.SIBuffConfig
2016-08-03 16:24:14:713  INFO SYSTEM:main - register bean name=fire.pb.circletask.AnYeMaXiTuanConf
2016-08-03 16:24:14:723  INFO SYSTEM:main - register bean name=fire.pb.circletask.CircleTaskAutoAccept
2016-08-03 16:24:14:724  INFO SYSTEM:main - register bean name=fire.pb.circletask.CircTask
2016-08-03 16:24:14:724  INFO SYSTEM:main - register bean name=fire.pb.circletask.CircTaskChallengeNpc
2016-08-03 16:24:14:724  INFO SYSTEM:main - register bean name=fire.pb.circletask.CircTaskConf
2016-08-03 16:24:14:740  INFO SYSTEM:main - register bean name=fire.pb.circletask.CircTaskItemCollect
2016-08-03 16:24:14:755  INFO SYSTEM:main - register bean name=fire.pb.circletask.CircTaskItemFind
2016-08-03 16:24:14:755  INFO SYSTEM:main - register bean name=fire.pb.circletask.CircTaskItemFindLegend
2016-08-03 16:24:14:755  INFO SYSTEM:main - register bean name=fire.pb.circletask.CircTaskItemUse
2016-08-03 16:24:14:755  INFO SYSTEM:main - register bean name=fire.pb.circletask.CircTaskKillMonster
2016-08-03 16:24:14:802  INFO SYSTEM:main - register bean name=fire.pb.circletask.CircTaskMailNpc
2016-08-03 16:24:14:802  INFO SYSTEM:main - register bean name=fire.pb.circletask.CircTaskPatrol
2016-08-03 16:24:14:818  INFO SYSTEM:main - register bean name=fire.pb.circletask.CircTaskPetCatch
2016-08-03 16:24:14:818  INFO SYSTEM:main - register bean name=fire.pb.circletask.DemonstrateDefaultMonster
2016-08-03 16:24:14:818  INFO SYSTEM:main - register bean name=fire.pb.circletask.PVPAwardConfig
2016-08-03 16:24:14:818  INFO SYSTEM:main - register bean name=fire.pb.circletask.PVPMatchTimeConfig
2016-08-03 16:24:14:818  INFO SYSTEM:main - register bean name=fire.pb.circletask.PVPScoreAwardConfig
2016-08-03 16:24:14:818  INFO SYSTEM:main - register bean name=fire.pb.circletask.Random4AnYeMaXiTuan
2016-08-03 16:24:14:818  INFO SYSTEM:main - register bean name=fire.pb.circletask.RenXingCircTaskCost
2016-08-03 16:24:14:833  INFO SYSTEM:main - register bean name=fire.pb.circletask.SCircTaskMonsterConfig
2016-08-03 16:24:14:833  INFO SYSTEM:main - register bean name=fire.pb.circletask.SPVP1MapConfig
2016-08-03 16:24:14:833  INFO SYSTEM:main - register bean name=fire.pb.circletask.SPVP3MapConfig
2016-08-03 16:24:14:833  INFO SYSTEM:main - register bean name=fire.pb.circletask.SPVP5MapConfig
2016-08-03 16:24:14:833  INFO SYSTEM:main - register bean name=fire.pb.clan.SClanDrugstore
2016-08-03 16:24:14:833  INFO SYSTEM:main - register bean name=fire.pb.clan.SClanFight
2016-08-03 16:24:14:833  INFO SYSTEM:main - register bean name=fire.pb.clan.SClanGoldBank
2016-08-03 16:24:14:849  INFO SYSTEM:main - register bean name=fire.pb.clan.SClanHotel
2016-08-03 16:24:14:849  INFO SYSTEM:main - register bean name=fire.pb.clan.SClanLobby
2016-08-03 16:24:14:849  INFO SYSTEM:main - register bean name=fire.pb.clan.SClanPosition
2016-08-03 16:24:14:849  INFO SYSTEM:main - register bean name=fire.pb.clan.SClanyaofang
2016-08-03 16:24:14:849  INFO SYSTEM:main - register bean name=fire.pb.clan.SRuneSet
2016-08-03 16:24:14:849  INFO SYSTEM:main - register bean name=fire.pb.common.SCommon
2016-08-03 16:24:14:849  INFO SYSTEM:main - register bean name=fire.pb.effect.SAbilityScore
2016-08-03 16:24:14:865  INFO SYSTEM:main - register bean name=fire.pb.effect.SAttrEffectID2Name
2016-08-03 16:24:14:880  INFO SYSTEM:main - register bean name=fire.pb.effect.SEquipAbilityScore
2016-08-03 16:24:14:880  INFO SYSTEM:main - register bean name=fire.pb.effect.SEquipSkillShowConfig
2016-08-03 16:24:14:880  INFO SYSTEM:main - register bean name=fire.pb.effect.SPetAbilityScore
2016-08-03 16:24:14:880  INFO SYSTEM:main - register bean name=fire.pb.friends.FriendGiveGift
2016-08-03 16:24:14:880  INFO SYSTEM:main - register bean name=fire.pb.friends.FriendGiveItem
2016-08-03 16:24:14:880  INFO SYSTEM:main - register bean name=fire.pb.friends.SpaceDropGift
2016-08-03 16:24:14:880  INFO SYSTEM:main - register bean name=fire.pb.friends.XshGiveGift
2016-08-03 16:24:14:896  INFO SYSTEM:main - register bean name=fire.pb.fushi.SAddCash
2016-08-03 16:24:14:896  INFO SYSTEM:main - register bean name=fire.pb.fushi.SAddCashPCard
2016-08-03 16:24:14:896  INFO SYSTEM:main - register bean name=fire.pb.fushi.SChargeReturnProfit
2016-08-03 16:24:14:896  INFO SYSTEM:main - register bean name=fire.pb.fushi.SCommonDayPay
2016-08-03 16:24:14:896  INFO SYSTEM:main - register bean name=fire.pb.fushi.SCreditPoint
2016-08-03 16:24:14:896  INFO SYSTEM:main - register bean name=fire.pb.fushi.SFreeDisRewardConfig
2016-08-03 16:24:14:896  INFO SYSTEM:main - register bean name=fire.pb.fushi.SFreeDisRewardConfigDayPay
2016-08-03 16:24:14:896  INFO SYSTEM:main - register bean name=fire.pb.fushi.SMonthCardConfig
2016-08-03 16:24:14:896  INFO SYSTEM:main - register bean name=fire.pb.fushi.SMonthCardConfigDayPay
2016-08-03 16:24:14:912  INFO SYSTEM:main - register bean name=fire.pb.fushi.SRedPackConfig
2016-08-03 16:24:14:912  INFO SYSTEM:main - register bean name=fire.pb.fushi.SSpotCardConfig
2016-08-03 16:24:14:912  INFO SYSTEM:main - register bean name=fire.pb.fushi.SVipInfoConfig
2016-08-03 16:24:14:974  INFO SYSTEM:main - register bean name=fire.pb.game.SActivityAward
2016-08-03 16:24:14:974  INFO SYSTEM:main - register bean name=fire.pb.game.Sdongtaifuwu
2016-08-03 16:24:14:974  INFO SYSTEM:main - register bean name=fire.pb.game.SFirstPayReward
2016-08-03 16:24:14:974  INFO SYSTEM:main - register bean name=fire.pb.game.SFortuneWheel
2016-08-03 16:24:15:005  INFO SYSTEM:main - register bean name=fire.pb.game.SImperialExamProvinceRepo
2016-08-03 16:24:15:005  INFO SYSTEM:main - register bean name=fire.pb.game.SImperialExamStateRankReward
2016-08-03 16:24:15:021  INFO SYSTEM:main - register bean name=fire.pb.game.SImperialExamStateRepo
2016-08-03 16:24:15:037  INFO SYSTEM:main - register bean name=fire.pb.game.SImperialExamVillageRepo
2016-08-03 16:24:15:037  INFO SYSTEM:main - register bean name=fire.pb.game.Smuldayloginreward
2016-08-03 16:24:15:037  INFO SYSTEM:main - register bean name=fire.pb.game.Snpcjianglifafang
2016-08-03 16:24:15:083  INFO SYSTEM:main - register bean name=fire.pb.game.SPointCardActivityAward
2016-08-03 16:24:15:083  INFO SYSTEM:main - register bean name=fire.pb.game.SPointCardFirstPayReward
2016-08-03 16:24:15:099  INFO SYSTEM:main - register bean name=fire.pb.game.SPVPCrossWhiteList
2016-08-03 16:24:15:099  INFO SYSTEM:main - register bean name=fire.pb.game.Sregreward
2016-08-03 16:24:15:115  INFO SYSTEM:main - register bean name=fire.pb.game.SRollCardConfig
2016-08-03 16:24:15:115  INFO SYSTEM:main - register bean name=fire.pb.game.SSchoolWheel
2016-08-03 16:24:15:115  INFO SYSTEM:main - register bean name=fire.pb.gm.About360XuanShang
2016-08-03 16:24:15:130  INFO SYSTEM:main - register bean name=fire.pb.gm.SGMStandard
2016-08-03 16:24:15:130  INFO SYSTEM:main - register bean name=fire.pb.instance.SBingFengCfg
2016-08-03 16:24:15:130  INFO SYSTEM:main - register bean name=fire.pb.instance.SBingFengJiangLiCfg
2016-08-03 16:24:15:146  INFO SYSTEM:main - register bean name=fire.pb.instance.SBingFengPingJi
2016-08-03 16:24:15:146  INFO SYSTEM:main - register bean name=fire.pb.instance.SInstaceConfig
2016-08-03 16:24:15:146  INFO SYSTEM:main - register bean name=fire.pb.instance.SInstaceEvent
2016-08-03 16:24:15:146  INFO SYSTEM:main - register bean name=fire.pb.instance.SInstaceNpc
2016-08-03 16:24:15:146  INFO SYSTEM:main - register bean name=fire.pb.instance.SInstanceAct
2016-08-03 16:24:15:146  INFO SYSTEM:main - register bean name=fire.pb.instance.SInstanceChildSave
2016-08-03 16:24:15:162  INFO SYSTEM:main - register bean name=fire.pb.instance.SInstanceSave
2016-08-03 16:24:15:162  INFO SYSTEM:main - register bean name=fire.pb.instance.SInstanceService
2016-08-03 16:24:15:162  INFO SYSTEM:main - register bean name=fire.pb.item.BagConfig
2016-08-03 16:24:15:474  INFO SYSTEM:main - register bean name=fire.pb.item.DEquipItemShuXing
2016-08-03 16:24:15:474  INFO SYSTEM:main - register bean name=fire.pb.item.DgemItemShuXing
2016-08-03 16:24:15:521  INFO SYSTEM:main - register bean name=fire.pb.item.DGroceryItemShuXing
2016-08-03 16:24:15:521  INFO SYSTEM:main - register bean name=fire.pb.item.DItemClassConfig
2016-08-03 16:24:15:537  INFO SYSTEM:main - register bean name=fire.pb.item.DItemShuXing
2016-08-03 16:24:15:537  INFO SYSTEM:main - register bean name=fire.pb.item.DPetItemShuXing
2016-08-03 16:24:15:537  INFO SYSTEM:main - register bean name=fire.pb.item.DSEquipHeCheng
2016-08-03 16:24:15:537  INFO SYSTEM:main - register bean name=fire.pb.item.DSEquipLvGemInfo
2016-08-03 16:24:15:552  INFO SYSTEM:main - register bean name=fire.pb.item.DSFoodAndDrugEffect
2016-08-03 16:24:15:552  INFO SYSTEM:main - register bean name=fire.pb.item.DTaskItemShuXing
2016-08-03 16:24:15:833  INFO SYSTEM:main - register bean name=fire.pb.item.EquipItemShuXing
2016-08-03 16:24:15:849  INFO SYSTEM:main - register bean name=fire.pb.item.gemItemShuXing
2016-08-03 16:24:15:880  INFO SYSTEM:main - register bean name=fire.pb.item.GroceryItemShuXing
2016-08-03 16:24:15:880  INFO SYSTEM:main - register bean name=fire.pb.item.ItemClassConfig
2016-08-03 16:24:15:896  INFO SYSTEM:main - register bean name=fire.pb.item.ItemNameClassConfig
2016-08-03 16:24:15:896  INFO SYSTEM:main - register bean name=fire.pb.item.ItemShuXing
2016-08-03 16:24:15:896  INFO SYSTEM:main - register bean name=fire.pb.item.PetItemShuXing
2016-08-03 16:24:15:896  INFO SYSTEM:main - register bean name=fire.pb.item.QualityFormula
2016-08-03 16:24:15:896  INFO SYSTEM:main - register bean name=fire.pb.item.Sanquan
2016-08-03 16:24:15:896  INFO SYSTEM:main - register bean name=fire.pb.item.SBaoShiBiao
2016-08-03 16:24:15:896  INFO SYSTEM:main - register bean name=fire.pb.item.SBattleUseItem
2016-08-03 16:24:15:896  INFO SYSTEM:main - register bean name=fire.pb.item.SCanntInChangKu
2016-08-03 16:24:15:896  INFO SYSTEM:main - register bean name=fire.pb.item.SChangKuExt
2016-08-03 16:24:15:927  INFO SYSTEM:main - register bean name=fire.pb.item.SDianKaLibaoConfig
2016-08-03 16:24:15:927  INFO SYSTEM:main - register bean name=fire.pb.item.SDirectUseItem
2016-08-03 16:24:15:943  INFO SYSTEM:main - register bean name=fire.pb.item.SEquipAddattributelib
2016-08-03 16:24:15:974  INFO SYSTEM:main - register bean name=fire.pb.item.SEquipAddattributerandomlib
2016-08-03 16:24:15:974  INFO SYSTEM:main - register bean name=fire.pb.item.SEquipHeCheng
2016-08-03 16:24:16:130  INFO SYSTEM:main - register bean name=fire.pb.item.SEquipIteminfo
2016-08-03 16:24:16:146  INFO SYSTEM:main - register bean name=fire.pb.item.SEquipLvGemInfo
2016-08-03 16:24:16:162  INFO SYSTEM:main - register bean name=fire.pb.item.SEquipMakeInfo
2016-08-03 16:24:16:162  INFO SYSTEM:main - register bean name=fire.pb.item.SEquipNaiJiuXiaoHao
2016-08-03 16:24:16:162  INFO SYSTEM:main - register bean name=fire.pb.item.SFoodAndDrugEffect
2016-08-03 16:24:16:162  INFO SYSTEM:main - register bean name=fire.pb.item.SItemBuff
2016-08-03 16:24:16:162  INFO SYSTEM:main - register bean name=fire.pb.item.SItemToDbPoint
2016-08-03 16:24:16:177  INFO SYSTEM:main - register bean name=fire.pb.item.SItemToHuoban
2016-08-03 16:24:16:177  INFO SYSTEM:main - register bean name=fire.pb.item.SItemToItem
2016-08-03 16:24:16:177  INFO SYSTEM:main - register bean name=fire.pb.item.SItemToPet
2016-08-03 16:24:16:177  INFO SYSTEM:main - register bean name=fire.pb.item.SItemUseTime
2016-08-03 16:24:16:193  INFO SYSTEM:main - register bean name=fire.pb.item.SLibaoConfig
2016-08-03 16:24:16:209  INFO SYSTEM:main - register bean name=fire.pb.item.SParkExtTable
2016-08-03 16:24:16:209  INFO SYSTEM:main - register bean name=fire.pb.item.SPetSkillSuccessConfig
2016-08-03 16:24:16:209  INFO SYSTEM:main - register bean name=fire.pb.item.SProduceItem
2016-08-03 16:24:16:209  INFO SYSTEM:main - register bean name=fire.pb.item.SRankListNumConfig
2016-08-03 16:24:16:209  INFO SYSTEM:main - register bean name=fire.pb.item.STimeReturn
2016-08-03 16:24:16:209  INFO SYSTEM:main - register bean name=fire.pb.item.STimingReward
2016-08-03 16:24:16:209  INFO SYSTEM:main - register bean name=fire.pb.item.STransformationConfig
2016-08-03 16:24:16:209  INFO SYSTEM:main - register bean name=fire.pb.item.STransformationEffectConfig
2016-08-03 16:24:16:209  INFO SYSTEM:main - register bean name=fire.pb.item.TaskItemShuXing
2016-08-03 16:24:16:209  INFO SYSTEM:main - register bean name=fire.pb.login.SCompensationConfig
2016-08-03 16:24:16:209  INFO SYSTEM:main - register bean name=fire.pb.main.HotfixConfig
2016-08-03 16:24:16:209  INFO SYSTEM:main - register bean name=fire.pb.main.HotfixXml2ModuleConfig
2016-08-03 16:24:16:224  INFO SYSTEM:main - register bean name=fire.pb.main.JumpQueueUser
2016-08-03 16:24:16:224  INFO SYSTEM:main - register bean name=fire.pb.main.LoginLimit
2016-08-03 16:24:16:224  INFO SYSTEM:main - register bean name=fire.pb.main.LoginQueueUp
2016-08-03 16:24:16:224  INFO SYSTEM:main - register bean name=fire.pb.main.ModuleInfo
2016-08-03 16:24:16:224  INFO SYSTEM:main - register bean name=fire.pb.map.MapConfig
2016-08-03 16:24:16:240  INFO SYSTEM:main - register bean name=fire.pb.map.SActivityAwardItems
2016-08-03 16:24:16:240  INFO SYSTEM:main - register bean name=fire.pb.map.SEventTimerNpc
2016-08-03 16:24:16:240  INFO SYSTEM:main - register bean name=fire.pb.map.SEventTimerNpcDianKa
2016-08-03 16:24:16:240  INFO SYSTEM:main - register bean name=fire.pb.map.SFindTreasureEvent
2016-08-03 16:24:16:240  INFO SYSTEM:main - register bean name=fire.pb.map.SFindTreasureEventDianKa
2016-08-03 16:24:16:240  INFO SYSTEM:main - register bean name=fire.pb.map.SFindTreasureGift
2016-08-03 16:24:16:240  INFO SYSTEM:main - register bean name=fire.pb.map.SFindTreasureGiftDianKa
2016-08-03 16:24:16:240  INFO SYSTEM:main - register bean name=fire.pb.map.SFindTreasureResult
2016-08-03 16:24:16:240  INFO SYSTEM:main - register bean name=fire.pb.map.SFindTreasureResultDianKa
2016-08-03 16:24:16:240  INFO SYSTEM:main - register bean name=fire.pb.map.SItemToPos
2016-08-03 16:24:16:255  INFO SYSTEM:main - register bean name=fire.pb.map.SMineArea
2016-08-03 16:24:16:255  INFO SYSTEM:main - register bean name=fire.pb.map.SShowAreainfo
2016-08-03 16:24:16:255  INFO SYSTEM:main - register bean name=fire.pb.map.SWorldMapConfig
2016-08-03 16:24:16:255  INFO SYSTEM:main - register bean name=fire.pb.message.SStringRes
2016-08-03 16:24:16:255  INFO SYSTEM:main - register bean name=fire.pb.mission.SActiveChestConfig
2016-08-03 16:24:16:255  INFO SYSTEM:main - register bean name=fire.pb.mission.SActiveChestConfig4D
2016-08-03 16:24:16:255  INFO SYSTEM:main - register bean name=fire.pb.mission.SActivityQuestion
2016-08-03 16:24:16:255  INFO SYSTEM:main - register bean name=fire.pb.mission.SAllTaskLine
2016-08-03 16:24:16:255  INFO SYSTEM:main - register bean name=fire.pb.mission.Sbukefangqirenwu
2016-08-03 16:24:16:255  INFO SYSTEM:main - register bean name=fire.pb.mission.SGuideCourse
2016-08-03 16:24:16:271  INFO SYSTEM:main - register bean name=fire.pb.mission.SGuideCourseDianKa
2016-08-03 16:24:16:271  INFO SYSTEM:main - register bean name=fire.pb.mission.SLandFightConfig
2016-08-03 16:24:16:271  INFO SYSTEM:main - register bean name=fire.pb.mission.SLandPingJi
2016-08-03 16:24:16:271  INFO SYSTEM:main - register bean name=fire.pb.mission.SLandTask
2016-08-03 16:24:16:271  INFO SYSTEM:main - register bean name=fire.pb.mission.SLandTaskConfig
2016-08-03 16:24:16:271  INFO SYSTEM:main - register bean name=fire.pb.mission.SLinepingji
2016-08-03 16:24:16:271  INFO SYSTEM:main - register bean name=fire.pb.mission.SLineTask
2016-08-03 16:24:16:271  INFO SYSTEM:main - register bean name=fire.pb.mission.SLineTaskConfig
2016-08-03 16:24:16:287  INFO SYSTEM:main - register bean name=fire.pb.mission.SLineTaskFight
2016-08-03 16:24:16:380  INFO SYSTEM:main - register bean name=fire.pb.mission.SMissionData
2016-08-03 16:24:16:380  INFO SYSTEM:main - register bean name=fire.pb.mission.SNewFunctionOpen
2016-08-03 16:24:16:396  INFO SYSTEM:main - register bean name=fire.pb.mission.SQuestCanAcceptList
2016-08-03 16:24:16:396  INFO SYSTEM:main - register bean name=fire.pb.mission.SQuestCanAcceptListDianKa
2016-08-03 16:24:16:396  INFO SYSTEM:main - register bean name=fire.pb.mission.Squestions
2016-08-03 16:24:16:396  INFO SYSTEM:main - register bean name=fire.pb.mission.SSpecialScenarioQuestConfig
2016-08-03 16:24:16:396  INFO SYSTEM:main - register bean name=fire.pb.npc.SActivityNpcPos
2016-08-03 16:24:16:396  INFO SYSTEM:main - register bean name=fire.pb.npc.SAllConds
2016-08-03 16:24:16:396  INFO SYSTEM:main - register bean name=fire.pb.npc.SBaoxiang
2016-08-03 16:24:16:396  INFO SYSTEM:main - register bean name=fire.pb.npc.SchoolMaster
2016-08-03 16:24:16:396  INFO SYSTEM:main - register bean name=fire.pb.npc.SFestivalGift
2016-08-03 16:24:16:396  INFO SYSTEM:main - register bean name=fire.pb.npc.SGatherConfig
2016-08-03 16:24:16:396  INFO SYSTEM:main - register bean name=fire.pb.npc.SHeroBaseInfo
2016-08-03 16:24:16:412  INFO SYSTEM:main - register bean name=fire.pb.npc.SHeroWeekFreeInfo
2016-08-03 16:24:16:412  INFO SYSTEM:main - register bean name=fire.pb.npc.SHireNpc
2016-08-03 16:24:16:412  INFO SYSTEM:main - register bean name=fire.pb.npc.SLeitaiLevel
2016-08-03 16:24:17:771  INFO SYSTEM:main - register bean name=fire.pb.npc.SMonsterConfig
2016-08-03 16:24:17:773  INFO SYSTEM:main - register bean name=fire.pb.npc.SMonstershowConfig
2016-08-03 16:24:17:774  INFO SYSTEM:main - register bean name=fire.pb.npc.SNpcNameRandom
2016-08-03 16:24:17:774  INFO SYSTEM:main - register bean name=fire.pb.npc.SNpcPreNameRandom
2016-08-03 16:24:17:774  INFO SYSTEM:main - register bean name=fire.pb.npc.SNpcServiceConfig
2016-08-03 16:24:17:774  INFO SYSTEM:main - register bean name=fire.pb.npc.SNpcServiceMapping
2016-08-03 16:24:17:789  INFO SYSTEM:main - register bean name=fire.pb.npc.SNpcShape
2016-08-03 16:24:17:821  INFO SYSTEM:main - register bean name=fire.pb.npc.SNpcShare
2016-08-03 16:24:17:821  INFO SYSTEM:main - register bean name=fire.pb.npc.SRefreshTimerNpc
2016-08-03 16:24:17:821  INFO SYSTEM:main - register bean name=fire.pb.npc.SRefreshTimerNpcDianKa
2016-08-03 16:24:17:821  INFO SYSTEM:main - register bean name=fire.pb.npc.SRide
2016-08-03 16:24:17:821  INFO SYSTEM:main - register bean name=fire.pb.npc.SRideItem
2016-08-03 16:24:17:836  INFO SYSTEM:main - register bean name=fire.pb.npc.SServiceConds
2016-08-03 16:24:17:883  INFO SYSTEM:main - register bean name=fire.pb.npc.SWildMonsterConfig
2016-08-03 16:24:17:914  INFO SYSTEM:main - register bean name=fire.pb.pet.PetAttr
2016-08-03 16:24:17:914  INFO SYSTEM:main - register bean name=fire.pb.pet.PetAttrModData
2016-08-03 16:24:17:914  INFO SYSTEM:main - register bean name=fire.pb.pet.PetColumnConfig
2016-08-03 16:24:17:914  INFO SYSTEM:main - register bean name=fire.pb.pet.PetLearnSkillRateConfig
2016-08-03 16:24:17:914  INFO SYSTEM:main - register bean name=fire.pb.pet.PetNextExp
2016-08-03 16:24:17:914  INFO SYSTEM:main - register bean name=fire.pb.pet.PetResetPointConfig
2016-08-03 16:24:17:914  INFO SYSTEM:main - register bean name=fire.pb.pet.PetSynthesizeSkillRateConfig
2016-08-03 16:24:17:914  INFO SYSTEM:main - register bean name=fire.pb.pet.SPetDepotPrice
2016-08-03 16:24:17:914  INFO SYSTEM:main - register bean name=fire.pb.pet.SShenShouInc
2016-08-03 16:24:17:914  INFO SYSTEM:main - register bean name=fire.pb.role.AttrModData
2016-08-03 16:24:17:930  INFO SYSTEM:main - register bean name=fire.pb.role.NextExpAndResMoney
2016-08-03 16:24:17:930  INFO SYSTEM:main - register bean name=fire.pb.role.Redirect
2016-08-03 16:24:17:930  INFO SYSTEM:main - register bean name=fire.pb.role.RoleConfig
2016-08-03 16:24:17:930  INFO SYSTEM:main - register bean name=fire.pb.role.RoleModData
2016-08-03 16:24:17:930  INFO SYSTEM:main - register bean name=fire.pb.role.Saddpointchange
2016-08-03 16:24:17:930  INFO SYSTEM:main - register bean name=fire.pb.role.SCreateRoleConfig
2016-08-03 16:24:17:930  INFO SYSTEM:main - register bean name=fire.pb.role.SEquipEffectConfig
2016-08-03 16:24:17:946  INFO SYSTEM:main - register bean name=fire.pb.role.SRoleNameData
2016-08-03 16:24:17:946  INFO SYSTEM:main - register bean name=fire.pb.role.SRoleRColorConfig
2016-08-03 16:24:17:946  INFO SYSTEM:main - register bean name=fire.pb.role.SRoleSymbolRepository
2016-08-03 16:24:17:946  INFO SYSTEM:main - register bean name=fire.pb.role.SServerMaxLevelConfig
2016-08-03 16:24:17:946  INFO SYSTEM:main - register bean name=fire.pb.role.SServiceExpConfig
2016-08-03 16:24:17:946  INFO SYSTEM:main - register bean name=fire.pb.role.SServiceLevelConfig
2016-08-03 16:24:17:946  INFO SYSTEM:main - register bean name=fire.pb.shop.DMarketFirstTable
2016-08-03 16:24:17:961  INFO SYSTEM:main - register bean name=fire.pb.shop.DMarketThreeTable
2016-08-03 16:24:17:977  INFO SYSTEM:main - register bean name=fire.pb.shop.DSGoods
2016-08-03 16:24:17:977  INFO SYSTEM:main - register bean name=fire.pb.shop.DSMallShop
2016-08-03 16:24:17:977  INFO SYSTEM:main - register bean name=fire.pb.shop.DSNpcSale
2016-08-03 16:24:17:977  INFO SYSTEM:main - register bean name=fire.pb.shop.MarketFirstTable
2016-08-03 16:24:18:008  INFO SYSTEM:main - register bean name=fire.pb.shop.MarketThreeTable
2016-08-03 16:24:18:008  INFO SYSTEM:main - register bean name=fire.pb.shop.SGoods
2016-08-03 16:24:18:008  INFO SYSTEM:main - register bean name=fire.pb.shop.SMallShop
2016-08-03 16:24:18:008  INFO SYSTEM:main - register bean name=fire.pb.shop.SNpcSale
2016-08-03 16:24:18:008  INFO SYSTEM:main - register bean name=fire.pb.shop.SPetShop
2016-08-03 16:24:18:008  INFO SYSTEM:main - register bean name=fire.pb.skill.SActionTime
2016-08-03 16:24:18:008  INFO SYSTEM:main - register bean name=fire.pb.skill.SAssistSkill
2016-08-03 16:24:18:024  INFO SYSTEM:main - register bean name=fire.pb.skill.SInbornConsume
2016-08-03 16:24:18:039  INFO SYSTEM:main - register bean name=fire.pb.skill.SInbornEffectSkill
2016-08-03 16:24:18:039  INFO SYSTEM:main - register bean name=fire.pb.skill.SInbornInfo
2016-08-03 16:24:18:055  INFO SYSTEM:main - register bean name=fire.pb.skill.SInbornMaxLevel
2016-08-03 16:24:18:055  INFO SYSTEM:main - register bean name=fire.pb.skill.SLifeSkill
2016-08-03 16:24:18:055  INFO SYSTEM:main - register bean name=fire.pb.skill.SLifeSkillCost
2016-08-03 16:24:18:055  INFO SYSTEM:main - register bean name=fire.pb.skill.SNuqiget
2016-08-03 16:24:18:055  INFO SYSTEM:main - register bean name=fire.pb.skill.SParticeSkillLevelup
2016-08-03 16:24:18:055  INFO SYSTEM:main - register bean name=fire.pb.skill.SPetSkillitem
2016-08-03 16:24:18:071  INFO SYSTEM:main - register bean name=fire.pb.skill.SPetSkillupgrade
2016-08-03 16:24:18:071  INFO SYSTEM:main - register bean name=fire.pb.skill.SPointCardParticeSkillLevelup
2016-08-03 16:24:18:071  INFO SYSTEM:main - register bean name=fire.pb.skill.SPracticeItemExp
2016-08-03 16:24:18:071  INFO SYSTEM:main - register bean name=fire.pb.skill.SSceneSkillConfig
2016-08-03 16:24:18:071  INFO SYSTEM:main - register bean name=fire.pb.skill.SSchoolSkillitem
2016-08-03 16:24:18:102  INFO SYSTEM:main - register bean name=fire.pb.skill.SSkillConfig
2016-08-03 16:24:18:102  INFO SYSTEM:main - register bean name=fire.pb.skill.SSkillInfoConfig
2016-08-03 16:24:18:164  INFO SYSTEM:main - register bean name=fire.pb.skill.SSubSkillConfig
2016-08-03 16:24:18:180  INFO SYSTEM:main - register bean name=fire.pb.SysConfig.SHotdeployClass
2016-08-03 16:24:18:180  INFO SYSTEM:main - register bean name=fire.pb.SysConfig.SSysconfig
2016-08-03 16:24:18:180  INFO SYSTEM:main - register bean name=fire.pb.team.DSTeamMatchInfo
2016-08-03 16:24:18:180  INFO SYSTEM:main - register bean name=fire.pb.team.SGuangHuanLevelup
2016-08-03 16:24:18:180  INFO SYSTEM:main - register bean name=fire.pb.team.STeamListInfo
2016-08-03 16:24:18:180  INFO SYSTEM:main - register bean name=fire.pb.team.STeamMatchInfo
2016-08-03 16:24:18:180  INFO SYSTEM:main - register bean name=fire.pb.team.SZhenFaeffect
2016-08-03 16:24:18:196  INFO SYSTEM:main - register bean name=fire.pb.timer.SScheculedActivity
2016-08-03 16:24:18:196  INFO SYSTEM:main - register bean name=fire.pb.timer.SScheculedActivityDianKa
2016-08-03 16:24:18:196  INFO SYSTEM:main - register bean name=fire.pb.title.SItemTitleConfig
2016-08-03 16:24:18:196  INFO SYSTEM:main - register bean name=fire.pb.title.STitleConfig
2016-08-03 16:24:18:196  INFO SYSTEM:main - register bean name=fire.pb.triggers.STriggerCondition
2016-08-03 16:24:18:211  INFO SYSTEM:main - register bean name=fire.pb.triggers.STriggerCondition4D
2016-08-03 16:24:18:211  INFO SYSTEM:main - register properties=activity
2016-08-03 16:24:18:211  INFO SYSTEM:main - register properties=battle
2016-08-03 16:24:18:211  INFO SYSTEM:main - register properties=cross
2016-08-03 16:24:18:211  INFO SYSTEM:main - register properties=forbid
2016-08-03 16:24:18:211  INFO SYSTEM:main - register properties=fushi
2016-08-03 16:24:18:211  INFO SYSTEM:main - register properties=game
2016-08-03 16:24:18:227  INFO SYSTEM:main - register properties=item
2016-08-03 16:24:18:227  INFO SYSTEM:main - register properties=market
2016-08-03 16:24:18:227  INFO SYSTEM:main - register properties=message
2016-08-03 16:24:18:227  INFO SYSTEM:main - register properties=npc
2016-08-03 16:24:18:227  INFO SYSTEM:main - register properties=operlog
2016-08-03 16:24:18:227  INFO SYSTEM:main - register properties=robot
2016-08-03 16:24:18:227  INFO SYSTEM:main - register properties=school
2016-08-03 16:24:18:227  INFO SYSTEM:main - register properties=serverid
2016-08-03 16:24:18:227  INFO SYSTEM:main - register properties=skill
2016-08-03 16:24:18:227  INFO SYSTEM:main - register properties=specialquest
2016-08-03 16:24:18:227  INFO SYSTEM:main - register properties=sys
2016-08-03 16:24:18:227  INFO SYSTEM:main - register properties=task
2016-08-03 16:27:14:177  INFO SYSTEM:main - SERVER STARTING...
2016-08-03 16:27:14:271  INFO SYSTEM:main - register bean name=fire.pb.activity.ActivityConfNew
2016-08-03 16:27:14:286  INFO SYSTEM:main - register bean name=fire.pb.activity.ActivityConfNew4D
2016-08-03 16:27:14:349  INFO SYSTEM:main - register bean name=fire.pb.battle.SAIAction
2016-08-03 16:27:14:380  INFO SYSTEM:main - register bean name=fire.pb.battle.SBattleAI
2016-08-03 16:27:14:505  INFO SYSTEM:main - register bean name=fire.pb.battle.SBattleInfo
2016-08-03 16:27:14:521  INFO SYSTEM:main - register bean name=fire.pb.battle.SBattleMonsterConfig
2016-08-03 16:27:14:521  INFO SYSTEM:main - register bean name=fire.pb.battle.SCatchRate
2016-08-03 16:27:14:536  INFO SYSTEM:main - register bean name=fire.pb.battle.SCondition
2016-08-03 16:27:14:536  INFO SYSTEM:main - register bean name=fire.pb.battle.SEffectPostions
2016-08-03 16:27:14:536  INFO SYSTEM:main - register bean name=fire.pb.battle.SFormationConfig
2016-08-03 16:27:14:536  INFO SYSTEM:main - register bean name=fire.pb.battle.SRoleFighteAI
2016-08-03 16:27:14:552  INFO SYSTEM:main - register bean name=fire.pb.battle.STargetFilter
2016-08-03 16:27:14:552  INFO SYSTEM:main - register bean name=fire.pb.buff.SBuffClashs
2016-08-03 16:27:14:583  INFO SYSTEM:main - register bean name=fire.pb.buff.SCBuffConfig
2016-08-03 16:27:14:583  INFO SYSTEM:main - register bean name=fire.pb.buff.SIBuffConfig
2016-08-03 16:27:14:661  INFO SYSTEM:main - register bean name=fire.pb.circletask.AnYeMaXiTuanConf
2016-08-03 16:27:14:680  INFO SYSTEM:main - register bean name=fire.pb.circletask.CircleTaskAutoAccept
2016-08-03 16:27:14:680  INFO SYSTEM:main - register bean name=fire.pb.circletask.CircTask
2016-08-03 16:27:14:680  INFO SYSTEM:main - register bean name=fire.pb.circletask.CircTaskChallengeNpc
2016-08-03 16:27:14:695  INFO SYSTEM:main - register bean name=fire.pb.circletask.CircTaskConf
2016-08-03 16:27:14:711  INFO SYSTEM:main - register bean name=fire.pb.circletask.CircTaskItemCollect
2016-08-03 16:27:14:836  INFO SYSTEM:main - register bean name=fire.pb.circletask.CircTaskItemFind
2016-08-03 16:27:14:836  INFO SYSTEM:main - register bean name=fire.pb.circletask.CircTaskItemFindLegend
2016-08-03 16:27:14:852  INFO SYSTEM:main - register bean name=fire.pb.circletask.CircTaskItemUse
2016-08-03 16:27:14:852  INFO SYSTEM:main - register bean name=fire.pb.circletask.CircTaskKillMonster
2016-08-03 16:27:14:852  INFO SYSTEM:main - register bean name=fire.pb.circletask.CircTaskMailNpc
2016-08-03 16:27:14:852  INFO SYSTEM:main - register bean name=fire.pb.circletask.CircTaskPatrol
2016-08-03 16:27:14:852  INFO SYSTEM:main - register bean name=fire.pb.circletask.CircTaskPetCatch
2016-08-03 16:27:14:867  INFO SYSTEM:main - register bean name=fire.pb.circletask.DemonstrateDefaultMonster
2016-08-03 16:27:14:867  INFO SYSTEM:main - register bean name=fire.pb.circletask.PVPAwardConfig
2016-08-03 16:27:14:867  INFO SYSTEM:main - register bean name=fire.pb.circletask.PVPMatchTimeConfig
2016-08-03 16:27:14:867  INFO SYSTEM:main - register bean name=fire.pb.circletask.PVPScoreAwardConfig
2016-08-03 16:27:14:867  INFO SYSTEM:main - register bean name=fire.pb.circletask.Random4AnYeMaXiTuan
2016-08-03 16:27:14:930  INFO SYSTEM:main - register bean name=fire.pb.circletask.RenXingCircTaskCost
2016-08-03 16:27:14:930  INFO SYSTEM:main - register bean name=fire.pb.circletask.SCircTaskMonsterConfig
2016-08-03 16:27:14:930  INFO SYSTEM:main - register bean name=fire.pb.circletask.SPVP1MapConfig
2016-08-03 16:27:14:945  INFO SYSTEM:main - register bean name=fire.pb.circletask.SPVP3MapConfig
2016-08-03 16:27:14:945  INFO SYSTEM:main - register bean name=fire.pb.circletask.SPVP5MapConfig
2016-08-03 16:27:14:945  INFO SYSTEM:main - register bean name=fire.pb.clan.SClanDrugstore
2016-08-03 16:27:14:945  INFO SYSTEM:main - register bean name=fire.pb.clan.SClanFight
2016-08-03 16:27:14:945  INFO SYSTEM:main - register bean name=fire.pb.clan.SClanGoldBank
2016-08-03 16:27:14:945  INFO SYSTEM:main - register bean name=fire.pb.clan.SClanHotel
2016-08-03 16:27:14:945  INFO SYSTEM:main - register bean name=fire.pb.clan.SClanLobby
2016-08-03 16:27:14:961  INFO SYSTEM:main - register bean name=fire.pb.clan.SClanPosition
2016-08-03 16:27:14:961  INFO SYSTEM:main - register bean name=fire.pb.clan.SClanyaofang
2016-08-03 16:27:14:961  INFO SYSTEM:main - register bean name=fire.pb.clan.SRuneSet
2016-08-03 16:27:14:977  INFO SYSTEM:main - register bean name=fire.pb.common.SCommon
2016-08-03 16:27:14:977  INFO SYSTEM:main - register bean name=fire.pb.effect.SAbilityScore
2016-08-03 16:27:14:992  INFO SYSTEM:main - register bean name=fire.pb.effect.SAttrEffectID2Name
2016-08-03 16:27:14:992  INFO SYSTEM:main - register bean name=fire.pb.effect.SEquipAbilityScore
2016-08-03 16:27:14:992  INFO SYSTEM:main - register bean name=fire.pb.effect.SEquipSkillShowConfig
2016-08-03 16:27:14:992  INFO SYSTEM:main - register bean name=fire.pb.effect.SPetAbilityScore
2016-08-03 16:27:14:992  INFO SYSTEM:main - register bean name=fire.pb.friends.FriendGiveGift
2016-08-03 16:27:14:992  INFO SYSTEM:main - register bean name=fire.pb.friends.FriendGiveItem
2016-08-03 16:27:14:992  INFO SYSTEM:main - register bean name=fire.pb.friends.SpaceDropGift
2016-08-03 16:27:14:992  INFO SYSTEM:main - register bean name=fire.pb.friends.XshGiveGift
2016-08-03 16:27:14:992  INFO SYSTEM:main - register bean name=fire.pb.fushi.SAddCash
2016-08-03 16:27:15:008  INFO SYSTEM:main - register bean name=fire.pb.fushi.SAddCashPCard
2016-08-03 16:27:15:008  INFO SYSTEM:main - register bean name=fire.pb.fushi.SChargeReturnProfit
2016-08-03 16:27:15:008  INFO SYSTEM:main - register bean name=fire.pb.fushi.SCommonDayPay
2016-08-03 16:27:15:008  INFO SYSTEM:main - register bean name=fire.pb.fushi.SCreditPoint
2016-08-03 16:27:15:008  INFO SYSTEM:main - register bean name=fire.pb.fushi.SFreeDisRewardConfig
2016-08-03 16:27:15:008  INFO SYSTEM:main - register bean name=fire.pb.fushi.SFreeDisRewardConfigDayPay
2016-08-03 16:27:15:008  INFO SYSTEM:main - register bean name=fire.pb.fushi.SMonthCardConfig
2016-08-03 16:27:15:008  INFO SYSTEM:main - register bean name=fire.pb.fushi.SMonthCardConfigDayPay
2016-08-03 16:27:15:008  INFO SYSTEM:main - register bean name=fire.pb.fushi.SRedPackConfig
2016-08-03 16:27:15:008  INFO SYSTEM:main - register bean name=fire.pb.fushi.SSpotCardConfig
2016-08-03 16:27:15:008  INFO SYSTEM:main - register bean name=fire.pb.fushi.SVipInfoConfig
2016-08-03 16:27:15:039  INFO SYSTEM:main - register bean name=fire.pb.game.SActivityAward
2016-08-03 16:27:15:039  INFO SYSTEM:main - register bean name=fire.pb.game.Sdongtaifuwu
2016-08-03 16:27:15:039  INFO SYSTEM:main - register bean name=fire.pb.game.SFirstPayReward
2016-08-03 16:27:15:039  INFO SYSTEM:main - register bean name=fire.pb.game.SFortuneWheel
2016-08-03 16:27:15:070  INFO SYSTEM:main - register bean name=fire.pb.game.SImperialExamProvinceRepo
2016-08-03 16:27:15:070  INFO SYSTEM:main - register bean name=fire.pb.game.SImperialExamStateRankReward
2016-08-03 16:27:15:102  INFO SYSTEM:main - register bean name=fire.pb.game.SImperialExamStateRepo
2016-08-03 16:27:15:102  INFO SYSTEM:main - register bean name=fire.pb.game.SImperialExamVillageRepo
2016-08-03 16:27:15:102  INFO SYSTEM:main - register bean name=fire.pb.game.Smuldayloginreward
2016-08-03 16:27:15:102  INFO SYSTEM:main - register bean name=fire.pb.game.Snpcjianglifafang
2016-08-03 16:27:15:133  INFO SYSTEM:main - register bean name=fire.pb.game.SPointCardActivityAward
2016-08-03 16:27:15:149  INFO SYSTEM:main - register bean name=fire.pb.game.SPointCardFirstPayReward
2016-08-03 16:27:15:149  INFO SYSTEM:main - register bean name=fire.pb.game.SPVPCrossWhiteList
2016-08-03 16:27:15:149  INFO SYSTEM:main - register bean name=fire.pb.game.Sregreward
2016-08-03 16:27:15:149  INFO SYSTEM:main - register bean name=fire.pb.game.SRollCardConfig
2016-08-03 16:27:15:149  INFO SYSTEM:main - register bean name=fire.pb.game.SSchoolWheel
2016-08-03 16:27:15:164  INFO SYSTEM:main - register bean name=fire.pb.gm.About360XuanShang
2016-08-03 16:27:15:164  INFO SYSTEM:main - register bean name=fire.pb.gm.SGMStandard
2016-08-03 16:27:15:180  INFO SYSTEM:main - register bean name=fire.pb.instance.SBingFengCfg
2016-08-03 16:27:15:180  INFO SYSTEM:main - register bean name=fire.pb.instance.SBingFengJiangLiCfg
2016-08-03 16:27:15:180  INFO SYSTEM:main - register bean name=fire.pb.instance.SBingFengPingJi
2016-08-03 16:27:15:180  INFO SYSTEM:main - register bean name=fire.pb.instance.SInstaceConfig
2016-08-03 16:27:15:180  INFO SYSTEM:main - register bean name=fire.pb.instance.SInstaceEvent
2016-08-03 16:27:15:180  INFO SYSTEM:main - register bean name=fire.pb.instance.SInstaceNpc
2016-08-03 16:27:15:180  INFO SYSTEM:main - register bean name=fire.pb.instance.SInstanceAct
2016-08-03 16:27:15:195  INFO SYSTEM:main - register bean name=fire.pb.instance.SInstanceChildSave
2016-08-03 16:27:15:195  INFO SYSTEM:main - register bean name=fire.pb.instance.SInstanceSave
2016-08-03 16:27:15:195  INFO SYSTEM:main - register bean name=fire.pb.instance.SInstanceService
2016-08-03 16:27:15:195  INFO SYSTEM:main - register bean name=fire.pb.item.BagConfig
2016-08-03 16:27:15:492  INFO SYSTEM:main - register bean name=fire.pb.item.DEquipItemShuXing
2016-08-03 16:27:15:508  INFO SYSTEM:main - register bean name=fire.pb.item.DgemItemShuXing
2016-08-03 16:27:15:539  INFO SYSTEM:main - register bean name=fire.pb.item.DGroceryItemShuXing
2016-08-03 16:27:15:555  INFO SYSTEM:main - register bean name=fire.pb.item.DItemClassConfig
2016-08-03 16:27:15:555  INFO SYSTEM:main - register bean name=fire.pb.item.DItemShuXing
2016-08-03 16:27:15:555  INFO SYSTEM:main - register bean name=fire.pb.item.DPetItemShuXing
2016-08-03 16:27:15:555  INFO SYSTEM:main - register bean name=fire.pb.item.DSEquipHeCheng
2016-08-03 16:27:15:555  INFO SYSTEM:main - register bean name=fire.pb.item.DSEquipLvGemInfo
2016-08-03 16:27:15:570  INFO SYSTEM:main - register bean name=fire.pb.item.DSFoodAndDrugEffect
2016-08-03 16:27:15:570  INFO SYSTEM:main - register bean name=fire.pb.item.DTaskItemShuXing
2016-08-03 16:27:15:852  INFO SYSTEM:main - register bean name=fire.pb.item.EquipItemShuXing
2016-08-03 16:27:15:864  INFO SYSTEM:main - register bean name=fire.pb.item.gemItemShuXing
2016-08-03 16:27:15:911  INFO SYSTEM:main - register bean name=fire.pb.item.GroceryItemShuXing
2016-08-03 16:27:15:911  INFO SYSTEM:main - register bean name=fire.pb.item.ItemClassConfig
2016-08-03 16:27:15:911  INFO SYSTEM:main - register bean name=fire.pb.item.ItemNameClassConfig
2016-08-03 16:27:15:911  INFO SYSTEM:main - register bean name=fire.pb.item.ItemShuXing
2016-08-03 16:27:15:911  INFO SYSTEM:main - register bean name=fire.pb.item.PetItemShuXing
2016-08-03 16:27:15:911  INFO SYSTEM:main - register bean name=fire.pb.item.QualityFormula
2016-08-03 16:27:15:911  INFO SYSTEM:main - register bean name=fire.pb.item.Sanquan
2016-08-03 16:27:15:911  INFO SYSTEM:main - register bean name=fire.pb.item.SBaoShiBiao
2016-08-03 16:27:15:927  INFO SYSTEM:main - register bean name=fire.pb.item.SBattleUseItem
2016-08-03 16:27:15:927  INFO SYSTEM:main - register bean name=fire.pb.item.SCanntInChangKu
2016-08-03 16:27:15:927  INFO SYSTEM:main - register bean name=fire.pb.item.SChangKuExt
2016-08-03 16:27:15:942  INFO SYSTEM:main - register bean name=fire.pb.item.SDianKaLibaoConfig
2016-08-03 16:27:15:942  INFO SYSTEM:main - register bean name=fire.pb.item.SDirectUseItem
2016-08-03 16:27:15:958  INFO SYSTEM:main - register bean name=fire.pb.item.SEquipAddattributelib
2016-08-03 16:27:16:005  INFO SYSTEM:main - register bean name=fire.pb.item.SEquipAddattributerandomlib
2016-08-03 16:27:16:005  INFO SYSTEM:main - register bean name=fire.pb.item.SEquipHeCheng
2016-08-03 16:27:16:161  INFO SYSTEM:main - register bean name=fire.pb.item.SEquipIteminfo
2016-08-03 16:27:16:161  INFO SYSTEM:main - register bean name=fire.pb.item.SEquipLvGemInfo
2016-08-03 16:27:16:192  INFO SYSTEM:main - register bean name=fire.pb.item.SEquipMakeInfo
2016-08-03 16:27:16:192  INFO SYSTEM:main - register bean name=fire.pb.item.SEquipNaiJiuXiaoHao
2016-08-03 16:27:16:192  INFO SYSTEM:main - register bean name=fire.pb.item.SFoodAndDrugEffect
2016-08-03 16:27:16:192  INFO SYSTEM:main - register bean name=fire.pb.item.SItemBuff
2016-08-03 16:27:16:192  INFO SYSTEM:main - register bean name=fire.pb.item.SItemToDbPoint
2016-08-03 16:27:16:192  INFO SYSTEM:main - register bean name=fire.pb.item.SItemToHuoban
2016-08-03 16:27:16:208  INFO SYSTEM:main - register bean name=fire.pb.item.SItemToItem
2016-08-03 16:27:16:208  INFO SYSTEM:main - register bean name=fire.pb.item.SItemToPet
2016-08-03 16:27:16:208  INFO SYSTEM:main - register bean name=fire.pb.item.SItemUseTime
2016-08-03 16:27:16:224  INFO SYSTEM:main - register bean name=fire.pb.item.SLibaoConfig
2016-08-03 16:27:16:224  INFO SYSTEM:main - register bean name=fire.pb.item.SParkExtTable
2016-08-03 16:27:16:224  INFO SYSTEM:main - register bean name=fire.pb.item.SPetSkillSuccessConfig
2016-08-03 16:27:16:224  INFO SYSTEM:main - register bean name=fire.pb.item.SProduceItem
2016-08-03 16:27:16:224  INFO SYSTEM:main - register bean name=fire.pb.item.SRankListNumConfig
2016-08-03 16:27:16:224  INFO SYSTEM:main - register bean name=fire.pb.item.STimeReturn
2016-08-03 16:27:16:224  INFO SYSTEM:main - register bean name=fire.pb.item.STimingReward
2016-08-03 16:27:16:224  INFO SYSTEM:main - register bean name=fire.pb.item.STransformationConfig
2016-08-03 16:27:16:224  INFO SYSTEM:main - register bean name=fire.pb.item.STransformationEffectConfig
2016-08-03 16:27:16:239  INFO SYSTEM:main - register bean name=fire.pb.item.TaskItemShuXing
2016-08-03 16:27:16:239  INFO SYSTEM:main - register bean name=fire.pb.login.SCompensationConfig
2016-08-03 16:27:16:239  INFO SYSTEM:main - register bean name=fire.pb.main.HotfixConfig
2016-08-03 16:27:16:239  INFO SYSTEM:main - register bean name=fire.pb.main.HotfixXml2ModuleConfig
2016-08-03 16:27:16:239  INFO SYSTEM:main - register bean name=fire.pb.main.JumpQueueUser
2016-08-03 16:27:16:239  INFO SYSTEM:main - register bean name=fire.pb.main.LoginLimit
2016-08-03 16:27:16:239  INFO SYSTEM:main - register bean name=fire.pb.main.LoginQueueUp
2016-08-03 16:27:16:239  INFO SYSTEM:main - register bean name=fire.pb.main.ModuleInfo
2016-08-03 16:27:16:255  INFO SYSTEM:main - register bean name=fire.pb.map.MapConfig
2016-08-03 16:27:16:255  INFO SYSTEM:main - register bean name=fire.pb.map.SActivityAwardItems
2016-08-03 16:27:16:271  INFO SYSTEM:main - register bean name=fire.pb.map.SEventTimerNpc
2016-08-03 16:27:16:271  INFO SYSTEM:main - register bean name=fire.pb.map.SEventTimerNpcDianKa
2016-08-03 16:27:16:271  INFO SYSTEM:main - register bean name=fire.pb.map.SFindTreasureEvent
2016-08-03 16:27:16:271  INFO SYSTEM:main - register bean name=fire.pb.map.SFindTreasureEventDianKa
2016-08-03 16:27:16:271  INFO SYSTEM:main - register bean name=fire.pb.map.SFindTreasureGift
2016-08-03 16:27:16:271  INFO SYSTEM:main - register bean name=fire.pb.map.SFindTreasureGiftDianKa
2016-08-03 16:27:16:271  INFO SYSTEM:main - register bean name=fire.pb.map.SFindTreasureResult
2016-08-03 16:27:16:271  INFO SYSTEM:main - register bean name=fire.pb.map.SFindTreasureResultDianKa
2016-08-03 16:27:16:271  INFO SYSTEM:main - register bean name=fire.pb.map.SItemToPos
2016-08-03 16:27:16:271  INFO SYSTEM:main - register bean name=fire.pb.map.SMineArea
2016-08-03 16:27:16:271  INFO SYSTEM:main - register bean name=fire.pb.map.SShowAreainfo
2016-08-03 16:27:16:271  INFO SYSTEM:main - register bean name=fire.pb.map.SWorldMapConfig
2016-08-03 16:27:16:286  INFO SYSTEM:main - register bean name=fire.pb.message.SStringRes
2016-08-03 16:27:16:286  INFO SYSTEM:main - register bean name=fire.pb.mission.SActiveChestConfig
2016-08-03 16:27:16:286  INFO SYSTEM:main - register bean name=fire.pb.mission.SActiveChestConfig4D
2016-08-03 16:27:16:286  INFO SYSTEM:main - register bean name=fire.pb.mission.SActivityQuestion
2016-08-03 16:27:16:286  INFO SYSTEM:main - register bean name=fire.pb.mission.SAllTaskLine
2016-08-03 16:27:16:286  INFO SYSTEM:main - register bean name=fire.pb.mission.Sbukefangqirenwu
2016-08-03 16:27:16:286  INFO SYSTEM:main - register bean name=fire.pb.mission.SGuideCourse
2016-08-03 16:27:16:286  INFO SYSTEM:main - register bean name=fire.pb.mission.SGuideCourseDianKa
2016-08-03 16:27:16:286  INFO SYSTEM:main - register bean name=fire.pb.mission.SLandFightConfig
2016-08-03 16:27:16:302  INFO SYSTEM:main - register bean name=fire.pb.mission.SLandPingJi
2016-08-03 16:27:16:302  INFO SYSTEM:main - register bean name=fire.pb.mission.SLandTask
2016-08-03 16:27:16:302  INFO SYSTEM:main - register bean name=fire.pb.mission.SLandTaskConfig
2016-08-03 16:27:16:302  INFO SYSTEM:main - register bean name=fire.pb.mission.SLinepingji
2016-08-03 16:27:16:302  INFO SYSTEM:main - register bean name=fire.pb.mission.SLineTask
2016-08-03 16:27:16:317  INFO SYSTEM:main - register bean name=fire.pb.mission.SLineTaskConfig
2016-08-03 16:27:16:317  INFO SYSTEM:main - register bean name=fire.pb.mission.SLineTaskFight
2016-08-03 16:27:16:411  INFO SYSTEM:main - register bean name=fire.pb.mission.SMissionData
2016-08-03 16:27:16:411  INFO SYSTEM:main - register bean name=fire.pb.mission.SNewFunctionOpen
2016-08-03 16:27:16:411  INFO SYSTEM:main - register bean name=fire.pb.mission.SQuestCanAcceptList
2016-08-03 16:27:16:411  INFO SYSTEM:main - register bean name=fire.pb.mission.SQuestCanAcceptListDianKa
2016-08-03 16:27:16:411  INFO SYSTEM:main - register bean name=fire.pb.mission.Squestions
2016-08-03 16:27:16:427  INFO SYSTEM:main - register bean name=fire.pb.mission.SSpecialScenarioQuestConfig
2016-08-03 16:27:16:427  INFO SYSTEM:main - register bean name=fire.pb.npc.SActivityNpcPos
2016-08-03 16:27:16:427  INFO SYSTEM:main - register bean name=fire.pb.npc.SAllConds
2016-08-03 16:27:16:427  INFO SYSTEM:main - register bean name=fire.pb.npc.SBaoxiang
2016-08-03 16:27:16:427  INFO SYSTEM:main - register bean name=fire.pb.npc.SchoolMaster
2016-08-03 16:27:16:427  INFO SYSTEM:main - register bean name=fire.pb.npc.SFestivalGift
2016-08-03 16:27:16:427  INFO SYSTEM:main - register bean name=fire.pb.npc.SGatherConfig
2016-08-03 16:27:16:427  INFO SYSTEM:main - register bean name=fire.pb.npc.SHeroBaseInfo
2016-08-03 16:27:16:427  INFO SYSTEM:main - register bean name=fire.pb.npc.SHeroWeekFreeInfo
2016-08-03 16:27:16:427  INFO SYSTEM:main - register bean name=fire.pb.npc.SHireNpc
2016-08-03 16:27:16:427  INFO SYSTEM:main - register bean name=fire.pb.npc.SLeitaiLevel
2016-08-03 16:27:17:771  INFO SYSTEM:main - register bean name=fire.pb.npc.SMonsterConfig
2016-08-03 16:27:17:776  INFO SYSTEM:main - register bean name=fire.pb.npc.SMonstershowConfig
2016-08-03 16:27:17:777  INFO SYSTEM:main - register bean name=fire.pb.npc.SNpcNameRandom
2016-08-03 16:27:17:777  INFO SYSTEM:main - register bean name=fire.pb.npc.SNpcPreNameRandom
2016-08-03 16:27:17:777  INFO SYSTEM:main - register bean name=fire.pb.npc.SNpcServiceConfig
2016-08-03 16:27:17:777  INFO SYSTEM:main - register bean name=fire.pb.npc.SNpcServiceMapping
2016-08-03 16:27:17:793  INFO SYSTEM:main - register bean name=fire.pb.npc.SNpcShape
2016-08-03 16:27:17:824  INFO SYSTEM:main - register bean name=fire.pb.npc.SNpcShare
2016-08-03 16:27:17:824  INFO SYSTEM:main - register bean name=fire.pb.npc.SRefreshTimerNpc
2016-08-03 16:27:17:824  INFO SYSTEM:main - register bean name=fire.pb.npc.SRefreshTimerNpcDianKa
2016-08-03 16:27:17:824  INFO SYSTEM:main - register bean name=fire.pb.npc.SRide
2016-08-03 16:27:17:824  INFO SYSTEM:main - register bean name=fire.pb.npc.SRideItem
2016-08-03 16:27:17:840  INFO SYSTEM:main - register bean name=fire.pb.npc.SServiceConds
2016-08-03 16:27:17:887  INFO SYSTEM:main - register bean name=fire.pb.npc.SWildMonsterConfig
2016-08-03 16:27:17:918  INFO SYSTEM:main - register bean name=fire.pb.pet.PetAttr
2016-08-03 16:27:17:918  INFO SYSTEM:main - register bean name=fire.pb.pet.PetAttrModData
2016-08-03 16:27:17:918  INFO SYSTEM:main - register bean name=fire.pb.pet.PetColumnConfig
2016-08-03 16:27:17:918  INFO SYSTEM:main - register bean name=fire.pb.pet.PetLearnSkillRateConfig
2016-08-03 16:27:17:918  INFO SYSTEM:main - register bean name=fire.pb.pet.PetNextExp
2016-08-03 16:27:17:918  INFO SYSTEM:main - register bean name=fire.pb.pet.PetResetPointConfig
2016-08-03 16:27:17:934  INFO SYSTEM:main - register bean name=fire.pb.pet.PetSynthesizeSkillRateConfig
2016-08-03 16:27:17:934  INFO SYSTEM:main - register bean name=fire.pb.pet.SPetDepotPrice
2016-08-03 16:27:17:934  INFO SYSTEM:main - register bean name=fire.pb.pet.SShenShouInc
2016-08-03 16:27:17:934  INFO SYSTEM:main - register bean name=fire.pb.role.AttrModData
2016-08-03 16:27:17:934  INFO SYSTEM:main - register bean name=fire.pb.role.NextExpAndResMoney
2016-08-03 16:27:17:934  INFO SYSTEM:main - register bean name=fire.pb.role.Redirect
2016-08-03 16:27:17:934  INFO SYSTEM:main - register bean name=fire.pb.role.RoleConfig
2016-08-03 16:27:17:934  INFO SYSTEM:main - register bean name=fire.pb.role.RoleModData
2016-08-03 16:27:17:934  INFO SYSTEM:main - register bean name=fire.pb.role.Saddpointchange
2016-08-03 16:27:17:934  INFO SYSTEM:main - register bean name=fire.pb.role.SCreateRoleConfig
2016-08-03 16:27:17:934  INFO SYSTEM:main - register bean name=fire.pb.role.SEquipEffectConfig
2016-08-03 16:27:17:949  INFO SYSTEM:main - register bean name=fire.pb.role.SRoleNameData
2016-08-03 16:27:17:949  INFO SYSTEM:main - register bean name=fire.pb.role.SRoleRColorConfig
2016-08-03 16:27:17:949  INFO SYSTEM:main - register bean name=fire.pb.role.SRoleSymbolRepository
2016-08-03 16:27:17:949  INFO SYSTEM:main - register bean name=fire.pb.role.SServerMaxLevelConfig
2016-08-03 16:27:17:949  INFO SYSTEM:main - register bean name=fire.pb.role.SServiceExpConfig
2016-08-03 16:27:17:965  INFO SYSTEM:main - register bean name=fire.pb.role.SServiceLevelConfig
2016-08-03 16:27:17:965  INFO SYSTEM:main - register bean name=fire.pb.shop.DMarketFirstTable
2016-08-03 16:27:17:980  INFO SYSTEM:main - register bean name=fire.pb.shop.DMarketThreeTable
2016-08-03 16:27:17:996  INFO SYSTEM:main - register bean name=fire.pb.shop.DSGoods
2016-08-03 16:27:17:996  INFO SYSTEM:main - register bean name=fire.pb.shop.DSMallShop
2016-08-03 16:27:17:996  INFO SYSTEM:main - register bean name=fire.pb.shop.DSNpcSale
2016-08-03 16:27:17:996  INFO SYSTEM:main - register bean name=fire.pb.shop.MarketFirstTable
2016-08-03 16:27:18:012  INFO SYSTEM:main - register bean name=fire.pb.shop.MarketThreeTable
2016-08-03 16:27:18:027  INFO SYSTEM:main - register bean name=fire.pb.shop.SGoods
2016-08-03 16:27:18:027  INFO SYSTEM:main - register bean name=fire.pb.shop.SMallShop
2016-08-03 16:27:18:027  INFO SYSTEM:main - register bean name=fire.pb.shop.SNpcSale
2016-08-03 16:27:18:027  INFO SYSTEM:main - register bean name=fire.pb.shop.SPetShop
2016-08-03 16:27:18:027  INFO SYSTEM:main - register bean name=fire.pb.skill.SActionTime
2016-08-03 16:27:18:027  INFO SYSTEM:main - register bean name=fire.pb.skill.SAssistSkill
2016-08-03 16:27:18:027  INFO SYSTEM:main - register bean name=fire.pb.skill.SInbornConsume
2016-08-03 16:27:18:043  INFO SYSTEM:main - register bean name=fire.pb.skill.SInbornEffectSkill
2016-08-03 16:27:18:059  INFO SYSTEM:main - register bean name=fire.pb.skill.SInbornInfo
2016-08-03 16:27:18:090  INFO SYSTEM:main - register bean name=fire.pb.skill.SInbornMaxLevel
2016-08-03 16:27:18:105  INFO SYSTEM:main - register bean name=fire.pb.skill.SLifeSkill
2016-08-03 16:27:18:105  INFO SYSTEM:main - register bean name=fire.pb.skill.SLifeSkillCost
2016-08-03 16:27:18:105  INFO SYSTEM:main - register bean name=fire.pb.skill.SNuqiget
2016-08-03 16:27:18:105  INFO SYSTEM:main - register bean name=fire.pb.skill.SParticeSkillLevelup
2016-08-03 16:27:18:105  INFO SYSTEM:main - register bean name=fire.pb.skill.SPetSkillitem
2016-08-03 16:27:18:105  INFO SYSTEM:main - register bean name=fire.pb.skill.SPetSkillupgrade
2016-08-03 16:27:18:121  INFO SYSTEM:main - register bean name=fire.pb.skill.SPointCardParticeSkillLevelup
2016-08-03 16:27:18:121  INFO SYSTEM:main - register bean name=fire.pb.skill.SPracticeItemExp
2016-08-03 16:27:18:121  INFO SYSTEM:main - register bean name=fire.pb.skill.SSceneSkillConfig
2016-08-03 16:27:18:121  INFO SYSTEM:main - register bean name=fire.pb.skill.SSchoolSkillitem
2016-08-03 16:27:18:137  INFO SYSTEM:main - register bean name=fire.pb.skill.SSkillConfig
2016-08-03 16:27:18:152  INFO SYSTEM:main - register bean name=fire.pb.skill.SSkillInfoConfig
2016-08-03 16:27:18:183  INFO SYSTEM:main - register bean name=fire.pb.skill.SSubSkillConfig
2016-08-03 16:27:18:183  INFO SYSTEM:main - register bean name=fire.pb.SysConfig.SHotdeployClass
2016-08-03 16:27:18:183  INFO SYSTEM:main - register bean name=fire.pb.SysConfig.SSysconfig
2016-08-03 16:27:18:199  INFO SYSTEM:main - register bean name=fire.pb.team.DSTeamMatchInfo
2016-08-03 16:27:18:199  INFO SYSTEM:main - register bean name=fire.pb.team.SGuangHuanLevelup
2016-08-03 16:27:18:199  INFO SYSTEM:main - register bean name=fire.pb.team.STeamListInfo
2016-08-03 16:27:18:199  INFO SYSTEM:main - register bean name=fire.pb.team.STeamMatchInfo
2016-08-03 16:27:18:199  INFO SYSTEM:main - register bean name=fire.pb.team.SZhenFaeffect
2016-08-03 16:27:18:199  INFO SYSTEM:main - register bean name=fire.pb.timer.SScheculedActivity
2016-08-03 16:27:18:215  INFO SYSTEM:main - register bean name=fire.pb.timer.SScheculedActivityDianKa
2016-08-03 16:27:18:215  INFO SYSTEM:main - register bean name=fire.pb.title.SItemTitleConfig
2016-08-03 16:27:18:215  INFO SYSTEM:main - register bean name=fire.pb.title.STitleConfig
2016-08-03 16:27:18:215  INFO SYSTEM:main - register bean name=fire.pb.triggers.STriggerCondition
2016-08-03 16:27:18:215  INFO SYSTEM:main - register bean name=fire.pb.triggers.STriggerCondition4D
2016-08-03 16:27:18:230  INFO SYSTEM:main - register properties=activity
2016-08-03 16:27:18:230  INFO SYSTEM:main - register properties=battle
2016-08-03 16:27:18:230  INFO SYSTEM:main - register properties=cross
2016-08-03 16:27:18:230  INFO SYSTEM:main - register properties=forbid
2016-08-03 16:27:18:230  INFO SYSTEM:main - register properties=fushi
2016-08-03 16:27:18:230  INFO SYSTEM:main - register properties=game
2016-08-03 16:27:18:230  INFO SYSTEM:main - register properties=item
2016-08-03 16:27:18:230  INFO SYSTEM:main - register properties=market
2016-08-03 16:27:18:230  INFO SYSTEM:main - register properties=message
2016-08-03 16:27:18:230  INFO SYSTEM:main - register properties=npc
2016-08-03 16:27:18:230  INFO SYSTEM:main - register properties=operlog
2016-08-03 16:27:18:230  INFO SYSTEM:main - register properties=robot
2016-08-03 16:27:18:230  INFO SYSTEM:main - register properties=school
2016-08-03 16:27:18:230  INFO SYSTEM:main - register properties=serverid
2016-08-03 16:27:18:246  INFO SYSTEM:main - register properties=skill
2016-08-03 16:27:18:246  INFO SYSTEM:main - register properties=specialquest
2016-08-03 16:27:18:246  INFO SYSTEM:main - register properties=sys
2016-08-03 16:27:18:246  INFO SYSTEM:main - register properties=task
2016-08-03 16:27:24:841  INFO SYSTEM:main -  26915 EndOfDayTask
2016-08-03 16:27:24:841  INFO SYSTEM:main -  27157 BeginOfDayTask
2016-08-03 16:27:25:232  INFO SYSTEM:mkdb.Worker.procedure.26 - Server start clear timeout offline protocol.
2016-08-03 16:27:25:638  INFO SYSTEM:main - localhttpserver start port : 29300
2016-08-03 16:27:25:638  INFO SYSTEM:main - Charge Callback Server Thread Start!Listen at 0.0.0.0:8800
2016-08-03 16:27:25:638  INFO SYSTEM:main - ThreadPool init!initsize:8,maxsize:20,queue:1000
2016-08-03 16:27:25:638  INFO SYSTEM:main - SERVER OPENED! Current Local Id:1
2016-08-03 16:27:25:638  INFO SYSTEM:mkio.Engine.1 - delivery connected
2016-08-03 16:27:25:654  INFO SYSTEM:main - Config -usemysql:false
2016-08-03 16:27:25:654  INFO SYSTEM:main -  is merger server = false
2016-08-03 16:27:25:654  INFO SYSTEM:mkio.Engine.2 - Onlines start Listen:Mkio/192.168.29.161:37001-/192.168.29.161:37001@Provider
2016-08-03 16:27:25:654  INFO SYSTEM:mkdb.Worker..40 - plattype:1,serverid:1101961014
2016-08-03 16:27:25:654  INFO SYSTEM:mkdb.Worker..40 - Gs.isYingyongbao=false
2016-08-03 16:27:25:856  INFO SYSTEM:mkdb.Worker.scheduled.51 - gametime update.curGameTime:-1gametime:10
2016-08-03 16:29:55:853  INFO SYSTEM:mkdb.Worker.scheduled.51 - gametime update.curGameTime:10gametime:11
2016-08-03 16:32:25:859  INFO SYSTEM:mkdb.Worker.scheduled.52 - gametime update.curGameTime:11gametime:0
2016-08-03 16:34:55:854  INFO SYSTEM:mkdb.Worker.scheduled.52 - gametime update.curGameTime:0gametime:1
2016-08-03 16:37:25:866  INFO SYSTEM:mkdb.Worker.scheduled.52 - gametime update.curGameTime:1gametime:2
2016-08-03 16:39:55:862  INFO SYSTEM:mkdb.Worker.scheduled.24 - gametime update.curGameTime:2gametime:3
2016-08-03 16:42:25:866  INFO SYSTEM:mkdb.Worker.scheduled.21 - gametime update.curGameTime:3gametime:4
2016-08-03 16:44:55:859  INFO SYSTEM:mkdb.Worker.scheduled.21 - gametime update.curGameTime:4gametime:5
2016-08-03 16:45:08:112  INFO SYSTEM:mkdb.Worker.procedure.50 - UserInfoRep:,userid:22,func:0,username:haimo1,plattype:ljpl,blisgm:0,loginip:958441664
2016-08-03 16:45:08:112  INFO SYSTEM:mkdb.Worker..40 - userID=22 CRoleList
2016-08-03 16:45:08:128 ERROR SYSTEM:mkdb.Worker..40 - User UserId = 22 linksid= 4905
2016-08-03 16:45:11:901 ERROR SYSTEM:mkdb.Worker.procedure.25 - 2	
2016-08-03 16:45:11:901  INFO SYSTEM:mkdb.Worker.procedure.25 -    
2016-08-03 16:45:20:202  INFO SYSTEM:EnterWorldThread - roleid=4097 
2016-08-03 16:45:20:202 ERROR SYSTEM:EnterWorldThread - roleId=4097 insert linksid = 4905 userid=22
2016-08-03 16:45:20:233 ERROR SYSTEM:EnterWorldThread - roleid=4097 CEnterWorld: 
2016-08-03 16:45:20:233  INFO SYSTEM:mkdb.Worker.procedure.44 - roleId=4097 userId = 22class fire.pb.state.PRoleOnline
2016-08-03 16:45:20:296  INFO SYSTEM:mkdb.Worker.procedure.44 - roleId=4097 class fire.pb.state.PreEntryState
2016-08-03 16:45:20:436  INFO SYSTEM:mkdb.Worker.procedure.44 - Begin sendEnterWorld roleId=4097,class fire.pb.state.PreEntryState
2016-08-03 16:45:20:889  INFO SYSTEM:mkdb.Worker.procedure.44 - End sendEnterWorld roleId=4097,class fire.pb.state.PreEntryState
2016-08-03 16:45:22:761  INFO SYSTEM:mkdb.Worker.procedure.44 - roleId=4097 class fire.pb.state.EntryState
2016-08-03 16:45:22:761  INFO SYSTEM:mkdb.Worker.procedure.44 - roleId=4097 userId = 22
2016-08-03 16:47:25:862  INFO SYSTEM:mkdb.Worker.scheduled.51 - gametime update.curGameTime:5gametime:6
2016-08-03 16:49:55:863  INFO SYSTEM:mkdb.Worker.scheduled.24 - gametime update.curGameTime:6gametime:7
2016-08-03 16:52:25:852  INFO SYSTEM:mkdb.Worker.scheduled.24 - gametime update.curGameTime:7gametime:8
2016-08-03 16:54:55:860  INFO SYSTEM:mkdb.Worker.scheduled.24 - gametime update.curGameTime:8gametime:9
2016-08-03 16:57:25:857  INFO SYSTEM:mkdb.Worker.scheduled.58 - gametime update.curGameTime:9gametime:10
2016-08-03 16:59:55:854  INFO SYSTEM:mkdb.Worker.scheduled.21 - gametime update.curGameTime:10gametime:11
