2016-08-03 17:02:15:517 ERROR SYSTEM:mkdb.Worker.procedure.43 - OpTokenLog error: code=2144
2016-08-03 17:02:25:861  INFO SYSTEM:mkdb.Worker.scheduled.52 - gametime update.curGameTime:11gametime:0
2016-08-03 17:02:48:080  INFO SYSTEM:main - SERVER STARTING...
2016-08-03 17:02:48:210  INFO SYSTEM:main - register bean name=fire.pb.activity.ActivityConfNew
2016-08-03 17:02:48:226  INFO SYSTEM:main - register bean name=fire.pb.activity.ActivityConfNew4D
2016-08-03 17:02:48:304  INFO SYSTEM:main - register bean name=fire.pb.battle.SAIAction
2016-08-03 17:02:48:336  INFO SYSTEM:main - register bean name=fire.pb.battle.SBattleAI
2016-08-03 17:02:48:489  INFO SYSTEM:main - register bean name=fire.pb.battle.SBattleInfo
2016-08-03 17:02:48:495  INFO SYSTEM:main - register bean name=fire.pb.battle.SBattleMonsterConfig
2016-08-03 17:02:48:500  INFO SYSTEM:main - register bean name=fire.pb.battle.SCatchRate
2016-08-03 17:02:48:520  INFO SYSTEM:main - register bean name=fire.pb.battle.SCondition
2016-08-03 17:02:48:525  INFO SYSTEM:main - register bean name=fire.pb.battle.SEffectPostions
2016-08-03 17:02:48:530  INFO SYSTEM:main - register bean name=fire.pb.battle.SFormationConfig
2016-08-03 17:02:48:536  INFO SYSTEM:main - register bean name=fire.pb.battle.SRoleFighteAI
2016-08-03 17:02:48:550  INFO SYSTEM:main - register bean name=fire.pb.battle.STargetFilter
2016-08-03 17:02:48:563  INFO SYSTEM:main - register bean name=fire.pb.buff.SBuffClashs
2016-08-03 17:02:48:585  INFO SYSTEM:main - register bean name=fire.pb.buff.SCBuffConfig
2016-08-03 17:02:48:591  INFO SYSTEM:main - register bean name=fire.pb.buff.SIBuffConfig
2016-08-03 17:02:48:685  INFO SYSTEM:main - register bean name=fire.pb.circletask.AnYeMaXiTuanConf
2016-08-03 17:02:48:693  INFO SYSTEM:main - register bean name=fire.pb.circletask.CircleTaskAutoAccept
2016-08-03 17:02:48:703  INFO SYSTEM:main - register bean name=fire.pb.circletask.CircTask
2016-08-03 17:02:48:713  INFO SYSTEM:main - register bean name=fire.pb.circletask.CircTaskChallengeNpc
2016-08-03 17:02:48:722  INFO SYSTEM:main - register bean name=fire.pb.circletask.CircTaskConf
2016-08-03 17:02:48:733  INFO SYSTEM:main - register bean name=fire.pb.circletask.CircTaskItemCollect
2016-08-03 17:02:48:750  INFO SYSTEM:main - register bean name=fire.pb.circletask.CircTaskItemFind
2016-08-03 17:02:48:756  INFO SYSTEM:main - register bean name=fire.pb.circletask.CircTaskItemFindLegend
2016-08-03 17:02:48:762  INFO SYSTEM:main - register bean name=fire.pb.circletask.CircTaskItemUse
2016-08-03 17:02:48:766  INFO SYSTEM:main - register bean name=fire.pb.circletask.CircTaskKillMonster
2016-08-03 17:02:48:770  INFO SYSTEM:main - register bean name=fire.pb.circletask.CircTaskMailNpc
2016-08-03 17:02:48:775  INFO SYSTEM:main - register bean name=fire.pb.circletask.CircTaskPatrol
2016-08-03 17:02:48:780  INFO SYSTEM:main - register bean name=fire.pb.circletask.CircTaskPetCatch
2016-08-03 17:02:48:781  INFO SYSTEM:main - register bean name=fire.pb.circletask.DemonstrateDefaultMonster
2016-08-03 17:02:48:781  INFO SYSTEM:main - register bean name=fire.pb.circletask.PVPAwardConfig
2016-08-03 17:02:48:781  INFO SYSTEM:main - register bean name=fire.pb.circletask.PVPMatchTimeConfig
2016-08-03 17:02:48:781  INFO SYSTEM:main - register bean name=fire.pb.circletask.PVPScoreAwardConfig
2016-08-03 17:02:48:797  INFO SYSTEM:main - register bean name=fire.pb.circletask.Random4AnYeMaXiTuan
2016-08-03 17:02:48:797  INFO SYSTEM:main - register bean name=fire.pb.circletask.RenXingCircTaskCost
2016-08-03 17:02:48:797  INFO SYSTEM:main - register bean name=fire.pb.circletask.SCircTaskMonsterConfig
2016-08-03 17:02:48:797  INFO SYSTEM:main - register bean name=fire.pb.circletask.SPVP1MapConfig
2016-08-03 17:02:48:813  INFO SYSTEM:main - register bean name=fire.pb.circletask.SPVP3MapConfig
2016-08-03 17:02:48:813  INFO SYSTEM:main - register bean name=fire.pb.circletask.SPVP5MapConfig
2016-08-03 17:02:48:813  INFO SYSTEM:main - register bean name=fire.pb.clan.SClanDrugstore
2016-08-03 17:02:48:813  INFO SYSTEM:main - register bean name=fire.pb.clan.SClanFight
2016-08-03 17:02:48:828  INFO SYSTEM:main - register bean name=fire.pb.clan.SClanGoldBank
2016-08-03 17:02:48:828  INFO SYSTEM:main - register bean name=fire.pb.clan.SClanHotel
2016-08-03 17:02:48:828  INFO SYSTEM:main - register bean name=fire.pb.clan.SClanLobby
2016-08-03 17:02:48:828  INFO SYSTEM:main - register bean name=fire.pb.clan.SClanPosition
2016-08-03 17:02:48:828  INFO SYSTEM:main - register bean name=fire.pb.clan.SClanyaofang
2016-08-03 17:02:48:844  INFO SYSTEM:main - register bean name=fire.pb.clan.SRuneSet
2016-08-03 17:02:48:844  INFO SYSTEM:main - register bean name=fire.pb.common.SCommon
2016-08-03 17:02:48:844  INFO SYSTEM:main - register bean name=fire.pb.effect.SAbilityScore
2016-08-03 17:02:48:860  INFO SYSTEM:main - register bean name=fire.pb.effect.SAttrEffectID2Name
2016-08-03 17:02:48:860  INFO SYSTEM:main - register bean name=fire.pb.effect.SEquipAbilityScore
2016-08-03 17:02:48:875  INFO SYSTEM:main - register bean name=fire.pb.effect.SEquipSkillShowConfig
2016-08-03 17:02:48:875  INFO SYSTEM:main - register bean name=fire.pb.effect.SPetAbilityScore
2016-08-03 17:02:48:875  INFO SYSTEM:main - register bean name=fire.pb.friends.FriendGiveGift
2016-08-03 17:02:48:875  INFO SYSTEM:main - register bean name=fire.pb.friends.FriendGiveItem
2016-08-03 17:02:48:891  INFO SYSTEM:main - register bean name=fire.pb.friends.SpaceDropGift
2016-08-03 17:02:48:891  INFO SYSTEM:main - register bean name=fire.pb.friends.XshGiveGift
2016-08-03 17:02:48:891  INFO SYSTEM:main - register bean name=fire.pb.fushi.SAddCash
2016-08-03 17:02:48:906  INFO SYSTEM:main - register bean name=fire.pb.fushi.SAddCashPCard
2016-08-03 17:02:48:906  INFO SYSTEM:main - register bean name=fire.pb.fushi.SChargeReturnProfit
2016-08-03 17:02:48:906  INFO SYSTEM:main - register bean name=fire.pb.fushi.SCommonDayPay
2016-08-03 17:02:48:906  INFO SYSTEM:main - register bean name=fire.pb.fushi.SCreditPoint
2016-08-03 17:02:48:906  INFO SYSTEM:main - register bean name=fire.pb.fushi.SFreeDisRewardConfig
2016-08-03 17:02:48:922  INFO SYSTEM:main - register bean name=fire.pb.fushi.SFreeDisRewardConfigDayPay
2016-08-03 17:02:48:922  INFO SYSTEM:main - register bean name=fire.pb.fushi.SMonthCardConfig
2016-08-03 17:02:48:938  INFO SYSTEM:main - register bean name=fire.pb.fushi.SMonthCardConfigDayPay
2016-08-03 17:02:48:938  INFO SYSTEM:main - register bean name=fire.pb.fushi.SRedPackConfig
2016-08-03 17:02:48:938  INFO SYSTEM:main - register bean name=fire.pb.fushi.SSpotCardConfig
2016-08-03 17:02:48:953  INFO SYSTEM:main - register bean name=fire.pb.fushi.SVipInfoConfig
2016-08-03 17:02:48:985  INFO SYSTEM:main - register bean name=fire.pb.game.SActivityAward
2016-08-03 17:02:48:985  INFO SYSTEM:main - register bean name=fire.pb.game.Sdongtaifuwu
2016-08-03 17:02:48:985  INFO SYSTEM:main - register bean name=fire.pb.game.SFirstPayReward
2016-08-03 17:02:48:985  INFO SYSTEM:main - register bean name=fire.pb.game.SFortuneWheel
2016-08-03 17:02:49:016  INFO SYSTEM:main - register bean name=fire.pb.game.SImperialExamProvinceRepo
2016-08-03 17:02:49:016  INFO SYSTEM:main - register bean name=fire.pb.game.SImperialExamStateRankReward
2016-08-03 17:02:49:063  INFO SYSTEM:main - register bean name=fire.pb.game.SImperialExamStateRepo
2016-08-03 17:02:49:063  INFO SYSTEM:main - register bean name=fire.pb.game.SImperialExamVillageRepo
2016-08-03 17:02:49:078  INFO SYSTEM:main - register bean name=fire.pb.game.Smuldayloginreward
2016-08-03 17:02:49:078  INFO SYSTEM:main - register bean name=fire.pb.game.Snpcjianglifafang
2016-08-03 17:02:49:110  INFO SYSTEM:main - register bean name=fire.pb.game.SPointCardActivityAward
2016-08-03 17:02:49:127  INFO SYSTEM:main - register bean name=fire.pb.game.SPointCardFirstPayReward
2016-08-03 17:02:49:127  INFO SYSTEM:main - register bean name=fire.pb.game.SPVPCrossWhiteList
2016-08-03 17:02:49:143  INFO SYSTEM:main - register bean name=fire.pb.game.Sregreward
2016-08-03 17:02:49:143  INFO SYSTEM:main - register bean name=fire.pb.game.SRollCardConfig
2016-08-03 17:02:49:143  INFO SYSTEM:main - register bean name=fire.pb.game.SSchoolWheel
2016-08-03 17:02:49:143  INFO SYSTEM:main - register bean name=fire.pb.gm.About360XuanShang
2016-08-03 17:02:49:174  INFO SYSTEM:main - register bean name=fire.pb.gm.SGMStandard
2016-08-03 17:02:49:174  INFO SYSTEM:main - register bean name=fire.pb.instance.SBingFengCfg
2016-08-03 17:02:49:174  INFO SYSTEM:main - register bean name=fire.pb.instance.SBingFengJiangLiCfg
2016-08-03 17:02:49:189  INFO SYSTEM:main - register bean name=fire.pb.instance.SBingFengPingJi
2016-08-03 17:02:49:189  INFO SYSTEM:main - register bean name=fire.pb.instance.SInstaceConfig
2016-08-03 17:02:49:189  INFO SYSTEM:main - register bean name=fire.pb.instance.SInstaceEvent
2016-08-03 17:02:49:205  INFO SYSTEM:main - register bean name=fire.pb.instance.SInstaceNpc
2016-08-03 17:02:49:205  INFO SYSTEM:main - register bean name=fire.pb.instance.SInstanceAct
2016-08-03 17:02:49:205  INFO SYSTEM:main - register bean name=fire.pb.instance.SInstanceChildSave
2016-08-03 17:02:49:205  INFO SYSTEM:main - register bean name=fire.pb.instance.SInstanceSave
2016-08-03 17:02:49:221  INFO SYSTEM:main - register bean name=fire.pb.instance.SInstanceService
2016-08-03 17:02:49:221  INFO SYSTEM:main - register bean name=fire.pb.item.BagConfig
2016-08-03 17:02:49:564  INFO SYSTEM:main - register bean name=fire.pb.item.DEquipItemShuXing
2016-08-03 17:02:49:564  INFO SYSTEM:main - register bean name=fire.pb.item.DgemItemShuXing
2016-08-03 17:02:49:643  INFO SYSTEM:main - register bean name=fire.pb.item.DGroceryItemShuXing
2016-08-03 17:02:49:658  INFO SYSTEM:main - register bean name=fire.pb.item.DItemClassConfig
2016-08-03 17:02:49:658  INFO SYSTEM:main - register bean name=fire.pb.item.DItemShuXing
2016-08-03 17:02:49:658  INFO SYSTEM:main - register bean name=fire.pb.item.DPetItemShuXing
2016-08-03 17:02:49:674  INFO SYSTEM:main - register bean name=fire.pb.item.DSEquipHeCheng
2016-08-03 17:02:49:674  INFO SYSTEM:main - register bean name=fire.pb.item.DSEquipLvGemInfo
2016-08-03 17:02:49:689  INFO SYSTEM:main - register bean name=fire.pb.item.DSFoodAndDrugEffect
2016-08-03 17:02:49:705  INFO SYSTEM:main - register bean name=fire.pb.item.DTaskItemShuXing
2016-08-03 17:02:50:033  INFO SYSTEM:main - register bean name=fire.pb.item.EquipItemShuXing
2016-08-03 17:02:50:033  INFO SYSTEM:main - register bean name=fire.pb.item.gemItemShuXing
2016-08-03 17:02:50:080  INFO SYSTEM:main - register bean name=fire.pb.item.GroceryItemShuXing
2016-08-03 17:02:50:096  INFO SYSTEM:main - register bean name=fire.pb.item.ItemClassConfig
2016-08-03 17:02:50:096  INFO SYSTEM:main - register bean name=fire.pb.item.ItemNameClassConfig
2016-08-03 17:02:50:096  INFO SYSTEM:main - register bean name=fire.pb.item.ItemShuXing
2016-08-03 17:02:50:096  INFO SYSTEM:main - register bean name=fire.pb.item.PetItemShuXing
2016-08-03 17:02:50:096  INFO SYSTEM:main - register bean name=fire.pb.item.QualityFormula
2016-08-03 17:02:50:111  INFO SYSTEM:main - register bean name=fire.pb.item.Sanquan
2016-08-03 17:02:50:113  INFO SYSTEM:main - register bean name=fire.pb.item.SBaoShiBiao
2016-08-03 17:02:50:113  INFO SYSTEM:main - register bean name=fire.pb.item.SBattleUseItem
2016-08-03 17:02:50:113  INFO SYSTEM:main - register bean name=fire.pb.item.SCanntInChangKu
2016-08-03 17:02:50:128  INFO SYSTEM:main - register bean name=fire.pb.item.SChangKuExt
2016-08-03 17:02:50:144  INFO SYSTEM:main - register bean name=fire.pb.item.SDianKaLibaoConfig
2016-08-03 17:02:50:144  INFO SYSTEM:main - register bean name=fire.pb.item.SDirectUseItem
2016-08-03 17:02:50:175  INFO SYSTEM:main - register bean name=fire.pb.item.SEquipAddattributelib
2016-08-03 17:02:50:207  INFO SYSTEM:main - register bean name=fire.pb.item.SEquipAddattributerandomlib
2016-08-03 17:02:50:207  INFO SYSTEM:main - register bean name=fire.pb.item.SEquipHeCheng
2016-08-03 17:02:50:410  INFO SYSTEM:main - register bean name=fire.pb.item.SEquipIteminfo
2016-08-03 17:02:50:410  INFO SYSTEM:main - register bean name=fire.pb.item.SEquipLvGemInfo
2016-08-03 17:02:50:441  INFO SYSTEM:main - register bean name=fire.pb.item.SEquipMakeInfo
2016-08-03 17:02:50:457  INFO SYSTEM:main - register bean name=fire.pb.item.SEquipNaiJiuXiaoHao
2016-08-03 17:02:50:457  INFO SYSTEM:main - register bean name=fire.pb.item.SFoodAndDrugEffect
2016-08-03 17:02:50:457  INFO SYSTEM:main - register bean name=fire.pb.item.SItemBuff
2016-08-03 17:02:50:457  INFO SYSTEM:main - register bean name=fire.pb.item.SItemToDbPoint
2016-08-03 17:02:50:472  INFO SYSTEM:main - register bean name=fire.pb.item.SItemToHuoban
2016-08-03 17:02:50:472  INFO SYSTEM:main - register bean name=fire.pb.item.SItemToItem
2016-08-03 17:02:50:488  INFO SYSTEM:main - register bean name=fire.pb.item.SItemToPet
2016-08-03 17:02:50:488  INFO SYSTEM:main - register bean name=fire.pb.item.SItemUseTime
2016-08-03 17:02:50:503  INFO SYSTEM:main - register bean name=fire.pb.item.SLibaoConfig
2016-08-03 17:02:50:519  INFO SYSTEM:main - register bean name=fire.pb.item.SParkExtTable
2016-08-03 17:02:50:519  INFO SYSTEM:main - register bean name=fire.pb.item.SPetSkillSuccessConfig
2016-08-03 17:02:50:519  INFO SYSTEM:main - register bean name=fire.pb.item.SProduceItem
2016-08-03 17:02:50:519  INFO SYSTEM:main - register bean name=fire.pb.item.SRankListNumConfig
2016-08-03 17:02:50:519  INFO SYSTEM:main - register bean name=fire.pb.item.STimeReturn
2016-08-03 17:02:50:535  INFO SYSTEM:main - register bean name=fire.pb.item.STimingReward
2016-08-03 17:02:50:535  INFO SYSTEM:main - register bean name=fire.pb.item.STransformationConfig
2016-08-03 17:02:50:535  INFO SYSTEM:main - register bean name=fire.pb.item.STransformationEffectConfig
2016-08-03 17:02:50:535  INFO SYSTEM:main - register bean name=fire.pb.item.TaskItemShuXing
2016-08-03 17:02:50:535  INFO SYSTEM:main - register bean name=fire.pb.login.SCompensationConfig
2016-08-03 17:02:50:550  INFO SYSTEM:main - register bean name=fire.pb.main.HotfixConfig
2016-08-03 17:02:50:550  INFO SYSTEM:main - register bean name=fire.pb.main.HotfixXml2ModuleConfig
2016-08-03 17:02:50:550  INFO SYSTEM:main - register bean name=fire.pb.main.JumpQueueUser
2016-08-03 17:02:50:550  INFO SYSTEM:main - register bean name=fire.pb.main.LoginLimit
2016-08-03 17:02:50:550  INFO SYSTEM:main - register bean name=fire.pb.main.LoginQueueUp
2016-08-03 17:02:50:566  INFO SYSTEM:main - register bean name=fire.pb.main.ModuleInfo
2016-08-03 17:02:50:566  INFO SYSTEM:main - register bean name=fire.pb.map.MapConfig
2016-08-03 17:02:50:582  INFO SYSTEM:main - register bean name=fire.pb.map.SActivityAwardItems
2016-08-03 17:02:50:597  INFO SYSTEM:main - register bean name=fire.pb.map.SEventTimerNpc
2016-08-03 17:02:50:597  INFO SYSTEM:main - register bean name=fire.pb.map.SEventTimerNpcDianKa
2016-08-03 17:02:50:597  INFO SYSTEM:main - register bean name=fire.pb.map.SFindTreasureEvent
2016-08-03 17:02:50:597  INFO SYSTEM:main - register bean name=fire.pb.map.SFindTreasureEventDianKa
2016-08-03 17:02:50:613  INFO SYSTEM:main - register bean name=fire.pb.map.SFindTreasureGift
2016-08-03 17:02:50:613  INFO SYSTEM:main - register bean name=fire.pb.map.SFindTreasureGiftDianKa
2016-08-03 17:02:50:613  INFO SYSTEM:main - register bean name=fire.pb.map.SFindTreasureResult
2016-08-03 17:02:50:628  INFO SYSTEM:main - register bean name=fire.pb.map.SFindTreasureResultDianKa
2016-08-03 17:02:50:628  INFO SYSTEM:main - register bean name=fire.pb.map.SItemToPos
2016-08-03 17:02:50:628  INFO SYSTEM:main - register bean name=fire.pb.map.SMineArea
2016-08-03 17:02:50:628  INFO SYSTEM:main - register bean name=fire.pb.map.SShowAreainfo
2016-08-03 17:02:50:644  INFO SYSTEM:main - register bean name=fire.pb.map.SWorldMapConfig
2016-08-03 17:02:50:644  INFO SYSTEM:main - register bean name=fire.pb.message.SStringRes
2016-08-03 17:02:50:644  INFO SYSTEM:main - register bean name=fire.pb.mission.SActiveChestConfig
2016-08-03 17:02:50:660  INFO SYSTEM:main - register bean name=fire.pb.mission.SActiveChestConfig4D
2016-08-03 17:02:50:660  INFO SYSTEM:main - register bean name=fire.pb.mission.SActivityQuestion
2016-08-03 17:02:50:675  INFO SYSTEM:main - register bean name=fire.pb.mission.SAllTaskLine
2016-08-03 17:02:50:675  INFO SYSTEM:main - register bean name=fire.pb.mission.Sbukefangqirenwu
2016-08-03 17:02:50:691  INFO SYSTEM:main - register bean name=fire.pb.mission.SGuideCourse
2016-08-03 17:02:50:691  INFO SYSTEM:main - register bean name=fire.pb.mission.SGuideCourseDianKa
2016-08-03 17:02:50:691  INFO SYSTEM:main - register bean name=fire.pb.mission.SLandFightConfig
2016-08-03 17:02:50:691  INFO SYSTEM:main - register bean name=fire.pb.mission.SLandPingJi
2016-08-03 17:02:50:707  INFO SYSTEM:main - register bean name=fire.pb.mission.SLandTask
2016-08-03 17:02:50:707  INFO SYSTEM:main - register bean name=fire.pb.mission.SLandTaskConfig
2016-08-03 17:02:50:707  INFO SYSTEM:main - register bean name=fire.pb.mission.SLinepingji
2016-08-03 17:02:50:722  INFO SYSTEM:main - register bean name=fire.pb.mission.SLineTask
2016-08-03 17:02:50:722  INFO SYSTEM:main - register bean name=fire.pb.mission.SLineTaskConfig
2016-08-03 17:02:50:722  INFO SYSTEM:main - register bean name=fire.pb.mission.SLineTaskFight
2016-08-03 17:02:50:847  INFO SYSTEM:main - register bean name=fire.pb.mission.SMissionData
2016-08-03 17:02:50:863  INFO SYSTEM:main - register bean name=fire.pb.mission.SNewFunctionOpen
2016-08-03 17:02:50:863  INFO SYSTEM:main - register bean name=fire.pb.mission.SQuestCanAcceptList
2016-08-03 17:02:50:863  INFO SYSTEM:main - register bean name=fire.pb.mission.SQuestCanAcceptListDianKa
2016-08-03 17:02:50:863  INFO SYSTEM:main - register bean name=fire.pb.mission.Squestions
2016-08-03 17:02:50:878  INFO SYSTEM:main - register bean name=fire.pb.mission.SSpecialScenarioQuestConfig
2016-08-03 17:02:50:878  INFO SYSTEM:main - register bean name=fire.pb.npc.SActivityNpcPos
2016-08-03 17:02:50:878  INFO SYSTEM:main - register bean name=fire.pb.npc.SAllConds
2016-08-03 17:02:50:894  INFO SYSTEM:main - register bean name=fire.pb.npc.SBaoxiang
2016-08-03 17:02:50:894  INFO SYSTEM:main - register bean name=fire.pb.npc.SchoolMaster
2016-08-03 17:02:50:894  INFO SYSTEM:main - register bean name=fire.pb.npc.SFestivalGift
2016-08-03 17:02:50:894  INFO SYSTEM:main - register bean name=fire.pb.npc.SGatherConfig
2016-08-03 17:02:50:910  INFO SYSTEM:main - register bean name=fire.pb.npc.SHeroBaseInfo
2016-08-03 17:02:50:910  INFO SYSTEM:main - register bean name=fire.pb.npc.SHeroWeekFreeInfo
2016-08-03 17:02:50:910  INFO SYSTEM:main - register bean name=fire.pb.npc.SHireNpc
2016-08-03 17:02:50:910  INFO SYSTEM:main - register bean name=fire.pb.npc.SLeitaiLevel
2016-08-03 17:02:52:302  INFO SYSTEM:main - register bean name=fire.pb.npc.SMonsterConfig
2016-08-03 17:02:52:311  INFO SYSTEM:main - register bean name=fire.pb.npc.SMonstershowConfig
2016-08-03 17:02:52:313  INFO SYSTEM:main - register bean name=fire.pb.npc.SNpcNameRandom
2016-08-03 17:02:52:329  INFO SYSTEM:main - register bean name=fire.pb.npc.SNpcPreNameRandom
2016-08-03 17:02:52:329  INFO SYSTEM:main - register bean name=fire.pb.npc.SNpcServiceConfig
2016-08-03 17:02:52:345  INFO SYSTEM:main - register bean name=fire.pb.npc.SNpcServiceMapping
2016-08-03 17:02:52:360  INFO SYSTEM:main - register bean name=fire.pb.npc.SNpcShape
2016-08-03 17:02:52:423  INFO SYSTEM:main - register bean name=fire.pb.npc.SNpcShare
2016-08-03 17:02:52:454  INFO SYSTEM:main - register bean name=fire.pb.npc.SRefreshTimerNpc
2016-08-03 17:02:52:454  INFO SYSTEM:main - register bean name=fire.pb.npc.SRefreshTimerNpcDianKa
2016-08-03 17:02:52:454  INFO SYSTEM:main - register bean name=fire.pb.npc.SRide
2016-08-03 17:02:52:470  INFO SYSTEM:main - register bean name=fire.pb.npc.SRideItem
2016-08-03 17:02:52:485  INFO SYSTEM:main - register bean name=fire.pb.npc.SServiceConds
2016-08-03 17:02:52:595  INFO SYSTEM:main - register bean name=fire.pb.npc.SWildMonsterConfig
2016-08-03 17:02:52:642  INFO SYSTEM:main - register bean name=fire.pb.pet.PetAttr
2016-08-03 17:02:52:642  INFO SYSTEM:main - register bean name=fire.pb.pet.PetAttrModData
2016-08-03 17:02:52:657  INFO SYSTEM:main - register bean name=fire.pb.pet.PetColumnConfig
2016-08-03 17:02:52:657  INFO SYSTEM:main - register bean name=fire.pb.pet.PetLearnSkillRateConfig
2016-08-03 17:02:52:673  INFO SYSTEM:main - register bean name=fire.pb.pet.PetNextExp
2016-08-03 17:02:52:673  INFO SYSTEM:main - register bean name=fire.pb.pet.PetResetPointConfig
2016-08-03 17:02:52:673  INFO SYSTEM:main - register bean name=fire.pb.pet.PetSynthesizeSkillRateConfig
2016-08-03 17:02:52:673  INFO SYSTEM:main - register bean name=fire.pb.pet.SPetDepotPrice
2016-08-03 17:02:52:688  INFO SYSTEM:main - register bean name=fire.pb.pet.SShenShouInc
2016-08-03 17:02:52:688  INFO SYSTEM:main - register bean name=fire.pb.role.AttrModData
2016-08-03 17:02:52:688  INFO SYSTEM:main - register bean name=fire.pb.role.NextExpAndResMoney
2016-08-03 17:02:52:704  INFO SYSTEM:main - register bean name=fire.pb.role.Redirect
2016-08-03 17:02:52:720  INFO SYSTEM:main - register bean name=fire.pb.role.RoleConfig
2016-08-03 17:02:52:720  INFO SYSTEM:main - register bean name=fire.pb.role.RoleModData
2016-08-03 17:02:52:735  INFO SYSTEM:main - register bean name=fire.pb.role.Saddpointchange
2016-08-03 17:02:52:751  INFO SYSTEM:main - register bean name=fire.pb.role.SCreateRoleConfig
2016-08-03 17:02:52:751  INFO SYSTEM:main - register bean name=fire.pb.role.SEquipEffectConfig
2016-08-03 17:02:52:767  INFO SYSTEM:main - register bean name=fire.pb.role.SRoleNameData
2016-08-03 17:02:52:767  INFO SYSTEM:main - register bean name=fire.pb.role.SRoleRColorConfig
2016-08-03 17:02:52:767  INFO SYSTEM:main - register bean name=fire.pb.role.SRoleSymbolRepository
2016-08-03 17:02:52:782  INFO SYSTEM:main - register bean name=fire.pb.role.SServerMaxLevelConfig
2016-08-03 17:02:52:782  INFO SYSTEM:main - register bean name=fire.pb.role.SServiceExpConfig
2016-08-03 17:02:52:782  INFO SYSTEM:main - register bean name=fire.pb.role.SServiceLevelConfig
2016-08-03 17:02:52:798  INFO SYSTEM:main - register bean name=fire.pb.shop.DMarketFirstTable
2016-08-03 17:02:52:829  INFO SYSTEM:main - register bean name=fire.pb.shop.DMarketThreeTable
2016-08-03 17:02:52:845  INFO SYSTEM:main - register bean name=fire.pb.shop.DSGoods
2016-08-03 17:02:52:860  INFO SYSTEM:main - register bean name=fire.pb.shop.DSMallShop
2016-08-03 17:02:52:860  INFO SYSTEM:main - register bean name=fire.pb.shop.DSNpcSale
2016-08-03 17:02:52:876  INFO SYSTEM:main - register bean name=fire.pb.shop.MarketFirstTable
2016-08-03 17:02:52:892  INFO SYSTEM:main - register bean name=fire.pb.shop.MarketThreeTable
2016-08-03 17:02:52:907  INFO SYSTEM:main - register bean name=fire.pb.shop.SGoods
2016-08-03 17:02:52:907  INFO SYSTEM:main - register bean name=fire.pb.shop.SMallShop
2016-08-03 17:02:52:907  INFO SYSTEM:main - register bean name=fire.pb.shop.SNpcSale
2016-08-03 17:02:52:923  INFO SYSTEM:main - register bean name=fire.pb.shop.SPetShop
2016-08-03 17:02:52:923  INFO SYSTEM:main - register bean name=fire.pb.skill.SActionTime
2016-08-03 17:02:52:923  INFO SYSTEM:main - register bean name=fire.pb.skill.SAssistSkill
2016-08-03 17:02:52:954  INFO SYSTEM:main - register bean name=fire.pb.skill.SInbornConsume
2016-08-03 17:02:52:970  INFO SYSTEM:main - register bean name=fire.pb.skill.SInbornEffectSkill
2016-08-03 17:02:52:985  INFO SYSTEM:main - register bean name=fire.pb.skill.SInbornInfo
2016-08-03 17:02:53:001  INFO SYSTEM:main - register bean name=fire.pb.skill.SInbornMaxLevel
2016-08-03 17:02:53:001  INFO SYSTEM:main - register bean name=fire.pb.skill.SLifeSkill
2016-08-03 17:02:53:017  INFO SYSTEM:main - register bean name=fire.pb.skill.SLifeSkillCost
2016-08-03 17:02:53:032  INFO SYSTEM:main - register bean name=fire.pb.skill.SNuqiget
2016-08-03 17:02:53:032  INFO SYSTEM:main - register bean name=fire.pb.skill.SParticeSkillLevelup
2016-08-03 17:02:53:032  INFO SYSTEM:main - register bean name=fire.pb.skill.SPetSkillitem
2016-08-03 17:02:53:048  INFO SYSTEM:main - register bean name=fire.pb.skill.SPetSkillupgrade
2016-08-03 17:02:53:063  INFO SYSTEM:main - register bean name=fire.pb.skill.SPointCardParticeSkillLevelup
2016-08-03 17:02:53:063  INFO SYSTEM:main - register bean name=fire.pb.skill.SPracticeItemExp
2016-08-03 17:02:53:063  INFO SYSTEM:main - register bean name=fire.pb.skill.SSceneSkillConfig
2016-08-03 17:02:53:063  INFO SYSTEM:main - register bean name=fire.pb.skill.SSchoolSkillitem
2016-08-03 17:02:53:095  INFO SYSTEM:main - register bean name=fire.pb.skill.SSkillConfig
2016-08-03 17:02:53:110  INFO SYSTEM:main - register bean name=fire.pb.skill.SSkillInfoConfig
2016-08-03 17:02:53:173  INFO SYSTEM:main - register bean name=fire.pb.skill.SSubSkillConfig
2016-08-03 17:02:53:188  INFO SYSTEM:main - register bean name=fire.pb.SysConfig.SHotdeployClass
2016-08-03 17:02:53:188  INFO SYSTEM:main - register bean name=fire.pb.SysConfig.SSysconfig
2016-08-03 17:02:53:204  INFO SYSTEM:main - register bean name=fire.pb.team.DSTeamMatchInfo
2016-08-03 17:02:53:204  INFO SYSTEM:main - register bean name=fire.pb.team.SGuangHuanLevelup
2016-08-03 17:02:53:220  INFO SYSTEM:main - register bean name=fire.pb.team.STeamListInfo
2016-08-03 17:02:53:220  INFO SYSTEM:main - register bean name=fire.pb.team.STeamMatchInfo
2016-08-03 17:02:53:220  INFO SYSTEM:main - register bean name=fire.pb.team.SZhenFaeffect
2016-08-03 17:02:53:235  INFO SYSTEM:main - register bean name=fire.pb.timer.SScheculedActivity
2016-08-03 17:02:53:251  INFO SYSTEM:main - register bean name=fire.pb.timer.SScheculedActivityDianKa
2016-08-03 17:02:53:251  INFO SYSTEM:main - register bean name=fire.pb.title.SItemTitleConfig
2016-08-03 17:02:53:267  INFO SYSTEM:main - register bean name=fire.pb.title.STitleConfig
2016-08-03 17:02:53:267  INFO SYSTEM:main - register bean name=fire.pb.triggers.STriggerCondition
2016-08-03 17:02:53:267  INFO SYSTEM:main - register bean name=fire.pb.triggers.STriggerCondition4D
2016-08-03 17:02:53:298  INFO SYSTEM:main - register properties=activity
2016-08-03 17:02:53:298  INFO SYSTEM:main - register properties=battle
2016-08-03 17:02:53:298  INFO SYSTEM:main - register properties=cross
2016-08-03 17:02:53:298  INFO SYSTEM:main - register properties=forbid
2016-08-03 17:02:53:298  INFO SYSTEM:main - register properties=fushi
2016-08-03 17:02:53:298  INFO SYSTEM:main - register properties=game
2016-08-03 17:02:53:298  INFO SYSTEM:main - register properties=item
2016-08-03 17:02:53:298  INFO SYSTEM:main - register properties=market
2016-08-03 17:02:53:298  INFO SYSTEM:main - register properties=message
2016-08-03 17:02:53:298  INFO SYSTEM:main - register properties=npc
2016-08-03 17:02:53:298  INFO SYSTEM:main - register properties=operlog
2016-08-03 17:02:53:298  INFO SYSTEM:main - register properties=robot
2016-08-03 17:02:53:298  INFO SYSTEM:main - register properties=school
2016-08-03 17:02:53:298  INFO SYSTEM:main - register properties=serverid
2016-08-03 17:02:53:298  INFO SYSTEM:main - register properties=skill
2016-08-03 17:02:53:298  INFO SYSTEM:main - register properties=specialquest
2016-08-03 17:02:53:298  INFO SYSTEM:main - register properties=sys
2016-08-03 17:02:53:298  INFO SYSTEM:main - register properties=task
2016-08-03 17:03:28:759  INFO SYSTEM:main - 将在 24751 秒后开始第一次EndOfDayTask
2016-08-03 17:03:28:775  INFO SYSTEM:main - 将在 24993 秒后开始第一次BeginOfDayTask
2016-08-03 17:03:29:794  INFO SYSTEM:mkdb.Worker.scheduled.24 - gametime update.curGameTime:-1gametime:1
2016-08-03 17:03:32:875  INFO SYSTEM:mkdb.Worker.procedure.39 - Server start clear timeout offline protocol.
2016-08-03 17:04:55:857  INFO SYSTEM:mkdb.Worker.scheduled.51 - gametime update.curGameTime:0gametime:1
2016-08-03 17:05:59:806  INFO SYSTEM:mkdb.Worker.scheduled.24 - gametime update.curGameTime:1gametime:2
2016-08-03 17:07:25:865  INFO SYSTEM:mkdb.Worker.scheduled.21 - gametime update.curGameTime:1gametime:2
2016-08-03 17:08:29:801  INFO SYSTEM:mkdb.Worker.scheduled.30 - gametime update.curGameTime:2gametime:3
2016-08-03 17:09:55:861  INFO SYSTEM:mkdb.Worker.scheduled.52 - gametime update.curGameTime:2gametime:3
2016-08-03 17:10:35:224  INFO SYSTEM:mkdb.Worker.procedure.44 - PRoleLockScreen roleid:4097
2016-08-03 17:10:59:805  INFO SYSTEM:mkdb.Worker.scheduled.27 - gametime update.curGameTime:3gametime:4
2016-08-03 17:12:25:856  INFO SYSTEM:mkdb.Worker.scheduled.24 - gametime update.curGameTime:3gametime:4
2016-08-03 17:13:29:800  INFO SYSTEM:mkdb.Worker.scheduled.27 - gametime update.curGameTime:4gametime:5
2016-08-03 17:14:55:863  INFO SYSTEM:mkdb.Worker.scheduled.21 - gametime update.curGameTime:4gametime:5
2016-08-03 17:15:59:795  INFO SYSTEM:mkdb.Worker.scheduled.28 - gametime update.curGameTime:5gametime:6
2016-08-03 17:16:05:095  INFO SYSTEM:mkdb.Worker.procedure.31 - PRoleLockScreen roleid:4097
2016-08-03 17:16:43:002  INFO SYSTEM:main - SERVER SHUTDOWN...
2016-08-03 17:16:43:003  INFO SYSTEM:main - LOCALHTTP SERVER STOPED
2016-08-03 17:16:43:035  INFO SYSTEM:mkdb.Worker.procedure.30 - roleId=4097 角色进入状态：class fire.pb.state.PreTrusteeShipState
2016-08-03 17:16:43:035  INFO SYSTEM:mkdb.Worker.procedure.30 - roleId=4097 角色进入状态：class fire.pb.state.TrusteeShipState
2016-08-03 17:16:43:082  INFO SYSTEM:mkdb.Worker.procedure.30 - roleId=4097 客户端被动断线 :2
2016-08-03 17:16:43:082 ERROR SYSTEM:main - roleId=4097 kick role error=2050
2016-08-03 17:16:44:719  INFO SYSTEM:mkdb.Worker.procedure.43 - roleId=4097 角色进入状态：class fire.pb.state.EndTrusteeShipState
2016-08-03 17:16:44:750  INFO SYSTEM:mkdb.Worker.procedure.43 - roleId=4097 角色进入状态：class fire.pb.state.PreOfflineProtectState
2016-08-03 17:16:44:781  INFO SYSTEM:mkdb.Worker.procedure.43 - roleId=4097 玩家狗头人炎矢 下线，门派：11，等级 ：41
2016-08-03 17:16:45:047  INFO SYSTEM:mkdb.Worker.procedure.43 - roleId=4097 角色进入状态：class fire.pb.state.OfflineProtectState
2016-08-03 17:16:45:078 ERROR SYSTEM:MapMain - roleId=4097 remove
2016-08-03 17:16:46:140  INFO SYSTEM:mkdb.Worker.procedure.37 - roleId=4097 角色进入状态：class fire.pb.state.EndOfflineProtectState
2016-08-03 17:16:46:147 ERROR SYSTEM:mkdb.Worker.procedure.37 - roleId=4097 角色状态fire.pb.state.EndOfflineProtectState转移失败，trigger = 4
2016-08-03 17:16:46:147  INFO SYSTEM:mkdb.Worker.procedure.37 - roleId=4097 角色进入状态：class fire.pb.state.UnEntryState
2016-08-03 17:19:03:853  INFO SYSTEM:main - SERVER STARTING...
2016-08-03 17:19:04:010  INFO SYSTEM:main - register bean name=fire.pb.activity.ActivityConfNew
2016-08-03 17:19:04:025  INFO SYSTEM:main - register bean name=fire.pb.activity.ActivityConfNew4D
2016-08-03 17:19:04:119  INFO SYSTEM:main - register bean name=fire.pb.battle.SAIAction
2016-08-03 17:19:04:170  INFO SYSTEM:main - register bean name=fire.pb.battle.SBattleAI
2016-08-03 17:19:04:311  INFO SYSTEM:main - register bean name=fire.pb.battle.SBattleInfo
2016-08-03 17:19:04:319  INFO SYSTEM:main - register bean name=fire.pb.battle.SBattleMonsterConfig
2016-08-03 17:19:04:326  INFO SYSTEM:main - register bean name=fire.pb.battle.SCatchRate
2016-08-03 17:19:04:347  INFO SYSTEM:main - register bean name=fire.pb.battle.SCondition
2016-08-03 17:19:04:354  INFO SYSTEM:main - register bean name=fire.pb.battle.SEffectPostions
2016-08-03 17:19:04:382  INFO SYSTEM:main - register bean name=fire.pb.battle.SFormationConfig
2016-08-03 17:19:04:390  INFO SYSTEM:main - register bean name=fire.pb.battle.SRoleFighteAI
2016-08-03 17:19:04:406  INFO SYSTEM:main - register bean name=fire.pb.battle.STargetFilter
2016-08-03 17:19:04:422  INFO SYSTEM:main - register bean name=fire.pb.buff.SBuffClashs
2016-08-03 17:19:04:453  INFO SYSTEM:main - register bean name=fire.pb.buff.SCBuffConfig
2016-08-03 17:19:04:461  INFO SYSTEM:main - register bean name=fire.pb.buff.SIBuffConfig
2016-08-03 17:19:04:585  INFO SYSTEM:main - register bean name=fire.pb.circletask.AnYeMaXiTuanConf
2016-08-03 17:19:04:585  INFO SYSTEM:main - register bean name=fire.pb.circletask.CircleTaskAutoAccept
2016-08-03 17:19:04:601  INFO SYSTEM:main - register bean name=fire.pb.circletask.CircTask
2016-08-03 17:19:04:617  INFO SYSTEM:main - register bean name=fire.pb.circletask.CircTaskChallengeNpc
2016-08-03 17:19:04:632  INFO SYSTEM:main - register bean name=fire.pb.circletask.CircTaskConf
2016-08-03 17:19:04:648  INFO SYSTEM:main - register bean name=fire.pb.circletask.CircTaskItemCollect
2016-08-03 17:19:04:664  INFO SYSTEM:main - register bean name=fire.pb.circletask.CircTaskItemFind
2016-08-03 17:19:04:664  INFO SYSTEM:main - register bean name=fire.pb.circletask.CircTaskItemFindLegend
2016-08-03 17:19:04:679  INFO SYSTEM:main - register bean name=fire.pb.circletask.CircTaskItemUse
2016-08-03 17:19:04:679  INFO SYSTEM:main - register bean name=fire.pb.circletask.CircTaskKillMonster
2016-08-03 17:19:04:695  INFO SYSTEM:main - register bean name=fire.pb.circletask.CircTaskMailNpc
2016-08-03 17:19:04:695  INFO SYSTEM:main - register bean name=fire.pb.circletask.CircTaskPatrol
2016-08-03 17:19:04:710  INFO SYSTEM:main - register bean name=fire.pb.circletask.CircTaskPetCatch
2016-08-03 17:19:04:726  INFO SYSTEM:main - register bean name=fire.pb.circletask.DemonstrateDefaultMonster
2016-08-03 17:19:04:726  INFO SYSTEM:main - register bean name=fire.pb.circletask.PVPAwardConfig
2016-08-03 17:19:04:726  INFO SYSTEM:main - register bean name=fire.pb.circletask.PVPMatchTimeConfig
2016-08-03 17:19:04:742  INFO SYSTEM:main - register bean name=fire.pb.circletask.PVPScoreAwardConfig
2016-08-03 17:19:04:742  INFO SYSTEM:main - register bean name=fire.pb.circletask.Random4AnYeMaXiTuan
2016-08-03 17:19:04:757  INFO SYSTEM:main - register bean name=fire.pb.circletask.RenXingCircTaskCost
2016-08-03 17:19:04:757  INFO SYSTEM:main - register bean name=fire.pb.circletask.SCircTaskMonsterConfig
2016-08-03 17:19:04:773  INFO SYSTEM:main - register bean name=fire.pb.circletask.SPVP1MapConfig
2016-08-03 17:19:04:773  INFO SYSTEM:main - register bean name=fire.pb.circletask.SPVP3MapConfig
2016-08-03 17:19:04:773  INFO SYSTEM:main - register bean name=fire.pb.circletask.SPVP5MapConfig
2016-08-03 17:19:04:789  INFO SYSTEM:main - register bean name=fire.pb.clan.SClanDrugstore
2016-08-03 17:19:04:789  INFO SYSTEM:main - register bean name=fire.pb.clan.SClanFight
2016-08-03 17:19:04:789  INFO SYSTEM:main - register bean name=fire.pb.clan.SClanGoldBank
2016-08-03 17:19:04:804  INFO SYSTEM:main - register bean name=fire.pb.clan.SClanHotel
2016-08-03 17:19:04:804  INFO SYSTEM:main - register bean name=fire.pb.clan.SClanLobby
2016-08-03 17:19:04:804  INFO SYSTEM:main - register bean name=fire.pb.clan.SClanPosition
2016-08-03 17:19:04:820  INFO SYSTEM:main - register bean name=fire.pb.clan.SClanyaofang
2016-08-03 17:19:04:820  INFO SYSTEM:main - register bean name=fire.pb.clan.SRuneSet
2016-08-03 17:19:04:835  INFO SYSTEM:main - register bean name=fire.pb.common.SCommon
2016-08-03 17:19:04:835  INFO SYSTEM:main - register bean name=fire.pb.effect.SAbilityScore
2016-08-03 17:19:04:851  INFO SYSTEM:main - register bean name=fire.pb.effect.SAttrEffectID2Name
2016-08-03 17:19:04:851  INFO SYSTEM:main - register bean name=fire.pb.effect.SEquipAbilityScore
2016-08-03 17:19:04:867  INFO SYSTEM:main - register bean name=fire.pb.effect.SEquipSkillShowConfig
2016-08-03 17:19:04:873  INFO SYSTEM:main - register bean name=fire.pb.effect.SPetAbilityScore
2016-08-03 17:19:04:873  INFO SYSTEM:main - register bean name=fire.pb.friends.FriendGiveGift
2016-08-03 17:19:04:873  INFO SYSTEM:main - register bean name=fire.pb.friends.FriendGiveItem
2016-08-03 17:19:04:888  INFO SYSTEM:main - register bean name=fire.pb.friends.SpaceDropGift
2016-08-03 17:19:04:888  INFO SYSTEM:main - register bean name=fire.pb.friends.XshGiveGift
2016-08-03 17:19:04:904  INFO SYSTEM:main - register bean name=fire.pb.fushi.SAddCash
2016-08-03 17:19:04:904  INFO SYSTEM:main - register bean name=fire.pb.fushi.SAddCashPCard
2016-08-03 17:19:04:919  INFO SYSTEM:main - register bean name=fire.pb.fushi.SChargeReturnProfit
2016-08-03 17:19:04:919  INFO SYSTEM:main - register bean name=fire.pb.fushi.SCommonDayPay
2016-08-03 17:19:04:919  INFO SYSTEM:main - register bean name=fire.pb.fushi.SCreditPoint
2016-08-03 17:19:04:935  INFO SYSTEM:main - register bean name=fire.pb.fushi.SFreeDisRewardConfig
2016-08-03 17:19:04:935  INFO SYSTEM:main - register bean name=fire.pb.fushi.SFreeDisRewardConfigDayPay
2016-08-03 17:19:04:935  INFO SYSTEM:main - register bean name=fire.pb.fushi.SMonthCardConfig
2016-08-03 17:19:04:951  INFO SYSTEM:main - register bean name=fire.pb.fushi.SMonthCardConfigDayPay
2016-08-03 17:19:04:966  INFO SYSTEM:main - register bean name=fire.pb.fushi.SRedPackConfig
2016-08-03 17:19:04:966  INFO SYSTEM:main - register bean name=fire.pb.fushi.SSpotCardConfig
2016-08-03 17:19:04:966  INFO SYSTEM:main - register bean name=fire.pb.fushi.SVipInfoConfig
2016-08-03 17:19:05:013  INFO SYSTEM:main - register bean name=fire.pb.game.SActivityAward
2016-08-03 17:19:05:013  INFO SYSTEM:main - register bean name=fire.pb.game.Sdongtaifuwu
2016-08-03 17:19:05:029  INFO SYSTEM:main - register bean name=fire.pb.game.SFirstPayReward
2016-08-03 17:19:05:044  INFO SYSTEM:main - register bean name=fire.pb.game.SFortuneWheel
2016-08-03 17:19:05:076  INFO SYSTEM:main - register bean name=fire.pb.game.SImperialExamProvinceRepo
2016-08-03 17:19:05:076  INFO SYSTEM:main - register bean name=fire.pb.game.SImperialExamStateRankReward
2016-08-03 17:19:05:123  INFO SYSTEM:main - register bean name=fire.pb.game.SImperialExamStateRepo
2016-08-03 17:19:05:138  INFO SYSTEM:main - register bean name=fire.pb.game.SImperialExamVillageRepo
2016-08-03 17:19:05:154  INFO SYSTEM:main - register bean name=fire.pb.game.Smuldayloginreward
2016-08-03 17:19:05:154  INFO SYSTEM:main - register bean name=fire.pb.game.Snpcjianglifafang
2016-08-03 17:19:05:216  INFO SYSTEM:main - register bean name=fire.pb.game.SPointCardActivityAward
2016-08-03 17:19:05:216  INFO SYSTEM:main - register bean name=fire.pb.game.SPointCardFirstPayReward
2016-08-03 17:19:05:216  INFO SYSTEM:main - register bean name=fire.pb.game.SPVPCrossWhiteList
2016-08-03 17:19:05:232  INFO SYSTEM:main - register bean name=fire.pb.game.Sregreward
2016-08-03 17:19:05:248  INFO SYSTEM:main - register bean name=fire.pb.game.SRollCardConfig
2016-08-03 17:19:05:248  INFO SYSTEM:main - register bean name=fire.pb.game.SSchoolWheel
2016-08-03 17:19:05:248  INFO SYSTEM:main - register bean name=fire.pb.gm.About360XuanShang
2016-08-03 17:19:05:294  INFO SYSTEM:main - register bean name=fire.pb.gm.SGMStandard
2016-08-03 17:19:05:294  INFO SYSTEM:main - register bean name=fire.pb.instance.SBingFengCfg
2016-08-03 17:19:05:310  INFO SYSTEM:main - register bean name=fire.pb.instance.SBingFengJiangLiCfg
2016-08-03 17:19:05:326  INFO SYSTEM:main - register bean name=fire.pb.instance.SBingFengPingJi
2016-08-03 17:19:05:326  INFO SYSTEM:main - register bean name=fire.pb.instance.SInstaceConfig
2016-08-03 17:19:05:326  INFO SYSTEM:main - register bean name=fire.pb.instance.SInstaceEvent
2016-08-03 17:19:05:341  INFO SYSTEM:main - register bean name=fire.pb.instance.SInstaceNpc
2016-08-03 17:19:05:357  INFO SYSTEM:main - register bean name=fire.pb.instance.SInstanceAct
2016-08-03 17:19:05:357  INFO SYSTEM:main - register bean name=fire.pb.instance.SInstanceChildSave
2016-08-03 17:19:05:373  INFO SYSTEM:main - register bean name=fire.pb.instance.SInstanceSave
2016-08-03 17:19:05:388  INFO SYSTEM:main - register bean name=fire.pb.instance.SInstanceService
2016-08-03 17:19:05:388  INFO SYSTEM:main - register bean name=fire.pb.item.BagConfig
2016-08-03 17:19:05:810  INFO SYSTEM:main - register bean name=fire.pb.item.DEquipItemShuXing
2016-08-03 17:19:05:826  INFO SYSTEM:main - register bean name=fire.pb.item.DgemItemShuXing
2016-08-03 17:19:05:888  INFO SYSTEM:main - register bean name=fire.pb.item.DGroceryItemShuXing
2016-08-03 17:19:05:904  INFO SYSTEM:main - register bean name=fire.pb.item.DItemClassConfig
2016-08-03 17:19:05:904  INFO SYSTEM:main - register bean name=fire.pb.item.DItemShuXing
2016-08-03 17:19:05:920  INFO SYSTEM:main - register bean name=fire.pb.item.DPetItemShuXing
2016-08-03 17:19:05:935  INFO SYSTEM:main - register bean name=fire.pb.item.DSEquipHeCheng
2016-08-03 17:19:05:935  INFO SYSTEM:main - register bean name=fire.pb.item.DSEquipLvGemInfo
2016-08-03 17:19:05:951  INFO SYSTEM:main - register bean name=fire.pb.item.DSFoodAndDrugEffect
2016-08-03 17:19:05:967  INFO SYSTEM:main - register bean name=fire.pb.item.DTaskItemShuXing
2016-08-03 17:19:06:388  INFO SYSTEM:main - register bean name=fire.pb.item.EquipItemShuXing
2016-08-03 17:19:06:404  INFO SYSTEM:main - register bean name=fire.pb.item.gemItemShuXing
2016-08-03 17:19:06:467  INFO SYSTEM:main - register bean name=fire.pb.item.GroceryItemShuXing
2016-08-03 17:19:06:467  INFO SYSTEM:main - register bean name=fire.pb.item.ItemClassConfig
2016-08-03 17:19:06:482  INFO SYSTEM:main - register bean name=fire.pb.item.ItemNameClassConfig
2016-08-03 17:19:06:482  INFO SYSTEM:main - register bean name=fire.pb.item.ItemShuXing
2016-08-03 17:19:06:482  INFO SYSTEM:main - register bean name=fire.pb.item.PetItemShuXing
2016-08-03 17:19:06:498  INFO SYSTEM:main - register bean name=fire.pb.item.QualityFormula
2016-08-03 17:19:06:498  INFO SYSTEM:main - register bean name=fire.pb.item.Sanquan
2016-08-03 17:19:06:498  INFO SYSTEM:main - register bean name=fire.pb.item.SBaoShiBiao
2016-08-03 17:19:06:513  INFO SYSTEM:main - register bean name=fire.pb.item.SBattleUseItem
2016-08-03 17:19:06:513  INFO SYSTEM:main - register bean name=fire.pb.item.SCanntInChangKu
2016-08-03 17:19:06:529  INFO SYSTEM:main - register bean name=fire.pb.item.SChangKuExt
2016-08-03 17:19:06:545  INFO SYSTEM:main - register bean name=fire.pb.item.SDianKaLibaoConfig
2016-08-03 17:19:06:576  INFO SYSTEM:main - register bean name=fire.pb.item.SDirectUseItem
2016-08-03 17:19:06:607  INFO SYSTEM:main - register bean name=fire.pb.item.SEquipAddattributelib
2016-08-03 17:19:06:654  INFO SYSTEM:main - register bean name=fire.pb.item.SEquipAddattributerandomlib
2016-08-03 17:19:06:670  INFO SYSTEM:main - register bean name=fire.pb.item.SEquipHeCheng
2016-08-03 17:19:06:920  INFO SYSTEM:main - register bean name=fire.pb.item.SEquipIteminfo
2016-08-03 17:19:06:931  INFO SYSTEM:main - register bean name=fire.pb.item.SEquipLvGemInfo
2016-08-03 17:19:06:962  INFO SYSTEM:main - register bean name=fire.pb.item.SEquipMakeInfo
2016-08-03 17:19:06:962  INFO SYSTEM:main - register bean name=fire.pb.item.SEquipNaiJiuXiaoHao
2016-08-03 17:19:06:978  INFO SYSTEM:main - register bean name=fire.pb.item.SFoodAndDrugEffect
2016-08-03 17:19:06:994  INFO SYSTEM:main - register bean name=fire.pb.item.SItemBuff
2016-08-03 17:19:06:994  INFO SYSTEM:main - register bean name=fire.pb.item.SItemToDbPoint
2016-08-03 17:19:07:009  INFO SYSTEM:main - register bean name=fire.pb.item.SItemToHuoban
2016-08-03 17:19:07:041  INFO SYSTEM:main - register bean name=fire.pb.item.SItemToItem
2016-08-03 17:19:07:056  INFO SYSTEM:main - register bean name=fire.pb.item.SItemToPet
2016-08-03 17:19:07:056  INFO SYSTEM:main - register bean name=fire.pb.item.SItemUseTime
2016-08-03 17:19:07:103  INFO SYSTEM:main - register bean name=fire.pb.item.SLibaoConfig
2016-08-03 17:19:07:103  INFO SYSTEM:main - register bean name=fire.pb.item.SParkExtTable
2016-08-03 17:19:07:103  INFO SYSTEM:main - register bean name=fire.pb.item.SPetSkillSuccessConfig
2016-08-03 17:19:07:119  INFO SYSTEM:main - register bean name=fire.pb.item.SProduceItem
2016-08-03 17:19:07:119  INFO SYSTEM:main - register bean name=fire.pb.item.SRankListNumConfig
2016-08-03 17:19:07:119  INFO SYSTEM:main - register bean name=fire.pb.item.STimeReturn
2016-08-03 17:19:07:134  INFO SYSTEM:main - register bean name=fire.pb.item.STimingReward
2016-08-03 17:19:07:134  INFO SYSTEM:main - register bean name=fire.pb.item.STransformationConfig
2016-08-03 17:19:07:134  INFO SYSTEM:main - register bean name=fire.pb.item.STransformationEffectConfig
2016-08-03 17:19:07:150  INFO SYSTEM:main - register bean name=fire.pb.item.TaskItemShuXing
2016-08-03 17:19:07:150  INFO SYSTEM:main - register bean name=fire.pb.login.SCompensationConfig
2016-08-03 17:19:07:150  INFO SYSTEM:main - register bean name=fire.pb.main.HotfixConfig
2016-08-03 17:19:07:166  INFO SYSTEM:main - register bean name=fire.pb.main.HotfixXml2ModuleConfig
2016-08-03 17:19:07:166  INFO SYSTEM:main - register bean name=fire.pb.main.JumpQueueUser
2016-08-03 17:19:07:166  INFO SYSTEM:main - register bean name=fire.pb.main.LoginLimit
2016-08-03 17:19:07:166  INFO SYSTEM:main - register bean name=fire.pb.main.LoginQueueUp
2016-08-03 17:19:07:181  INFO SYSTEM:main - register bean name=fire.pb.main.ModuleInfo
2016-08-03 17:19:07:197  INFO SYSTEM:main - register bean name=fire.pb.map.MapConfig
2016-08-03 17:19:07:212  INFO SYSTEM:main - register bean name=fire.pb.map.SActivityAwardItems
2016-08-03 17:19:07:228  INFO SYSTEM:main - register bean name=fire.pb.map.SEventTimerNpc
2016-08-03 17:19:07:228  INFO SYSTEM:main - register bean name=fire.pb.map.SEventTimerNpcDianKa
2016-08-03 17:19:07:244  INFO SYSTEM:main - register bean name=fire.pb.map.SFindTreasureEvent
2016-08-03 17:19:07:244  INFO SYSTEM:main - register bean name=fire.pb.map.SFindTreasureEventDianKa
2016-08-03 17:19:07:244  INFO SYSTEM:main - register bean name=fire.pb.map.SFindTreasureGift
2016-08-03 17:19:07:259  INFO SYSTEM:main - register bean name=fire.pb.map.SFindTreasureGiftDianKa
2016-08-03 17:19:07:259  INFO SYSTEM:main - register bean name=fire.pb.map.SFindTreasureResult
2016-08-03 17:19:07:275  INFO SYSTEM:main - register bean name=fire.pb.map.SFindTreasureResultDianKa
2016-08-03 17:19:07:275  INFO SYSTEM:main - register bean name=fire.pb.map.SItemToPos
2016-08-03 17:19:07:291  INFO SYSTEM:main - register bean name=fire.pb.map.SMineArea
2016-08-03 17:19:07:291  INFO SYSTEM:main - register bean name=fire.pb.map.SShowAreainfo
2016-08-03 17:19:07:291  INFO SYSTEM:main - register bean name=fire.pb.map.SWorldMapConfig
2016-08-03 17:19:07:306  INFO SYSTEM:main - register bean name=fire.pb.message.SStringRes
2016-08-03 17:19:07:306  INFO SYSTEM:main - register bean name=fire.pb.mission.SActiveChestConfig
2016-08-03 17:19:07:322  INFO SYSTEM:main - register bean name=fire.pb.mission.SActiveChestConfig4D
2016-08-03 17:19:07:337  INFO SYSTEM:main - register bean name=fire.pb.mission.SActivityQuestion
2016-08-03 17:19:07:337  INFO SYSTEM:main - register bean name=fire.pb.mission.SAllTaskLine
2016-08-03 17:19:07:337  INFO SYSTEM:main - register bean name=fire.pb.mission.Sbukefangqirenwu
2016-08-03 17:19:07:353  INFO SYSTEM:main - register bean name=fire.pb.mission.SGuideCourse
2016-08-03 17:19:07:369  INFO SYSTEM:main - register bean name=fire.pb.mission.SGuideCourseDianKa
2016-08-03 17:19:07:369  INFO SYSTEM:main - register bean name=fire.pb.mission.SLandFightConfig
2016-08-03 17:19:07:384  INFO SYSTEM:main - register bean name=fire.pb.mission.SLandPingJi
2016-08-03 17:19:07:384  INFO SYSTEM:main - register bean name=fire.pb.mission.SLandTask
2016-08-03 17:19:07:400  INFO SYSTEM:main - register bean name=fire.pb.mission.SLandTaskConfig
2016-08-03 17:19:07:400  INFO SYSTEM:main - register bean name=fire.pb.mission.SLinepingji
2016-08-03 17:19:07:400  INFO SYSTEM:main - register bean name=fire.pb.mission.SLineTask
2016-08-03 17:19:07:416  INFO SYSTEM:main - register bean name=fire.pb.mission.SLineTaskConfig
2016-08-03 17:19:07:431  INFO SYSTEM:main - register bean name=fire.pb.mission.SLineTaskFight
2016-08-03 17:19:07:572  INFO SYSTEM:main - register bean name=fire.pb.mission.SMissionData
2016-08-03 17:19:07:587  INFO SYSTEM:main - register bean name=fire.pb.mission.SNewFunctionOpen
2016-08-03 17:19:07:587  INFO SYSTEM:main - register bean name=fire.pb.mission.SQuestCanAcceptList
2016-08-03 17:19:07:603  INFO SYSTEM:main - register bean name=fire.pb.mission.SQuestCanAcceptListDianKa
2016-08-03 17:19:07:603  INFO SYSTEM:main - register bean name=fire.pb.mission.Squestions
2016-08-03 17:19:07:619  INFO SYSTEM:main - register bean name=fire.pb.mission.SSpecialScenarioQuestConfig
2016-08-03 17:19:07:634  INFO SYSTEM:main - register bean name=fire.pb.npc.SActivityNpcPos
2016-08-03 17:19:07:634  INFO SYSTEM:main - register bean name=fire.pb.npc.SAllConds
2016-08-03 17:19:07:634  INFO SYSTEM:main - register bean name=fire.pb.npc.SBaoxiang
2016-08-03 17:19:07:650  INFO SYSTEM:main - register bean name=fire.pb.npc.SchoolMaster
2016-08-03 17:19:07:650  INFO SYSTEM:main - register bean name=fire.pb.npc.SFestivalGift
2016-08-03 17:19:07:650  INFO SYSTEM:main - register bean name=fire.pb.npc.SGatherConfig
2016-08-03 17:19:07:666  INFO SYSTEM:main - register bean name=fire.pb.npc.SHeroBaseInfo
2016-08-03 17:19:07:666  INFO SYSTEM:main - register bean name=fire.pb.npc.SHeroWeekFreeInfo
2016-08-03 17:19:07:681  INFO SYSTEM:main - register bean name=fire.pb.npc.SHireNpc
2016-08-03 17:19:07:681  INFO SYSTEM:main - register bean name=fire.pb.npc.SLeitaiLevel
2016-08-03 17:19:09:259  INFO SYSTEM:main - register bean name=fire.pb.npc.SMonsterConfig
2016-08-03 17:19:09:268  INFO SYSTEM:main - register bean name=fire.pb.npc.SMonstershowConfig
2016-08-03 17:19:09:286  INFO SYSTEM:main - register bean name=fire.pb.npc.SNpcNameRandom
2016-08-03 17:19:09:301  INFO SYSTEM:main - register bean name=fire.pb.npc.SNpcPreNameRandom
2016-08-03 17:19:09:332  INFO SYSTEM:main - register bean name=fire.pb.npc.SNpcServiceConfig
2016-08-03 17:19:09:364  INFO SYSTEM:main - register bean name=fire.pb.npc.SNpcServiceMapping
2016-08-03 17:19:09:426  INFO SYSTEM:main - register bean name=fire.pb.npc.SNpcShape
2016-08-03 17:19:09:551  INFO SYSTEM:main - register bean name=fire.pb.npc.SNpcShare
2016-08-03 17:19:09:582  INFO SYSTEM:main - register bean name=fire.pb.npc.SRefreshTimerNpc
2016-08-03 17:19:09:629  INFO SYSTEM:main - register bean name=fire.pb.npc.SRefreshTimerNpcDianKa
2016-08-03 17:19:09:645  INFO SYSTEM:main - register bean name=fire.pb.npc.SRide
2016-08-03 17:19:09:661  INFO SYSTEM:main - register bean name=fire.pb.npc.SRideItem
2016-08-03 17:19:09:707  INFO SYSTEM:main - register bean name=fire.pb.npc.SServiceConds
2016-08-03 17:19:09:848  INFO SYSTEM:main - register bean name=fire.pb.npc.SWildMonsterConfig
2016-08-03 17:19:09:926  INFO SYSTEM:main - register bean name=fire.pb.pet.PetAttr
2016-08-03 17:19:09:942  INFO SYSTEM:main - register bean name=fire.pb.pet.PetAttrModData
2016-08-03 17:19:09:989  INFO SYSTEM:main - register bean name=fire.pb.pet.PetColumnConfig
2016-08-03 17:19:10:004  INFO SYSTEM:main - register bean name=fire.pb.pet.PetLearnSkillRateConfig
2016-08-03 17:19:10:020  INFO SYSTEM:main - register bean name=fire.pb.pet.PetNextExp
2016-08-03 17:19:10:036  INFO SYSTEM:main - register bean name=fire.pb.pet.PetResetPointConfig
2016-08-03 17:19:10:036  INFO SYSTEM:main - register bean name=fire.pb.pet.PetSynthesizeSkillRateConfig
2016-08-03 17:19:10:067  INFO SYSTEM:main - register bean name=fire.pb.pet.SPetDepotPrice
2016-08-03 17:19:10:067  INFO SYSTEM:main - register bean name=fire.pb.pet.SShenShouInc
2016-08-03 17:19:10:082  INFO SYSTEM:main - register bean name=fire.pb.role.AttrModData
2016-08-03 17:19:10:145  INFO SYSTEM:main - register bean name=fire.pb.role.NextExpAndResMoney
2016-08-03 17:19:10:145  INFO SYSTEM:main - register bean name=fire.pb.role.Redirect
2016-08-03 17:19:10:176  INFO SYSTEM:main - register bean name=fire.pb.role.RoleConfig
2016-08-03 17:19:10:176  INFO SYSTEM:main - register bean name=fire.pb.role.RoleModData
2016-08-03 17:19:10:192  INFO SYSTEM:main - register bean name=fire.pb.role.Saddpointchange
2016-08-03 17:19:10:207  INFO SYSTEM:main - register bean name=fire.pb.role.SCreateRoleConfig
2016-08-03 17:19:10:223  INFO SYSTEM:main - register bean name=fire.pb.role.SEquipEffectConfig
2016-08-03 17:19:10:254  INFO SYSTEM:main - register bean name=fire.pb.role.SRoleNameData
2016-08-03 17:19:10:254  INFO SYSTEM:main - register bean name=fire.pb.role.SRoleRColorConfig
2016-08-03 17:19:10:254  INFO SYSTEM:main - register bean name=fire.pb.role.SRoleSymbolRepository
2016-08-03 17:19:10:270  INFO SYSTEM:main - register bean name=fire.pb.role.SServerMaxLevelConfig
2016-08-03 17:19:10:293  INFO SYSTEM:main - register bean name=fire.pb.role.SServiceExpConfig
2016-08-03 17:19:10:309  INFO SYSTEM:main - register bean name=fire.pb.role.SServiceLevelConfig
2016-08-03 17:19:10:324  INFO SYSTEM:main - register bean name=fire.pb.shop.DMarketFirstTable
2016-08-03 17:19:10:403  INFO SYSTEM:main - register bean name=fire.pb.shop.DMarketThreeTable
2016-08-03 17:19:10:434  INFO SYSTEM:main - register bean name=fire.pb.shop.DSGoods
2016-08-03 17:19:10:481  INFO SYSTEM:main - register bean name=fire.pb.shop.DSMallShop
2016-08-03 17:19:10:512  INFO SYSTEM:main - register bean name=fire.pb.shop.DSNpcSale
2016-08-03 17:19:10:512  INFO SYSTEM:main - register bean name=fire.pb.shop.MarketFirstTable
2016-08-03 17:19:10:543  INFO SYSTEM:main - register bean name=fire.pb.shop.MarketThreeTable
2016-08-03 17:19:10:574  INFO SYSTEM:main - register bean name=fire.pb.shop.SGoods
2016-08-03 17:19:10:590  INFO SYSTEM:main - register bean name=fire.pb.shop.SMallShop
2016-08-03 17:19:10:606  INFO SYSTEM:main - register bean name=fire.pb.shop.SNpcSale
2016-08-03 17:19:10:637  INFO SYSTEM:main - register bean name=fire.pb.shop.SPetShop
2016-08-03 17:19:10:668  INFO SYSTEM:main - register bean name=fire.pb.skill.SActionTime
2016-08-03 17:19:10:684  INFO SYSTEM:main - register bean name=fire.pb.skill.SAssistSkill
2016-08-03 17:19:10:715  INFO SYSTEM:main - register bean name=fire.pb.skill.SInbornConsume
2016-08-03 17:19:10:778  INFO SYSTEM:main - register bean name=fire.pb.skill.SInbornEffectSkill
2016-08-03 17:19:10:825  INFO SYSTEM:main - register bean name=fire.pb.skill.SInbornInfo
2016-08-03 17:19:10:871  INFO SYSTEM:main - register bean name=fire.pb.skill.SInbornMaxLevel
2016-08-03 17:19:10:887  INFO SYSTEM:main - register bean name=fire.pb.skill.SLifeSkill
2016-08-03 17:19:10:918  INFO SYSTEM:main - register bean name=fire.pb.skill.SLifeSkillCost
2016-08-03 17:19:10:934  INFO SYSTEM:main - register bean name=fire.pb.skill.SNuqiget
2016-08-03 17:19:10:949  INFO SYSTEM:main - register bean name=fire.pb.skill.SParticeSkillLevelup
2016-08-03 17:19:10:965  INFO SYSTEM:main - register bean name=fire.pb.skill.SPetSkillitem
2016-08-03 17:19:10:996  INFO SYSTEM:main - register bean name=fire.pb.skill.SPetSkillupgrade
2016-08-03 17:19:11:012  INFO SYSTEM:main - register bean name=fire.pb.skill.SPointCardParticeSkillLevelup
2016-08-03 17:19:11:028  INFO SYSTEM:main - register bean name=fire.pb.skill.SPracticeItemExp
2016-08-03 17:19:11:028  INFO SYSTEM:main - register bean name=fire.pb.skill.SSceneSkillConfig
2016-08-03 17:19:11:043  INFO SYSTEM:main - register bean name=fire.pb.skill.SSchoolSkillitem
2016-08-03 17:19:11:137  INFO SYSTEM:main - register bean name=fire.pb.skill.SSkillConfig
2016-08-03 17:19:11:153  INFO SYSTEM:main - register bean name=fire.pb.skill.SSkillInfoConfig
2016-08-03 17:19:11:262  INFO SYSTEM:main - register bean name=fire.pb.skill.SSubSkillConfig
2016-08-03 17:19:11:278  INFO SYSTEM:main - register bean name=fire.pb.SysConfig.SHotdeployClass
2016-08-03 17:19:11:304  INFO SYSTEM:main - register bean name=fire.pb.SysConfig.SSysconfig
2016-08-03 17:19:11:335  INFO SYSTEM:main - register bean name=fire.pb.team.DSTeamMatchInfo
2016-08-03 17:19:11:351  INFO SYSTEM:main - register bean name=fire.pb.team.SGuangHuanLevelup
2016-08-03 17:19:11:367  INFO SYSTEM:main - register bean name=fire.pb.team.STeamListInfo
2016-08-03 17:19:11:382  INFO SYSTEM:main - register bean name=fire.pb.team.STeamMatchInfo
2016-08-03 17:19:11:398  INFO SYSTEM:main - register bean name=fire.pb.team.SZhenFaeffect
2016-08-03 17:19:11:429  INFO SYSTEM:main - register bean name=fire.pb.timer.SScheculedActivity
2016-08-03 17:19:11:460  INFO SYSTEM:main - register bean name=fire.pb.timer.SScheculedActivityDianKa
2016-08-03 17:19:11:460  INFO SYSTEM:main - register bean name=fire.pb.title.SItemTitleConfig
2016-08-03 17:19:11:476  INFO SYSTEM:main - register bean name=fire.pb.title.STitleConfig
2016-08-03 17:19:11:523  INFO SYSTEM:main - register bean name=fire.pb.triggers.STriggerCondition
2016-08-03 17:19:11:538  INFO SYSTEM:main - register bean name=fire.pb.triggers.STriggerCondition4D
2016-08-03 17:19:11:585  INFO SYSTEM:main - register properties=activity
2016-08-03 17:19:11:601  INFO SYSTEM:main - register properties=battle
2016-08-03 17:19:11:601  INFO SYSTEM:main - register properties=cross
2016-08-03 17:19:11:601  INFO SYSTEM:main - register properties=forbid
2016-08-03 17:19:11:617  INFO SYSTEM:main - register properties=fushi
2016-08-03 17:19:11:617  INFO SYSTEM:main - register properties=game
2016-08-03 17:19:11:632  INFO SYSTEM:main - register properties=item
2016-08-03 17:19:11:648  INFO SYSTEM:main - register properties=market
2016-08-03 17:19:11:648  INFO SYSTEM:main - register properties=message
2016-08-03 17:19:11:663  INFO SYSTEM:main - register properties=npc
2016-08-03 17:19:11:663  INFO SYSTEM:main - register properties=operlog
2016-08-03 17:19:11:663  INFO SYSTEM:main - register properties=robot
2016-08-03 17:19:11:679  INFO SYSTEM:main - register properties=school
2016-08-03 17:19:11:679  INFO SYSTEM:main - register properties=serverid
2016-08-03 17:19:11:679  INFO SYSTEM:main - register properties=skill
2016-08-03 17:19:11:679  INFO SYSTEM:main - register properties=specialquest
2016-08-03 17:19:11:695  INFO SYSTEM:main - register properties=sys
2016-08-03 17:19:11:695  INFO SYSTEM:main - register properties=task
2016-08-03 17:19:47:911  INFO SYSTEM:main - 将在 23772 秒后开始第一次EndOfDayTask
2016-08-03 17:19:47:926  INFO SYSTEM:main - 将在 24014 秒后开始第一次BeginOfDayTask
2016-08-03 17:19:48:961  INFO SYSTEM:mkdb.Worker.scheduled.29 - gametime update.curGameTime:-1gametime:7
2016-08-03 17:19:52:232  INFO SYSTEM:mkdb.Worker.procedure.44 - Server start clear timeout offline protocol.
2016-08-03 17:19:52:560  INFO SYSTEM:main - localhttpserver start port : 29300
2016-08-03 17:19:52:591  INFO SYSTEM:main - Charge Callback Server Thread Start!Listen at 0.0.0.0:8800
2016-08-03 17:19:52:622  INFO SYSTEM:main - ThreadPool init!initsize:8,maxsize:20,queue:1000
2016-08-03 17:19:52:794  INFO SYSTEM:mkio.Engine.1 - delivery connected
2016-08-03 17:19:52:800  INFO SYSTEM:mkdb.Worker..46 - plattype:1,serverid:1101961014
2016-08-03 17:19:52:801  INFO SYSTEM:mkdb.Worker..46 - Gs.isYingyongbao=false
2016-08-03 17:19:52:801  INFO SYSTEM:main - SERVER OPENED! Current Local Id:1
2016-08-03 17:19:52:801  INFO SYSTEM:main - Config -usemysql:false
2016-08-03 17:19:52:801  INFO SYSTEM:main - 是否和合过服的服务器 is merger server = false
2016-08-03 17:19:52:817  INFO SYSTEM:mkio.Engine.3 - Onlines start Listen:Mkio/192.168.29.161:37001-/192.168.29.161:37001@Provider
2016-08-03 17:20:20:619  INFO SYSTEM:mkdb.Worker..33 - userID=22 CRoleList
2016-08-03 17:20:21:869  INFO SYSTEM:mkdb.Worker.procedure.31 - UserInfoRep:,userid:22,func:0,username:haimo1,plattype:ljpl,blisgm:0,loginip:958441664
2016-08-03 17:20:22:432 ERROR SYSTEM:mkdb.Worker.procedure.54 - userinfo is null when CNotifyDeviceInfo.userid:22 infos:{ChId=ChId, OsVer=, BrType=, PlatType=6, TelcoOper=, IMEI=, NetEnvir=, DeviId=e3052346}
2016-08-03 17:20:22:432 ERROR SYSTEM:mkdb.Worker..33 - User登录 UserId = 22 linksid= 4915
2016-08-03 17:20:23:010  INFO SYSTEM:EnterWorldThread - roleid=4097 开始进入世界
2016-08-03 17:20:23:010 ERROR SYSTEM:EnterWorldThread - roleId=4097 insert linksid = 4915 userid=22
2016-08-03 17:20:23:011 ERROR SYSTEM:EnterWorldThread - roleid=4097 CEnterWorld: 已经加入。
2016-08-03 17:20:23:011  INFO SYSTEM:mkdb.Worker.procedure.42 - roleId=4097 角色开始登录：帐号userId = 22class fire.pb.state.PRoleOnline
2016-08-03 17:20:23:089  INFO SYSTEM:mkdb.Worker.procedure.42 - roleId=4097 角色进入状态：class fire.pb.state.PreEntryState
2016-08-03 17:20:23:199  INFO SYSTEM:mkdb.Worker.procedure.42 - Begin sendEnterWorld roleId=4097,class fire.pb.state.PreEntryState
2016-08-03 17:20:23:230  INFO SYSTEM:mkdb.Worker.procedure.42 - End sendEnterWorld roleId=4097,class fire.pb.state.PreEntryState
2016-08-03 17:20:23:527  INFO SYSTEM:mkdb.Worker.procedure.42 - roleId=4097 角色进入状态：class fire.pb.state.EntryState
2016-08-03 17:20:23:527  INFO SYSTEM:mkdb.Worker.procedure.42 - roleId=4097 帐号userId = 22上线成功。
2016-08-03 17:22:01:182 ERROR SYSTEM:mkdb.Worker.procedure.43 - OpTokenLog error: code=2144
2016-08-03 17:22:18:946  INFO SYSTEM:mkdb.Worker.scheduled.28 - gametime update.curGameTime:7gametime:8
2016-08-03 17:24:48:950  INFO SYSTEM:mkdb.Worker.scheduled.27 - gametime update.curGameTime:8gametime:9
2016-08-03 17:27:18:950  INFO SYSTEM:mkdb.Worker.scheduled.27 - gametime update.curGameTime:9gametime:10
2016-08-03 17:29:48:954  INFO SYSTEM:mkdb.Worker.scheduled.27 - gametime update.curGameTime:10gametime:11
2016-08-03 17:32:18:953  INFO SYSTEM:mkdb.Worker.scheduled.24 - gametime update.curGameTime:11gametime:0
2016-08-03 17:34:48:957  INFO SYSTEM:mkdb.Worker.scheduled.29 - gametime update.curGameTime:0gametime:1
2016-08-03 17:37:18:955  INFO SYSTEM:mkdb.Worker.scheduled.30 - gametime update.curGameTime:1gametime:2
2016-08-03 17:39:48:960  INFO SYSTEM:mkdb.Worker.scheduled.30 - gametime update.curGameTime:2gametime:3
2016-08-03 17:42:18:957  INFO SYSTEM:mkdb.Worker.scheduled.27 - gametime update.curGameTime:3gametime:4
2016-08-03 17:44:48:961  INFO SYSTEM:mkdb.Worker.scheduled.28 - gametime update.curGameTime:4gametime:5
2016-08-03 17:47:18:960  INFO SYSTEM:mkdb.Worker.scheduled.24 - gametime update.curGameTime:5gametime:6
2016-08-03 17:49:48:948  INFO SYSTEM:mkdb.Worker.scheduled.28 - gametime update.curGameTime:6gametime:7
2016-08-03 17:52:18:954  INFO SYSTEM:mkdb.Worker.scheduled.24 - gametime update.curGameTime:7gametime:8
2016-08-03 17:54:48:957  INFO SYSTEM:mkdb.Worker.scheduled.24 - gametime update.curGameTime:8gametime:9
2016-08-03 17:57:18:956  INFO SYSTEM:mkdb.Worker.scheduled.24 - gametime update.curGameTime:9gametime:10
2016-08-03 17:59:48:947  INFO SYSTEM:mkdb.Worker.scheduled.30 - gametime update.curGameTime:10gametime:11
