2016-08-03 21:02:18:953  INFO SYSTEM:mkdb.Worker.scheduled.28 - gametime update.curGameTime:11gametime:0
2016-08-03 21:04:14:543  INFO SYSTEM:mkdb.Worker.procedure.32 - roleId=4097 角色进入状态：class fire.pb.state.EndTrusteeShipState
2016-08-03 21:04:14:551  INFO SYSTEM:mkdb.Worker.procedure.32 - roleId=4097 角色进入状态：class fire.pb.state.PreOfflineProtectState
2016-08-03 21:04:14:552  INFO SYSTEM:mkdb.Worker.procedure.32 - roleId=4097 玩家狗头人炎矢 下线，门派：11，等级 ：41
2016-08-03 21:04:14:552  INFO SYSTEM:mkdb.Worker.procedure.32 - roleId=4097 角色进入状态：class fire.pb.state.OfflineProtectState
2016-08-03 21:04:14:552 ERROR SYSTEM:MapMain - roleId=4097 remove
2016-08-03 21:04:15:568  INFO SYSTEM:mkdb.Worker.procedure.52 - roleId=4097 角色进入状态：class fire.pb.state.EndOfflineProtectState
2016-08-03 21:04:15:570 ERROR SYSTEM:mkdb.Worker.procedure.52 - roleId=4097 角色状态fire.pb.state.EndOfflineProtectState转移失败，trigger = 4
2016-08-03 21:04:15:571  INFO SYSTEM:mkdb.Worker.procedure.52 - roleId=4097 角色进入状态：class fire.pb.state.UnEntryState
2016-08-03 21:04:48:957  INFO SYSTEM:mkdb.Worker.scheduled.28 - gametime update.curGameTime:0gametime:1
2016-08-03 21:07:18:958  INFO SYSTEM:mkdb.Worker.scheduled.27 - gametime update.curGameTime:1gametime:2
2016-08-03 21:09:48:960  INFO SYSTEM:mkdb.Worker.scheduled.29 - gametime update.curGameTime:2gametime:3
2016-08-03 21:12:18:958  INFO SYSTEM:mkdb.Worker.scheduled.30 - gametime update.curGameTime:3gametime:4
2016-08-03 21:14:48:950  INFO SYSTEM:mkdb.Worker.scheduled.29 - gametime update.curGameTime:4gametime:5
2016-08-03 21:17:18:953  INFO SYSTEM:mkdb.Worker.scheduled.24 - gametime update.curGameTime:5gametime:6
2016-08-03 21:19:48:278  INFO SYSTEM:mkdb.Worker.scheduled.28 - TotalMemory:822FreeMemory:360MaxMemory:1808
2016-08-03 21:19:48:952  INFO SYSTEM:mkdb.Worker.scheduled.30 - gametime update.curGameTime:6gametime:7
2016-08-03 21:22:18:952  INFO SYSTEM:mkdb.Worker.scheduled.27 - gametime update.curGameTime:7gametime:8
2016-08-03 21:24:48:961  INFO SYSTEM:mkdb.Worker.scheduled.29 - gametime update.curGameTime:8gametime:9
2016-08-03 21:27:18:955  INFO SYSTEM:mkdb.Worker.scheduled.28 - gametime update.curGameTime:9gametime:10
2016-08-03 21:29:48:951  INFO SYSTEM:mkdb.Worker.scheduled.29 - gametime update.curGameTime:10gametime:11
2016-08-03 21:32:18:946  INFO SYSTEM:mkdb.Worker.scheduled.30 - gametime update.curGameTime:11gametime:0
2016-08-03 21:34:48:950  INFO SYSTEM:mkdb.Worker.scheduled.28 - gametime update.curGameTime:0gametime:1
2016-08-03 21:37:18:949  INFO SYSTEM:mkdb.Worker.scheduled.29 - gametime update.curGameTime:1gametime:2
2016-08-03 21:39:48:948  INFO SYSTEM:mkdb.Worker.scheduled.28 - gametime update.curGameTime:2gametime:3
2016-08-03 21:42:18:958  INFO SYSTEM:mkdb.Worker.scheduled.30 - gametime update.curGameTime:3gametime:4
2016-08-03 21:44:48:949  INFO SYSTEM:mkdb.Worker.scheduled.29 - gametime update.curGameTime:4gametime:5
2016-08-03 21:47:18:950  INFO SYSTEM:mkdb.Worker.scheduled.30 - gametime update.curGameTime:5gametime:6
2016-08-03 21:49:48:946  INFO SYSTEM:mkdb.Worker.scheduled.29 - gametime update.curGameTime:6gametime:7
2016-08-03 21:52:18:959  INFO SYSTEM:mkdb.Worker.scheduled.30 - gametime update.curGameTime:7gametime:8
2016-08-03 21:54:48:961  INFO SYSTEM:mkdb.Worker.scheduled.27 - gametime update.curGameTime:8gametime:9
2016-08-03 21:57:18:950  INFO SYSTEM:mkdb.Worker.scheduled.28 - gametime update.curGameTime:9gametime:10
2016-08-03 21:59:48:959  INFO SYSTEM:mkdb.Worker.scheduled.27 - gametime update.curGameTime:10gametime:11
