2016-08-03 16:27:24:888  INFO TASK:main - task模块初始化开始
2016-08-03 16:27:24:904  INFO TASK:main - task模块初始化完成
2016-08-03 16:27:24:904  INFO TASK:main - 开始清理过期无效充值订单...
2016-08-03 16:27:24:904  INFO TASK:main - 开始清理过期无效充值订单...size=0
2016-08-03 16:27:24:904  INFO TASK:main - 开始清理过期无效充值订单历史...
2016-08-03 16:27:24:904  INFO TASK:main - 开始清理过期无效充值订单历史...size=0
2016-08-03 16:45:22:125  INFO TASK:mkdb.Worker.procedure.44 - 角色[4097]暗夜马戏团任务一周数据刷新，随机新任务。
2016-08-03 16:45:22:136  WARN TASK:mkdb.Worker.procedure.44 - 角色[4097]当前等级:1！随机任务总权重:0错误(<=0)！
2016-08-03 16:45:22:777  INFO TASK:mkdb.Worker.procedure.36 - 角色[4097]循环任务1010000,强制:false,AutoAddCircTask!
2016-08-03 16:45:22:777  INFO TASK:mkdb.Worker.procedure.36 - 角色[4097]任务1010000,准备接去循环任务!questid:0
2016-08-03 16:45:24:944  INFO TASK:mkdb.Worker.procedure.30 - 角色[4097]接受任务成功:180101
2016-08-03 16:50:15:878  INFO TASK:mkdb.Worker.procedure.46 - 角色[4097]暗夜马戏团任务一周数据刷新，随机新任务。
2016-08-03 16:50:15:878  WARN TASK:mkdb.Worker.procedure.46 - 角色[4097]当前等级:2！随机任务总权重:0错误(<=0)！
2016-08-03 16:50:15:909  INFO TASK:mkdb.Worker.procedure.46 - 角色[4097]暗夜马戏团任务一周数据刷新，随机新任务。
2016-08-03 16:50:15:909  WARN TASK:mkdb.Worker.procedure.46 - 角色[4097]当前等级:3！随机任务总权重:0错误(<=0)！
2016-08-03 16:50:15:909  INFO TASK:mkdb.Worker.procedure.46 - 角色[4097]暗夜马戏团任务一周数据刷新，随机新任务。
2016-08-03 16:50:15:909  WARN TASK:mkdb.Worker.procedure.46 - 角色[4097]当前等级:4！随机任务总权重:0错误(<=0)！
2016-08-03 16:50:15:909  INFO TASK:mkdb.Worker.procedure.46 - 角色[4097]暗夜马戏团任务一周数据刷新，随机新任务。
2016-08-03 16:50:15:909  WARN TASK:mkdb.Worker.procedure.46 - 角色[4097]当前等级:5！随机任务总权重:0错误(<=0)！
2016-08-03 16:50:15:909  INFO TASK:mkdb.Worker.procedure.46 - 角色[4097]暗夜马戏团任务一周数据刷新，随机新任务。
2016-08-03 16:50:15:909  WARN TASK:mkdb.Worker.procedure.46 - 角色[4097]当前等级:6！随机任务总权重:0错误(<=0)！
2016-08-03 16:50:15:909  INFO TASK:mkdb.Worker.procedure.46 - 角色[4097]暗夜马戏团任务一周数据刷新，随机新任务。
2016-08-03 16:50:15:909  WARN TASK:mkdb.Worker.procedure.46 - 角色[4097]当前等级:7！随机任务总权重:0错误(<=0)！
2016-08-03 16:50:15:909  INFO TASK:mkdb.Worker.procedure.46 - 角色[4097]暗夜马戏团任务一周数据刷新，随机新任务。
2016-08-03 16:50:15:909  WARN TASK:mkdb.Worker.procedure.46 - 角色[4097]当前等级:8！随机任务总权重:0错误(<=0)！
2016-08-03 16:50:15:909  INFO TASK:mkdb.Worker.procedure.46 - 角色[4097]暗夜马戏团任务一周数据刷新，随机新任务。
2016-08-03 16:50:15:909  WARN TASK:mkdb.Worker.procedure.46 - 角色[4097]当前等级:9！随机任务总权重:0错误(<=0)！
2016-08-03 16:50:15:909  INFO TASK:mkdb.Worker.procedure.46 - 角色[4097]暗夜马戏团任务一周数据刷新，随机新任务。
2016-08-03 16:50:15:909  WARN TASK:mkdb.Worker.procedure.46 - 角色[4097]当前等级:10！随机任务总权重:0错误(<=0)！
2016-08-03 16:50:15:909  INFO TASK:mkdb.Worker.procedure.46 - 角色[4097]暗夜马戏团任务一周数据刷新，随机新任务。
2016-08-03 16:50:15:909  WARN TASK:mkdb.Worker.procedure.46 - 角色[4097]当前等级:11！随机任务总权重:0错误(<=0)！
2016-08-03 16:50:15:909  INFO TASK:mkdb.Worker.procedure.46 - 角色[4097]暗夜马戏团任务一周数据刷新，随机新任务。
2016-08-03 16:50:15:909  WARN TASK:mkdb.Worker.procedure.46 - 角色[4097]当前等级:12！随机任务总权重:0错误(<=0)！
2016-08-03 16:50:15:909  INFO TASK:mkdb.Worker.procedure.46 - 角色[4097]暗夜马戏团任务一周数据刷新，随机新任务。
2016-08-03 16:50:15:909  WARN TASK:mkdb.Worker.procedure.46 - 角色[4097]当前等级:13！随机任务总权重:0错误(<=0)！
2016-08-03 16:50:15:909  INFO TASK:mkdb.Worker.procedure.46 - 角色[4097]暗夜马戏团任务一周数据刷新，随机新任务。
2016-08-03 16:50:15:909  WARN TASK:mkdb.Worker.procedure.46 - 角色[4097]当前等级:14！随机任务总权重:0错误(<=0)！
2016-08-03 16:50:15:924  INFO TASK:mkdb.Worker.procedure.46 - 角色[4097]暗夜马戏团任务一周数据刷新，随机新任务。
2016-08-03 16:50:15:924  WARN TASK:mkdb.Worker.procedure.46 - 角色[4097]当前等级:15！随机任务总权重:0错误(<=0)！
2016-08-03 16:50:15:924  INFO TASK:mkdb.Worker.procedure.46 - 角色[4097]循环任务1010000,强制:false,AutoAddCircTask!
2016-08-03 16:50:15:924  INFO TASK:mkdb.Worker.procedure.46 - 角色[4097]任务1010000,准备接去循环任务!questid:0
2016-08-03 16:50:15:924  INFO TASK:mkdb.Worker.procedure.46 - 角色[4097]暗夜马戏团任务一周数据刷新，随机新任务。
2016-08-03 16:50:15:924  WARN TASK:mkdb.Worker.procedure.46 - 角色[4097]当前等级:16！随机任务总权重:0错误(<=0)！
2016-08-03 16:50:15:924  INFO TASK:mkdb.Worker.procedure.46 - 角色[4097]循环任务1010000,强制:false,AutoAddCircTask!
2016-08-03 16:50:15:924  INFO TASK:mkdb.Worker.procedure.46 - 角色[4097]任务1010000,准备接去循环任务!questid:0
2016-08-03 16:50:15:924  INFO TASK:mkdb.Worker.procedure.46 - 角色[4097]暗夜马戏团任务一周数据刷新，随机新任务。
2016-08-03 16:50:15:924  WARN TASK:mkdb.Worker.procedure.46 - 角色[4097]当前等级:17！随机任务总权重:0错误(<=0)！
2016-08-03 16:50:15:924  INFO TASK:mkdb.Worker.procedure.46 - 角色[4097]循环任务1010000,强制:false,AutoAddCircTask!
2016-08-03 16:50:15:924  INFO TASK:mkdb.Worker.procedure.46 - 角色[4097]任务1010000,准备接去循环任务!questid:0
2016-08-03 16:50:15:924  INFO TASK:mkdb.Worker.procedure.46 - 角色[4097]暗夜马戏团任务一周数据刷新，随机新任务。
2016-08-03 16:50:15:924  WARN TASK:mkdb.Worker.procedure.46 - 角色[4097]当前等级:18！随机任务总权重:0错误(<=0)！
2016-08-03 16:50:15:924  INFO TASK:mkdb.Worker.procedure.46 - 角色[4097]循环任务1010000,强制:false,AutoAddCircTask!
2016-08-03 16:50:15:924  INFO TASK:mkdb.Worker.procedure.46 - 角色[4097]任务1010000,准备接去循环任务!questid:0
2016-08-03 16:50:15:924  INFO TASK:mkdb.Worker.procedure.46 - 角色[4097]暗夜马戏团任务一周数据刷新，随机新任务。
2016-08-03 16:50:15:924  WARN TASK:mkdb.Worker.procedure.46 - 角色[4097]当前等级:19！随机任务总权重:0错误(<=0)！
2016-08-03 16:50:15:924  INFO TASK:mkdb.Worker.procedure.46 - 角色[4097]循环任务1010000,强制:false,AutoAddCircTask!
2016-08-03 16:50:15:924  INFO TASK:mkdb.Worker.procedure.46 - 角色[4097]任务1010000,准备接去循环任务!questid:0
2016-08-03 16:50:15:924  INFO TASK:mkdb.Worker.procedure.46 - 角色[4097]暗夜马戏团任务一周数据刷新，随机新任务。
2016-08-03 16:50:15:924  WARN TASK:mkdb.Worker.procedure.46 - 角色[4097]当前等级:20！随机任务总权重:0错误(<=0)！
2016-08-03 16:50:15:924  INFO TASK:mkdb.Worker.procedure.46 - 角色[4097]循环任务1010000,强制:false,AutoAddCircTask!
2016-08-03 16:50:15:924  INFO TASK:mkdb.Worker.procedure.46 - 角色[4097]任务1010000,准备接去循环任务!questid:0
2016-08-03 16:50:15:924  INFO TASK:mkdb.Worker.procedure.46 - 角色[4097]暗夜马戏团任务一周数据刷新，随机新任务。
2016-08-03 16:50:15:924  WARN TASK:mkdb.Worker.procedure.46 - 角色[4097]当前等级:21！随机任务总权重:0错误(<=0)！
2016-08-03 16:50:15:924  INFO TASK:mkdb.Worker.procedure.46 - 角色[4097]循环任务1010000,强制:false,AutoAddCircTask!
2016-08-03 16:50:15:924  INFO TASK:mkdb.Worker.procedure.46 - 角色[4097]任务1010000,准备接去循环任务!questid:0
2016-08-03 16:50:15:924  INFO TASK:mkdb.Worker.procedure.46 - 角色[4097]暗夜马戏团任务一周数据刷新，随机新任务。
2016-08-03 16:50:15:924  WARN TASK:mkdb.Worker.procedure.46 - 角色[4097]当前等级:22！随机任务总权重:0错误(<=0)！
2016-08-03 16:50:15:924  INFO TASK:mkdb.Worker.procedure.46 - 角色[4097]循环任务1010000,强制:false,AutoAddCircTask!
2016-08-03 16:50:15:924  INFO TASK:mkdb.Worker.procedure.46 - 角色[4097]任务1010000,准备接去循环任务!questid:0
2016-08-03 16:50:15:924  INFO TASK:mkdb.Worker.procedure.46 - 角色[4097]暗夜马戏团任务一周数据刷新，随机新任务。
2016-08-03 16:50:15:924  WARN TASK:mkdb.Worker.procedure.46 - 角色[4097]当前等级:23！随机任务总权重:0错误(<=0)！
2016-08-03 16:50:15:924  INFO TASK:mkdb.Worker.procedure.46 - 角色[4097]循环任务1010000,强制:false,AutoAddCircTask!
2016-08-03 16:50:15:924  INFO TASK:mkdb.Worker.procedure.46 - 角色[4097]任务1010000,准备接去循环任务!questid:0
2016-08-03 16:50:15:940  INFO TASK:mkdb.Worker.procedure.46 - 角色[4097]暗夜马戏团任务一周数据刷新，随机新任务。
2016-08-03 16:50:15:940  WARN TASK:mkdb.Worker.procedure.46 - 角色[4097]当前等级:24！随机任务总权重:0错误(<=0)！
2016-08-03 16:50:15:940  INFO TASK:mkdb.Worker.procedure.46 - 角色[4097]循环任务1010000,强制:false,AutoAddCircTask!
2016-08-03 16:50:15:940  INFO TASK:mkdb.Worker.procedure.46 - 角色[4097]任务1010000,准备接去循环任务!questid:0
2016-08-03 16:50:15:940  INFO TASK:mkdb.Worker.procedure.46 - 角色[4097]暗夜马戏团任务一周数据刷新，随机新任务。
2016-08-03 16:50:15:940  WARN TASK:mkdb.Worker.procedure.46 - 角色[4097]当前等级:25！随机任务总权重:0错误(<=0)！
2016-08-03 16:50:15:940  INFO TASK:mkdb.Worker.procedure.46 - 角色[4097]循环任务1010000,强制:false,AutoAddCircTask!
2016-08-03 16:50:15:940  INFO TASK:mkdb.Worker.procedure.46 - 角色[4097]任务1010000,准备接去循环任务!questid:0
2016-08-03 16:50:15:940  INFO TASK:mkdb.Worker.procedure.46 - 角色[4097]暗夜马戏团任务一周数据刷新，随机新任务。
2016-08-03 16:50:15:940  WARN TASK:mkdb.Worker.procedure.46 - 角色[4097]当前等级:26！随机任务总权重:0错误(<=0)！
2016-08-03 16:50:15:940  INFO TASK:mkdb.Worker.procedure.46 - 角色[4097]循环任务1010000,强制:false,AutoAddCircTask!
2016-08-03 16:50:15:940  INFO TASK:mkdb.Worker.procedure.46 - 角色[4097]任务1010000,准备接去循环任务!questid:0
2016-08-03 16:50:15:940  INFO TASK:mkdb.Worker.procedure.46 - 角色[4097]暗夜马戏团任务一周数据刷新，随机新任务。
2016-08-03 16:50:15:940  WARN TASK:mkdb.Worker.procedure.46 - 角色[4097]当前等级:27！随机任务总权重:0错误(<=0)！
2016-08-03 16:50:15:940  INFO TASK:mkdb.Worker.procedure.46 - 角色[4097]循环任务1010000,强制:false,AutoAddCircTask!
2016-08-03 16:50:15:940  INFO TASK:mkdb.Worker.procedure.46 - 角色[4097]任务1010000,准备接去循环任务!questid:0
2016-08-03 16:50:15:940  INFO TASK:mkdb.Worker.procedure.46 - 角色[4097]暗夜马戏团任务一周数据刷新，随机新任务。
2016-08-03 16:50:15:940  WARN TASK:mkdb.Worker.procedure.46 - 角色[4097]当前等级:28！随机任务总权重:0错误(<=0)！
2016-08-03 16:50:15:940  INFO TASK:mkdb.Worker.procedure.46 - 角色[4097]循环任务1010000,强制:false,AutoAddCircTask!
2016-08-03 16:50:15:940  INFO TASK:mkdb.Worker.procedure.46 - 角色[4097]任务1010000,准备接去循环任务!questid:0
2016-08-03 16:50:15:940  INFO TASK:mkdb.Worker.procedure.46 - 角色[4097]暗夜马戏团任务一周数据刷新，随机新任务。
2016-08-03 16:50:15:940  WARN TASK:mkdb.Worker.procedure.46 - 角色[4097]当前等级:29！随机任务总权重:0错误(<=0)！
2016-08-03 16:50:15:940  INFO TASK:mkdb.Worker.procedure.46 - 角色[4097]循环任务1010000,强制:false,AutoAddCircTask!
2016-08-03 16:50:15:940  INFO TASK:mkdb.Worker.procedure.46 - 角色[4097]任务1010000,准备接去循环任务!questid:0
2016-08-03 16:50:15:940  INFO TASK:mkdb.Worker.procedure.46 - 角色[4097]暗夜马戏团任务一周数据刷新，随机新任务。
2016-08-03 16:50:15:940  WARN TASK:mkdb.Worker.procedure.46 - 角色[4097]当前等级:30！随机任务总权重:0错误(<=0)！
2016-08-03 16:50:15:940  INFO TASK:mkdb.Worker.procedure.46 - 角色[4097]循环任务1010000,强制:false,AutoAddCircTask!
2016-08-03 16:50:15:940  INFO TASK:mkdb.Worker.procedure.46 - 角色[4097]任务1010000,准备接去循环任务!questid:0
2016-08-03 16:50:15:940  INFO TASK:mkdb.Worker.procedure.46 - 角色[4097]暗夜马戏团任务一周数据刷新，随机新任务。
2016-08-03 16:50:15:940  WARN TASK:mkdb.Worker.procedure.46 - 角色[4097]当前等级:31！随机任务总权重:0错误(<=0)！
2016-08-03 16:50:15:940  INFO TASK:mkdb.Worker.procedure.46 - 角色[4097]循环任务1010000,强制:false,AutoAddCircTask!
2016-08-03 16:50:15:940  INFO TASK:mkdb.Worker.procedure.46 - 角色[4097]任务1010000,准备接去循环任务!questid:0
2016-08-03 16:50:15:940  INFO TASK:mkdb.Worker.procedure.46 - 角色[4097]暗夜马戏团任务一周数据刷新，随机新任务。
2016-08-03 16:50:15:940  WARN TASK:mkdb.Worker.procedure.46 - 角色[4097]当前等级:32！随机任务总权重:0错误(<=0)！
2016-08-03 16:50:15:940  INFO TASK:mkdb.Worker.procedure.46 - 角色[4097]循环任务1010000,强制:false,AutoAddCircTask!
2016-08-03 16:50:15:940  INFO TASK:mkdb.Worker.procedure.46 - 角色[4097]任务1010000,准备接去循环任务!questid:0
2016-08-03 16:50:15:956  INFO TASK:mkdb.Worker.procedure.46 - 角色[4097]暗夜马戏团任务一周数据刷新，随机新任务。
2016-08-03 16:50:15:956  WARN TASK:mkdb.Worker.procedure.46 - 角色[4097]当前等级:33！随机任务总权重:0错误(<=0)！
2016-08-03 16:50:15:956  INFO TASK:mkdb.Worker.procedure.46 - 角色[4097]循环任务1010000,强制:false,AutoAddCircTask!
2016-08-03 16:50:15:956  INFO TASK:mkdb.Worker.procedure.46 - 角色[4097]任务1010000,准备接去循环任务!questid:0
2016-08-03 16:50:15:956  INFO TASK:mkdb.Worker.procedure.46 - 角色[4097]暗夜马戏团任务一周数据刷新，随机新任务。
2016-08-03 16:50:15:956  WARN TASK:mkdb.Worker.procedure.46 - 角色[4097]当前等级:34！随机任务总权重:0错误(<=0)！
2016-08-03 16:50:15:956  INFO TASK:mkdb.Worker.procedure.46 - 角色[4097]循环任务1010000,强制:false,AutoAddCircTask!
2016-08-03 16:50:15:956  INFO TASK:mkdb.Worker.procedure.46 - 角色[4097]任务1010000,准备接去循环任务!questid:0
2016-08-03 16:50:15:956  INFO TASK:mkdb.Worker.procedure.46 - 角色[4097]暗夜马戏团任务一周数据刷新，随机新任务。
2016-08-03 16:50:15:956  WARN TASK:mkdb.Worker.procedure.46 - 角色[4097]当前等级:35！随机任务总权重:0错误(<=0)！
2016-08-03 16:50:15:956  INFO TASK:mkdb.Worker.procedure.46 - 角色[4097]循环任务1010000,强制:false,AutoAddCircTask!
2016-08-03 16:50:15:956  INFO TASK:mkdb.Worker.procedure.46 - 角色[4097]任务1010000,准备接去循环任务!questid:0
2016-08-03 16:50:15:956  INFO TASK:mkdb.Worker.procedure.46 - 角色[4097]暗夜马戏团任务一周数据刷新，随机新任务。
2016-08-03 16:50:15:956  WARN TASK:mkdb.Worker.procedure.46 - 角色[4097]当前等级:36！随机任务总权重:0错误(<=0)！
2016-08-03 16:50:15:956  INFO TASK:mkdb.Worker.procedure.46 - 角色[4097]循环任务1010000,强制:false,AutoAddCircTask!
2016-08-03 16:50:15:956  INFO TASK:mkdb.Worker.procedure.46 - 角色[4097]任务1010000,准备接去循环任务!questid:0
2016-08-03 16:50:15:956  INFO TASK:mkdb.Worker.procedure.46 - 角色[4097]暗夜马戏团任务一周数据刷新，随机新任务。
2016-08-03 16:50:15:956  WARN TASK:mkdb.Worker.procedure.46 - 角色[4097]当前等级:37！随机任务总权重:0错误(<=0)！
2016-08-03 16:50:15:956  INFO TASK:mkdb.Worker.procedure.46 - 角色[4097]循环任务1010000,强制:false,AutoAddCircTask!
2016-08-03 16:50:15:956  INFO TASK:mkdb.Worker.procedure.46 - 角色[4097]任务1010000,准备接去循环任务!questid:0
2016-08-03 16:50:15:956  INFO TASK:mkdb.Worker.procedure.46 - 角色[4097]暗夜马戏团任务一周数据刷新，随机新任务。
2016-08-03 16:50:15:956  WARN TASK:mkdb.Worker.procedure.46 - 角色[4097]当前等级:38！随机任务总权重:0错误(<=0)！
2016-08-03 16:50:15:956  INFO TASK:mkdb.Worker.procedure.46 - 角色[4097]循环任务1010000,强制:false,AutoAddCircTask!
2016-08-03 16:50:15:956  INFO TASK:mkdb.Worker.procedure.46 - 角色[4097]任务1010000,准备接去循环任务!questid:0
2016-08-03 16:50:15:956  INFO TASK:mkdb.Worker.procedure.46 - 角色[4097]暗夜马戏团任务一周数据刷新，随机新任务。
2016-08-03 16:50:15:956  WARN TASK:mkdb.Worker.procedure.46 - 角色[4097]当前等级:39！随机任务总权重:0错误(<=0)！
2016-08-03 16:50:15:956  INFO TASK:mkdb.Worker.procedure.46 - 角色[4097]循环任务1010000,强制:false,AutoAddCircTask!
2016-08-03 16:50:15:956  INFO TASK:mkdb.Worker.procedure.46 - 角色[4097]任务1010000,准备接去循环任务!questid:0
2016-08-03 16:50:15:956  INFO TASK:mkdb.Worker.procedure.46 - 角色[4097]暗夜马戏团任务一周数据刷新，随机新任务。
2016-08-03 16:50:15:956  WARN TASK:mkdb.Worker.procedure.46 - 角色[4097]当前等级:40！随机任务总权重:0错误(<=0)！
2016-08-03 16:50:15:956  INFO TASK:mkdb.Worker.procedure.46 - 角色[4097]循环任务1010000,强制:false,AutoAddCircTask!
2016-08-03 16:50:15:956  INFO TASK:mkdb.Worker.procedure.46 - 角色[4097]任务1010000,准备接去循环任务!questid:0
2016-08-03 16:50:16:003  INFO TASK:mkdb.Worker.procedure.46 - 角色[4097]暗夜马戏团任务一周数据刷新，随机新任务。
2016-08-03 16:50:16:003  WARN TASK:mkdb.Worker.procedure.46 - 角色[4097]当前等级:41！随机任务总权重:0错误(<=0)！
2016-08-03 16:50:16:003  INFO TASK:mkdb.Worker.procedure.46 - 角色[4097]循环任务1010000,强制:false,AutoAddCircTask!
2016-08-03 16:50:16:003  INFO TASK:mkdb.Worker.procedure.46 - 角色[4097]任务1010000,准备接去循环任务!questid:0
2016-08-03 16:50:16:018  INFO TASK:mkdb.Worker.procedure.35 - 角色[4097]接受任务成功:500101
2016-08-03 16:50:16:018  INFO TASK:mkdb.Worker.procedure.43 - 角色[4097]接受任务成功:500101
2016-08-03 16:50:16:018  INFO TASK:mkdb.Worker.procedure.31 - 角色[4097]接受任务成功:500101
2016-08-03 16:50:16:034  INFO TASK:mkdb.Worker.procedure.49 - 角色[4097]开始接受循环任务:1010000,预定任务id:0.强制:false
2016-08-03 16:50:16:065  INFO TASK:mkdb.Worker.procedure.49 - 角色[4097]循环任务[0]初始信息=Id:0,Questid:0,Queststate:0,Round:0,Sumnum:0,Questtype:0,Lastgiveuptime:0,Takequesttime:0,Sametimes:0,Lasttype:0,Questclass:0,Questgroup:0,Autocomp:1,Submitnpc:0,danbei:0,suangbei:0,Openawardnum:0.
2016-08-03 16:50:16:141  INFO TASK:mkdb.Worker.procedure.49 - refresh2role:4097,questid:1010000
2016-08-03 16:50:16:158  INFO TASK:mkdb.Worker.procedure.49 - 角色[4097]循环任务[1010000]发送信息=,npcid:0,npckey:0,send!
2016-08-03 16:50:16:159  INFO TASK:mkdb.Worker.procedure.49 - 循环师门任务领取:任务id:1010002, 角色id:4097, 角色姓名:狗头人炎矢角色等级:41, 角色门派ID:11, 目的道具ID:50352, 次数:0, 环数:1
2016-08-03 16:50:16:159  INFO TASK:mkdb.Worker.procedure.49 - 角色[4097]循环任务[1010000]结果信息=Id:3,Questid:1010000,Queststate:4,Round:1,Sumnum:0,Questtype:1010002,Lastgiveuptime:0,Takequesttime:1470214216096,Sametimes:1,Lasttype:1010002,Questclass:2,Questgroup:1,Autocomp:1,Submitnpc:0,Openawardnum:0.
2016-08-03 16:50:16:231  INFO TASK:mkdb.Worker.procedure.47 - 角色[4097]接受任务成功:600001
2016-08-03 16:50:16:231  INFO TASK:mkdb.Worker.procedure.47 - 角色[4097]开始接受循环任务:1010000,预定任务id:0.强制:false
2016-08-03 16:50:16:231 ERROR TASK:mkdb.Worker.procedure.47 - 角色[4097]当前循环任务1010000状态:4,尚未成功提交,无法接受新任务!
2016-08-03 16:50:16:233  INFO TASK:mkdb.Worker.procedure.34 - 角色[4097]开始接受循环任务:1010000,预定任务id:0.强制:false
2016-08-03 16:50:16:234 ERROR TASK:mkdb.Worker.procedure.34 - 角色[4097]当前循环任务1010000状态:4,尚未成功提交,无法接受新任务!
2016-08-03 16:50:16:234  INFO TASK:mkdb.Worker.procedure.34 - 角色[4097]开始接受循环任务:1010000,预定任务id:0.强制:false
2016-08-03 16:50:16:235 ERROR TASK:mkdb.Worker.procedure.34 - 角色[4097]当前循环任务1010000状态:4,尚未成功提交,无法接受新任务!
2016-08-03 16:50:16:236  INFO TASK:mkdb.Worker.procedure.30 - 角色[4097]开始接受循环任务:1010000,预定任务id:0.强制:false
2016-08-03 16:50:16:236 ERROR TASK:mkdb.Worker.procedure.30 - 角色[4097]当前循环任务1010000状态:4,尚未成功提交,无法接受新任务!
2016-08-03 16:50:16:237  INFO TASK:mkdb.Worker.procedure.37 - 角色[4097]开始接受循环任务:1010000,预定任务id:0.强制:false
2016-08-03 16:50:16:238 ERROR TASK:mkdb.Worker.procedure.37 - 角色[4097]当前循环任务1010000状态:4,尚未成功提交,无法接受新任务!
2016-08-03 16:50:16:238  INFO TASK:mkdb.Worker.procedure.37 - 角色[4097]开始接受循环任务:1010000,预定任务id:0.强制:false
2016-08-03 16:50:16:239 ERROR TASK:mkdb.Worker.procedure.37 - 角色[4097]当前循环任务1010000状态:4,尚未成功提交,无法接受新任务!
2016-08-03 16:50:16:241  INFO TASK:mkdb.Worker.procedure.35 - 角色[4097]开始接受循环任务:1010000,预定任务id:0.强制:false
2016-08-03 16:50:16:242 ERROR TASK:mkdb.Worker.procedure.35 - 角色[4097]当前循环任务1010000状态:4,尚未成功提交,无法接受新任务!
2016-08-03 16:50:16:242  INFO TASK:mkdb.Worker.procedure.35 - 角色[4097]开始接受循环任务:1010000,预定任务id:0.强制:false
2016-08-03 16:50:16:243 ERROR TASK:mkdb.Worker.procedure.35 - 角色[4097]当前循环任务1010000状态:4,尚未成功提交,无法接受新任务!
2016-08-03 16:50:16:244  INFO TASK:mkdb.Worker.procedure.36 - 角色[4097]开始接受循环任务:1010000,预定任务id:0.强制:false
2016-08-03 16:50:16:244 ERROR TASK:mkdb.Worker.procedure.36 - 角色[4097]当前循环任务1010000状态:4,尚未成功提交,无法接受新任务!
2016-08-03 16:50:16:245  INFO TASK:mkdb.Worker.procedure.44 - 角色[4097]接受任务成功:500801
2016-08-03 16:50:16:246  INFO TASK:mkdb.Worker.procedure.44 - 角色[4097]开始接受循环任务:1010000,预定任务id:0.强制:false
2016-08-03 16:50:16:247 ERROR TASK:mkdb.Worker.procedure.44 - 角色[4097]当前循环任务1010000状态:4,尚未成功提交,无法接受新任务!
2016-08-03 16:50:16:248  INFO TASK:mkdb.Worker.procedure.44 - 角色[4097]开始接受循环任务:1010000,预定任务id:0.强制:false
2016-08-03 16:50:16:249 ERROR TASK:mkdb.Worker.procedure.44 - 角色[4097]当前循环任务1010000状态:4,尚未成功提交,无法接受新任务!
2016-08-03 16:50:16:250  INFO TASK:mkdb.Worker.procedure.44 - 角色[4097]开始接受循环任务:1010000,预定任务id:0.强制:false
2016-08-03 16:50:16:251 ERROR TASK:mkdb.Worker.procedure.44 - 角色[4097]当前循环任务1010000状态:4,尚未成功提交,无法接受新任务!
2016-08-03 16:50:16:252  INFO TASK:mkdb.Worker.procedure.38 - 角色[4097]开始接受循环任务:1010000,预定任务id:0.强制:false
2016-08-03 16:50:16:252 ERROR TASK:mkdb.Worker.procedure.38 - 角色[4097]当前循环任务1010000状态:4,尚未成功提交,无法接受新任务!
2016-08-03 16:50:16:253  INFO TASK:mkdb.Worker.procedure.38 - 角色[4097]接受任务成功:501101
2016-08-03 16:50:16:254  INFO TASK:mkdb.Worker.procedure.33 - 角色[4097]开始接受循环任务:1010000,预定任务id:0.强制:false
2016-08-03 16:50:16:255 ERROR TASK:mkdb.Worker.procedure.33 - 角色[4097]当前循环任务1010000状态:4,尚未成功提交,无法接受新任务!
2016-08-03 16:50:16:257  INFO TASK:mkdb.Worker.procedure.47 - 角色[4097]开始接受循环任务:1010000,预定任务id:0.强制:false
2016-08-03 16:50:16:259 ERROR TASK:mkdb.Worker.procedure.47 - 角色[4097]当前循环任务1010000状态:4,尚未成功提交,无法接受新任务!
2016-08-03 16:50:16:260  INFO TASK:mkdb.Worker.procedure.46 - 角色[4097]接受任务成功:500101
2016-08-03 16:50:16:260  INFO TASK:mkdb.Worker.procedure.46 - 角色[4097]接受任务成功:500301
2016-08-03 16:50:16:261  INFO TASK:mkdb.Worker.procedure.37 - 角色[4097]开始接受循环任务:1010000,预定任务id:0.强制:false
2016-08-03 16:50:16:262 ERROR TASK:mkdb.Worker.procedure.37 - 角色[4097]当前循环任务1010000状态:4,尚未成功提交,无法接受新任务!
2016-08-03 16:50:16:263  INFO TASK:mkdb.Worker.procedure.32 - 角色[4097]接受任务成功:500501
2016-08-03 16:50:16:264  INFO TASK:mkdb.Worker.procedure.45 - 角色[4097]开始接受循环任务:1010000,预定任务id:0.强制:false
2016-08-03 16:50:16:265 ERROR TASK:mkdb.Worker.procedure.45 - 角色[4097]当前循环任务1010000状态:4,尚未成功提交,无法接受新任务!
2016-08-03 16:50:16:267  INFO TASK:mkdb.Worker.procedure.36 - 角色[4097]开始接受循环任务:1010000,预定任务id:0.强制:false
2016-08-03 16:50:16:268 ERROR TASK:mkdb.Worker.procedure.36 - 角色[4097]当前循环任务1010000状态:4,尚未成功提交,无法接受新任务!
2016-08-03 16:50:16:268  INFO TASK:mkdb.Worker.procedure.36 - 角色[4097]开始接受循环任务:1010000,预定任务id:0.强制:false
2016-08-03 16:50:16:326 ERROR TASK:mkdb.Worker.procedure.36 - 角色[4097]当前循环任务1010000状态:4,尚未成功提交,无法接受新任务!
2016-08-03 16:50:16:330  INFO TASK:mkdb.Worker.procedure.44 - 角色[4097]接受任务成功:500101
2016-08-03 16:50:16:332  INFO TASK:mkdb.Worker.procedure.49 - 角色[4097]开始接受循环任务:1010000,预定任务id:0.强制:false
2016-08-03 16:50:16:332 ERROR TASK:mkdb.Worker.procedure.49 - 角色[4097]当前循环任务1010000状态:4,尚未成功提交,无法接受新任务!
2016-08-03 16:50:16:333  INFO TASK:mkdb.Worker.procedure.30 - 角色[4097]接受任务成功:500602
2016-08-03 16:50:16:334  INFO TASK:mkdb.Worker.procedure.43 - 角色[4097]开始接受循环任务:1010000,预定任务id:0.强制:false
2016-08-03 16:50:16:337 ERROR TASK:mkdb.Worker.procedure.43 - 角色[4097]当前循环任务1010000状态:4,尚未成功提交,无法接受新任务!
2016-08-03 16:50:16:338  INFO TASK:mkdb.Worker.procedure.43 - 角色[4097]开始接受循环任务:1010000,预定任务id:0.强制:false
2016-08-03 16:50:16:338 ERROR TASK:mkdb.Worker.procedure.43 - 角色[4097]当前循环任务1010000状态:4,尚未成功提交,无法接受新任务!
2016-08-03 16:50:16:340  INFO TASK:mkdb.Worker.procedure.39 - 角色[4097]开始接受循环任务:1010000,预定任务id:0.强制:false
2016-08-03 16:50:16:340 ERROR TASK:mkdb.Worker.procedure.39 - 角色[4097]当前循环任务1010000状态:4,尚未成功提交,无法接受新任务!
2016-08-03 16:50:16:342  INFO TASK:mkdb.Worker.procedure.39 - 角色[4097]开始接受循环任务:1010000,预定任务id:0.强制:false
2016-08-03 16:50:16:342 ERROR TASK:mkdb.Worker.procedure.39 - 角色[4097]当前循环任务1010000状态:4,尚未成功提交,无法接受新任务!
2016-08-03 16:50:16:343  INFO TASK:mkdb.Worker.procedure.39 - 角色[4097]接受任务成功:500201
2016-08-03 16:50:16:347  INFO TASK:mkdb.Worker.procedure.39 - 角色[4097]接受任务成功:500701
2016-08-03 16:50:16:347  INFO TASK:mkdb.Worker.procedure.39 - 角色[4097]接受任务成功:501001
2016-08-03 16:50:16:348  INFO TASK:mkdb.Worker.procedure.39 - 角色[4097]开始接受循环任务:1010000,预定任务id:0.强制:false
2016-08-03 16:50:16:348 ERROR TASK:mkdb.Worker.procedure.39 - 角色[4097]当前循环任务1010000状态:4,尚未成功提交,无法接受新任务!
2016-08-03 16:50:16:349  INFO TASK:mkdb.Worker.procedure.39 - 角色[4097]开始接受循环任务:1010000,预定任务id:0.强制:false
2016-08-03 16:50:16:350 ERROR TASK:mkdb.Worker.procedure.39 - 角色[4097]当前循环任务1010000状态:4,尚未成功提交,无法接受新任务!
