2016-09-09 15:00:18:250  INFO TASK:mkdb.Worker.procedure.55 - refresh2roleOnEnterWorld:4097,questid:1010000
2016-09-09 15:00:18:250  INFO TASK:mkdb.Worker.procedure.55 - refresh2roleOnEnterWorld:4097,questid:1010000,send!
2016-09-09 15:00:18:500  INFO TASK:mkdb.Worker.procedure.55 - 角色[4097]暗夜马戏团任务一周数据刷新，随机新任务。
2016-09-09 15:00:18:562  WARN TASK:mkdb.Worker.procedure.55 - 角色[4097]当前等级:21！随机任务总权重:0错误(<=0)！
2016-09-09 15:00:19:109  INFO TASK:mkdb.Worker.procedure.49 - 角色[4097]循环任务1010000,强制:false,AutoAddCircTask!
2016-09-09 15:00:19:468  INFO TASK:mkdb.Worker.procedure.37 - refresh2roleOnEnterWorld:4097,questid:1010000
2016-09-09 15:00:19:468  INFO TASK:mkdb.Worker.procedure.37 - refresh2roleOnEnterWorld:4097,questid:1010000,send!
2016-09-09 15:00:19:468  INFO TASK:mkdb.Worker.procedure.37 - 玩家-浪漫榭木(4097)当前的循环师门总次数:0当前等级:21
2016-09-09 15:00:19:468 ERROR TASK:mkdb.Worker.procedure.49 - 角色[4097]循环任务1010000状态是DONE或者UNDONE ！
2016-09-09 15:00:35:590  INFO TASK:mkdb.Worker.procedure.31 - 角色[4097]准备使用道具[335000]*1
2016-09-09 15:00:35:683  INFO TASK:mkdb.Worker.procedure.31 - 角色[4097]使用道具[335000]handle:class fire.pb.item.groceries.Present$UsePresentHandler
2016-09-09 15:00:35:715  INFO TASK:mkdb.Worker.procedure.31 - 角色[4097]使用道具[335000]UseResult:SUCC
2016-09-09 15:00:35:715  INFO TASK:mkdb.Worker.procedure.31 - 角色[4097]使用任务道具[335000]
2016-09-09 15:14:49:782  INFO TASK:mkdb.Worker.procedure.32 - refresh2roleOnEnterWorld:4097,questid:1010000
2016-09-09 15:14:49:782  INFO TASK:mkdb.Worker.procedure.32 - refresh2roleOnEnterWorld:4097,questid:1010000,send!
2016-09-09 15:14:49:782  INFO TASK:mkdb.Worker.procedure.32 - 角色[4097]暗夜马戏团任务一周数据刷新，随机新任务。
2016-09-09 15:14:49:782  WARN TASK:mkdb.Worker.procedure.32 - 角色[4097]当前等级:21！随机任务总权重:0错误(<=0)！
2016-09-09 15:14:49:782  INFO TASK:mkdb.Worker.procedure.36 - 角色[4097]循环任务1010000,强制:false,AutoAddCircTask!
2016-09-09 15:14:49:813  INFO TASK:mkdb.Worker.procedure.51 - refresh2roleOnEnterWorld:4097,questid:1010000
2016-09-09 15:14:49:813  INFO TASK:mkdb.Worker.procedure.51 - refresh2roleOnEnterWorld:4097,questid:1010000,send!
2016-09-09 15:14:49:813  INFO TASK:mkdb.Worker.procedure.51 - 玩家-浪漫榭木(4097)当前的循环师门总次数:0当前等级:21
2016-09-09 15:14:49:813 ERROR TASK:mkdb.Worker.procedure.36 - 角色[4097]循环任务1010000状态是DONE或者UNDONE ！
2016-09-09 15:18:41:699  INFO TASK:main - task模块初始化开始
2016-09-09 15:18:41:730  INFO TASK:main - task模块初始化完成
2016-09-09 15:18:41:730  INFO TASK:main - 开始清理过期无效充值订单...
2016-09-09 15:18:41:730  INFO TASK:main - 开始清理过期无效充值订单...size=0
2016-09-09 15:18:41:730  INFO TASK:main - 开始清理过期无效充值订单历史...
2016-09-09 15:18:41:730  INFO TASK:main - 开始清理过期无效充值订单历史...size=1
2016-09-09 15:18:41:730  INFO TASK:main - 开始清理过期平台充值订单历史...
2016-09-09 15:18:41:730  INFO TASK:main - 开始清理过期平台充值订单历史...size=0
2016-09-09 15:18:41:746  INFO TASK:mkdb.Worker.procedure.32 - 完成清理过期无效充值订单历史.
2016-09-09 15:19:19:617  INFO TASK:main - task模块初始化开始
2016-09-09 15:19:19:649  INFO TASK:main - task模块初始化完成
2016-09-09 15:19:19:649  INFO TASK:main - 开始清理过期无效充值订单...
2016-09-09 15:19:19:649  INFO TASK:main - 开始清理过期无效充值订单...size=0
2016-09-09 15:19:19:649  INFO TASK:main - 开始清理过期无效充值订单历史...
2016-09-09 15:19:19:649  INFO TASK:main - 开始清理过期无效充值订单历史...size=0
2016-09-09 15:19:19:649  INFO TASK:main - 开始清理过期平台充值订单历史...
2016-09-09 15:19:19:649  INFO TASK:main - 开始清理过期平台充值订单历史...size=0
2016-09-09 15:19:41:363  INFO TASK:mkdb.Worker.procedure.35 - 角色[4097]暗夜马戏团任务一周数据刷新，随机新任务。
2016-09-09 15:19:41:363  WARN TASK:mkdb.Worker.procedure.35 - 角色[4097]当前等级:1！随机任务总权重:0错误(<=0)！
2016-09-09 15:19:41:394  INFO TASK:mkdb.Worker.procedure.29 - 角色[4097]循环任务1010000,强制:false,AutoAddCircTask!
2016-09-09 15:19:41:394  INFO TASK:mkdb.Worker.procedure.29 - 角色[4097]任务1010000,准备接去循环任务!questid:0
2016-09-09 15:19:41:598  INFO TASK:mkdb.Worker.procedure.37 - 角色[4097]接受任务成功:180201
2016-09-09 15:19:53:779  INFO TASK:mkdb.Worker.procedure.51 - 角色[4097]暗夜马戏团任务一周数据刷新，随机新任务。
2016-09-09 15:19:53:779  WARN TASK:mkdb.Worker.procedure.51 - 角色[4097]当前等级:2！随机任务总权重:0错误(<=0)！
2016-09-09 15:19:53:795  INFO TASK:mkdb.Worker.procedure.51 - 角色[4097]暗夜马戏团任务一周数据刷新，随机新任务。
2016-09-09 15:19:53:795  WARN TASK:mkdb.Worker.procedure.51 - 角色[4097]当前等级:3！随机任务总权重:0错误(<=0)！
2016-09-09 15:19:53:795  INFO TASK:mkdb.Worker.procedure.51 - 角色[4097]暗夜马戏团任务一周数据刷新，随机新任务。
2016-09-09 15:19:53:795  WARN TASK:mkdb.Worker.procedure.51 - 角色[4097]当前等级:4！随机任务总权重:0错误(<=0)！
2016-09-09 15:19:53:795  INFO TASK:mkdb.Worker.procedure.51 - 角色[4097]暗夜马戏团任务一周数据刷新，随机新任务。
2016-09-09 15:19:53:795  WARN TASK:mkdb.Worker.procedure.51 - 角色[4097]当前等级:5！随机任务总权重:0错误(<=0)！
2016-09-09 15:19:53:795  INFO TASK:mkdb.Worker.procedure.51 - 角色[4097]暗夜马戏团任务一周数据刷新，随机新任务。
2016-09-09 15:19:53:795  WARN TASK:mkdb.Worker.procedure.51 - 角色[4097]当前等级:6！随机任务总权重:0错误(<=0)！
2016-09-09 15:19:53:795  INFO TASK:mkdb.Worker.procedure.51 - 角色[4097]暗夜马戏团任务一周数据刷新，随机新任务。
2016-09-09 15:19:53:795  WARN TASK:mkdb.Worker.procedure.51 - 角色[4097]当前等级:7！随机任务总权重:0错误(<=0)！
2016-09-09 15:19:53:795  INFO TASK:mkdb.Worker.procedure.51 - 角色[4097]暗夜马戏团任务一周数据刷新，随机新任务。
2016-09-09 15:19:53:795  WARN TASK:mkdb.Worker.procedure.51 - 角色[4097]当前等级:8！随机任务总权重:0错误(<=0)！
2016-09-09 15:19:53:795  INFO TASK:mkdb.Worker.procedure.51 - 角色[4097]暗夜马戏团任务一周数据刷新，随机新任务。
2016-09-09 15:19:53:795  WARN TASK:mkdb.Worker.procedure.51 - 角色[4097]当前等级:9！随机任务总权重:0错误(<=0)！
2016-09-09 15:19:53:795  INFO TASK:mkdb.Worker.procedure.51 - 角色[4097]暗夜马戏团任务一周数据刷新，随机新任务。
2016-09-09 15:19:53:795  WARN TASK:mkdb.Worker.procedure.51 - 角色[4097]当前等级:10！随机任务总权重:0错误(<=0)！
2016-09-09 15:19:53:795  INFO TASK:mkdb.Worker.procedure.51 - 角色[4097]暗夜马戏团任务一周数据刷新，随机新任务。
2016-09-09 15:19:53:795  WARN TASK:mkdb.Worker.procedure.51 - 角色[4097]当前等级:11！随机任务总权重:0错误(<=0)！
2016-09-09 15:19:53:795  INFO TASK:mkdb.Worker.procedure.51 - 角色[4097]暗夜马戏团任务一周数据刷新，随机新任务。
2016-09-09 15:19:53:795  WARN TASK:mkdb.Worker.procedure.51 - 角色[4097]当前等级:12！随机任务总权重:0错误(<=0)！
2016-09-09 15:19:53:795  INFO TASK:mkdb.Worker.procedure.51 - 角色[4097]暗夜马戏团任务一周数据刷新，随机新任务。
2016-09-09 15:19:53:795  WARN TASK:mkdb.Worker.procedure.51 - 角色[4097]当前等级:13！随机任务总权重:0错误(<=0)！
2016-09-09 15:19:53:795  INFO TASK:mkdb.Worker.procedure.51 - 角色[4097]暗夜马戏团任务一周数据刷新，随机新任务。
2016-09-09 15:19:53:795  WARN TASK:mkdb.Worker.procedure.51 - 角色[4097]当前等级:14！随机任务总权重:0错误(<=0)！
2016-09-09 15:19:53:795  INFO TASK:mkdb.Worker.procedure.51 - 角色[4097]暗夜马戏团任务一周数据刷新，随机新任务。
2016-09-09 15:19:53:795  WARN TASK:mkdb.Worker.procedure.51 - 角色[4097]当前等级:15！随机任务总权重:0错误(<=0)！
2016-09-09 15:19:53:795  INFO TASK:mkdb.Worker.procedure.51 - 角色[4097]循环任务1010000,强制:false,AutoAddCircTask!
2016-09-09 15:19:53:795  INFO TASK:mkdb.Worker.procedure.51 - 角色[4097]任务1010000,准备接去循环任务!questid:0
2016-09-09 15:19:53:795  INFO TASK:mkdb.Worker.procedure.51 - 角色[4097]暗夜马戏团任务一周数据刷新，随机新任务。
2016-09-09 15:19:53:795  WARN TASK:mkdb.Worker.procedure.51 - 角色[4097]当前等级:16！随机任务总权重:0错误(<=0)！
2016-09-09 15:19:53:795  INFO TASK:mkdb.Worker.procedure.51 - 角色[4097]循环任务1010000,强制:false,AutoAddCircTask!
2016-09-09 15:19:53:795  INFO TASK:mkdb.Worker.procedure.51 - 角色[4097]任务1010000,准备接去循环任务!questid:0
2016-09-09 15:19:53:795  INFO TASK:mkdb.Worker.procedure.51 - 角色[4097]暗夜马戏团任务一周数据刷新，随机新任务。
2016-09-09 15:19:53:795  WARN TASK:mkdb.Worker.procedure.51 - 角色[4097]当前等级:17！随机任务总权重:0错误(<=0)！
2016-09-09 15:19:53:795  INFO TASK:mkdb.Worker.procedure.51 - 角色[4097]循环任务1010000,强制:false,AutoAddCircTask!
2016-09-09 15:19:53:795  INFO TASK:mkdb.Worker.procedure.51 - 角色[4097]任务1010000,准备接去循环任务!questid:0
2016-09-09 15:19:53:810  INFO TASK:mkdb.Worker.procedure.51 - 角色[4097]暗夜马戏团任务一周数据刷新，随机新任务。
2016-09-09 15:19:53:810  WARN TASK:mkdb.Worker.procedure.51 - 角色[4097]当前等级:18！随机任务总权重:0错误(<=0)！
2016-09-09 15:19:53:810  INFO TASK:mkdb.Worker.procedure.51 - 角色[4097]循环任务1010000,强制:false,AutoAddCircTask!
2016-09-09 15:19:53:810  INFO TASK:mkdb.Worker.procedure.51 - 角色[4097]任务1010000,准备接去循环任务!questid:0
2016-09-09 15:19:53:810  INFO TASK:mkdb.Worker.procedure.51 - 角色[4097]暗夜马戏团任务一周数据刷新，随机新任务。
2016-09-09 15:19:53:810  WARN TASK:mkdb.Worker.procedure.51 - 角色[4097]当前等级:19！随机任务总权重:0错误(<=0)！
2016-09-09 15:19:53:810  INFO TASK:mkdb.Worker.procedure.51 - 角色[4097]循环任务1010000,强制:false,AutoAddCircTask!
2016-09-09 15:19:53:810  INFO TASK:mkdb.Worker.procedure.51 - 角色[4097]任务1010000,准备接去循环任务!questid:0
2016-09-09 15:19:53:810  INFO TASK:mkdb.Worker.procedure.51 - 角色[4097]暗夜马戏团任务一周数据刷新，随机新任务。
2016-09-09 15:19:53:810  WARN TASK:mkdb.Worker.procedure.51 - 角色[4097]当前等级:20！随机任务总权重:0错误(<=0)！
2016-09-09 15:19:53:810  INFO TASK:mkdb.Worker.procedure.51 - 角色[4097]循环任务1010000,强制:false,AutoAddCircTask!
2016-09-09 15:19:53:810  INFO TASK:mkdb.Worker.procedure.51 - 角色[4097]任务1010000,准备接去循环任务!questid:0
2016-09-09 15:19:53:810  INFO TASK:mkdb.Worker.procedure.51 - 角色[4097]暗夜马戏团任务一周数据刷新，随机新任务。
2016-09-09 15:19:53:810  WARN TASK:mkdb.Worker.procedure.51 - 角色[4097]当前等级:21！随机任务总权重:0错误(<=0)！
2016-09-09 15:19:53:810  INFO TASK:mkdb.Worker.procedure.51 - 角色[4097]循环任务1010000,强制:false,AutoAddCircTask!
2016-09-09 15:19:53:810  INFO TASK:mkdb.Worker.procedure.51 - 角色[4097]任务1010000,准备接去循环任务!questid:0
2016-09-09 15:19:53:810  INFO TASK:mkdb.Worker.procedure.51 - 角色[4097]暗夜马戏团任务一周数据刷新，随机新任务。
2016-09-09 15:19:53:810  WARN TASK:mkdb.Worker.procedure.51 - 角色[4097]当前等级:22！随机任务总权重:0错误(<=0)！
2016-09-09 15:19:53:810  INFO TASK:mkdb.Worker.procedure.51 - 角色[4097]循环任务1010000,强制:false,AutoAddCircTask!
2016-09-09 15:19:53:810  INFO TASK:mkdb.Worker.procedure.51 - 角色[4097]任务1010000,准备接去循环任务!questid:0
2016-09-09 15:19:53:810  INFO TASK:mkdb.Worker.procedure.51 - 角色[4097]暗夜马戏团任务一周数据刷新，随机新任务。
2016-09-09 15:19:53:810  WARN TASK:mkdb.Worker.procedure.51 - 角色[4097]当前等级:23！随机任务总权重:0错误(<=0)！
2016-09-09 15:19:53:810  INFO TASK:mkdb.Worker.procedure.51 - 角色[4097]循环任务1010000,强制:false,AutoAddCircTask!
2016-09-09 15:19:53:810  INFO TASK:mkdb.Worker.procedure.51 - 角色[4097]任务1010000,准备接去循环任务!questid:0
2016-09-09 15:19:53:810  INFO TASK:mkdb.Worker.procedure.51 - 角色[4097]暗夜马戏团任务一周数据刷新，随机新任务。
2016-09-09 15:19:53:810  WARN TASK:mkdb.Worker.procedure.51 - 角色[4097]当前等级:24！随机任务总权重:0错误(<=0)！
2016-09-09 15:19:53:810  INFO TASK:mkdb.Worker.procedure.51 - 角色[4097]循环任务1010000,强制:false,AutoAddCircTask!
2016-09-09 15:19:53:810  INFO TASK:mkdb.Worker.procedure.51 - 角色[4097]任务1010000,准备接去循环任务!questid:0
2016-09-09 15:19:53:826  INFO TASK:mkdb.Worker.procedure.51 - 角色[4097]暗夜马戏团任务一周数据刷新，随机新任务。
2016-09-09 15:19:53:826  WARN TASK:mkdb.Worker.procedure.51 - 角色[4097]当前等级:25！随机任务总权重:0错误(<=0)！
2016-09-09 15:19:53:826  INFO TASK:mkdb.Worker.procedure.51 - 角色[4097]循环任务1010000,强制:false,AutoAddCircTask!
2016-09-09 15:19:53:826  INFO TASK:mkdb.Worker.procedure.51 - 角色[4097]任务1010000,准备接去循环任务!questid:0
2016-09-09 15:19:53:826  INFO TASK:mkdb.Worker.procedure.51 - 角色[4097]暗夜马戏团任务一周数据刷新，随机新任务。
2016-09-09 15:19:53:826  WARN TASK:mkdb.Worker.procedure.51 - 角色[4097]当前等级:26！随机任务总权重:0错误(<=0)！
2016-09-09 15:19:53:826  INFO TASK:mkdb.Worker.procedure.51 - 角色[4097]循环任务1010000,强制:false,AutoAddCircTask!
2016-09-09 15:19:53:826  INFO TASK:mkdb.Worker.procedure.51 - 角色[4097]任务1010000,准备接去循环任务!questid:0
2016-09-09 15:19:53:826  INFO TASK:mkdb.Worker.procedure.51 - 角色[4097]暗夜马戏团任务一周数据刷新，随机新任务。
2016-09-09 15:19:53:826  WARN TASK:mkdb.Worker.procedure.51 - 角色[4097]当前等级:27！随机任务总权重:0错误(<=0)！
2016-09-09 15:19:53:826  INFO TASK:mkdb.Worker.procedure.51 - 角色[4097]循环任务1010000,强制:false,AutoAddCircTask!
2016-09-09 15:19:53:826  INFO TASK:mkdb.Worker.procedure.51 - 角色[4097]任务1010000,准备接去循环任务!questid:0
2016-09-09 15:19:53:826  INFO TASK:mkdb.Worker.procedure.51 - 角色[4097]暗夜马戏团任务一周数据刷新，随机新任务。
2016-09-09 15:19:53:826  WARN TASK:mkdb.Worker.procedure.51 - 角色[4097]当前等级:28！随机任务总权重:0错误(<=0)！
2016-09-09 15:19:53:826  INFO TASK:mkdb.Worker.procedure.51 - 角色[4097]循环任务1010000,强制:false,AutoAddCircTask!
2016-09-09 15:19:53:826  INFO TASK:mkdb.Worker.procedure.51 - 角色[4097]任务1010000,准备接去循环任务!questid:0
2016-09-09 15:19:53:826  INFO TASK:mkdb.Worker.procedure.51 - 角色[4097]暗夜马戏团任务一周数据刷新，随机新任务。
2016-09-09 15:19:53:826  WARN TASK:mkdb.Worker.procedure.51 - 角色[4097]当前等级:29！随机任务总权重:0错误(<=0)！
2016-09-09 15:19:53:826  INFO TASK:mkdb.Worker.procedure.51 - 角色[4097]循环任务1010000,强制:false,AutoAddCircTask!
2016-09-09 15:19:53:826  INFO TASK:mkdb.Worker.procedure.51 - 角色[4097]任务1010000,准备接去循环任务!questid:0
2016-09-09 15:19:53:826  INFO TASK:mkdb.Worker.procedure.51 - 角色[4097]暗夜马戏团任务一周数据刷新，随机新任务。
2016-09-09 15:19:53:826  WARN TASK:mkdb.Worker.procedure.51 - 角色[4097]当前等级:30！随机任务总权重:0错误(<=0)！
2016-09-09 15:19:53:826  INFO TASK:mkdb.Worker.procedure.51 - 角色[4097]循环任务1010000,强制:false,AutoAddCircTask!
2016-09-09 15:19:53:826  INFO TASK:mkdb.Worker.procedure.51 - 角色[4097]任务1010000,准备接去循环任务!questid:0
2016-09-09 15:19:53:826  INFO TASK:mkdb.Worker.procedure.51 - 角色[4097]暗夜马戏团任务一周数据刷新，随机新任务。
2016-09-09 15:19:53:826  WARN TASK:mkdb.Worker.procedure.51 - 角色[4097]当前等级:31！随机任务总权重:0错误(<=0)！
2016-09-09 15:19:53:826  INFO TASK:mkdb.Worker.procedure.51 - 角色[4097]循环任务1010000,强制:false,AutoAddCircTask!
2016-09-09 15:19:53:826  INFO TASK:mkdb.Worker.procedure.51 - 角色[4097]任务1010000,准备接去循环任务!questid:0
2016-09-09 15:19:53:873  INFO TASK:mkdb.Worker.procedure.53 - 角色[4097]开始接受循环任务:1010000,预定任务id:0.强制:false
2016-09-09 15:19:53:904  INFO TASK:mkdb.Worker.procedure.53 - 角色[4097]循环任务[0]初始信息=Id:0,Questid:0,Queststate:0,Round:0,Sumnum:0,Questtype:0,Lastgiveuptime:0,Takequesttime:0,Sametimes:0,Lasttype:0,Questclass:0,Questgroup:0,Autocomp:1,Submitnpc:0,danbei:0,suangbei:0,Openawardnum:0.
2016-09-09 15:19:53:951  INFO TASK:mkdb.Worker.procedure.53 - refresh2role:4097,questid:1010000
2016-09-09 15:19:53:951  INFO TASK:mkdb.Worker.procedure.53 - 角色[4097]循环任务[1010000]发送信息=,npcid:160805,npckey:0,send!
2016-09-09 15:19:53:951  INFO TASK:mkdb.Worker.procedure.53 - 角色[4097]循环任务[1010000]结果信息=Id:2,Questid:1010000,Queststate:4,Round:1,Sumnum:0,Questtype:1010001,Lastgiveuptime:0,Takequesttime:1473405593951,Sametimes:1,Lasttype:1010001,Questclass:1,Questgroup:1,Autocomp:1,Submitnpc:0,Openawardnum:0.
2016-09-09 15:19:53:951  INFO TASK:mkdb.Worker.procedure.48 - 角色[4097]接受任务成功:500602
2016-09-09 15:19:53:951  INFO TASK:mkdb.Worker.procedure.28 - 角色[4097]开始接受循环任务:1010000,预定任务id:0.强制:false
2016-09-09 15:19:53:951 ERROR TASK:mkdb.Worker.procedure.28 - 角色[4097]当前循环任务1010000状态:4,尚未成功提交,无法接受新任务!
2016-09-09 15:19:53:951  INFO TASK:mkdb.Worker.procedure.34 - 角色[4097]开始接受循环任务:1010000,预定任务id:0.强制:false
2016-09-09 15:19:53:951 ERROR TASK:mkdb.Worker.procedure.34 - 角色[4097]当前循环任务1010000状态:4,尚未成功提交,无法接受新任务!
2016-09-09 15:19:53:951  INFO TASK:mkdb.Worker.procedure.51 - 角色[4097]开始接受循环任务:1010000,预定任务id:0.强制:false
2016-09-09 15:19:53:951 ERROR TASK:mkdb.Worker.procedure.51 - 角色[4097]当前循环任务1010000状态:4,尚未成功提交,无法接受新任务!
2016-09-09 15:19:53:951  INFO TASK:mkdb.Worker.procedure.51 - 角色[4097]开始接受循环任务:1010000,预定任务id:0.强制:false
2016-09-09 15:19:53:966 ERROR TASK:mkdb.Worker.procedure.51 - 角色[4097]当前循环任务1010000状态:4,尚未成功提交,无法接受新任务!
2016-09-09 15:19:53:966  INFO TASK:mkdb.Worker.procedure.51 - 角色[4097]开始接受循环任务:1010000,预定任务id:0.强制:false
2016-09-09 15:19:53:966 ERROR TASK:mkdb.Worker.procedure.51 - 角色[4097]当前循环任务1010000状态:4,尚未成功提交,无法接受新任务!
2016-09-09 15:19:53:966  INFO TASK:mkdb.Worker.procedure.51 - 角色[4097]开始接受循环任务:1010000,预定任务id:0.强制:false
2016-09-09 15:19:53:966 ERROR TASK:mkdb.Worker.procedure.51 - 角色[4097]当前循环任务1010000状态:4,尚未成功提交,无法接受新任务!
2016-09-09 15:19:53:966  INFO TASK:mkdb.Worker.procedure.51 - 角色[4097]接受任务成功:500801
2016-09-09 15:19:53:966  INFO TASK:mkdb.Worker.procedure.51 - 角色[4097]开始接受循环任务:1010000,预定任务id:0.强制:false
2016-09-09 15:19:53:966 ERROR TASK:mkdb.Worker.procedure.51 - 角色[4097]当前循环任务1010000状态:4,尚未成功提交,无法接受新任务!
2016-09-09 15:19:53:966  INFO TASK:mkdb.Worker.procedure.51 - 角色[4097]开始接受循环任务:1010000,预定任务id:0.强制:false
2016-09-09 15:19:53:966 ERROR TASK:mkdb.Worker.procedure.51 - 角色[4097]当前循环任务1010000状态:4,尚未成功提交,无法接受新任务!
2016-09-09 15:19:53:966  INFO TASK:mkdb.Worker.procedure.36 - 角色[4097]开始接受循环任务:1010000,预定任务id:0.强制:false
2016-09-09 15:19:53:966 ERROR TASK:mkdb.Worker.procedure.36 - 角色[4097]当前循环任务1010000状态:4,尚未成功提交,无法接受新任务!
2016-09-09 15:19:53:966  INFO TASK:mkdb.Worker.procedure.36 - 角色[4097]开始接受循环任务:1010000,预定任务id:0.强制:false
2016-09-09 15:19:53:966 ERROR TASK:mkdb.Worker.procedure.36 - 角色[4097]当前循环任务1010000状态:4,尚未成功提交,无法接受新任务!
2016-09-09 15:19:53:966  INFO TASK:mkdb.Worker.procedure.36 - 角色[4097]开始接受循环任务:1010000,预定任务id:0.强制:false
2016-09-09 15:19:53:966 ERROR TASK:mkdb.Worker.procedure.36 - 角色[4097]当前循环任务1010000状态:4,尚未成功提交,无法接受新任务!
2016-09-09 15:19:53:966  INFO TASK:mkdb.Worker.procedure.36 - 角色[4097]接受任务成功:501101
2016-09-09 15:19:53:966  INFO TASK:mkdb.Worker.procedure.38 - 角色[4097]开始接受循环任务:1010000,预定任务id:0.强制:false
2016-09-09 15:19:53:998 ERROR TASK:mkdb.Worker.procedure.38 - 角色[4097]当前循环任务1010000状态:4,尚未成功提交,无法接受新任务!
2016-09-09 15:19:53:998  INFO TASK:mkdb.Worker.procedure.52 - 角色[4097]开始接受循环任务:1010000,预定任务id:0.强制:false
2016-09-09 15:19:53:998 ERROR TASK:mkdb.Worker.procedure.52 - 角色[4097]当前循环任务1010000状态:4,尚未成功提交,无法接受新任务!
2016-09-09 15:19:53:998  INFO TASK:mkdb.Worker.procedure.52 - 角色[4097]开始接受循环任务:1010000,预定任务id:0.强制:false
2016-09-09 15:19:53:998 ERROR TASK:mkdb.Worker.procedure.52 - 角色[4097]当前循环任务1010000状态:4,尚未成功提交,无法接受新任务!
2016-09-09 15:19:53:998  INFO TASK:mkdb.Worker.procedure.53 - 角色[4097]开始接受循环任务:1010000,预定任务id:0.强制:false
2016-09-09 15:19:53:998 ERROR TASK:mkdb.Worker.procedure.53 - 角色[4097]当前循环任务1010000状态:4,尚未成功提交,无法接受新任务!
2016-09-09 15:19:54:013  INFO TASK:mkdb.Worker.procedure.35 - 角色[4097]接受任务成功:600001
2016-09-09 15:19:54:013  INFO TASK:mkdb.Worker.procedure.41 - 角色[4097]开始接受循环任务:1010000,预定任务id:0.强制:false
2016-09-09 15:19:54:013 ERROR TASK:mkdb.Worker.procedure.41 - 角色[4097]当前循环任务1010000状态:4,尚未成功提交,无法接受新任务!
