2016-09-09 16:00:05:603  INFO INSTANCEZONE:mkdb.Worker.scheduled.55 - 刷怪定时器开始:201005,201005,间隔时间:3600,是否触发时间随机:0
2016-09-09 16:00:05:603  INFO INSTANCEZONE:mkdb.Worker.scheduled.27 - 刷怪定时器开始:201012,201012,间隔时间:3600,是否触发时间随机:0
2016-09-09 16:00:05:606  INFO INSTANCEZONE:mkdb.Worker.procedure.28 - 开始刷新一轮的怪,任务:201005 时间:2016-9-9 16:00:05
2016-09-09 16:00:05:606  INFO INSTANCEZONE:mkdb.Worker.procedure.41 - 开始刷新一轮的怪,任务:201012 时间:2016-9-9 16:00:05
2016-09-09 16:00:05:624  INFO INSTANCEZONE:mkdb.Worker.procedure.28 - 活动Id:201005,活动类型Id:201,在地图:1606,共刷出npc数量为:8
2016-09-09 16:00:05:624  INFO INSTANCEZONE:mkdb.Worker.procedure.41 - 活动Id:201012,活动类型Id:201,在地图:1606,共刷出npc数量为:8
2016-09-09 16:00:05:639  INFO INSTANCEZONE:mkdb.Worker.procedure.28 - 活动Id:201005,活动类型Id:201,在地图:1607,共刷出npc数量为:7
2016-09-09 16:00:05:639  INFO INSTANCEZONE:mkdb.Worker.procedure.28 - 活动Id:201005,活动类型Id:201,在地图:1610,共刷出npc数量为:8
2016-09-09 16:00:05:639  INFO INSTANCEZONE:mkdb.Worker.procedure.28 - 活动Id:201005,活动类型Id:201,在地图:1614,共刷出npc数量为:7
2016-09-09 16:00:05:639  INFO INSTANCEZONE:mkdb.Worker.procedure.41 - 活动Id:201012,活动类型Id:201,在地图:1607,共刷出npc数量为:7
2016-09-09 16:00:05:639  INFO INSTANCEZONE:mkdb.Worker.procedure.41 - 活动Id:201012,活动类型Id:201,在地图:1610,共刷出npc数量为:8
2016-09-09 16:00:05:639  INFO INSTANCEZONE:mkdb.Worker.procedure.41 - 活动Id:201012,活动类型Id:201,在地图:1614,共刷出npc数量为:7
2016-09-09 16:00:10:608  INFO INSTANCEZONE:mkdb.Worker.scheduled.24 - 刷怪定时器开始:244005,244005,间隔时间:7200,是否触发时间随机:0
2016-09-09 16:00:10:608  INFO INSTANCEZONE:mkdb.Worker.procedure.48 - 开始刷新一轮的怪,任务:244005 时间:2016-9-9 16:00:10
2016-09-09 16:00:10:612  INFO INSTANCEZONE:mkdb.Worker.procedure.48 - 活动Id:244005,活动类型Id:244,在地图:1606,共刷出npc数量为:2
2016-09-09 16:00:10:612  INFO INSTANCEZONE:mkdb.Worker.procedure.48 - 活动Id:244005,活动类型Id:244,在地图:1607,共刷出npc数量为:2
2016-09-09 16:00:10:612  INFO INSTANCEZONE:mkdb.Worker.procedure.48 - 活动Id:244005,活动类型Id:244,在地图:1610,共刷出npc数量为:2
2016-09-09 16:00:10:612  INFO INSTANCEZONE:mkdb.Worker.procedure.48 - 活动Id:244005,活动类型Id:244,在地图:1614,共刷出npc数量为:2
2016-09-09 16:01:05:646  INFO INSTANCEZONE:mkdb.Worker.procedure.53 - 开始补怪,任务:201012 时间:2016-9-9 16:01:05
2016-09-09 16:01:05:646  INFO INSTANCEZONE:mkdb.Worker.procedure.52 - 开始补怪,任务:201005 时间:2016-9-9 16:01:05
2016-09-09 16:02:05:656  INFO INSTANCEZONE:mkdb.Worker.procedure.41 - 开始补怪,任务:201005 时间:2016-9-9 16:02:05
2016-09-09 16:02:05:656  INFO INSTANCEZONE:mkdb.Worker.procedure.40 - 开始补怪,任务:201012 时间:2016-9-9 16:02:05
2016-09-09 16:03:05:651  INFO INSTANCEZONE:mkdb.Worker.procedure.28 - 开始补怪,任务:201012 时间:2016-9-9 16:03:05
2016-09-09 16:03:05:651  INFO INSTANCEZONE:mkdb.Worker.procedure.41 - 开始补怪,任务:201005 时间:2016-9-9 16:03:05
2016-09-09 16:04:05:658  INFO INSTANCEZONE:mkdb.Worker.procedure.51 - 开始补怪,任务:201012 时间:2016-9-9 16:04:05
2016-09-09 16:04:05:658  INFO INSTANCEZONE:mkdb.Worker.procedure.48 - 开始补怪,任务:201005 时间:2016-9-9 16:04:05
2016-09-09 16:05:00:605  INFO INSTANCEZONE:mkdb.Worker.scheduled.24 - 刷怪定时器开始:233005,233005,间隔时间:3600,是否触发时间随机:0
2016-09-09 16:05:00:605  INFO INSTANCEZONE:mkdb.Worker.scheduled.27 - 刷怪定时器开始:234005,234005,间隔时间:3600,是否触发时间随机:0
2016-09-09 16:05:00:605  INFO INSTANCEZONE:mkdb.Worker.scheduled.56 - 刷怪定时器开始:232005,232005,间隔时间:3600,是否触发时间随机:0
2016-09-09 16:05:00:605  INFO INSTANCEZONE:mkdb.Worker.procedure.47 - 开始刷新一轮的怪,任务:233005 时间:2016-9-9 16:05:00
2016-09-09 16:05:00:605  INFO INSTANCEZONE:mkdb.Worker.scheduled.54 - 刷怪定时器开始:239005,239005,间隔时间:3600,是否触发时间随机:0
2016-09-09 16:05:00:605  INFO INSTANCEZONE:mkdb.Worker.scheduled.55 - 刷怪定时器开始:238005,238005,间隔时间:3600,是否触发时间随机:0
2016-09-09 16:05:00:605  INFO INSTANCEZONE:mkdb.Worker.procedure.34 - 开始刷新一轮的怪,任务:234005 时间:2016-9-9 16:05:00
2016-09-09 16:05:00:605  INFO INSTANCEZONE:mkdb.Worker.scheduled.55 - 刷怪定时器开始:237005,237005,间隔时间:3600,是否触发时间随机:0
2016-09-09 16:05:00:605  INFO INSTANCEZONE:mkdb.Worker.procedure.32 - 开始刷新一轮的怪,任务:238005 时间:2016-9-9 16:05:00
2016-09-09 16:05:00:605  INFO INSTANCEZONE:mkdb.Worker.procedure.50 - 开始刷新一轮的怪,任务:237005 时间:2016-9-9 16:05:00
2016-09-09 16:05:00:605  INFO INSTANCEZONE:mkdb.Worker.procedure.38 - 开始刷新一轮的怪,任务:239005 时间:2016-9-9 16:05:00
2016-09-09 16:05:00:605  INFO INSTANCEZONE:mkdb.Worker.procedure.37 - 开始刷新一轮的怪,任务:232005 时间:2016-9-9 16:05:00
2016-09-09 16:05:00:605  INFO INSTANCEZONE:mkdb.Worker.procedure.47 - 活动Id:233005,活动类型Id:233,在地图:1616,共刷出npc数量为:6
2016-09-09 16:05:00:605  INFO INSTANCEZONE:mkdb.Worker.procedure.38 - 活动Id:239005,活动类型Id:239,在地图:1609,共刷出npc数量为:6
2016-09-09 16:05:00:605  INFO INSTANCEZONE:mkdb.Worker.procedure.34 - 活动Id:234005,活动类型Id:234,在地图:1614,共刷出npc数量为:6
2016-09-09 16:05:00:605  INFO INSTANCEZONE:mkdb.Worker.procedure.37 - 活动Id:232005,活动类型Id:232,在地图:1616,共刷出npc数量为:6
2016-09-09 16:05:00:605  INFO INSTANCEZONE:mkdb.Worker.procedure.32 - 活动Id:238005,活动类型Id:238,在地图:1610,共刷出npc数量为:6
2016-09-09 16:05:00:605  INFO INSTANCEZONE:mkdb.Worker.procedure.50 - 活动Id:237005,活动类型Id:237,在地图:1607,共刷出npc数量为:6
2016-09-09 16:05:00:620  INFO INSTANCEZONE:mkdb.Worker.scheduled.24 - 刷怪定时器开始:236005,236005,间隔时间:3600,是否触发时间随机:0
2016-09-09 16:05:00:620  INFO INSTANCEZONE:mkdb.Worker.scheduled.24 - 刷怪定时器开始:235005,235005,间隔时间:3600,是否触发时间随机:0
2016-09-09 16:05:00:620  INFO INSTANCEZONE:mkdb.Worker.procedure.41 - 开始刷新一轮的怪,任务:236005 时间:2016-9-9 16:05:00
2016-09-09 16:05:00:620  INFO INSTANCEZONE:mkdb.Worker.procedure.40 - 开始刷新一轮的怪,任务:235005 时间:2016-9-9 16:05:00
2016-09-09 16:05:00:620  INFO INSTANCEZONE:mkdb.Worker.procedure.40 - 活动Id:235005,活动类型Id:235,在地图:1606,共刷出npc数量为:6
2016-09-09 16:05:00:630  INFO INSTANCEZONE:mkdb.Worker.procedure.41 - 活动Id:236005,活动类型Id:236,在地图:1605,共刷出npc数量为:6
2016-09-09 16:05:05:647  INFO INSTANCEZONE:mkdb.Worker.procedure.41 - 开始补怪,任务:201005 时间:2016-9-9 16:05:05
2016-09-09 16:05:05:647  INFO INSTANCEZONE:mkdb.Worker.procedure.46 - 开始补怪,任务:201012 时间:2016-9-9 16:05:05
2016-09-09 16:06:05:643  INFO INSTANCEZONE:mkdb.Worker.procedure.38 - 开始补怪,任务:201005 时间:2016-9-9 16:06:05
2016-09-09 16:06:05:645  INFO INSTANCEZONE:mkdb.Worker.procedure.32 - 开始补怪,任务:201012 时间:2016-9-9 16:06:05
2016-09-09 16:07:05:651  INFO INSTANCEZONE:mkdb.Worker.procedure.39 - 开始补怪,任务:201012 时间:2016-9-9 16:07:05
2016-09-09 16:07:05:651  INFO INSTANCEZONE:mkdb.Worker.procedure.51 - 开始补怪,任务:201005 时间:2016-9-9 16:07:05
2016-09-09 16:08:05:656  INFO INSTANCEZONE:mkdb.Worker.procedure.53 - 开始补怪,任务:201012 时间:2016-9-9 16:08:05
2016-09-09 16:08:05:656  INFO INSTANCEZONE:mkdb.Worker.procedure.47 - 开始补怪,任务:201005 时间:2016-9-9 16:08:05
2016-09-09 16:09:05:654  INFO INSTANCEZONE:mkdb.Worker.procedure.50 - 开始补怪,任务:201012 时间:2016-9-9 16:09:05
2016-09-09 16:09:05:654  INFO INSTANCEZONE:mkdb.Worker.procedure.49 - 开始补怪,任务:201005 时间:2016-9-9 16:09:05
2016-09-09 16:10:00:616  INFO INSTANCEZONE:mkdb.Worker.scheduled.55 - 刷怪定时器开始:200005,200005,间隔时间:1200,是否触发时间随机:0
2016-09-09 16:10:00:616  INFO INSTANCEZONE:mkdb.Worker.procedure.39 - 开始刷新一轮的怪,任务:200005 时间:2016-9-9 16:10:00
2016-09-09 16:10:00:620  INFO INSTANCEZONE:mkdb.Worker.procedure.39 - 活动Id:200005,活动类型Id:200,在地图:1605,共刷出npc数量为:10
2016-09-09 16:10:00:620  INFO INSTANCEZONE:mkdb.Worker.procedure.39 - 活动Id:200005,活动类型Id:200,在地图:1608,共刷出npc数量为:10
2016-09-09 16:10:00:620  INFO INSTANCEZONE:mkdb.Worker.procedure.39 - 活动Id:200005,活动类型Id:200,在地图:1609,共刷出npc数量为:10
2016-09-09 16:10:05:652  INFO INSTANCEZONE:mkdb.Worker.procedure.49 - 开始补怪,任务:201005 时间:2016-9-9 16:10:05
2016-09-09 16:10:05:652  INFO INSTANCEZONE:mkdb.Worker.procedure.37 - 开始补怪,任务:201012 时间:2016-9-9 16:10:05
2016-09-09 16:10:10:623  INFO INSTANCEZONE:mkdb.Worker.procedure.35 - 结束补怪任务:200005 时间:2016-9-9 16:10:10
2016-09-09 16:11:05:651  INFO INSTANCEZONE:mkdb.Worker.procedure.48 - 开始补怪,任务:201012 时间:2016-9-9 16:11:05
2016-09-09 16:11:05:651  INFO INSTANCEZONE:mkdb.Worker.procedure.41 - 开始补怪,任务:201005 时间:2016-9-9 16:11:05
2016-09-09 16:12:05:645  INFO INSTANCEZONE:mkdb.Worker.procedure.34 - 开始补怪,任务:201012 时间:2016-9-9 16:12:05
2016-09-09 16:12:05:645  INFO INSTANCEZONE:mkdb.Worker.procedure.38 - 开始补怪,任务:201005 时间:2016-9-9 16:12:05
2016-09-09 16:13:05:651  INFO INSTANCEZONE:mkdb.Worker.procedure.35 - 开始补怪,任务:201005 时间:2016-9-9 16:13:05
2016-09-09 16:13:05:651  INFO INSTANCEZONE:mkdb.Worker.procedure.40 - 开始补怪,任务:201012 时间:2016-9-9 16:13:05
2016-09-09 16:14:05:657  INFO INSTANCEZONE:mkdb.Worker.procedure.46 - 开始补怪,任务:201012 时间:2016-9-9 16:14:05
2016-09-09 16:14:05:657  INFO INSTANCEZONE:mkdb.Worker.procedure.47 - 开始补怪,任务:201005 时间:2016-9-9 16:14:05
2016-09-09 16:15:05:650  INFO INSTANCEZONE:mkdb.Worker.procedure.50 - 开始补怪,任务:201012 时间:2016-9-9 16:15:05
2016-09-09 16:15:05:650  INFO INSTANCEZONE:mkdb.Worker.procedure.36 - 开始补怪,任务:201005 时间:2016-9-9 16:15:05
2016-09-09 16:16:05:656  INFO INSTANCEZONE:mkdb.Worker.procedure.39 - 开始补怪,任务:201005 时间:2016-9-9 16:16:05
2016-09-09 16:16:05:656  INFO INSTANCEZONE:mkdb.Worker.procedure.51 - 开始补怪,任务:201012 时间:2016-9-9 16:16:05
2016-09-09 16:17:05:651  INFO INSTANCEZONE:mkdb.Worker.procedure.53 - 开始补怪,任务:201012 时间:2016-9-9 16:17:05
2016-09-09 16:17:05:651  INFO INSTANCEZONE:mkdb.Worker.procedure.28 - 开始补怪,任务:201005 时间:2016-9-9 16:17:05
2016-09-09 16:18:05:655  INFO INSTANCEZONE:mkdb.Worker.procedure.37 - 开始补怪,任务:201005 时间:2016-9-9 16:18:05
2016-09-09 16:18:05:655  INFO INSTANCEZONE:mkdb.Worker.procedure.49 - 开始补怪,任务:201012 时间:2016-9-9 16:18:05
2016-09-09 16:19:05:646  INFO INSTANCEZONE:mkdb.Worker.procedure.32 - 开始补怪,任务:201012 时间:2016-9-9 16:19:05
2016-09-09 16:19:05:646  INFO INSTANCEZONE:mkdb.Worker.procedure.33 - 开始补怪,任务:201005 时间:2016-9-9 16:19:05
2016-09-09 16:20:05:655  INFO INSTANCEZONE:mkdb.Worker.procedure.50 - 开始补怪,任务:201005 时间:2016-9-9 16:20:05
2016-09-09 16:20:05:655  INFO INSTANCEZONE:mkdb.Worker.procedure.36 - 开始补怪,任务:201012 时间:2016-9-9 16:20:05
2016-09-09 16:20:15:645  INFO INSTANCEZONE:mkdb.Worker.procedure.35 - 结束补怪任务:201012 时间:2016-9-9 16:20:15
2016-09-09 16:20:15:645  INFO INSTANCEZONE:mkdb.Worker.procedure.51 - 结束补怪任务:201005 时间:2016-9-9 16:20:15
2016-09-09 16:30:00:607  INFO INSTANCEZONE:mkdb.Worker.scheduled.24 - 刷怪定时器开始:200005,200005,间隔时间:1200,是否触发时间随机:0
2016-09-09 16:30:00:607  INFO INSTANCEZONE:mkdb.Worker.procedure.53 - 开始刷新一轮的怪,任务:200005 时间:2016-9-9 16:30:00
2016-09-09 16:30:00:610  INFO INSTANCEZONE:mkdb.Worker.procedure.53 - 活动Id:200005,活动类型Id:200,在地图:1605,共刷出npc数量为:10
2016-09-09 16:30:00:610  INFO INSTANCEZONE:mkdb.Worker.procedure.53 - 活动Id:200005,活动类型Id:200,在地图:1608,共刷出npc数量为:10
2016-09-09 16:30:00:610  INFO INSTANCEZONE:mkdb.Worker.procedure.53 - 活动Id:200005,活动类型Id:200,在地图:1609,共刷出npc数量为:10
2016-09-09 16:30:10:641  INFO INSTANCEZONE:mkdb.Worker.procedure.36 - 结束补怪任务:200005 时间:2016-9-9 16:30:10
2016-09-09 16:50:00:604  INFO INSTANCEZONE:mkdb.Worker.scheduled.27 - 刷怪定时器开始:200005,200005,间隔时间:1200,是否触发时间随机:0
2016-09-09 16:50:00:604  INFO INSTANCEZONE:mkdb.Worker.procedure.39 - 开始刷新一轮的怪,任务:200005 时间:2016-9-9 16:50:00
2016-09-09 16:50:00:608  INFO INSTANCEZONE:mkdb.Worker.procedure.39 - 活动Id:200005,活动类型Id:200,在地图:1605,共刷出npc数量为:10
2016-09-09 16:50:00:608  INFO INSTANCEZONE:mkdb.Worker.procedure.39 - 活动Id:200005,活动类型Id:200,在地图:1608,共刷出npc数量为:10
2016-09-09 16:50:00:608  INFO INSTANCEZONE:mkdb.Worker.procedure.39 - 活动Id:200005,活动类型Id:200,在地图:1609,共刷出npc数量为:10
2016-09-09 16:50:10:624  INFO INSTANCEZONE:mkdb.Worker.procedure.49 - 结束补怪任务:200005 时间:2016-9-9 16:50:10
