2016-08-03 23:00:05:602  INFO INSTANCEZONE:mkdb.Worker.scheduled.29 - 刷怪定时器开始:201003,201003,间隔时间:3600,是否触发时间随机:0
2016-08-03 23:00:05:602  INFO INSTANCEZONE:mkdb.Worker.procedure.53 - 开始刷新一轮的怪,任务:201003 时间:2016-8-3 23:00:05
2016-08-03 23:00:05:602  INFO INSTANCEZONE:mkdb.Worker.scheduled.27 - 刷怪定时器开始:201010,201010,间隔时间:3600,是否触发时间随机:0
2016-08-03 23:00:05:602  INFO INSTANCEZONE:mkdb.Worker.procedure.36 - 开始刷新一轮的怪,任务:201010 时间:2016-8-3 23:00:05
2016-08-03 23:00:05:602  INFO INSTANCEZONE:mkdb.Worker.procedure.36 - 活动Id:201010,活动类型Id:201,在地图:1616,共刷出npc数量为:7
2016-08-03 23:00:05:602  INFO INSTANCEZONE:mkdb.Worker.procedure.36 - 活动Id:201010,活动类型Id:201,在地图:1606,共刷出npc数量为:7
2016-08-03 23:00:05:602  INFO INSTANCEZONE:mkdb.Worker.procedure.36 - 活动Id:201010,活动类型Id:201,在地图:1611,共刷出npc数量为:7
2016-08-03 23:00:05:602  INFO INSTANCEZONE:mkdb.Worker.procedure.36 - 活动Id:201010,活动类型Id:201,在地图:1612,共刷出npc数量为:7
2016-08-03 23:00:05:602  INFO INSTANCEZONE:mkdb.Worker.procedure.53 - 活动Id:201003,活动类型Id:201,在地图:1606,共刷出npc数量为:15
2016-08-03 23:00:05:602  INFO INSTANCEZONE:mkdb.Worker.procedure.53 - 活动Id:201003,活动类型Id:201,在地图:1611,共刷出npc数量为:15
2016-08-03 23:00:05:602  INFO INSTANCEZONE:mkdb.Worker.procedure.53 - 活动Id:201003,活动类型Id:201,在地图:1612,共刷出npc数量为:15
2016-08-03 23:00:05:602  INFO INSTANCEZONE:mkdb.Worker.procedure.53 - 活动Id:201003,活动类型Id:201,在地图:1614,共刷出npc数量为:15
2016-08-03 23:05:00:604  INFO INSTANCEZONE:mkdb.Worker.scheduled.27 - 刷怪定时器开始:234003,234003,间隔时间:3600,是否触发时间随机:0
2016-08-03 23:05:00:604  INFO INSTANCEZONE:mkdb.Worker.scheduled.28 - 刷怪定时器开始:233003,233003,间隔时间:3600,是否触发时间随机:0
2016-08-03 23:05:00:604  INFO INSTANCEZONE:mkdb.Worker.procedure.50 - 开始刷新一轮的怪,任务:234003 时间:2016-8-3 23:05:00
2016-08-03 23:05:00:604  INFO INSTANCEZONE:mkdb.Worker.procedure.43 - 开始刷新一轮的怪,任务:233003 时间:2016-8-3 23:05:00
2016-08-03 23:05:00:604  INFO INSTANCEZONE:mkdb.Worker.procedure.50 - 活动Id:234003,活动类型Id:234,在地图:1614,共刷出npc数量为:6
2016-08-03 23:05:00:604  INFO INSTANCEZONE:mkdb.Worker.procedure.43 - 活动Id:233003,活动类型Id:233,在地图:1616,共刷出npc数量为:6
2016-08-03 23:05:00:621  INFO INSTANCEZONE:mkdb.Worker.scheduled.24 - 刷怪定时器开始:232003,232003,间隔时间:3600,是否触发时间随机:0
2016-08-03 23:05:00:621  INFO INSTANCEZONE:mkdb.Worker.scheduled.30 - 刷怪定时器开始:239003,239003,间隔时间:3600,是否触发时间随机:0
2016-08-03 23:05:00:621  INFO INSTANCEZONE:mkdb.Worker.scheduled.30 - 刷怪定时器开始:238003,238003,间隔时间:3600,是否触发时间随机:0
2016-08-03 23:05:00:621  INFO INSTANCEZONE:mkdb.Worker.scheduled.24 - 刷怪定时器开始:237003,237003,间隔时间:3600,是否触发时间随机:0
2016-08-03 23:05:00:621  INFO INSTANCEZONE:mkdb.Worker.scheduled.30 - 刷怪定时器开始:236003,236003,间隔时间:3600,是否触发时间随机:0
2016-08-03 23:05:00:621  INFO INSTANCEZONE:mkdb.Worker.procedure.49 - 开始刷新一轮的怪,任务:239003 时间:2016-8-3 23:05:00
2016-08-03 23:05:00:621  INFO INSTANCEZONE:mkdb.Worker.procedure.55 - 开始刷新一轮的怪,任务:232003 时间:2016-8-3 23:05:00
2016-08-03 23:05:00:621  INFO INSTANCEZONE:mkdb.Worker.procedure.49 - 活动Id:239003,活动类型Id:239,在地图:1609,共刷出npc数量为:6
2016-08-03 23:05:00:621  INFO INSTANCEZONE:mkdb.Worker.procedure.55 - 活动Id:232003,活动类型Id:232,在地图:1616,共刷出npc数量为:6
2016-08-03 23:05:00:621  INFO INSTANCEZONE:mkdb.Worker.procedure.55 - 开始刷新一轮的怪,任务:237003 时间:2016-8-3 23:05:00
2016-08-03 23:05:00:621  INFO INSTANCEZONE:mkdb.Worker.procedure.49 - 开始刷新一轮的怪,任务:238003 时间:2016-8-3 23:05:00
2016-08-03 23:05:00:621  INFO INSTANCEZONE:mkdb.Worker.procedure.49 - 活动Id:238003,活动类型Id:238,在地图:1610,共刷出npc数量为:6
2016-08-03 23:05:00:621  INFO INSTANCEZONE:mkdb.Worker.procedure.55 - 活动Id:237003,活动类型Id:237,在地图:1607,共刷出npc数量为:6
2016-08-03 23:05:00:621  INFO INSTANCEZONE:mkdb.Worker.procedure.55 - 开始刷新一轮的怪,任务:236003 时间:2016-8-3 23:05:00
2016-08-03 23:05:00:621  INFO INSTANCEZONE:mkdb.Worker.procedure.55 - 活动Id:236003,活动类型Id:236,在地图:1605,共刷出npc数量为:6
2016-08-03 23:05:00:668  INFO INSTANCEZONE:mkdb.Worker.scheduled.24 - 刷怪定时器开始:235003,235003,间隔时间:3600,是否触发时间随机:0
2016-08-03 23:05:00:668  INFO INSTANCEZONE:mkdb.Worker.procedure.32 - 开始刷新一轮的怪,任务:235003 时间:2016-8-3 23:05:00
2016-08-03 23:05:00:668  INFO INSTANCEZONE:mkdb.Worker.procedure.32 - 活动Id:235003,活动类型Id:235,在地图:1606,共刷出npc数量为:6
2016-08-03 23:10:00:605  INFO INSTANCEZONE:mkdb.Worker.scheduled.28 - 刷怪定时器开始:200003,200003,间隔时间:1200,是否触发时间随机:0
2016-08-03 23:10:00:605  INFO INSTANCEZONE:mkdb.Worker.procedure.35 - 开始刷新一轮的怪,任务:200003 时间:2016-8-3 23:10:00
2016-08-03 23:10:00:607  INFO INSTANCEZONE:mkdb.Worker.procedure.35 - 活动Id:200003,活动类型Id:200,在地图:1605,共刷出npc数量为:10
2016-08-03 23:10:00:607  INFO INSTANCEZONE:mkdb.Worker.procedure.35 - 活动Id:200003,活动类型Id:200,在地图:1608,共刷出npc数量为:10
2016-08-03 23:10:00:607  INFO INSTANCEZONE:mkdb.Worker.procedure.35 - 活动Id:200003,活动类型Id:200,在地图:1609,共刷出npc数量为:10
2016-08-03 23:10:10:623  INFO INSTANCEZONE:mkdb.Worker.procedure.52 - 结束补怪任务:200003 时间:2016-8-3 23:10:10
2016-08-03 23:30:00:614  INFO INSTANCEZONE:mkdb.Worker.scheduled.27 - 刷怪定时器开始:200003,200003,间隔时间:1200,是否触发时间随机:0
2016-08-03 23:30:00:614  INFO INSTANCEZONE:mkdb.Worker.procedure.50 - 开始刷新一轮的怪,任务:200003 时间:2016-8-3 23:30:00
2016-08-03 23:30:00:616  INFO INSTANCEZONE:mkdb.Worker.procedure.50 - 活动Id:200003,活动类型Id:200,在地图:1605,共刷出npc数量为:10
2016-08-03 23:30:00:616  INFO INSTANCEZONE:mkdb.Worker.procedure.50 - 活动Id:200003,活动类型Id:200,在地图:1608,共刷出npc数量为:10
2016-08-03 23:30:00:616  INFO INSTANCEZONE:mkdb.Worker.procedure.50 - 活动Id:200003,活动类型Id:200,在地图:1609,共刷出npc数量为:10
2016-08-03 23:30:10:617  INFO INSTANCEZONE:mkdb.Worker.procedure.53 - 结束补怪任务:200003 时间:2016-8-3 23:30:10
2016-08-03 23:50:00:617  INFO INSTANCEZONE:mkdb.Worker.scheduled.24 - 刷怪定时器开始:200003,200003,间隔时间:1200,是否触发时间随机:0
2016-08-03 23:50:00:617  INFO INSTANCEZONE:mkdb.Worker.procedure.39 - 开始刷新一轮的怪,任务:200003 时间:2016-8-3 23:50:00
2016-08-03 23:50:00:617  INFO INSTANCEZONE:mkdb.Worker.procedure.39 - 活动Id:200003,活动类型Id:200,在地图:1605,共刷出npc数量为:10
2016-08-03 23:50:00:618  INFO INSTANCEZONE:mkdb.Worker.procedure.39 - 活动Id:200003,活动类型Id:200,在地图:1608,共刷出npc数量为:10
2016-08-03 23:50:00:618  INFO INSTANCEZONE:mkdb.Worker.procedure.39 - 活动Id:200003,活动类型Id:200,在地图:1609,共刷出npc数量为:10
2016-08-03 23:50:10:619  INFO INSTANCEZONE:mkdb.Worker.procedure.32 - 结束补怪任务:200003 时间:2016-8-3 23:50:10
2016-08-03 23:59:59:422  INFO INSTANCEZONE:mkdb.Worker.scheduled.24 - TimerNpcActivity end actId=201003
2016-08-03 23:59:59:422  INFO INSTANCEZONE:mkdb.Worker.scheduled.28 - TimerNpcActivity end actId=234003
2016-08-03 23:59:59:422  INFO INSTANCEZONE:mkdb.Worker.scheduled.27 - TimerNpcActivity end actId=200003
2016-08-03 23:59:59:422  INFO INSTANCEZONE:mkdb.Worker.scheduled.29 - TimerNpcActivity end actId=201010
2016-08-03 23:59:59:422  INFO INSTANCEZONE:mkdb.Worker.scheduled.30 - TimerNpcActivity end actId=233003
2016-08-03 23:59:59:422  INFO INSTANCEZONE:mkdb.Worker.scheduled.28 - TimerNpcActivity end actId=232003
2016-08-03 23:59:59:422  INFO INSTANCEZONE:mkdb.Worker.scheduled.29 - TimerNpcActivity end actId=231003
2016-08-03 23:59:59:437  INFO INSTANCEZONE:mkdb.Worker.scheduled.30 - TimerNpcActivity end actId=230003
2016-08-03 23:59:59:453  INFO INSTANCEZONE:mkdb.Worker.scheduled.24 - TimerNpcActivity end actId=239003
2016-08-03 23:59:59:484  INFO INSTANCEZONE:mkdb.Worker.scheduled.27 - TimerNpcActivity end actId=238003
2016-08-03 23:59:59:515  INFO INSTANCEZONE:mkdb.Worker.scheduled.30 - TimerNpcActivity end actId=237003
2016-08-03 23:59:59:515  INFO INSTANCEZONE:mkdb.Worker.scheduled.27 - TimerNpcActivity end actId=236003
2016-08-03 23:59:59:531  INFO INSTANCEZONE:mkdb.Worker.scheduled.30 - TimerNpcActivity end actId=235003
