2016-08-03 17:00:05:888  INFO INSTANCEZONE:mkdb.Worker.scheduled.21 - 刷怪定时器开始:201010,201010,间隔时间:3600,是否触发时间随机:0
2016-08-03 17:00:05:888  INFO INSTANCEZONE:mkdb.Worker.scheduled.52 - 刷怪定时器开始:201003,201003,间隔时间:3600,是否触发时间随机:0
2016-08-03 17:00:05:888  INFO INSTANCEZONE:mkdb.Worker.procedure.30 - 开始刷新一轮的怪,任务:201010 时间:2016-8-3 17:00:05
2016-08-03 17:00:05:888  INFO INSTANCEZONE:mkdb.Worker.procedure.43 - 开始刷新一轮的怪,任务:201003 时间:2016-8-3 17:00:05
2016-08-03 17:00:05:892  INFO INSTANCEZONE:mkdb.Worker.procedure.30 - 活动Id:201010,活动类型Id:201,在地图:1606,共刷出npc数量为:7
2016-08-03 17:00:05:892  INFO INSTANCEZONE:mkdb.Worker.procedure.30 - 活动Id:201010,活动类型Id:201,在地图:1607,共刷出npc数量为:7
2016-08-03 17:00:05:892  INFO INSTANCEZONE:mkdb.Worker.procedure.30 - 活动Id:201010,活动类型Id:201,在地图:1611,共刷出npc数量为:7
2016-08-03 17:00:05:892  INFO INSTANCEZONE:mkdb.Worker.procedure.30 - 活动Id:201010,活动类型Id:201,在地图:1612,共刷出npc数量为:7
2016-08-03 17:00:05:892  INFO INSTANCEZONE:mkdb.Worker.procedure.43 - 活动Id:201003,活动类型Id:201,在地图:1616,共刷出npc数量为:15
2016-08-03 17:00:05:892  INFO INSTANCEZONE:mkdb.Worker.procedure.43 - 活动Id:201003,活动类型Id:201,在地图:1606,共刷出npc数量为:15
2016-08-03 17:00:05:892  INFO INSTANCEZONE:mkdb.Worker.procedure.43 - 活动Id:201003,活动类型Id:201,在地图:1611,共刷出npc数量为:15
2016-08-03 17:00:05:892  INFO INSTANCEZONE:mkdb.Worker.procedure.43 - 活动Id:201003,活动类型Id:201,在地图:1612,共刷出npc数量为:15
2016-08-03 17:03:30:436  INFO INSTANCEZONE:mkdb.Worker.scheduled.27 - 开始刷怪233003 233
2016-08-03 17:03:30:436  INFO INSTANCEZONE:mkdb.Worker.scheduled.28 - 开始刷怪234003 234
2016-08-03 17:03:30:436  INFO INSTANCEZONE:mkdb.Worker.scheduled.30 - 开始刷怪201003 201
2016-08-03 17:03:30:467  INFO INSTANCEZONE:mkdb.Worker.scheduled.24 - 开始刷怪201010 201
2016-08-03 17:03:30:498  INFO INSTANCEZONE:mkdb.Worker.scheduled.28 - now time:1470215010498 real start time:1470153900451 actid:234003
2016-08-03 17:03:30:498  INFO INSTANCEZONE:mkdb.Worker.scheduled.30 - now time:1470215010498 real start time:1470153605451 actid:201003
2016-08-03 17:03:30:498  INFO INSTANCEZONE:mkdb.Worker.scheduled.24 - now time:1470215010498 real start time:1470153605467 actid:201010
2016-08-03 17:03:30:498  INFO INSTANCEZONE:mkdb.Worker.scheduled.27 - now time:1470215010498 real start time:1470153900451 actid:233003
2016-08-03 17:03:30:498  INFO INSTANCEZONE:mkdb.Worker.scheduled.30 - delay time3:3394953 actid:201003
2016-08-03 17:03:30:498  INFO INSTANCEZONE:mkdb.Worker.scheduled.24 - delay time3:3394969 actid:201010
2016-08-03 17:03:30:498  INFO INSTANCEZONE:mkdb.Worker.scheduled.27 - delay time3:89953 actid:233003
2016-08-03 17:03:30:498  INFO INSTANCEZONE:mkdb.Worker.scheduled.28 - delay time3:89953 actid:234003
2016-08-03 17:03:30:498  INFO INSTANCEZONE:mkdb.Worker.scheduled.24 - 开始刷怪200003 200
2016-08-03 17:03:30:498  INFO INSTANCEZONE:mkdb.Worker.scheduled.28 - 开始刷怪232003 232
2016-08-03 17:03:30:498  INFO INSTANCEZONE:mkdb.Worker.scheduled.27 - 开始刷怪231003 231
2016-08-03 17:03:30:498  INFO INSTANCEZONE:mkdb.Worker.scheduled.30 - 开始刷怪230003 230
2016-08-03 17:03:30:498  INFO INSTANCEZONE:mkdb.Worker.scheduled.24 - now time:1470215010498 real start time:1470154200498 actid:200003
2016-08-03 17:03:30:514  INFO INSTANCEZONE:mkdb.Worker.scheduled.30 - now time:1470215010514 real start time:1470153900514 actid:230003
2016-08-03 17:03:30:514  INFO INSTANCEZONE:mkdb.Worker.scheduled.28 - now time:1470215010514 real start time:1470153900514 actid:232003
2016-08-03 17:03:30:514  INFO INSTANCEZONE:mkdb.Worker.scheduled.24 - delay time3:390000 actid:200003
2016-08-03 17:03:30:514  INFO INSTANCEZONE:mkdb.Worker.scheduled.27 - now time:1470215010514 real start time:1470153900514 actid:231003
2016-08-03 17:03:30:514  INFO INSTANCEZONE:mkdb.Worker.scheduled.28 - delay time3:90000 actid:232003
2016-08-03 17:03:30:514  INFO INSTANCEZONE:mkdb.Worker.scheduled.30 - 开始刷怪239003 239
2016-08-03 17:03:30:514  INFO INSTANCEZONE:mkdb.Worker.scheduled.30 - now time:1470215010514 real start time:1470153900514 actid:239003
2016-08-03 17:03:30:514  INFO INSTANCEZONE:mkdb.Worker.scheduled.30 - delay time3:90000 actid:239003
2016-08-03 17:03:30:514  INFO INSTANCEZONE:mkdb.Worker.scheduled.28 - 开始刷怪238003 238
2016-08-03 17:03:30:514  INFO INSTANCEZONE:mkdb.Worker.scheduled.28 - now time:1470215010514 real start time:1470153900514 actid:238003
2016-08-03 17:03:30:514  INFO INSTANCEZONE:mkdb.Worker.scheduled.28 - delay time3:90000 actid:238003
2016-08-03 17:03:30:514  INFO INSTANCEZONE:mkdb.Worker.scheduled.30 - 开始刷怪237003 237
2016-08-03 17:03:30:514  INFO INSTANCEZONE:mkdb.Worker.scheduled.30 - now time:1470215010514 real start time:1470153900514 actid:237003
2016-08-03 17:03:30:514  INFO INSTANCEZONE:mkdb.Worker.scheduled.30 - delay time3:90000 actid:237003
2016-08-03 17:03:30:514  INFO INSTANCEZONE:mkdb.Worker.scheduled.24 - 开始刷怪236003 236
2016-08-03 17:03:30:514  INFO INSTANCEZONE:mkdb.Worker.scheduled.24 - now time:1470215010514 real start time:1470153900514 actid:236003
2016-08-03 17:03:30:514  INFO INSTANCEZONE:mkdb.Worker.scheduled.24 - delay time3:90000 actid:236003
2016-08-03 17:03:30:530  INFO INSTANCEZONE:mkdb.Worker.scheduled.30 - 开始刷怪235003 235
2016-08-03 17:03:30:530  INFO INSTANCEZONE:mkdb.Worker.scheduled.30 - now time:1470215010530 real start time:1470153900530 actid:235003
2016-08-03 17:03:30:530  INFO INSTANCEZONE:mkdb.Worker.scheduled.30 - delay time3:90000 actid:235003
2016-08-03 17:03:31:514  INFO INSTANCEZONE:mkdb.Worker.scheduled.28 - 刷怪定时器开始:200003,200003,间隔时间:1200,是否触发时间随机:0
2016-08-03 17:03:31:514  INFO INSTANCEZONE:mkdb.Worker.scheduled.24 - 刷怪定时器开始:201003,201003,间隔时间:3600,是否触发时间随机:0
2016-08-03 17:03:31:514  INFO INSTANCEZONE:mkdb.Worker.scheduled.27 - 刷怪定时器开始:233003,233003,间隔时间:3600,是否触发时间随机:0
2016-08-03 17:03:31:514  INFO INSTANCEZONE:mkdb.Worker.scheduled.32 - 刷怪定时器开始:234003,234003,间隔时间:3600,是否触发时间随机:0
2016-08-03 17:03:31:515  INFO INSTANCEZONE:mkdb.Worker.scheduled.30 - 刷怪定时器开始:201010,201010,间隔时间:3600,是否触发时间随机:0
2016-08-03 17:03:31:516  INFO INSTANCEZONE:mkdb.Worker.scheduled.28 - 刷怪定时器开始:230003,230003,间隔时间:0,是否触发时间随机:0
2016-08-03 17:03:31:516  INFO INSTANCEZONE:mkdb.Worker.scheduled.28 - 刷怪定时器开始:232003,232003,间隔时间:3600,是否触发时间随机:0
2016-08-03 17:03:31:516  INFO INSTANCEZONE:mkdb.Worker.scheduled.28 - 刷怪定时器开始:231003,231003,间隔时间:0,是否触发时间随机:0
2016-08-03 17:03:31:516  INFO INSTANCEZONE:mkdb.Worker.scheduled.28 - 刷怪定时器开始:239003,239003,间隔时间:3600,是否触发时间随机:0
2016-08-03 17:03:31:516  INFO INSTANCEZONE:mkdb.Worker.scheduled.28 - 刷怪定时器开始:238003,238003,间隔时间:3600,是否触发时间随机:0
2016-08-03 17:03:31:516  INFO INSTANCEZONE:mkdb.Worker.scheduled.28 - 刷怪定时器开始:237003,237003,间隔时间:3600,是否触发时间随机:0
2016-08-03 17:03:31:516  INFO INSTANCEZONE:mkdb.Worker.scheduled.28 - 刷怪定时器开始:236003,236003,间隔时间:3600,是否触发时间随机:0
2016-08-03 17:03:31:531  INFO INSTANCEZONE:mkdb.Worker.procedure.39 - 开始刷新一轮的怪,任务:233003 时间:2016-8-3 17:03:31
2016-08-03 17:03:31:531  INFO INSTANCEZONE:mkdb.Worker.procedure.51 - 开始刷新一轮的怪,任务:238003 时间:2016-8-3 17:03:31
2016-08-03 17:03:31:531  INFO INSTANCEZONE:mkdb.Worker.procedure.48 - 开始刷新一轮的怪,任务:201010 时间:2016-8-3 17:03:31
2016-08-03 17:03:31:531  INFO INSTANCEZONE:mkdb.Worker.procedure.53 - 开始刷新一轮的怪,任务:230003 时间:2016-8-3 17:03:31
2016-08-03 17:03:31:531  INFO INSTANCEZONE:mkdb.Worker.procedure.47 - 开始刷新一轮的怪,任务:201003 时间:2016-8-3 17:03:31
2016-08-03 17:03:31:531  INFO INSTANCEZONE:mkdb.Worker.procedure.41 - 开始刷新一轮的怪,任务:234003 时间:2016-8-3 17:03:31
2016-08-03 17:03:31:531  INFO INSTANCEZONE:mkdb.Worker.procedure.44 - 开始刷新一轮的怪,任务:231003 时间:2016-8-3 17:03:31
2016-08-03 17:03:31:531  INFO INSTANCEZONE:mkdb.Worker.procedure.52 - 开始刷新一轮的怪,任务:239003 时间:2016-8-3 17:03:31
2016-08-03 17:03:31:531  INFO INSTANCEZONE:mkdb.Worker.procedure.49 - 开始刷新一轮的怪,任务:236003 时间:2016-8-3 17:03:31
2016-08-03 17:03:31:531  INFO INSTANCEZONE:mkdb.Worker.procedure.29 - 开始刷新一轮的怪,任务:200003 时间:2016-8-3 17:03:31
2016-08-03 17:03:31:531  INFO INSTANCEZONE:mkdb.Worker.procedure.43 - 开始刷新一轮的怪,任务:237003 时间:2016-8-3 17:03:31
2016-08-03 17:03:31:531  INFO INSTANCEZONE:mkdb.Worker.procedure.34 - 开始刷新一轮的怪,任务:232003 时间:2016-8-3 17:03:31
2016-08-03 17:03:31:547  INFO INSTANCEZONE:mkdb.Worker.scheduled.28 - 刷怪定时器开始:235003,235003,间隔时间:3600,是否触发时间随机:0
2016-08-03 17:03:31:547  INFO INSTANCEZONE:mkdb.Worker.procedure.37 - 开始刷新一轮的怪,任务:235003 时间:2016-8-3 17:03:31
2016-08-03 17:03:31:609  INFO INSTANCEZONE:mkdb.Worker.procedure.51 - 活动Id:238003,活动类型Id:238,在地图:1610,共刷出npc数量为:6
2016-08-03 17:03:31:609  INFO INSTANCEZONE:mkdb.Worker.procedure.53 - 活动Id:230003,活动类型Id:230,在地图:1616,共刷出npc数量为:8
2016-08-03 17:03:31:609  INFO INSTANCEZONE:mkdb.Worker.procedure.44 - 活动Id:231003,活动类型Id:231,在地图:1605,共刷出npc数量为:8
2016-08-03 17:03:31:609  INFO INSTANCEZONE:mkdb.Worker.procedure.37 - 活动Id:235003,活动类型Id:235,在地图:1606,共刷出npc数量为:6
2016-08-03 17:03:31:609  INFO INSTANCEZONE:mkdb.Worker.procedure.47 - 活动Id:201003,活动类型Id:201,在地图:1606,共刷出npc数量为:15
2016-08-03 17:03:31:609  INFO INSTANCEZONE:mkdb.Worker.procedure.41 - 活动Id:234003,活动类型Id:234,在地图:1614,共刷出npc数量为:6
2016-08-03 17:03:31:609  INFO INSTANCEZONE:mkdb.Worker.procedure.49 - 活动Id:236003,活动类型Id:236,在地图:1605,共刷出npc数量为:6
2016-08-03 17:03:31:609  INFO INSTANCEZONE:mkdb.Worker.procedure.52 - 活动Id:239003,活动类型Id:239,在地图:1609,共刷出npc数量为:6
2016-08-03 17:03:31:609  INFO INSTANCEZONE:mkdb.Worker.procedure.39 - 活动Id:233003,活动类型Id:233,在地图:1616,共刷出npc数量为:6
2016-08-03 17:03:31:609  INFO INSTANCEZONE:mkdb.Worker.procedure.43 - 活动Id:237003,活动类型Id:237,在地图:1607,共刷出npc数量为:6
2016-08-03 17:03:31:609  INFO INSTANCEZONE:mkdb.Worker.procedure.34 - 活动Id:232003,活动类型Id:232,在地图:1616,共刷出npc数量为:6
2016-08-03 17:03:31:609  INFO INSTANCEZONE:mkdb.Worker.procedure.48 - 活动Id:201010,活动类型Id:201,在地图:1616,共刷出npc数量为:7
2016-08-03 17:03:31:609  INFO INSTANCEZONE:mkdb.Worker.procedure.29 - 活动Id:200003,活动类型Id:200,在地图:1605,共刷出npc数量为:10
2016-08-03 17:03:31:750  INFO INSTANCEZONE:mkdb.Worker.procedure.47 - 活动Id:201003,活动类型Id:201,在地图:1610,共刷出npc数量为:15
2016-08-03 17:03:31:750  INFO INSTANCEZONE:mkdb.Worker.procedure.53 - 活动Id:230003,活动类型Id:230,在地图:1614,共刷出npc数量为:8
2016-08-03 17:03:31:750  INFO INSTANCEZONE:mkdb.Worker.procedure.53 - 活动Id:230003,活动类型Id:230,在地图:1615,共刷出npc数量为:8
2016-08-03 17:03:31:750  INFO INSTANCEZONE:mkdb.Worker.procedure.44 - 活动Id:231003,活动类型Id:231,在地图:1608,共刷出npc数量为:8
2016-08-03 17:03:31:750  INFO INSTANCEZONE:mkdb.Worker.procedure.44 - 活动Id:231003,活动类型Id:231,在地图:1609,共刷出npc数量为:8
2016-08-03 17:03:31:750  INFO INSTANCEZONE:mkdb.Worker.procedure.29 - 活动Id:200003,活动类型Id:200,在地图:1608,共刷出npc数量为:10
2016-08-03 17:03:31:750  INFO INSTANCEZONE:mkdb.Worker.procedure.29 - 活动Id:200003,活动类型Id:200,在地图:1609,共刷出npc数量为:10
2016-08-03 17:03:31:750  INFO INSTANCEZONE:mkdb.Worker.procedure.47 - 活动Id:201003,活动类型Id:201,在地图:1612,共刷出npc数量为:15
2016-08-03 17:03:31:750  INFO INSTANCEZONE:mkdb.Worker.procedure.47 - 活动Id:201003,活动类型Id:201,在地图:1614,共刷出npc数量为:15
2016-08-03 17:03:31:750  INFO INSTANCEZONE:mkdb.Worker.procedure.48 - 活动Id:201010,活动类型Id:201,在地图:1606,共刷出npc数量为:7
2016-08-03 17:03:31:750  INFO INSTANCEZONE:mkdb.Worker.procedure.48 - 活动Id:201010,活动类型Id:201,在地图:1611,共刷出npc数量为:7
2016-08-03 17:03:31:750  INFO INSTANCEZONE:mkdb.Worker.procedure.48 - 活动Id:201010,活动类型Id:201,在地图:1612,共刷出npc数量为:7
2016-08-03 17:04:30:519  INFO INSTANCEZONE:mkdb.Worker.scheduled.27 - 刷怪定时器开始:230003,230003,间隔时间:0,是否触发时间随机:0
2016-08-03 17:04:30:519  INFO INSTANCEZONE:mkdb.Worker.scheduled.30 - 刷怪定时器开始:231003,231003,间隔时间:0,是否触发时间随机:0
2016-08-03 17:04:30:519  INFO INSTANCEZONE:mkdb.Worker.procedure.33 - 开始刷新一轮的怪,任务:230003 时间:2016-8-3 17:04:30
2016-08-03 17:04:30:519  INFO INSTANCEZONE:mkdb.Worker.procedure.40 - 开始刷新一轮的怪,任务:231003 时间:2016-8-3 17:04:30
2016-08-03 17:04:30:583  INFO INSTANCEZONE:mkdb.Worker.procedure.40 - 活动Id:231003,活动类型Id:231,在地图:1605,共刷出npc数量为:8
2016-08-03 17:04:30:583  INFO INSTANCEZONE:mkdb.Worker.procedure.40 - 活动Id:231003,活动类型Id:231,在地图:1608,共刷出npc数量为:8
2016-08-03 17:04:30:583  INFO INSTANCEZONE:mkdb.Worker.procedure.40 - 活动Id:231003,活动类型Id:231,在地图:1609,共刷出npc数量为:8
2016-08-03 17:04:30:739  INFO INSTANCEZONE:mkdb.Worker.procedure.33 - 活动Id:230003,活动类型Id:230,在地图:1616,共刷出npc数量为:8
2016-08-03 17:04:30:739  INFO INSTANCEZONE:mkdb.Worker.procedure.33 - 活动Id:230003,活动类型Id:230,在地图:1614,共刷出npc数量为:8
2016-08-03 17:04:30:739  INFO INSTANCEZONE:mkdb.Worker.procedure.33 - 活动Id:230003,活动类型Id:230,在地图:1615,共刷出npc数量为:8
2016-08-03 17:04:31:880  INFO INSTANCEZONE:mkdb.Worker.procedure.53 - 开始补怪,任务:200003 时间:2016-8-3 17:04:31
2016-08-03 17:05:00:471  INFO INSTANCEZONE:mkdb.Worker.scheduled.30 - 刷怪定时器开始:233003,233003,间隔时间:3600,是否触发时间随机:0
2016-08-03 17:05:00:471  INFO INSTANCEZONE:mkdb.Worker.scheduled.32 - 刷怪定时器开始:234003,234003,间隔时间:3600,是否触发时间随机:0
2016-08-03 17:05:00:471  INFO INSTANCEZONE:mkdb.Worker.procedure.38 - 开始刷新一轮的怪,任务:233003 时间:2016-8-3 17:05:00
2016-08-03 17:05:00:471  INFO INSTANCEZONE:mkdb.Worker.procedure.33 - 开始刷新一轮的怪,任务:234003 时间:2016-8-3 17:05:00
2016-08-03 17:05:00:471  INFO INSTANCEZONE:mkdb.Worker.procedure.38 - 活动Id:233003,活动类型Id:233,在地图:1616,共刷出npc数量为:6
2016-08-03 17:05:00:472  INFO INSTANCEZONE:mkdb.Worker.procedure.33 - 活动Id:234003,活动类型Id:234,在地图:1614,共刷出npc数量为:6
2016-08-03 17:05:00:520  INFO INSTANCEZONE:mkdb.Worker.scheduled.27 - 刷怪定时器开始:239003,239003,间隔时间:3600,是否触发时间随机:0
2016-08-03 17:05:00:520  INFO INSTANCEZONE:mkdb.Worker.scheduled.28 - 刷怪定时器开始:238003,238003,间隔时间:3600,是否触发时间随机:0
2016-08-03 17:05:00:520  INFO INSTANCEZONE:mkdb.Worker.scheduled.30 - 刷怪定时器开始:237003,237003,间隔时间:3600,是否触发时间随机:0
2016-08-03 17:05:00:520  INFO INSTANCEZONE:mkdb.Worker.scheduled.30 - 刷怪定时器开始:236003,236003,间隔时间:3600,是否触发时间随机:0
2016-08-03 17:05:00:520  INFO INSTANCEZONE:mkdb.Worker.procedure.42 - 开始刷新一轮的怪,任务:237003 时间:2016-8-3 17:05:00
2016-08-03 17:05:00:520  INFO INSTANCEZONE:mkdb.Worker.procedure.47 - 开始刷新一轮的怪,任务:236003 时间:2016-8-3 17:05:00
2016-08-03 17:05:00:520  INFO INSTANCEZONE:mkdb.Worker.procedure.38 - 开始刷新一轮的怪,任务:239003 时间:2016-8-3 17:05:00
2016-08-03 17:05:00:520  INFO INSTANCEZONE:mkdb.Worker.procedure.47 - 活动Id:236003,活动类型Id:236,在地图:1605,共刷出npc数量为:6
2016-08-03 17:05:00:520  INFO INSTANCEZONE:mkdb.Worker.procedure.42 - 活动Id:237003,活动类型Id:237,在地图:1607,共刷出npc数量为:6
2016-08-03 17:05:00:520  INFO INSTANCEZONE:mkdb.Worker.procedure.47 - 开始刷新一轮的怪,任务:238003 时间:2016-8-3 17:05:00
2016-08-03 17:05:00:520  INFO INSTANCEZONE:mkdb.Worker.procedure.38 - 活动Id:239003,活动类型Id:239,在地图:1609,共刷出npc数量为:6
2016-08-03 17:05:00:520  INFO INSTANCEZONE:mkdb.Worker.procedure.47 - 活动Id:238003,活动类型Id:238,在地图:1610,共刷出npc数量为:6
2016-08-03 17:05:00:520  INFO INSTANCEZONE:mkdb.Worker.scheduled.24 - 刷怪定时器开始:232003,232003,间隔时间:3600,是否触发时间随机:0
2016-08-03 17:05:00:520  INFO INSTANCEZONE:mkdb.Worker.procedure.38 - 开始刷新一轮的怪,任务:232003 时间:2016-8-3 17:05:00
2016-08-03 17:05:00:520  INFO INSTANCEZONE:mkdb.Worker.procedure.38 - 活动Id:232003,活动类型Id:232,在地图:1616,共刷出npc数量为:6
2016-08-03 17:05:00:551  INFO INSTANCEZONE:mkdb.Worker.scheduled.30 - 刷怪定时器开始:235003,235003,间隔时间:3600,是否触发时间随机:0
2016-08-03 17:05:00:551  INFO INSTANCEZONE:mkdb.Worker.procedure.47 - 开始刷新一轮的怪,任务:235003 时间:2016-8-3 17:05:00
2016-08-03 17:05:00:551  INFO INSTANCEZONE:mkdb.Worker.procedure.47 - 活动Id:235003,活动类型Id:235,在地图:1606,共刷出npc数量为:6
2016-08-03 17:05:00:895  INFO INSTANCEZONE:mkdb.Worker.scheduled.21 - 刷怪定时器开始:234003,234003,间隔时间:3600,是否触发时间随机:0
2016-08-03 17:05:00:895  INFO INSTANCEZONE:mkdb.Worker.scheduled.24 - 刷怪定时器开始:239003,239003,间隔时间:3600,是否触发时间随机:0
2016-08-03 17:05:00:895  INFO INSTANCEZONE:mkdb.Worker.scheduled.51 - 刷怪定时器开始:232003,232003,间隔时间:3600,是否触发时间随机:0
2016-08-03 17:05:00:895  INFO INSTANCEZONE:mkdb.Worker.scheduled.58 - 刷怪定时器开始:235003,235003,间隔时间:3600,是否触发时间随机:0
2016-08-03 17:05:00:895  INFO INSTANCEZONE:mkdb.Worker.scheduled.52 - 刷怪定时器开始:233003,233003,间隔时间:3600,是否触发时间随机:0
2016-08-03 17:05:00:895  INFO INSTANCEZONE:mkdb.Worker.scheduled.51 - 刷怪定时器开始:238003,238003,间隔时间:3600,是否触发时间随机:0
2016-08-03 17:05:00:895  INFO INSTANCEZONE:mkdb.Worker.scheduled.21 - 刷怪定时器开始:236003,236003,间隔时间:3600,是否触发时间随机:0
2016-08-03 17:05:00:896  INFO INSTANCEZONE:mkdb.Worker.scheduled.58 - 刷怪定时器开始:237003,237003,间隔时间:3600,是否触发时间随机:0
2016-08-03 17:05:00:896  INFO INSTANCEZONE:mkdb.Worker.procedure.30 - 开始刷新一轮的怪,任务:235003 时间:2016-8-3 17:05:00
2016-08-03 17:05:00:896  INFO INSTANCEZONE:mkdb.Worker.procedure.46 - 开始刷新一轮的怪,任务:232003 时间:2016-8-3 17:05:00
2016-08-03 17:05:00:896  INFO INSTANCEZONE:mkdb.Worker.procedure.44 - 开始刷新一轮的怪,任务:234003 时间:2016-8-3 17:05:00
2016-08-03 17:05:00:896  INFO INSTANCEZONE:mkdb.Worker.procedure.39 - 开始刷新一轮的怪,任务:239003 时间:2016-8-3 17:05:00
2016-08-03 17:05:00:896  INFO INSTANCEZONE:mkdb.Worker.procedure.50 - 开始刷新一轮的怪,任务:236003 时间:2016-8-3 17:05:00
2016-08-03 17:05:00:896  INFO INSTANCEZONE:mkdb.Worker.procedure.25 - 开始刷新一轮的怪,任务:238003 时间:2016-8-3 17:05:00
2016-08-03 17:05:00:896  INFO INSTANCEZONE:mkdb.Worker.procedure.26 - 开始刷新一轮的怪,任务:237003 时间:2016-8-3 17:05:00
2016-08-03 17:05:00:896  INFO INSTANCEZONE:mkdb.Worker.procedure.46 - 活动Id:232003,活动类型Id:232,在地图:1616,共刷出npc数量为:6
2016-08-03 17:05:00:897  INFO INSTANCEZONE:mkdb.Worker.procedure.25 - 活动Id:238003,活动类型Id:238,在地图:1610,共刷出npc数量为:6
2016-08-03 17:05:00:897  INFO INSTANCEZONE:mkdb.Worker.procedure.50 - 活动Id:236003,活动类型Id:236,在地图:1605,共刷出npc数量为:6
2016-08-03 17:05:00:897  INFO INSTANCEZONE:mkdb.Worker.procedure.44 - 活动Id:234003,活动类型Id:234,在地图:1614,共刷出npc数量为:6
2016-08-03 17:05:00:897  INFO INSTANCEZONE:mkdb.Worker.procedure.39 - 活动Id:239003,活动类型Id:239,在地图:1609,共刷出npc数量为:6
2016-08-03 17:05:00:897  INFO INSTANCEZONE:mkdb.Worker.procedure.30 - 活动Id:235003,活动类型Id:235,在地图:1606,共刷出npc数量为:6
2016-08-03 17:05:00:897  INFO INSTANCEZONE:mkdb.Worker.procedure.26 - 活动Id:237003,活动类型Id:237,在地图:1607,共刷出npc数量为:6
2016-08-03 17:05:00:897  INFO INSTANCEZONE:mkdb.Worker.procedure.34 - 开始刷新一轮的怪,任务:233003 时间:2016-8-3 17:05:00
2016-08-03 17:05:00:897  INFO INSTANCEZONE:mkdb.Worker.procedure.34 - 活动Id:233003,活动类型Id:233,在地图:1616,共刷出npc数量为:6
2016-08-03 17:05:31:853  INFO INSTANCEZONE:mkdb.Worker.procedure.52 - 开始补怪,任务:200003 时间:2016-8-3 17:05:31
2016-08-03 17:06:31:855  INFO INSTANCEZONE:mkdb.Worker.procedure.38 - 开始补怪,任务:200003 时间:2016-8-3 17:06:31
2016-08-03 17:07:31:851  INFO INSTANCEZONE:mkdb.Worker.procedure.46 - 开始补怪,任务:200003 时间:2016-8-3 17:07:31
2016-08-03 17:08:31:865  INFO INSTANCEZONE:mkdb.Worker.procedure.51 - 开始补怪,任务:200003 时间:2016-8-3 17:08:31
2016-08-03 17:09:31:859  INFO INSTANCEZONE:mkdb.Worker.procedure.50 - 开始补怪,任务:200003 时间:2016-8-3 17:09:31
2016-08-03 17:10:00:521  INFO INSTANCEZONE:mkdb.Worker.scheduled.24 - 刷怪定时器开始:200003,200003,间隔时间:1200,是否触发时间随机:0
2016-08-03 17:10:00:521  INFO INSTANCEZONE:mkdb.Worker.procedure.29 - 开始刷新一轮的怪,任务:200003 时间:2016-8-3 17:10:00
2016-08-03 17:10:00:522  INFO INSTANCEZONE:mkdb.Worker.procedure.29 - 活动Id:200003,活动类型Id:200,在地图:1605,共刷出npc数量为:10
2016-08-03 17:10:00:522  INFO INSTANCEZONE:mkdb.Worker.procedure.29 - 活动Id:200003,活动类型Id:200,在地图:1608,共刷出npc数量为:10
2016-08-03 17:10:00:522  INFO INSTANCEZONE:mkdb.Worker.procedure.29 - 活动Id:200003,活动类型Id:200,在地图:1609,共刷出npc数量为:10
2016-08-03 17:10:00:897  INFO INSTANCEZONE:mkdb.Worker.scheduled.58 - 刷怪定时器开始:200003,200003,间隔时间:1200,是否触发时间随机:0
2016-08-03 17:10:00:897  INFO INSTANCEZONE:mkdb.Worker.procedure.37 - 开始刷新一轮的怪,任务:200003 时间:2016-8-3 17:10:00
2016-08-03 17:10:00:899  INFO INSTANCEZONE:mkdb.Worker.procedure.37 - 活动Id:200003,活动类型Id:200,在地图:1605,共刷出npc数量为:10
2016-08-03 17:10:00:899  INFO INSTANCEZONE:mkdb.Worker.procedure.37 - 活动Id:200003,活动类型Id:200,在地图:1608,共刷出npc数量为:10
2016-08-03 17:10:00:899  INFO INSTANCEZONE:mkdb.Worker.procedure.37 - 活动Id:200003,活动类型Id:200,在地图:1609,共刷出npc数量为:10
2016-08-03 17:10:10:905  INFO INSTANCEZONE:mkdb.Worker.procedure.32 - 结束补怪任务:200003 时间:2016-8-3 17:10:10
2016-08-03 17:11:00:524  INFO INSTANCEZONE:mkdb.Worker.procedure.29 - 开始补怪,任务:200003 时间:2016-8-3 17:11:00
2016-08-03 17:12:00:537  INFO INSTANCEZONE:mkdb.Worker.procedure.51 - 开始补怪,任务:200003 时间:2016-8-3 17:12:00
2016-08-03 17:13:00:530  INFO INSTANCEZONE:mkdb.Worker.procedure.50 - 开始补怪,任务:200003 时间:2016-8-3 17:13:00
2016-08-03 17:14:00:526  INFO INSTANCEZONE:mkdb.Worker.procedure.38 - 开始补怪,任务:200003 时间:2016-8-3 17:14:00
2016-08-03 17:15:00:523  INFO INSTANCEZONE:mkdb.Worker.procedure.46 - 开始补怪,任务:200003 时间:2016-8-3 17:15:00
2016-08-03 17:16:00:530  INFO INSTANCEZONE:mkdb.Worker.procedure.51 - 开始补怪,任务:200003 时间:2016-8-3 17:16:00
2016-08-03 17:19:49:562  INFO INSTANCEZONE:mkdb.Worker.scheduled.27 - 开始刷怪234003 234
2016-08-03 17:19:49:562  INFO INSTANCEZONE:mkdb.Worker.scheduled.28 - 开始刷怪233003 233
2016-08-03 17:19:49:562  INFO INSTANCEZONE:mkdb.Worker.scheduled.30 - 开始刷怪201003 201
2016-08-03 17:19:49:577  INFO INSTANCEZONE:mkdb.Worker.scheduled.24 - 开始刷怪201010 201
2016-08-03 17:19:49:593  INFO INSTANCEZONE:mkdb.Worker.scheduled.30 - now time:1470215989593 real start time:1470153605577 actid:201003
2016-08-03 17:19:49:593  INFO INSTANCEZONE:mkdb.Worker.scheduled.28 - now time:1470215989593 real start time:1470153900577 actid:233003
2016-08-03 17:19:49:593  INFO INSTANCEZONE:mkdb.Worker.scheduled.24 - now time:1470215989593 real start time:1470153605577 actid:201010
2016-08-03 17:19:49:593  INFO INSTANCEZONE:mkdb.Worker.scheduled.27 - now time:1470215989593 real start time:1470153900577 actid:234003
2016-08-03 17:19:49:593  INFO INSTANCEZONE:mkdb.Worker.scheduled.28 - delay time3:2710984 actid:233003
2016-08-03 17:19:49:593  INFO INSTANCEZONE:mkdb.Worker.scheduled.30 - delay time3:2415984 actid:201003
2016-08-03 17:19:49:593  INFO INSTANCEZONE:mkdb.Worker.scheduled.24 - delay time3:2415984 actid:201010
2016-08-03 17:19:49:593  INFO INSTANCEZONE:mkdb.Worker.scheduled.27 - delay time3:2710984 actid:234003
2016-08-03 17:19:49:593  INFO INSTANCEZONE:mkdb.Worker.scheduled.28 - 开始刷怪200003 200
2016-08-03 17:19:49:593  INFO INSTANCEZONE:mkdb.Worker.scheduled.28 - now time:1470215989593 real start time:1470154200593 actid:200003
2016-08-03 17:19:49:593  INFO INSTANCEZONE:mkdb.Worker.scheduled.28 - delay time3:611000 actid:200003
2016-08-03 17:19:49:593  INFO INSTANCEZONE:mkdb.Worker.scheduled.30 - 开始刷怪230003 230
2016-08-03 17:19:49:593  INFO INSTANCEZONE:mkdb.Worker.scheduled.27 - 开始刷怪231003 231
2016-08-03 17:19:49:593  INFO INSTANCEZONE:mkdb.Worker.scheduled.30 - now time:1470215989593 real start time:1470153900593 actid:230003
2016-08-03 17:19:49:593  INFO INSTANCEZONE:mkdb.Worker.scheduled.24 - 开始刷怪232003 232
2016-08-03 17:19:49:593  INFO INSTANCEZONE:mkdb.Worker.scheduled.27 - now time:1470215989593 real start time:1470153900593 actid:231003
2016-08-03 17:19:49:593  INFO INSTANCEZONE:mkdb.Worker.scheduled.24 - now time:1470215989593 real start time:1470153900593 actid:232003
2016-08-03 17:19:49:593  INFO INSTANCEZONE:mkdb.Worker.scheduled.24 - delay time3:2711000 actid:232003
2016-08-03 17:19:49:593  INFO INSTANCEZONE:mkdb.Worker.scheduled.28 - 开始刷怪239003 239
2016-08-03 17:19:49:593  INFO INSTANCEZONE:mkdb.Worker.scheduled.27 - 开始刷怪238003 238
2016-08-03 17:19:49:593  INFO INSTANCEZONE:mkdb.Worker.scheduled.28 - now time:1470215989593 real start time:1470153900593 actid:239003
2016-08-03 17:19:49:593  INFO INSTANCEZONE:mkdb.Worker.scheduled.27 - now time:1470215989593 real start time:1470153900593 actid:238003
2016-08-03 17:19:49:593  INFO INSTANCEZONE:mkdb.Worker.scheduled.28 - delay time3:2711000 actid:239003
2016-08-03 17:19:49:593  INFO INSTANCEZONE:mkdb.Worker.scheduled.27 - delay time3:2711000 actid:238003
2016-08-03 17:19:49:593  INFO INSTANCEZONE:mkdb.Worker.scheduled.24 - 开始刷怪237003 237
2016-08-03 17:19:49:593  INFO INSTANCEZONE:mkdb.Worker.scheduled.24 - now time:1470215989593 real start time:1470153900593 actid:237003
2016-08-03 17:19:49:593  INFO INSTANCEZONE:mkdb.Worker.scheduled.24 - delay time3:2711000 actid:237003
2016-08-03 17:19:49:593  INFO INSTANCEZONE:mkdb.Worker.scheduled.27 - 开始刷怪236003 236
2016-08-03 17:19:49:593  INFO INSTANCEZONE:mkdb.Worker.scheduled.27 - now time:1470215989593 real start time:1470153900593 actid:236003
2016-08-03 17:19:49:593  INFO INSTANCEZONE:mkdb.Worker.scheduled.27 - delay time3:2711000 actid:236003
2016-08-03 17:19:49:640  INFO INSTANCEZONE:mkdb.Worker.scheduled.24 - 开始刷怪235003 235
2016-08-03 17:19:49:640  INFO INSTANCEZONE:mkdb.Worker.scheduled.24 - now time:1470215989640 real start time:1470153900640 actid:235003
2016-08-03 17:19:49:640  INFO INSTANCEZONE:mkdb.Worker.scheduled.24 - delay time3:2711000 actid:235003
2016-08-03 17:19:50:609  INFO INSTANCEZONE:mkdb.Worker.scheduled.29 - 刷怪定时器开始:201003,201003,间隔时间:3600,是否触发时间随机:0
2016-08-03 17:19:50:609  INFO INSTANCEZONE:mkdb.Worker.scheduled.28 - 刷怪定时器开始:234003,234003,间隔时间:3600,是否触发时间随机:0
2016-08-03 17:19:50:609  INFO INSTANCEZONE:mkdb.Worker.scheduled.27 - 刷怪定时器开始:201010,201010,间隔时间:3600,是否触发时间随机:0
2016-08-03 17:19:50:609  INFO INSTANCEZONE:mkdb.Worker.scheduled.30 - 刷怪定时器开始:200003,200003,间隔时间:1200,是否触发时间随机:0
2016-08-03 17:19:50:609  INFO INSTANCEZONE:mkdb.Worker.scheduled.24 - 刷怪定时器开始:233003,233003,间隔时间:3600,是否触发时间随机:0
2016-08-03 17:19:50:625  INFO INSTANCEZONE:mkdb.Worker.scheduled.24 - 刷怪定时器开始:231003,231003,间隔时间:0,是否触发时间随机:0
2016-08-03 17:19:50:625  INFO INSTANCEZONE:mkdb.Worker.scheduled.27 - 刷怪定时器开始:230003,230003,间隔时间:0,是否触发时间随机:0
2016-08-03 17:19:50:625  INFO INSTANCEZONE:mkdb.Worker.scheduled.27 - 刷怪定时器开始:232003,232003,间隔时间:3600,是否触发时间随机:0
2016-08-03 17:19:50:625  INFO INSTANCEZONE:mkdb.Worker.scheduled.27 - 刷怪定时器开始:238003,238003,间隔时间:3600,是否触发时间随机:0
2016-08-03 17:19:50:625  INFO INSTANCEZONE:mkdb.Worker.scheduled.27 - 刷怪定时器开始:239003,239003,间隔时间:3600,是否触发时间随机:0
2016-08-03 17:19:50:625  INFO INSTANCEZONE:mkdb.Worker.scheduled.29 - 刷怪定时器开始:237003,237003,间隔时间:3600,是否触发时间随机:0
2016-08-03 17:19:50:625  INFO INSTANCEZONE:mkdb.Worker.scheduled.27 - 刷怪定时器开始:236003,236003,间隔时间:3600,是否触发时间随机:0
2016-08-03 17:19:50:640  INFO INSTANCEZONE:mkdb.Worker.procedure.36 - 开始刷新一轮的怪,任务:238003 时间:2016-8-3 17:19:50
2016-08-03 17:19:50:640  INFO INSTANCEZONE:mkdb.Worker.procedure.44 - 开始刷新一轮的怪,任务:237003 时间:2016-8-3 17:19:50
2016-08-03 17:19:50:640  INFO INSTANCEZONE:mkdb.Worker.procedure.55 - 开始刷新一轮的怪,任务:236003 时间:2016-8-3 17:19:50
2016-08-03 17:19:50:640  INFO INSTANCEZONE:mkdb.Worker.procedure.52 - 开始刷新一轮的怪,任务:234003 时间:2016-8-3 17:19:50
2016-08-03 17:19:50:640  INFO INSTANCEZONE:mkdb.Worker.procedure.53 - 开始刷新一轮的怪,任务:231003 时间:2016-8-3 17:19:50
2016-08-03 17:19:50:640  INFO INSTANCEZONE:mkdb.Worker.procedure.41 - 开始刷新一轮的怪,任务:233003 时间:2016-8-3 17:19:50
2016-08-03 17:19:50:640  INFO INSTANCEZONE:mkdb.Worker.procedure.51 - 开始刷新一轮的怪,任务:201010 时间:2016-8-3 17:19:50
2016-08-03 17:19:50:640  INFO INSTANCEZONE:mkdb.Worker.procedure.35 - 开始刷新一轮的怪,任务:239003 时间:2016-8-3 17:19:50
2016-08-03 17:19:50:640  INFO INSTANCEZONE:mkdb.Worker.procedure.50 - 开始刷新一轮的怪,任务:230003 时间:2016-8-3 17:19:50
2016-08-03 17:19:50:640  INFO INSTANCEZONE:mkdb.Worker.procedure.38 - 开始刷新一轮的怪,任务:200003 时间:2016-8-3 17:19:50
2016-08-03 17:19:50:640  INFO INSTANCEZONE:mkdb.Worker.procedure.56 - 开始刷新一轮的怪,任务:232003 时间:2016-8-3 17:19:50
2016-08-03 17:19:50:640  INFO INSTANCEZONE:mkdb.Worker.procedure.37 - 开始刷新一轮的怪,任务:201003 时间:2016-8-3 17:19:50
2016-08-03 17:19:50:656  INFO INSTANCEZONE:mkdb.Worker.scheduled.29 - 刷怪定时器开始:235003,235003,间隔时间:3600,是否触发时间随机:0
2016-08-03 17:19:50:656  INFO INSTANCEZONE:mkdb.Worker.procedure.40 - 开始刷新一轮的怪,任务:235003 时间:2016-8-3 17:19:50
2016-08-03 17:19:50:734  INFO INSTANCEZONE:mkdb.Worker.procedure.53 - 活动Id:231003,活动类型Id:231,在地图:1605,共刷出npc数量为:8
2016-08-03 17:19:50:734  INFO INSTANCEZONE:mkdb.Worker.procedure.50 - 活动Id:230003,活动类型Id:230,在地图:1616,共刷出npc数量为:8
2016-08-03 17:19:50:734  INFO INSTANCEZONE:mkdb.Worker.procedure.44 - 活动Id:237003,活动类型Id:237,在地图:1607,共刷出npc数量为:6
2016-08-03 17:19:50:734  INFO INSTANCEZONE:mkdb.Worker.procedure.36 - 活动Id:238003,活动类型Id:238,在地图:1610,共刷出npc数量为:6
2016-08-03 17:19:50:734  INFO INSTANCEZONE:mkdb.Worker.procedure.56 - 活动Id:232003,活动类型Id:232,在地图:1616,共刷出npc数量为:6
2016-08-03 17:19:50:734  INFO INSTANCEZONE:mkdb.Worker.procedure.37 - 活动Id:201003,活动类型Id:201,在地图:1616,共刷出npc数量为:15
2016-08-03 17:19:50:734  INFO INSTANCEZONE:mkdb.Worker.procedure.51 - 活动Id:201010,活动类型Id:201,在地图:1606,共刷出npc数量为:7
2016-08-03 17:19:50:734  INFO INSTANCEZONE:mkdb.Worker.procedure.41 - 活动Id:233003,活动类型Id:233,在地图:1616,共刷出npc数量为:6
2016-08-03 17:19:50:734  INFO INSTANCEZONE:mkdb.Worker.procedure.38 - 活动Id:200003,活动类型Id:200,在地图:1605,共刷出npc数量为:10
2016-08-03 17:19:50:734  INFO INSTANCEZONE:mkdb.Worker.procedure.55 - 活动Id:236003,活动类型Id:236,在地图:1605,共刷出npc数量为:6
2016-08-03 17:19:50:734  INFO INSTANCEZONE:mkdb.Worker.procedure.52 - 活动Id:234003,活动类型Id:234,在地图:1614,共刷出npc数量为:6
2016-08-03 17:19:50:734  INFO INSTANCEZONE:mkdb.Worker.procedure.40 - 活动Id:235003,活动类型Id:235,在地图:1606,共刷出npc数量为:6
2016-08-03 17:19:50:734  INFO INSTANCEZONE:mkdb.Worker.procedure.35 - 活动Id:239003,活动类型Id:239,在地图:1609,共刷出npc数量为:6
2016-08-03 17:19:50:921  INFO INSTANCEZONE:mkdb.Worker.procedure.51 - 活动Id:201010,活动类型Id:201,在地图:1611,共刷出npc数量为:7
2016-08-03 17:19:50:921  INFO INSTANCEZONE:mkdb.Worker.procedure.51 - 活动Id:201010,活动类型Id:201,在地图:1612,共刷出npc数量为:7
2016-08-03 17:19:50:921  INFO INSTANCEZONE:mkdb.Worker.procedure.51 - 活动Id:201010,活动类型Id:201,在地图:1614,共刷出npc数量为:7
2016-08-03 17:19:50:921  INFO INSTANCEZONE:mkdb.Worker.procedure.53 - 活动Id:231003,活动类型Id:231,在地图:1608,共刷出npc数量为:8
2016-08-03 17:19:50:921  INFO INSTANCEZONE:mkdb.Worker.procedure.53 - 活动Id:231003,活动类型Id:231,在地图:1609,共刷出npc数量为:8
2016-08-03 17:19:50:921  INFO INSTANCEZONE:mkdb.Worker.procedure.37 - 活动Id:201003,活动类型Id:201,在地图:1607,共刷出npc数量为:15
2016-08-03 17:19:50:921  INFO INSTANCEZONE:mkdb.Worker.procedure.37 - 活动Id:201003,活动类型Id:201,在地图:1612,共刷出npc数量为:15
2016-08-03 17:19:50:921  INFO INSTANCEZONE:mkdb.Worker.procedure.37 - 活动Id:201003,活动类型Id:201,在地图:1614,共刷出npc数量为:15
2016-08-03 17:19:50:921  INFO INSTANCEZONE:mkdb.Worker.procedure.38 - 活动Id:200003,活动类型Id:200,在地图:1608,共刷出npc数量为:10
2016-08-03 17:19:50:921  INFO INSTANCEZONE:mkdb.Worker.procedure.50 - 活动Id:230003,活动类型Id:230,在地图:1614,共刷出npc数量为:8
2016-08-03 17:19:50:921  INFO INSTANCEZONE:mkdb.Worker.procedure.50 - 活动Id:230003,活动类型Id:230,在地图:1615,共刷出npc数量为:8
2016-08-03 17:19:50:921  INFO INSTANCEZONE:mkdb.Worker.procedure.38 - 活动Id:200003,活动类型Id:200,在地图:1609,共刷出npc数量为:10
2016-08-03 17:20:49:620  INFO INSTANCEZONE:mkdb.Worker.scheduled.28 - 刷怪定时器开始:231003,231003,间隔时间:0,是否触发时间随机:0
2016-08-03 17:20:49:620  INFO INSTANCEZONE:mkdb.Worker.scheduled.27 - 刷怪定时器开始:230003,230003,间隔时间:0,是否触发时间随机:0
2016-08-03 17:20:49:621  INFO INSTANCEZONE:mkdb.Worker.procedure.36 - 开始刷新一轮的怪,任务:230003 时间:2016-8-3 17:20:49
2016-08-03 17:20:49:621  INFO INSTANCEZONE:mkdb.Worker.procedure.55 - 开始刷新一轮的怪,任务:231003 时间:2016-8-3 17:20:49
2016-08-03 17:20:49:669  INFO INSTANCEZONE:mkdb.Worker.procedure.36 - 活动Id:230003,活动类型Id:230,在地图:1616,共刷出npc数量为:8
2016-08-03 17:20:49:669  INFO INSTANCEZONE:mkdb.Worker.procedure.36 - 活动Id:230003,活动类型Id:230,在地图:1614,共刷出npc数量为:8
2016-08-03 17:20:49:669  INFO INSTANCEZONE:mkdb.Worker.procedure.36 - 活动Id:230003,活动类型Id:230,在地图:1615,共刷出npc数量为:8
2016-08-03 17:20:49:684  INFO INSTANCEZONE:mkdb.Worker.procedure.55 - 活动Id:231003,活动类型Id:231,在地图:1605,共刷出npc数量为:8
2016-08-03 17:20:49:684  INFO INSTANCEZONE:mkdb.Worker.procedure.55 - 活动Id:231003,活动类型Id:231,在地图:1608,共刷出npc数量为:8
2016-08-03 17:20:49:684  INFO INSTANCEZONE:mkdb.Worker.procedure.55 - 活动Id:231003,活动类型Id:231,在地图:1609,共刷出npc数量为:8
2016-08-03 17:20:51:028  INFO INSTANCEZONE:mkdb.Worker.procedure.39 - 开始补怪,任务:200003 时间:2016-8-3 17:20:51
2016-08-03 17:21:51:033  INFO INSTANCEZONE:mkdb.Worker.procedure.55 - 开始补怪,任务:200003 时间:2016-8-3 17:21:51
2016-08-03 17:22:51:035  INFO INSTANCEZONE:mkdb.Worker.procedure.50 - 开始补怪,任务:200003 时间:2016-8-3 17:22:51
2016-08-03 17:23:51:024  INFO INSTANCEZONE:mkdb.Worker.procedure.52 - 开始补怪,任务:200003 时间:2016-8-3 17:23:51
2016-08-03 17:24:51:030  INFO INSTANCEZONE:mkdb.Worker.procedure.41 - 开始补怪,任务:200003 时间:2016-8-3 17:24:51
2016-08-03 17:25:51:035  INFO INSTANCEZONE:mkdb.Worker.procedure.56 - 开始补怪,任务:200003 时间:2016-8-3 17:25:51
2016-08-03 17:26:51:024  INFO INSTANCEZONE:mkdb.Worker.procedure.51 - 开始补怪,任务:200003 时间:2016-8-3 17:26:51
2016-08-03 17:27:51:028  INFO INSTANCEZONE:mkdb.Worker.procedure.54 - 开始补怪,任务:200003 时间:2016-8-3 17:27:51
2016-08-03 17:28:51:035  INFO INSTANCEZONE:mkdb.Worker.procedure.32 - 开始补怪,任务:200003 时间:2016-8-3 17:28:51
2016-08-03 17:29:51:033  INFO INSTANCEZONE:mkdb.Worker.procedure.44 - 开始补怪,任务:200003 时间:2016-8-3 17:29:51
2016-08-03 17:30:00:616  INFO INSTANCEZONE:mkdb.Worker.scheduled.29 - 刷怪定时器开始:200003,200003,间隔时间:1200,是否触发时间随机:0
2016-08-03 17:30:00:617  INFO INSTANCEZONE:mkdb.Worker.procedure.31 - 开始刷新一轮的怪,任务:200003 时间:2016-8-3 17:30:00
2016-08-03 17:30:00:618  INFO INSTANCEZONE:mkdb.Worker.procedure.31 - 活动Id:200003,活动类型Id:200,在地图:1605,共刷出npc数量为:10
2016-08-03 17:30:00:618  INFO INSTANCEZONE:mkdb.Worker.procedure.31 - 活动Id:200003,活动类型Id:200,在地图:1608,共刷出npc数量为:10
2016-08-03 17:30:00:618  INFO INSTANCEZONE:mkdb.Worker.procedure.31 - 活动Id:200003,活动类型Id:200,在地图:1609,共刷出npc数量为:10
2016-08-03 17:31:00:627  INFO INSTANCEZONE:mkdb.Worker.procedure.56 - 开始补怪,任务:200003 时间:2016-8-3 17:31:00
2016-08-03 17:32:00:621  INFO INSTANCEZONE:mkdb.Worker.procedure.43 - 开始补怪,任务:200003 时间:2016-8-3 17:32:00
2016-08-03 17:33:00:619  INFO INSTANCEZONE:mkdb.Worker.procedure.39 - 开始补怪,任务:200003 时间:2016-8-3 17:33:00
2016-08-03 17:34:00:623  INFO INSTANCEZONE:mkdb.Worker.procedure.32 - 开始补怪,任务:200003 时间:2016-8-3 17:34:00
2016-08-03 17:35:00:632  INFO INSTANCEZONE:mkdb.Worker.procedure.40 - 开始补怪,任务:200003 时间:2016-8-3 17:35:00
2016-08-03 17:36:00:620  INFO INSTANCEZONE:mkdb.Worker.procedure.37 - 开始补怪,任务:200003 时间:2016-8-3 17:36:00
2016-08-03 17:37:00:623  INFO INSTANCEZONE:mkdb.Worker.procedure.49 - 开始补怪,任务:200003 时间:2016-8-3 17:37:00
2016-08-03 17:38:00:633  INFO INSTANCEZONE:mkdb.Worker.procedure.31 - 开始补怪,任务:200003 时间:2016-8-3 17:38:00
2016-08-03 17:39:00:627  INFO INSTANCEZONE:mkdb.Worker.procedure.42 - 开始补怪,任务:200003 时间:2016-8-3 17:39:00
2016-08-03 17:40:00:620  INFO INSTANCEZONE:mkdb.Worker.procedure.37 - 开始补怪,任务:200003 时间:2016-8-3 17:40:00
2016-08-03 17:40:01:028  INFO INSTANCEZONE:mkdb.Worker.procedure.51 - 结束补怪任务:200003 时间:2016-8-3 17:40:01
2016-08-03 17:50:00:608  INFO INSTANCEZONE:mkdb.Worker.scheduled.29 - 刷怪定时器开始:200003,200003,间隔时间:1200,是否触发时间随机:0
2016-08-03 17:50:00:608  INFO INSTANCEZONE:mkdb.Worker.procedure.53 - 开始刷新一轮的怪,任务:200003 时间:2016-8-3 17:50:00
2016-08-03 17:50:00:609  INFO INSTANCEZONE:mkdb.Worker.procedure.53 - 活动Id:200003,活动类型Id:200,在地图:1605,共刷出npc数量为:10
2016-08-03 17:50:00:609  INFO INSTANCEZONE:mkdb.Worker.procedure.53 - 活动Id:200003,活动类型Id:200,在地图:1608,共刷出npc数量为:10
2016-08-03 17:50:00:609  INFO INSTANCEZONE:mkdb.Worker.procedure.53 - 活动Id:200003,活动类型Id:200,在地图:1609,共刷出npc数量为:10
2016-08-03 17:50:10:625  INFO INSTANCEZONE:mkdb.Worker.procedure.55 - 结束补怪任务:200003 时间:2016-8-3 17:50:10
