2016-09-08 15:36:58:357  INFO MAPMAIN:main - map模块初始化开始
2016-09-08 15:36:58:498  INFO MAPMAIN:main - 加载静态场景	溶洞一层	1601
2016-09-08 15:36:58:561  INFO MAPMAIN:main - 加载静态场景	学院一层	1602
2016-09-08 15:36:58:623  INFO MAPMAIN:main - 加载静态场景	埋股圣地一层	1603
2016-09-08 15:36:58:686  INFO MAPMAIN:main - 加载静态场景	祭坛一层	1604
2016-09-08 15:36:58:857  INFO MAPMAIN:main - 加载静态场景	月光海岸	1605
2016-09-08 15:36:58:998  INFO MAPMAIN:main - 加载静态场景	影月城	1606
2016-09-08 15:36:59:107  INFO MAPMAIN:main - 加载静态场景	虚空要塞	1607
2016-09-08 15:36:59:170  INFO MAPMAIN:main - 加载静态场景	十字路口	1608
2016-09-08 15:36:59:311  INFO MAPMAIN:main - 加载静态场景	银松林	1609
2016-09-08 15:36:59:394  INFO MAPMAIN:main - 加载静态场景	暮光林	1610
2016-09-08 15:36:59:456  INFO MAPMAIN:main - 加载静态场景	剃刀泥沼	1611
2016-09-08 15:36:59:534  INFO MAPMAIN:main - 加载静态场景	激流高地	1612
2016-09-08 15:36:59:566  INFO MAPMAIN:main - 加载动态地图模板	公会
2016-09-08 15:36:59:644  INFO MAPMAIN:main - 加载静态场景	风暴城	1614
2016-09-08 15:36:59:753  INFO MAPMAIN:main - 加载静态场景	紫罗兰	1615
2016-09-08 15:36:59:816  INFO MAPMAIN:main - 加载静态场景	欧格瑞姆	1616
2016-09-08 15:36:59:894  INFO MAPMAIN:main - npc模块初始化开始
2016-09-08 15:36:59:894  INFO MAPMAIN:main - NPC服务配置表加载完毕。一共载入服务NPC651个
2016-09-08 15:36:59:894  INFO MAPMAIN:main - NPC服务描述表加载完毕。一共载入服务 640条
2016-09-08 15:36:59:894  INFO MAPMAIN:main - NPC服务映射表加载完毕。一共载入服务映射120条
2016-09-08 15:37:00:050  INFO MAPMAIN:main - NPC买卖物品表加载完毕。一共加载NPC11个
2016-09-08 15:57:42:010  INFO MAPMAIN:main - map模块初始化开始
2016-09-08 15:57:42:057  INFO MAPMAIN:main - 加载静态场景	溶洞一层	1601
2016-09-08 15:57:42:073  INFO MAPMAIN:main - 加载静态场景	学院一层	1602
2016-09-08 15:57:42:088  INFO MAPMAIN:main - 加载静态场景	埋股圣地一层	1603
2016-09-08 15:57:42:119  INFO MAPMAIN:main - 加载静态场景	祭坛一层	1604
2016-09-08 15:57:42:151  INFO MAPMAIN:main - 加载静态场景	月光海岸	1605
2016-09-08 15:57:42:166  INFO MAPMAIN:main - 加载静态场景	影月城	1606
2016-09-08 15:57:42:182  INFO MAPMAIN:main - 加载静态场景	虚空要塞	1607
2016-09-08 15:57:42:198  INFO MAPMAIN:main - 加载静态场景	十字路口	1608
2016-09-08 15:57:42:213  INFO MAPMAIN:main - 加载静态场景	银松林	1609
2016-09-08 15:57:42:213  INFO MAPMAIN:main - 加载静态场景	暮光林	1610
2016-09-08 15:57:42:229  INFO MAPMAIN:main - 加载静态场景	剃刀泥沼	1611
2016-09-08 15:57:42:229  INFO MAPMAIN:main - 加载静态场景	激流高地	1612
2016-09-08 15:57:42:244  INFO MAPMAIN:main - 加载动态地图模板	公会
2016-09-08 15:57:42:244  INFO MAPMAIN:main - 加载静态场景	风暴城	1614
2016-09-08 15:57:42:276  INFO MAPMAIN:main - 加载静态场景	紫罗兰	1615
2016-09-08 15:57:42:291  INFO MAPMAIN:main - 加载静态场景	欧格瑞姆	1616
2016-09-08 15:57:42:291  INFO MAPMAIN:main - 加载静态场景	太阳岛	1617
2016-09-08 15:57:42:354  INFO MAPMAIN:main - 加载静态场景	雷霆村	1618
2016-09-08 15:57:42:428  INFO MAPMAIN:main - 加载静态场景	提瑞斯镇	1619
2016-09-08 15:57:42:475  INFO MAPMAIN:main - 加载静态场景	暗矛镇	1620
2016-09-08 15:57:42:506  INFO MAPMAIN:main - 加载静态场景	修道院	1621
2016-09-08 15:57:42:585  INFO MAPMAIN:main - 加载静态场景	永夜林地	1622
2016-09-08 15:57:42:647  INFO MAPMAIN:main - 加载静态场景	溶洞二层	1624
2016-09-08 15:57:42:663  INFO MAPMAIN:main - 加载静态场景	溶洞三层	1625
2016-09-08 15:57:42:725  INFO MAPMAIN:main - 加载静态场景	废矿一层	1626
2016-09-08 15:57:42:772  INFO MAPMAIN:main - 加载静态场景	废矿二层	1627
2016-09-08 15:57:42:803  INFO MAPMAIN:main - 加载静态场景	废矿三层	1628
2016-09-08 15:57:42:835  INFO MAPMAIN:main - 加载静态场景	银堡一层	1629
2016-09-08 15:57:42:944  INFO MAPMAIN:main - 加载静态场景	银堡二层	1630
2016-09-08 15:57:43:006  INFO MAPMAIN:main - 加载静态场景	银堡三层	1631
2016-09-08 15:57:43:053  INFO MAPMAIN:main - 加载静态场景	学院二层	1632
2016-09-08 15:57:43:085  INFO MAPMAIN:main - 加载静态场景	学院三层	1633
2016-09-08 15:57:43:194  INFO MAPMAIN:main - 加载静态场景	教堂一层	1634
2016-09-08 15:57:43:225  INFO MAPMAIN:main - 加载静态场景	教堂二层	1635
2016-09-08 15:57:43:288  INFO MAPMAIN:main - 加载静态场景	教堂三层	1636
2016-09-08 15:57:43:350  INFO MAPMAIN:main - 加载静态场景	埋股圣地二层	1637
2016-09-08 15:57:43:397  INFO MAPMAIN:main - 加载静态场景	埋股圣地三层	1638
2016-09-08 15:57:43:463  INFO MAPMAIN:main - 加载静态场景	遗迹一层	1639
2016-09-08 15:57:43:510  INFO MAPMAIN:main - 加载静态场景	遗迹二层	1640
2016-09-08 15:57:43:541  INFO MAPMAIN:main - 加载静态场景	遗迹三层	1641
2016-09-08 15:57:43:572  INFO MAPMAIN:main - 加载静态场景	祭坛二层	1642
2016-09-08 15:57:43:588  INFO MAPMAIN:main - 加载静态场景	祭坛三层	1643
2016-09-08 15:57:43:666  INFO MAPMAIN:main - 加载静态场景	深渊一层	1644
2016-09-08 15:57:43:713  INFO MAPMAIN:main - 加载静态场景	深渊二层	1645
2016-09-08 15:57:43:744  INFO MAPMAIN:main - 加载静态场景	深渊三层	1646
2016-09-08 15:57:43:822  INFO MAPMAIN:main - 加载静态场景	雾都一层	1647
2016-09-08 15:57:43:885  INFO MAPMAIN:main - 加载静态场景	雾都二层	1648
2016-09-08 15:57:43:901  INFO MAPMAIN:main - 加载静态场景	雾都三层	1649
2016-09-08 15:57:43:932  INFO MAPMAIN:main - 加载静态场景	灵界	1650
2016-09-08 15:57:43:994  INFO MAPMAIN:main - 加载静态场景	时之夹缝	1651
2016-09-08 15:57:44:057  INFO MAPMAIN:main - 加载静态场景	敦霍尔德	1652
2016-09-08 15:57:44:088  INFO MAPMAIN:main - 加载静态场景	地下竞技场	1653
2016-09-08 15:57:44:151  INFO MAPMAIN:main - 加载静态场景	紫罗兰（十年前）	1654
2016-09-08 15:57:44:182  INFO MAPMAIN:main - 加载静态场景	创物梦境	1655
2016-09-08 15:57:44:838  INFO MAPMAIN:main - 加载静态场景	精英组	1656
2016-09-08 15:57:44:870  INFO MAPMAIN:main - 加载静态场景	神威组	1657
2016-09-08 15:57:44:901  INFO MAPMAIN:main - 加载静态场景	王者组	1658
2016-09-08 15:57:44:948  INFO MAPMAIN:main - 加载静态场景	精英组	1659
2016-09-08 15:57:44:964  INFO MAPMAIN:main - 加载静态场景	神威组	1660
2016-09-08 15:57:44:995  INFO MAPMAIN:main - 加载静态场景	王者组	1661
2016-09-08 15:57:45:089  INFO MAPMAIN:main - 加载静态场景	死亡矿井	1662
2016-09-08 15:57:45:151  INFO MAPMAIN:main - 加载静态场景	银堡	1671
2016-09-08 15:57:45:198  INFO MAPMAIN:main - 加载静态场景	银堡地下室	1672
2016-09-08 15:57:45:245  INFO MAPMAIN:main - 加载静态场景	锡拉岛	1673
2016-09-08 15:57:45:307  INFO MAPMAIN:main - 加载静态场景	蓝龙之穴	1674
2016-09-08 15:57:45:354  INFO MAPMAIN:main - 加载静态场景	圣光大教堂	1675
2016-09-08 15:57:45:386  INFO MAPMAIN:main - 加载静态场景	溶洞	1676
2016-09-08 15:57:45:432  INFO MAPMAIN:main - 加载静态场景	黑铁深渊	1677
2016-09-08 15:57:45:448  INFO MAPMAIN:main - 加载静态场景	瘟疫废墟	1678
2016-09-08 15:57:45:464  INFO MAPMAIN:main - 加载静态场景	卡达隆	1679
2016-09-08 15:57:45:573  INFO MAPMAIN:main - 加载静态场景	雾都	1680
2016-09-08 15:57:45:620  INFO MAPMAIN:main - 加载静态场景	忏悔岭	1681
2016-09-08 15:57:45:729  INFO MAPMAIN:main - 加载静态场景	赫斯格林	1682
2016-09-08 15:57:45:792  INFO MAPMAIN:main - 加载静态场景	十字军圣殿	1683
2016-09-08 15:57:45:823  INFO MAPMAIN:main - 加载静态场景	密室	1684
2016-09-08 15:57:45:870  INFO MAPMAIN:main - 加载静态场景	圣光大教堂	1685
2016-09-08 15:57:45:927  INFO MAPMAIN:main - 加载静态场景	通灵要塞	1686
2016-09-08 15:57:45:974  INFO MAPMAIN:main - 加载静态场景	乱风峭壁	1687
2016-09-08 15:57:46:021  INFO MAPMAIN:main - 加载静态场景	地窖	1688
2016-09-08 15:57:46:115  INFO MAPMAIN:main - 加载静态场景	紫罗兰	1689
2016-09-08 15:57:46:162  INFO MAPMAIN:main - 加载静态场景	摩萨德	1690
2016-09-08 15:57:46:177  INFO MAPMAIN:main - 加载静态场景	血蹄村	1691
2016-09-08 15:57:46:240  INFO MAPMAIN:main - 加载静态场景	遗忘之城	1692
2016-09-08 15:57:46:333  INFO MAPMAIN:main - 加载静态场景	微风平原	1693
2016-09-08 15:57:46:396  INFO MAPMAIN:main - 加载静态场景	加纳多尔	1694
2016-09-08 15:57:46:458  INFO MAPMAIN:main - 加载静态场景	槌谷	1695
2016-09-08 15:57:46:568  INFO MAPMAIN:main - 加载静态场景	艾森威尔	1696
2016-09-08 15:57:46:599  INFO MAPMAIN:main - 加载静态场景	巨石山脊	1697
2016-09-08 15:57:46:646  INFO MAPMAIN:main - 加载静态场景	戮魔谷	1698
2016-09-08 15:57:46:724  INFO MAPMAIN:main - 加载静态场景	雷毛普通场	1699
2016-09-08 15:57:46:755  INFO MAPMAIN:main - 加载静态场景	双狼普通场	1700
2016-09-08 15:57:46:833  INFO MAPMAIN:main - 加载静态场景	雷毛普通场	1701
2016-09-08 15:57:46:880  INFO MAPMAIN:main - 加载静态场景	双狼普通场	1702
2016-09-08 15:57:46:926  INFO MAPMAIN:main - 加载静态场景	雷毛普通场	1703
2016-09-08 15:57:46:957  INFO MAPMAIN:main - 加载静态场景	双狼普通场	1704
2016-09-08 15:57:47:020  INFO MAPMAIN:main - 加载静态场景	雷毛优胜场	1705
2016-09-08 15:57:47:066  INFO MAPMAIN:main - 加载静态场景	双狼优胜场	1706
2016-09-08 15:57:47:160  INFO MAPMAIN:main - 加载静态场景	雷毛优胜场	1707
2016-09-08 15:57:47:207  INFO MAPMAIN:main - 加载静态场景	双狼优胜场	1708
2016-09-08 15:57:47:301  INFO MAPMAIN:main - 加载静态场景	雷毛优胜场	1709
2016-09-08 15:57:47:363  INFO MAPMAIN:main - 加载静态场景	双狼优胜场	1710
2016-09-08 15:57:47:442  INFO MAPMAIN:main - 加载动态地图模板	公会战
2016-09-08 15:57:47:442  INFO MAPMAIN:main - 加载静态场景	熊猫人场景	1712
2016-09-08 15:57:47:504  INFO MAPMAIN:main - 加载动态地图模板	巨魔之都
2016-09-08 15:57:47:535  INFO MAPMAIN:main - 加载动态地图模板	巨魔之都
2016-09-08 15:57:47:551  INFO MAPMAIN:main - 加载动态地图模板	诅咒之塔
2016-09-08 15:57:47:582  INFO MAPMAIN:main - 加载动态地图模板	诅咒之塔
2016-09-08 15:57:47:598  INFO MAPMAIN:main - 加载动态地图模板	组队副本预留
2016-09-08 15:57:48:113  INFO MAPMAIN:main - 加载动态地图模板	组队副本预留
2016-09-08 15:57:48:142  INFO MAPMAIN:main - 加载动态地图模板	组队副本预留
2016-09-08 15:57:48:174  INFO MAPMAIN:main - 加载动态地图模板	组队副本预留
2016-09-08 15:57:48:236  INFO MAPMAIN:main - 加载动态地图模板	组队副本预留
2016-09-08 15:57:48:283  INFO MAPMAIN:main - 加载动态地图模板	组队副本预留
2016-09-08 15:57:48:330  INFO MAPMAIN:main - 加载动态地图模板	组队副本预留
2016-09-08 15:57:48:361  INFO MAPMAIN:main - 加载动态地图模板	组队副本预留
2016-09-08 15:57:48:392  INFO MAPMAIN:main - 加载静态场景	冰封王座	1821
2016-09-08 15:57:48:439  INFO MAPMAIN:main - 加载静态场景	冰封王座	1822
2016-09-08 15:57:48:470  INFO MAPMAIN:main - 加载静态场景	冰封王座	1823
2016-09-08 15:57:48:502  INFO MAPMAIN:main - 加载静态场景	冰封王座	1824
2016-09-08 15:57:48:533  INFO MAPMAIN:main - 加载静态场景	冰封王座	1825
2016-09-08 15:57:48:611  INFO MAPMAIN:main - 加载静态场景	冰封王座	1826
2016-09-08 15:57:48:658  INFO MAPMAIN:main - 加载静态场景	冰封王座	1827
2016-09-08 15:57:48:705  INFO MAPMAIN:main - 加载静态场景	冰封王座	1828
2016-09-08 15:57:48:720  INFO MAPMAIN:main - 加载静态场景	冰封王座	1829
2016-09-08 15:57:48:767  INFO MAPMAIN:main - 加载静态场景	冰封王座	1830
2016-09-08 15:57:48:814  INFO MAPMAIN:main - 加载静态场景	冰封王座	1831
2016-09-08 15:57:48:845  INFO MAPMAIN:main - 加载静态场景	冰封王座	1832
2016-09-08 15:57:48:877  INFO MAPMAIN:main - 加载静态场景	冰封王座	1833
2016-09-08 15:57:48:908  INFO MAPMAIN:main - 加载静态场景	冰封王座	1834
2016-09-08 15:57:48:970  INFO MAPMAIN:main - 加载静态场景	冰封王座	1835
2016-09-08 15:57:48:986  INFO MAPMAIN:main - 加载静态场景	冰封王座	1836
2016-09-08 15:57:49:017  INFO MAPMAIN:main - 加载静态场景	冰封王座	1837
2016-09-08 15:57:49:033  INFO MAPMAIN:main - 加载静态场景	冰封王座	1838
2016-09-08 15:57:49:080  INFO MAPMAIN:main - 加载静态场景	冰封王座	1839
2016-09-08 15:57:49:127  INFO MAPMAIN:main - 加载动态地图模板	融核之心1层
2016-09-08 15:57:49:164  INFO MAPMAIN:main - 加载动态地图模板	融核之心2层
2016-09-08 15:57:49:195  INFO MAPMAIN:main - 加载动态地图模板	融核之心3层
2016-09-08 15:57:49:242  INFO MAPMAIN:main - 加载动态地图模板	融核之心4层
2016-09-08 15:57:49:289  INFO MAPMAIN:main - 加载动态地图模板	融核之心5层
2016-09-08 15:57:49:352  INFO MAPMAIN:main - 加载动态地图模板	融核之心6层
2016-09-08 15:57:49:414  INFO MAPMAIN:main - 加载动态地图模板	融核之心7层
2016-09-08 15:57:50:024  INFO MAPMAIN:main - 加载动态地图模板	融核之心8层
2016-09-08 15:57:50:070  INFO MAPMAIN:main - 加载动态地图模板	融核之心9层
2016-09-08 15:57:50:117  INFO MAPMAIN:main - 加载动态地图模板	融核之心10层
2016-09-08 15:57:50:149  INFO MAPMAIN:main - 加载动态地图模板	黑龙巢穴1层
2016-09-08 15:57:50:173  INFO MAPMAIN:main - 加载动态地图模板	黑龙巢穴2层
2016-09-08 15:57:50:204  INFO MAPMAIN:main - 加载动态地图模板	黑龙巢穴3层
2016-09-08 15:57:50:251  INFO MAPMAIN:main - 加载动态地图模板	黑龙巢穴4层
2016-09-08 15:57:50:282  INFO MAPMAIN:main - 加载动态地图模板	黑龙巢穴5层
2016-09-08 15:57:50:298  INFO MAPMAIN:main - 加载动态地图模板	黑龙巢穴6层
2016-09-08 15:57:50:329  INFO MAPMAIN:main - 加载动态地图模板	黑龙巢穴7层
2016-09-08 15:57:50:345  INFO MAPMAIN:main - 加载动态地图模板	黑龙巢穴8层
2016-09-08 15:57:50:376  INFO MAPMAIN:main - 加载动态地图模板	黑龙巢穴9层
2016-09-08 15:57:50:423  INFO MAPMAIN:main - 加载动态地图模板	黑龙巢穴10层
2016-09-08 15:57:50:485  INFO MAPMAIN:main - 加载动态地图模板	双子神庙1层
2016-09-08 15:57:50:563  INFO MAPMAIN:main - 加载动态地图模板	双子神庙2层
2016-09-08 15:57:50:610  INFO MAPMAIN:main - 加载动态地图模板	双子神庙3层
2016-09-08 15:57:50:688  INFO MAPMAIN:main - 加载动态地图模板	双子神庙4层
2016-09-08 15:57:50:751  INFO MAPMAIN:main - 加载动态地图模板	双子神庙5层
2016-09-08 15:57:50:798  INFO MAPMAIN:main - 加载动态地图模板	双子神庙6层
2016-09-08 15:57:50:845  INFO MAPMAIN:main - 加载动态地图模板	双子神庙7层
2016-09-08 15:57:50:938  INFO MAPMAIN:main - 加载动态地图模板	双子神庙8层
2016-09-08 15:57:51:032  INFO MAPMAIN:main - 加载动态地图模板	双子神庙9层
2016-09-08 15:57:51:767  INFO MAPMAIN:main - 加载动态地图模板	双子神庙10层
2016-09-08 15:57:51:953  INFO MAPMAIN:main - 加载动态地图模板	刀锋之巢1层
2016-09-08 15:57:51:999  INFO MAPMAIN:main - 加载动态地图模板	刀锋之巢2层
2016-09-08 15:57:52:046  INFO MAPMAIN:main - 加载动态地图模板	刀锋之巢3层
2016-09-08 15:57:52:093  INFO MAPMAIN:main - 加载动态地图模板	刀锋之巢4层
2016-09-08 15:57:52:124  INFO MAPMAIN:main - 加载动态地图模板	刀锋之巢5层
2016-09-08 15:57:52:171  INFO MAPMAIN:main - 加载动态地图模板	刀锋之巢6层
2016-09-08 15:57:52:203  INFO MAPMAIN:main - 加载动态地图模板	刀锋之巢7层
2016-09-08 15:57:52:249  INFO MAPMAIN:main - 加载动态地图模板	刀锋之巢8层
2016-09-08 15:57:52:281  INFO MAPMAIN:main - 加载动态地图模板	刀锋之巢9层
2016-09-08 15:57:52:359  INFO MAPMAIN:main - 加载动态地图模板	刀锋之巢10层
2016-09-08 15:57:52:453  INFO MAPMAIN:main - 加载动态地图模板	溶洞
2016-09-08 15:57:52:499  INFO MAPMAIN:main - 加载动态地图模板	废矿
2016-09-08 15:57:52:562  INFO MAPMAIN:main - 加载动态地图模板	银堡
2016-09-08 15:57:52:640  INFO MAPMAIN:main - 加载动态地图模板	荒泽
2016-09-08 15:57:52:687  INFO MAPMAIN:main - 加载动态地图模板	教堂
2016-09-08 15:57:52:749  INFO MAPMAIN:main - 加载动态地图模板	埋骨圣地
2016-09-08 15:57:52:828  INFO MAPMAIN:main - 加载动态地图模板	遗迹
2016-09-08 15:57:52:879  INFO MAPMAIN:main - 加载动态地图模板	祭坛
2016-09-08 15:57:52:941  INFO MAPMAIN:main - 加载动态地图模板	深渊
2016-09-08 15:57:52:988  INFO MAPMAIN:main - 加载动态地图模板	雾都
2016-09-08 15:57:53:004  INFO MAPMAIN:main - 加载动态地图模板	异度学院
2016-09-08 15:57:53:035  INFO MAPMAIN:main - 加载动态地图模板	邪兽堡垒
2016-09-08 15:57:53:051  INFO MAPMAIN:main - 加载动态地图模板	背叛之手
2016-09-08 15:57:53:066  INFO MAPMAIN:main - 加载动态地图模板	娜迦之谋
2016-09-08 15:57:53:082  INFO MAPMAIN:main - 加载动态地图模板	悲伤墓地
2016-09-08 15:57:53:113  INFO MAPMAIN:main - 加载动态地图模板	纳鲁之城
2016-09-08 15:57:53:144  INFO MAPMAIN:main - 加载动态地图模板	死亡之歌
2016-09-08 15:57:53:160  INFO MAPMAIN:main - 加载动态地图模板	粉碎阴谋
2016-09-08 15:57:53:176  INFO MAPMAIN:main - 加载动态地图模板	时空之路
2016-09-08 15:57:53:238  INFO MAPMAIN:main - 加载动态地图模板	英雄平台
2016-09-08 15:57:53:301  INFO MAPMAIN:main - 加载静态场景	测试	1999
2016-09-08 15:57:53:332  INFO MAPMAIN:main - 加载静态场景	测试1	2000
2016-09-08 15:57:53:347  INFO MAPMAIN:main - 加载静态场景	测试2	2001
2016-09-08 15:57:53:379  INFO MAPMAIN:main - 加载静态场景	长眠圣殿	2100
2016-09-08 15:57:54:301  INFO MAPMAIN:main - 加载静态场景	伦巴洞窟	2101
2016-09-08 15:57:54:356  INFO MAPMAIN:main - 加载静态场景	监牢	2102
2016-09-08 15:57:54:419  INFO MAPMAIN:main - 加载静态场景	菲沃德森林	2103
2016-09-08 15:57:54:466  INFO MAPMAIN:main - 加载静态场景	海吉山	2104
2016-09-08 15:57:54:512  INFO MAPMAIN:main - 加载静态场景	破碎岛	2105
2016-09-08 15:57:54:544  INFO MAPMAIN:main - 加载静态场景	墓穴门口	2106
2016-09-08 15:57:54:575  INFO MAPMAIN:main - 加载静态场景	掠夺者遗迹	2107
2016-09-08 15:57:54:700  INFO MAPMAIN:main - 加载静态场景	魔王墓穴	2108
2016-09-08 15:57:54:747  INFO MAPMAIN:main - 加载静态场景	洛达仑废墟	2109
2016-09-08 15:57:54:794  INFO MAPMAIN:main - 加载静态场景	冰冠堡垒	2110
2016-09-08 15:57:54:841  INFO MAPMAIN:main - 加载静态场景	埋骨圣地	2111
2016-09-08 15:57:54:887  INFO MAPMAIN:main - 加载静态场景	黑铁深渊	2112
2016-09-08 15:57:54:950  INFO MAPMAIN:main - 加载静态场景	哀嚎洞穴	2113
2016-09-08 15:57:54:997  INFO MAPMAIN:main - 加载静态场景	寒风平原	2114
2016-09-08 15:57:55:044  INFO MAPMAIN:main - 加载静态场景	嚎风峡谷	2115
2016-09-08 15:57:55:075  INFO MAPMAIN:main - 加载静态场景	龙眠圣地	2116
2016-09-08 15:57:55:106  INFO MAPMAIN:main - 加载静态场景	融核之心	2200
2016-09-08 15:57:55:106  INFO MAPMAIN:main - map模块初始化完成
2016-09-08 15:57:55:106  INFO MAPMAIN:main - load npc walk ai info start
2016-09-08 15:57:55:184  INFO MAPMAIN:main - load npc walk ai info end
2016-09-08 15:57:55:414  INFO MAPMAIN:main - npc模块初始化开始
2016-09-08 15:57:55:414  INFO MAPMAIN:main - NPC服务配置表加载完毕。一共载入服务NPC651个
2016-09-08 15:57:55:414  INFO MAPMAIN:main - NPC服务描述表加载完毕。一共载入服务 640条
2016-09-08 15:57:55:414  INFO MAPMAIN:main - NPC服务映射表加载完毕。一共载入服务映射120条
2016-09-08 15:57:55:430  INFO MAPMAIN:main - NPC买卖物品表加载完毕。一共加载NPC11个
2016-09-08 15:57:55:430  INFO MAPMAIN:main - npc模块初始化完成
