2016-09-09 14:46:26:782  INFO MAPMAIN:main - map模块初始化开始
2016-09-09 14:46:27:094  INFO MAPMAIN:main - 加载静态场景	溶洞一层	1601
2016-09-09 14:46:27:141  INFO MAPMAIN:main - 加载静态场景	学院一层	1602
2016-09-09 14:46:27:188  INFO MAPMAIN:main - 加载静态场景	埋股圣地一层	1603
2016-09-09 14:46:27:266  INFO MAPMAIN:main - 加载静态场景	祭坛一层	1604
2016-09-09 14:46:27:610  INFO MAPMAIN:main - 加载静态场景	月光海岸	1605
2016-09-09 14:46:27:703  INFO MAPMAIN:main - 加载静态场景	影月城	1606
2016-09-09 14:46:27:797  INFO MAPMAIN:main - 加载静态场景	虚空要塞	1607
2016-09-09 14:46:27:891  INFO MAPMAIN:main - 加载静态场景	十字路口	1608
2016-09-09 14:46:27:969  INFO MAPMAIN:main - 加载静态场景	银松林	1609
2016-09-09 14:46:28:063  INFO MAPMAIN:main - 加载静态场景	暮光林	1610
2016-09-09 14:46:28:141  INFO MAPMAIN:main - 加载静态场景	剃刀泥沼	1611
2016-09-09 14:46:28:219  INFO MAPMAIN:main - 加载静态场景	激流高地	1612
2016-09-09 14:46:28:250  INFO MAPMAIN:main - 加载动态地图模板	公会
2016-09-09 14:46:28:422  INFO MAPMAIN:main - 加载静态场景	风暴城	1614
2016-09-09 14:46:28:578  INFO MAPMAIN:main - 加载静态场景	紫罗兰	1615
2016-09-09 14:46:28:703  INFO MAPMAIN:main - 加载静态场景	欧格瑞姆	1616
2016-09-09 14:46:28:838  INFO MAPMAIN:main - 加载静态场景	太阳岛	1617
2016-09-09 14:46:28:853  INFO MAPMAIN:main - 加载静态场景	雷霆村	1618
2016-09-09 14:46:28:963  INFO MAPMAIN:main - 加载静态场景	提瑞斯镇	1619
2016-09-09 14:46:29:010  INFO MAPMAIN:main - 加载静态场景	暗矛镇	1620
2016-09-09 14:46:29:072  INFO MAPMAIN:main - 加载静态场景	修道院	1621
2016-09-09 14:46:29:103  INFO MAPMAIN:main - 加载静态场景	永夜林地	1622
2016-09-09 14:46:29:135  INFO MAPMAIN:main - 加载静态场景	溶洞二层	1624
2016-09-09 14:46:29:166  INFO MAPMAIN:main - 加载静态场景	溶洞三层	1625
2016-09-09 14:46:29:228  INFO MAPMAIN:main - 加载静态场景	废矿一层	1626
2016-09-09 14:46:29:275  INFO MAPMAIN:main - 加载静态场景	废矿二层	1627
2016-09-09 14:46:29:338  INFO MAPMAIN:main - 加载静态场景	废矿三层	1628
2016-09-09 14:46:29:369  INFO MAPMAIN:main - 加载静态场景	银堡一层	1629
2016-09-09 14:46:29:432  INFO MAPMAIN:main - 加载静态场景	银堡二层	1630
2016-09-09 14:46:29:510  INFO MAPMAIN:main - 加载静态场景	银堡三层	1631
2016-09-09 14:46:29:588  INFO MAPMAIN:main - 加载静态场景	学院二层	1632
2016-09-09 14:46:29:650  INFO MAPMAIN:main - 加载静态场景	学院三层	1633
2016-09-09 14:46:30:023  INFO MAPMAIN:main - 加载静态场景	教堂一层	1634
2016-09-09 14:46:30:070  INFO MAPMAIN:main - 加载静态场景	教堂二层	1635
2016-09-09 14:46:30:117  INFO MAPMAIN:main - 加载静态场景	教堂三层	1636
2016-09-09 14:46:30:164  INFO MAPMAIN:main - 加载静态场景	埋股圣地二层	1637
2016-09-09 14:46:30:210  INFO MAPMAIN:main - 加载静态场景	埋股圣地三层	1638
2016-09-09 14:46:30:257  INFO MAPMAIN:main - 加载静态场景	遗迹一层	1639
2016-09-09 14:46:30:320  INFO MAPMAIN:main - 加载静态场景	遗迹二层	1640
2016-09-09 14:46:30:351  INFO MAPMAIN:main - 加载静态场景	遗迹三层	1641
2016-09-09 14:46:30:382  INFO MAPMAIN:main - 加载静态场景	祭坛二层	1642
2016-09-09 14:46:30:414  INFO MAPMAIN:main - 加载静态场景	祭坛三层	1643
2016-09-09 14:46:30:492  INFO MAPMAIN:main - 加载静态场景	深渊一层	1644
2016-09-09 14:46:30:554  INFO MAPMAIN:main - 加载静态场景	深渊二层	1645
2016-09-09 14:46:30:601  INFO MAPMAIN:main - 加载静态场景	深渊三层	1646
2016-09-09 14:46:30:664  INFO MAPMAIN:main - 加载静态场景	雾都一层	1647
2016-09-09 14:46:30:710  INFO MAPMAIN:main - 加载静态场景	雾都二层	1648
2016-09-09 14:46:30:742  INFO MAPMAIN:main - 加载静态场景	雾都三层	1649
2016-09-09 14:46:30:773  INFO MAPMAIN:main - 加载静态场景	灵界	1650
2016-09-09 14:46:30:851  INFO MAPMAIN:main - 加载静态场景	时之夹缝	1651
2016-09-09 14:46:30:929  INFO MAPMAIN:main - 加载静态场景	敦霍尔德	1652
2016-09-09 14:46:30:976  INFO MAPMAIN:main - 加载静态场景	地下竞技场	1653
2016-09-09 14:46:31:039  INFO MAPMAIN:main - 加载静态场景	紫罗兰（十年前）	1654
2016-09-09 14:46:31:076  INFO MAPMAIN:main - 加载静态场景	创物梦境	1655
2016-09-09 14:46:31:108  INFO MAPMAIN:main - 加载静态场景	精英组	1656
2016-09-09 14:46:31:123  INFO MAPMAIN:main - 加载静态场景	神威组	1657
2016-09-09 14:46:31:154  INFO MAPMAIN:main - 加载静态场景	王者组	1658
2016-09-09 14:46:31:170  INFO MAPMAIN:main - 加载静态场景	精英组	1659
2016-09-09 14:46:31:201  INFO MAPMAIN:main - 加载静态场景	神威组	1660
2016-09-09 14:46:31:233  INFO MAPMAIN:main - 加载静态场景	王者组	1661
2016-09-09 14:46:31:311  INFO MAPMAIN:main - 加载静态场景	死亡矿井	1662
2016-09-09 14:46:31:373  INFO MAPMAIN:main - 加载静态场景	银堡	1671
2016-09-09 14:46:31:404  INFO MAPMAIN:main - 加载静态场景	银堡地下室	1672
2016-09-09 14:46:31:451  INFO MAPMAIN:main - 加载静态场景	锡拉岛	1673
2016-09-09 14:46:31:498  INFO MAPMAIN:main - 加载静态场景	蓝龙之穴	1674
2016-09-09 14:46:31:529  INFO MAPMAIN:main - 加载静态场景	圣光大教堂	1675
2016-09-09 14:46:31:561  INFO MAPMAIN:main - 加载静态场景	溶洞	1676
2016-09-09 14:46:31:592  INFO MAPMAIN:main - 加载静态场景	黑铁深渊	1677
2016-09-09 14:46:32:158  INFO MAPMAIN:main - 加载静态场景	瘟疫废墟	1678
2016-09-09 14:46:32:165  INFO MAPMAIN:main - 加载静态场景	卡达隆	1679
2016-09-09 14:46:32:270  INFO MAPMAIN:main - 加载静态场景	雾都	1680
2016-09-09 14:46:32:317  INFO MAPMAIN:main - 加载静态场景	忏悔岭	1681
2016-09-09 14:46:32:410  INFO MAPMAIN:main - 加载静态场景	赫斯格林	1682
2016-09-09 14:46:32:473  INFO MAPMAIN:main - 加载静态场景	十字军圣殿	1683
2016-09-09 14:46:32:535  INFO MAPMAIN:main - 加载静态场景	密室	1684
2016-09-09 14:46:32:598  INFO MAPMAIN:main - 加载静态场景	圣光大教堂	1685
2016-09-09 14:46:32:660  INFO MAPMAIN:main - 加载静态场景	通灵要塞	1686
2016-09-09 14:46:32:723  INFO MAPMAIN:main - 加载静态场景	乱风峭壁	1687
2016-09-09 14:46:32:754  INFO MAPMAIN:main - 加载静态场景	地窖	1688
2016-09-09 14:46:32:832  INFO MAPMAIN:main - 加载静态场景	紫罗兰	1689
2016-09-09 14:46:32:864  INFO MAPMAIN:main - 加载静态场景	摩萨德	1690
2016-09-09 14:46:32:895  INFO MAPMAIN:main - 加载静态场景	血蹄村	1691
2016-09-09 14:46:32:926  INFO MAPMAIN:main - 加载静态场景	遗忘之城	1692
2016-09-09 14:46:33:004  INFO MAPMAIN:main - 加载静态场景	微风平原	1693
2016-09-09 14:46:33:051  INFO MAPMAIN:main - 加载静态场景	加纳多尔	1694
2016-09-09 14:46:33:098  INFO MAPMAIN:main - 加载静态场景	槌谷	1695
2016-09-09 14:46:33:145  INFO MAPMAIN:main - 加载静态场景	艾森威尔	1696
2016-09-09 14:46:33:176  INFO MAPMAIN:main - 加载静态场景	巨石山脊	1697
2016-09-09 14:46:33:211  INFO MAPMAIN:main - 加载静态场景	戮魔谷	1698
2016-09-09 14:46:33:273  INFO MAPMAIN:main - 加载静态场景	雷毛普通场	1699
2016-09-09 14:46:33:320  INFO MAPMAIN:main - 加载静态场景	双狼普通场	1700
2016-09-09 14:46:33:351  INFO MAPMAIN:main - 加载静态场景	雷毛普通场	1701
2016-09-09 14:46:33:414  INFO MAPMAIN:main - 加载静态场景	双狼普通场	1702
2016-09-09 14:46:33:523  INFO MAPMAIN:main - 加载静态场景	雷毛普通场	1703
2016-09-09 14:46:33:570  INFO MAPMAIN:main - 加载静态场景	双狼普通场	1704
2016-09-09 14:46:33:617  INFO MAPMAIN:main - 加载静态场景	雷毛优胜场	1705
2016-09-09 14:46:33:648  INFO MAPMAIN:main - 加载静态场景	双狼优胜场	1706
2016-09-09 14:46:33:680  INFO MAPMAIN:main - 加载静态场景	雷毛优胜场	1707
2016-09-09 14:46:33:726  INFO MAPMAIN:main - 加载静态场景	双狼优胜场	1708
2016-09-09 14:46:33:758  INFO MAPMAIN:main - 加载静态场景	雷毛优胜场	1709
2016-09-09 14:46:33:789  INFO MAPMAIN:main - 加载静态场景	双狼优胜场	1710
2016-09-09 14:46:33:836  INFO MAPMAIN:main - 加载动态地图模板	公会战
2016-09-09 14:46:33:898  INFO MAPMAIN:main - 加载静态场景	熊猫人场景	1712
2016-09-09 14:46:33:930  INFO MAPMAIN:main - 加载动态地图模板	巨魔之都
2016-09-09 14:46:33:961  INFO MAPMAIN:main - 加载动态地图模板	巨魔之都
2016-09-09 14:46:33:992  INFO MAPMAIN:main - 加载动态地图模板	诅咒之塔
2016-09-09 14:46:34:008  INFO MAPMAIN:main - 加载动态地图模板	诅咒之塔
2016-09-09 14:46:34:039  INFO MAPMAIN:main - 加载动态地图模板	组队副本预留
2016-09-09 14:46:34:070  INFO MAPMAIN:main - 加载动态地图模板	组队副本预留
2016-09-09 14:46:34:086  INFO MAPMAIN:main - 加载动态地图模板	组队副本预留
2016-09-09 14:46:34:133  INFO MAPMAIN:main - 加载动态地图模板	组队副本预留
2016-09-09 14:46:34:195  INFO MAPMAIN:main - 加载动态地图模板	组队副本预留
2016-09-09 14:46:34:255  INFO MAPMAIN:main - 加载动态地图模板	组队副本预留
2016-09-09 14:46:34:302  INFO MAPMAIN:main - 加载动态地图模板	组队副本预留
2016-09-09 14:46:34:333  INFO MAPMAIN:main - 加载动态地图模板	组队副本预留
2016-09-09 14:46:34:380  INFO MAPMAIN:main - 加载静态场景	冰封王座	1821
2016-09-09 14:46:34:427  INFO MAPMAIN:main - 加载静态场景	冰封王座	1822
2016-09-09 14:46:34:474  INFO MAPMAIN:main - 加载静态场景	冰封王座	1823
2016-09-09 14:46:34:521  INFO MAPMAIN:main - 加载静态场景	冰封王座	1824
2016-09-09 14:46:34:552  INFO MAPMAIN:main - 加载静态场景	冰封王座	1825
2016-09-09 14:46:34:614  INFO MAPMAIN:main - 加载静态场景	冰封王座	1826
2016-09-09 14:46:34:661  INFO MAPMAIN:main - 加载静态场景	冰封王座	1827
2016-09-09 14:46:34:708  INFO MAPMAIN:main - 加载静态场景	冰封王座	1828
2016-09-09 14:46:34:739  INFO MAPMAIN:main - 加载静态场景	冰封王座	1829
2016-09-09 14:46:34:802  INFO MAPMAIN:main - 加载静态场景	冰封王座	1830
2016-09-09 14:46:34:833  INFO MAPMAIN:main - 加载静态场景	冰封王座	1831
2016-09-09 14:46:35:895  INFO MAPMAIN:main - 加载静态场景	冰封王座	1832
2016-09-09 14:46:35:930  INFO MAPMAIN:main - 加载静态场景	冰封王座	1833
2016-09-09 14:46:35:967  INFO MAPMAIN:main - 加载静态场景	冰封王座	1834
2016-09-09 14:46:36:014  INFO MAPMAIN:main - 加载静态场景	冰封王座	1835
2016-09-09 14:46:36:045  INFO MAPMAIN:main - 加载静态场景	冰封王座	1836
2016-09-09 14:46:36:076  INFO MAPMAIN:main - 加载静态场景	冰封王座	1837
2016-09-09 14:46:36:108  INFO MAPMAIN:main - 加载静态场景	冰封王座	1838
2016-09-09 14:46:36:155  INFO MAPMAIN:main - 加载静态场景	冰封王座	1839
2016-09-09 14:46:36:186  INFO MAPMAIN:main - 加载动态地图模板	融核之心1层
2016-09-09 14:46:36:233  INFO MAPMAIN:main - 加载动态地图模板	融核之心2层
2016-09-09 14:46:36:295  INFO MAPMAIN:main - 加载动态地图模板	融核之心3层
2016-09-09 14:46:36:326  INFO MAPMAIN:main - 加载动态地图模板	融核之心4层
2016-09-09 14:46:36:373  INFO MAPMAIN:main - 加载动态地图模板	融核之心5层
2016-09-09 14:46:36:420  INFO MAPMAIN:main - 加载动态地图模板	融核之心6层
2016-09-09 14:46:36:451  INFO MAPMAIN:main - 加载动态地图模板	融核之心7层
2016-09-09 14:46:36:483  INFO MAPMAIN:main - 加载动态地图模板	融核之心8层
2016-09-09 14:46:36:530  INFO MAPMAIN:main - 加载动态地图模板	融核之心9层
2016-09-09 14:46:36:576  INFO MAPMAIN:main - 加载动态地图模板	融核之心10层
2016-09-09 14:46:36:623  INFO MAPMAIN:main - 加载动态地图模板	黑龙巢穴1层
2016-09-09 14:46:36:655  INFO MAPMAIN:main - 加载动态地图模板	黑龙巢穴2层
2016-09-09 14:46:36:701  INFO MAPMAIN:main - 加载动态地图模板	黑龙巢穴3层
2016-09-09 14:46:36:764  INFO MAPMAIN:main - 加载动态地图模板	黑龙巢穴4层
2016-09-09 14:46:36:795  INFO MAPMAIN:main - 加载动态地图模板	黑龙巢穴5层
2016-09-09 14:46:36:842  INFO MAPMAIN:main - 加载动态地图模板	黑龙巢穴6层
2016-09-09 14:46:36:873  INFO MAPMAIN:main - 加载动态地图模板	黑龙巢穴7层
2016-09-09 14:46:36:905  INFO MAPMAIN:main - 加载动态地图模板	黑龙巢穴8层
2016-09-09 14:46:36:937  INFO MAPMAIN:main - 加载动态地图模板	黑龙巢穴9层
2016-09-09 14:46:36:984  INFO MAPMAIN:main - 加载动态地图模板	黑龙巢穴10层
2016-09-09 14:46:37:078  INFO MAPMAIN:main - 加载动态地图模板	双子神庙1层
2016-09-09 14:46:37:877  INFO MAPMAIN:main - 加载动态地图模板	双子神庙2层
2016-09-09 14:46:37:942  INFO MAPMAIN:main - 加载动态地图模板	双子神庙3层
2016-09-09 14:46:37:997  INFO MAPMAIN:main - 加载动态地图模板	双子神庙4层
2016-09-09 14:46:38:060  INFO MAPMAIN:main - 加载动态地图模板	双子神庙5层
2016-09-09 14:46:38:138  INFO MAPMAIN:main - 加载动态地图模板	双子神庙6层
2016-09-09 14:46:38:185  INFO MAPMAIN:main - 加载动态地图模板	双子神庙7层
2016-09-09 14:46:38:263  INFO MAPMAIN:main - 加载动态地图模板	双子神庙8层
2016-09-09 14:46:38:326  INFO MAPMAIN:main - 加载动态地图模板	双子神庙9层
2016-09-09 14:46:38:404  INFO MAPMAIN:main - 加载动态地图模板	双子神庙10层
2016-09-09 14:46:38:451  INFO MAPMAIN:main - 加载动态地图模板	刀锋之巢1层
2016-09-09 14:46:38:466  INFO MAPMAIN:main - 加载动态地图模板	刀锋之巢2层
2016-09-09 14:46:38:529  INFO MAPMAIN:main - 加载动态地图模板	刀锋之巢3层
2016-09-09 14:46:38:622  INFO MAPMAIN:main - 加载动态地图模板	刀锋之巢4层
2016-09-09 14:46:38:654  INFO MAPMAIN:main - 加载动态地图模板	刀锋之巢5层
2016-09-09 14:46:38:701  INFO MAPMAIN:main - 加载动态地图模板	刀锋之巢6层
2016-09-09 14:46:38:732  INFO MAPMAIN:main - 加载动态地图模板	刀锋之巢7层
2016-09-09 14:46:38:763  INFO MAPMAIN:main - 加载动态地图模板	刀锋之巢8层
2016-09-09 14:46:38:794  INFO MAPMAIN:main - 加载动态地图模板	刀锋之巢9层
2016-09-09 14:46:38:826  INFO MAPMAIN:main - 加载动态地图模板	刀锋之巢10层
2016-09-09 14:46:38:888  INFO MAPMAIN:main - 加载动态地图模板	溶洞
2016-09-09 14:46:38:935  INFO MAPMAIN:main - 加载动态地图模板	废矿
2016-09-09 14:46:38:982  INFO MAPMAIN:main - 加载动态地图模板	银堡
2016-09-09 14:46:39:042  INFO MAPMAIN:main - 加载动态地图模板	荒泽
2016-09-09 14:46:39:073  INFO MAPMAIN:main - 加载动态地图模板	教堂
2016-09-09 14:46:39:104  INFO MAPMAIN:main - 加载动态地图模板	埋骨圣地
2016-09-09 14:46:39:167  INFO MAPMAIN:main - 加载动态地图模板	遗迹
2016-09-09 14:46:39:213  INFO MAPMAIN:main - 加载动态地图模板	祭坛
2016-09-09 14:46:39:245  INFO MAPMAIN:main - 加载动态地图模板	深渊
2016-09-09 14:46:39:276  INFO MAPMAIN:main - 加载动态地图模板	雾都
2016-09-09 14:46:39:323  INFO MAPMAIN:main - 加载动态地图模板	异度学院
2016-09-09 14:46:39:338  INFO MAPMAIN:main - 加载动态地图模板	邪兽堡垒
2016-09-09 14:46:39:370  INFO MAPMAIN:main - 加载动态地图模板	背叛之手
2016-09-09 14:46:39:401  INFO MAPMAIN:main - 加载动态地图模板	娜迦之谋
2016-09-09 14:46:39:432  INFO MAPMAIN:main - 加载动态地图模板	悲伤墓地
2016-09-09 14:46:39:463  INFO MAPMAIN:main - 加载动态地图模板	纳鲁之城
2016-09-09 14:46:40:445  INFO MAPMAIN:main - 加载动态地图模板	死亡之歌
2016-09-09 14:46:40:518  INFO MAPMAIN:main - 加载动态地图模板	粉碎阴谋
2016-09-09 14:46:40:550  INFO MAPMAIN:main - 加载动态地图模板	时空之路
2016-09-09 14:46:40:581  INFO MAPMAIN:main - 加载动态地图模板	英雄平台
2016-09-09 14:46:40:612  INFO MAPMAIN:main - 加载静态场景	测试	1999
2016-09-09 14:46:40:659  INFO MAPMAIN:main - 加载静态场景	测试1	2000
2016-09-09 14:46:40:690  INFO MAPMAIN:main - 加载静态场景	测试2	2001
2016-09-09 14:46:40:722  INFO MAPMAIN:main - 加载静态场景	长眠圣殿	2100
2016-09-09 14:46:40:737  INFO MAPMAIN:main - 加载静态场景	伦巴洞窟	2101
2016-09-09 14:46:40:784  INFO MAPMAIN:main - 加载静态场景	监牢	2102
2016-09-09 14:46:40:831  INFO MAPMAIN:main - 加载静态场景	菲沃德森林	2103
2016-09-09 14:46:40:893  INFO MAPMAIN:main - 加载静态场景	海吉山	2104
2016-09-09 14:46:40:940  INFO MAPMAIN:main - 加载静态场景	破碎岛	2105
2016-09-09 14:46:40:987  INFO MAPMAIN:main - 加载静态场景	墓穴门口	2106
2016-09-09 14:46:41:003  INFO MAPMAIN:main - 加载静态场景	掠夺者遗迹	2107
2016-09-09 14:46:41:050  INFO MAPMAIN:main - 加载静态场景	魔王墓穴	2108
2016-09-09 14:46:41:081  INFO MAPMAIN:main - 加载静态场景	洛达仑废墟	2109
2016-09-09 14:46:41:128  INFO MAPMAIN:main - 加载静态场景	冰冠堡垒	2110
2016-09-09 14:46:41:175  INFO MAPMAIN:main - 加载静态场景	埋骨圣地	2111
2016-09-09 14:46:41:222  INFO MAPMAIN:main - 加载静态场景	黑铁深渊	2112
2016-09-09 14:46:41:268  INFO MAPMAIN:main - 加载静态场景	哀嚎洞穴	2113
2016-09-09 14:46:41:300  INFO MAPMAIN:main - 加载静态场景	寒风平原	2114
2016-09-09 14:46:41:362  INFO MAPMAIN:main - 加载静态场景	嚎风峡谷	2115
2016-09-09 14:46:41:409  INFO MAPMAIN:main - 加载静态场景	龙眠圣地	2116
2016-09-09 14:46:41:440  INFO MAPMAIN:main - 加载静态场景	融核之心	2200
2016-09-09 14:46:41:440  INFO MAPMAIN:main - map模块初始化完成
2016-09-09 14:46:41:612  INFO MAPMAIN:main - load npc walk ai info start
2016-09-09 14:46:41:635  INFO MAPMAIN:main - load npc walk ai info end
2016-09-09 14:46:43:334  INFO MAPMAIN:main - npc模块初始化开始
2016-09-09 14:46:43:365  INFO MAPMAIN:main - NPC服务配置表加载完毕。一共载入服务NPC651个
2016-09-09 14:46:43:365  INFO MAPMAIN:main - NPC服务描述表加载完毕。一共载入服务 646条
2016-09-09 14:46:43:365  INFO MAPMAIN:main - NPC服务映射表加载完毕。一共载入服务映射126条
2016-09-09 14:46:43:537  INFO MAPMAIN:main - NPC买卖物品表加载完毕。一共加载NPC11个
2016-09-09 14:46:43:771  INFO MAPMAIN:main - npc模块初始化完成
2016-09-09 14:47:28:661  INFO MAPMAIN:MapMain - 角色:浪漫榭木,进入游戏,sceneid:2200,index:65536,pos:Pos(1127,466,0)
2016-09-09 14:56:09:175  INFO MAPMAIN:main - map模块初始化开始
2016-09-09 14:56:09:471  INFO MAPMAIN:main - 加载静态场景	溶洞一层	1601
2016-09-09 14:56:09:518  INFO MAPMAIN:main - 加载静态场景	学院一层	1602
2016-09-09 14:56:09:565  INFO MAPMAIN:main - 加载静态场景	埋股圣地一层	1603
2016-09-09 14:56:09:659  INFO MAPMAIN:main - 加载静态场景	祭坛一层	1604
2016-09-09 14:56:09:925  INFO MAPMAIN:main - 加载静态场景	月光海岸	1605
2016-09-09 14:56:10:067  INFO MAPMAIN:main - 加载静态场景	影月城	1606
2016-09-09 14:56:10:176  INFO MAPMAIN:main - 加载静态场景	虚空要塞	1607
2016-09-09 14:56:10:239  INFO MAPMAIN:main - 加载静态场景	十字路口	1608
2016-09-09 14:56:10:301  INFO MAPMAIN:main - 加载静态场景	银松林	1609
2016-09-09 14:56:10:380  INFO MAPMAIN:main - 加载静态场景	暮光林	1610
2016-09-09 14:56:10:473  INFO MAPMAIN:main - 加载静态场景	剃刀泥沼	1611
2016-09-09 14:56:10:583  INFO MAPMAIN:main - 加载静态场景	激流高地	1612
2016-09-09 14:56:10:661  INFO MAPMAIN:main - 加载动态地图模板	公会
2016-09-09 14:56:10:708  INFO MAPMAIN:main - 加载静态场景	风暴城	1614
2016-09-09 14:56:10:817  INFO MAPMAIN:main - 加载静态场景	紫罗兰	1615
2016-09-09 14:56:10:911  INFO MAPMAIN:main - 加载静态场景	欧格瑞姆	1616
2016-09-09 14:56:11:020  INFO MAPMAIN:main - 加载静态场景	太阳岛	1617
2016-09-09 14:56:11:092  INFO MAPMAIN:main - 加载静态场景	雷霆村	1618
2016-09-09 14:56:11:170  INFO MAPMAIN:main - 加载静态场景	提瑞斯镇	1619
2016-09-09 14:56:11:202  INFO MAPMAIN:main - 加载静态场景	暗矛镇	1620
2016-09-09 14:56:11:249  INFO MAPMAIN:main - 加载静态场景	修道院	1621
2016-09-09 14:56:11:327  INFO MAPMAIN:main - 加载静态场景	永夜林地	1622
2016-09-09 14:56:11:405  INFO MAPMAIN:main - 加载静态场景	溶洞二层	1624
2016-09-09 14:56:11:436  INFO MAPMAIN:main - 加载静态场景	溶洞三层	1625
2016-09-09 14:56:11:483  INFO MAPMAIN:main - 加载静态场景	废矿一层	1626
2016-09-09 14:56:11:545  INFO MAPMAIN:main - 加载静态场景	废矿二层	1627
2016-09-09 14:56:11:577  INFO MAPMAIN:main - 加载静态场景	废矿三层	1628
2016-09-09 14:56:11:608  INFO MAPMAIN:main - 加载静态场景	银堡一层	1629
2016-09-09 14:56:11:686  INFO MAPMAIN:main - 加载静态场景	银堡二层	1630
2016-09-09 14:56:11:780  INFO MAPMAIN:main - 加载静态场景	银堡三层	1631
2016-09-09 14:56:12:164  INFO MAPMAIN:main - 加载静态场景	学院二层	1632
2016-09-09 14:56:12:235  INFO MAPMAIN:main - 加载静态场景	学院三层	1633
2016-09-09 14:56:12:360  INFO MAPMAIN:main - 加载静态场景	教堂一层	1634
2016-09-09 14:56:12:391  INFO MAPMAIN:main - 加载静态场景	教堂二层	1635
2016-09-09 14:56:12:422  INFO MAPMAIN:main - 加载静态场景	教堂三层	1636
2016-09-09 14:56:12:469  INFO MAPMAIN:main - 加载静态场景	埋股圣地二层	1637
2016-09-09 14:56:12:516  INFO MAPMAIN:main - 加载静态场景	埋股圣地三层	1638
2016-09-09 14:56:12:563  INFO MAPMAIN:main - 加载静态场景	遗迹一层	1639
2016-09-09 14:56:12:610  INFO MAPMAIN:main - 加载静态场景	遗迹二层	1640
2016-09-09 14:56:12:641  INFO MAPMAIN:main - 加载静态场景	遗迹三层	1641
2016-09-09 14:56:12:672  INFO MAPMAIN:main - 加载静态场景	祭坛二层	1642
2016-09-09 14:56:12:688  INFO MAPMAIN:main - 加载静态场景	祭坛三层	1643
2016-09-09 14:56:12:750  INFO MAPMAIN:main - 加载静态场景	深渊一层	1644
2016-09-09 14:56:12:797  INFO MAPMAIN:main - 加载静态场景	深渊二层	1645
2016-09-09 14:56:12:813  INFO MAPMAIN:main - 加载静态场景	深渊三层	1646
2016-09-09 14:56:12:860  INFO MAPMAIN:main - 加载静态场景	雾都一层	1647
2016-09-09 14:56:12:891  INFO MAPMAIN:main - 加载静态场景	雾都二层	1648
2016-09-09 14:56:12:922  INFO MAPMAIN:main - 加载静态场景	雾都三层	1649
2016-09-09 14:56:12:954  INFO MAPMAIN:main - 加载静态场景	灵界	1650
2016-09-09 14:56:13:000  INFO MAPMAIN:main - 加载静态场景	时之夹缝	1651
2016-09-09 14:56:13:063  INFO MAPMAIN:main - 加载静态场景	敦霍尔德	1652
2016-09-09 14:56:13:110  INFO MAPMAIN:main - 加载静态场景	地下竞技场	1653
2016-09-09 14:56:13:172  INFO MAPMAIN:main - 加载静态场景	紫罗兰（十年前）	1654
2016-09-09 14:56:13:195  INFO MAPMAIN:main - 加载静态场景	创物梦境	1655
2016-09-09 14:56:13:226  INFO MAPMAIN:main - 加载静态场景	精英组	1656
2016-09-09 14:56:13:241  INFO MAPMAIN:main - 加载静态场景	神威组	1657
2016-09-09 14:56:13:273  INFO MAPMAIN:main - 加载静态场景	王者组	1658
2016-09-09 14:56:13:273  INFO MAPMAIN:main - 加载静态场景	精英组	1659
2016-09-09 14:56:13:304  INFO MAPMAIN:main - 加载静态场景	神威组	1660
2016-09-09 14:56:13:335  INFO MAPMAIN:main - 加载静态场景	王者组	1661
2016-09-09 14:56:13:398  INFO MAPMAIN:main - 加载静态场景	死亡矿井	1662
2016-09-09 14:56:13:460  INFO MAPMAIN:main - 加载静态场景	银堡	1671
2016-09-09 14:56:13:491  INFO MAPMAIN:main - 加载静态场景	银堡地下室	1672
2016-09-09 14:56:14:518  INFO MAPMAIN:main - 加载静态场景	锡拉岛	1673
2016-09-09 14:56:14:556  INFO MAPMAIN:main - 加载静态场景	蓝龙之穴	1674
2016-09-09 14:56:14:587  INFO MAPMAIN:main - 加载静态场景	圣光大教堂	1675
2016-09-09 14:56:14:603  INFO MAPMAIN:main - 加载静态场景	溶洞	1676
2016-09-09 14:56:14:634  INFO MAPMAIN:main - 加载静态场景	黑铁深渊	1677
2016-09-09 14:56:14:650  INFO MAPMAIN:main - 加载静态场景	瘟疫废墟	1678
2016-09-09 14:56:14:665  INFO MAPMAIN:main - 加载静态场景	卡达隆	1679
2016-09-09 14:56:14:775  INFO MAPMAIN:main - 加载静态场景	雾都	1680
2016-09-09 14:56:14:822  INFO MAPMAIN:main - 加载静态场景	忏悔岭	1681
2016-09-09 14:56:14:869  INFO MAPMAIN:main - 加载静态场景	赫斯格林	1682
2016-09-09 14:56:14:900  INFO MAPMAIN:main - 加载静态场景	十字军圣殿	1683
2016-09-09 14:56:14:931  INFO MAPMAIN:main - 加载静态场景	密室	1684
2016-09-09 14:56:14:994  INFO MAPMAIN:main - 加载静态场景	圣光大教堂	1685
2016-09-09 14:56:15:040  INFO MAPMAIN:main - 加载静态场景	通灵要塞	1686
2016-09-09 14:56:15:103  INFO MAPMAIN:main - 加载静态场景	乱风峭壁	1687
2016-09-09 14:56:15:134  INFO MAPMAIN:main - 加载静态场景	地窖	1688
2016-09-09 14:56:15:212  INFO MAPMAIN:main - 加载静态场景	紫罗兰	1689
2016-09-09 14:56:15:228  INFO MAPMAIN:main - 加载静态场景	摩萨德	1690
2016-09-09 14:56:15:259  INFO MAPMAIN:main - 加载静态场景	血蹄村	1691
2016-09-09 14:56:15:290  INFO MAPMAIN:main - 加载静态场景	遗忘之城	1692
2016-09-09 14:56:15:337  INFO MAPMAIN:main - 加载静态场景	微风平原	1693
2016-09-09 14:56:15:384  INFO MAPMAIN:main - 加载静态场景	加纳多尔	1694
2016-09-09 14:56:15:431  INFO MAPMAIN:main - 加载静态场景	槌谷	1695
2016-09-09 14:56:15:478  INFO MAPMAIN:main - 加载静态场景	艾森威尔	1696
2016-09-09 14:56:15:509  INFO MAPMAIN:main - 加载静态场景	巨石山脊	1697
2016-09-09 14:56:15:525  INFO MAPMAIN:main - 加载静态场景	戮魔谷	1698
2016-09-09 14:56:15:630  INFO MAPMAIN:main - 加载静态场景	雷毛普通场	1699
2016-09-09 14:56:15:693  INFO MAPMAIN:main - 加载静态场景	双狼普通场	1700
2016-09-09 14:56:15:724  INFO MAPMAIN:main - 加载静态场景	雷毛普通场	1701
2016-09-09 14:56:15:771  INFO MAPMAIN:main - 加载静态场景	双狼普通场	1702
2016-09-09 14:56:15:818  INFO MAPMAIN:main - 加载静态场景	雷毛普通场	1703
2016-09-09 14:56:15:849  INFO MAPMAIN:main - 加载静态场景	双狼普通场	1704
2016-09-09 14:56:15:880  INFO MAPMAIN:main - 加载静态场景	雷毛优胜场	1705
2016-09-09 14:56:15:912  INFO MAPMAIN:main - 加载静态场景	双狼优胜场	1706
2016-09-09 14:56:15:958  INFO MAPMAIN:main - 加载静态场景	雷毛优胜场	1707
2016-09-09 14:56:15:990  INFO MAPMAIN:main - 加载静态场景	双狼优胜场	1708
2016-09-09 14:56:16:005  INFO MAPMAIN:main - 加载静态场景	雷毛优胜场	1709
2016-09-09 14:56:16:037  INFO MAPMAIN:main - 加载静态场景	双狼优胜场	1710
2016-09-09 14:56:16:083  INFO MAPMAIN:main - 加载动态地图模板	公会战
2016-09-09 14:56:16:115  INFO MAPMAIN:main - 加载静态场景	熊猫人场景	1712
2016-09-09 14:56:16:146  INFO MAPMAIN:main - 加载动态地图模板	巨魔之都
2016-09-09 14:56:16:162  INFO MAPMAIN:main - 加载动态地图模板	巨魔之都
2016-09-09 14:56:16:193  INFO MAPMAIN:main - 加载动态地图模板	诅咒之塔
2016-09-09 14:56:16:208  INFO MAPMAIN:main - 加载动态地图模板	诅咒之塔
2016-09-09 14:56:16:224  INFO MAPMAIN:main - 加载动态地图模板	组队副本预留
2016-09-09 14:56:16:255  INFO MAPMAIN:main - 加载动态地图模板	组队副本预留
2016-09-09 14:56:16:287  INFO MAPMAIN:main - 加载动态地图模板	组队副本预留
2016-09-09 14:56:16:318  INFO MAPMAIN:main - 加载动态地图模板	组队副本预留
2016-09-09 14:56:16:380  INFO MAPMAIN:main - 加载动态地图模板	组队副本预留
2016-09-09 14:56:16:412  INFO MAPMAIN:main - 加载动态地图模板	组队副本预留
2016-09-09 14:56:16:443  INFO MAPMAIN:main - 加载动态地图模板	组队副本预留
2016-09-09 14:56:16:474  INFO MAPMAIN:main - 加载动态地图模板	组队副本预留
2016-09-09 14:56:16:505  INFO MAPMAIN:main - 加载静态场景	冰封王座	1821
2016-09-09 14:56:16:552  INFO MAPMAIN:main - 加载静态场景	冰封王座	1822
2016-09-09 14:56:17:899  INFO MAPMAIN:main - 加载静态场景	冰封王座	1823
2016-09-09 14:56:17:918  INFO MAPMAIN:main - 加载静态场景	冰封王座	1824
2016-09-09 14:56:17:950  INFO MAPMAIN:main - 加载静态场景	冰封王座	1825
2016-09-09 14:56:18:012  INFO MAPMAIN:main - 加载静态场景	冰封王座	1826
2016-09-09 14:56:18:028  INFO MAPMAIN:main - 加载静态场景	冰封王座	1827
2016-09-09 14:56:18:059  INFO MAPMAIN:main - 加载静态场景	冰封王座	1828
2016-09-09 14:56:18:075  INFO MAPMAIN:main - 加载静态场景	冰封王座	1829
2016-09-09 14:56:18:106  INFO MAPMAIN:main - 加载静态场景	冰封王座	1830
2016-09-09 14:56:18:153  INFO MAPMAIN:main - 加载静态场景	冰封王座	1831
2016-09-09 14:56:18:184  INFO MAPMAIN:main - 加载静态场景	冰封王座	1832
2016-09-09 14:56:18:215  INFO MAPMAIN:main - 加载静态场景	冰封王座	1833
2016-09-09 14:56:18:247  INFO MAPMAIN:main - 加载静态场景	冰封王座	1834
2016-09-09 14:56:18:293  INFO MAPMAIN:main - 加载静态场景	冰封王座	1835
2016-09-09 14:56:18:325  INFO MAPMAIN:main - 加载静态场景	冰封王座	1836
2016-09-09 14:56:18:356  INFO MAPMAIN:main - 加载静态场景	冰封王座	1837
2016-09-09 14:56:18:372  INFO MAPMAIN:main - 加载静态场景	冰封王座	1838
2016-09-09 14:56:18:403  INFO MAPMAIN:main - 加载静态场景	冰封王座	1839
2016-09-09 14:56:18:450  INFO MAPMAIN:main - 加载动态地图模板	融核之心1层
2016-09-09 14:56:18:481  INFO MAPMAIN:main - 加载动态地图模板	融核之心2层
2016-09-09 14:56:18:528  INFO MAPMAIN:main - 加载动态地图模板	融核之心3层
2016-09-09 14:56:18:559  INFO MAPMAIN:main - 加载动态地图模板	融核之心4层
2016-09-09 14:56:18:606  INFO MAPMAIN:main - 加载动态地图模板	融核之心5层
2016-09-09 14:56:18:637  INFO MAPMAIN:main - 加载动态地图模板	融核之心6层
2016-09-09 14:56:18:668  INFO MAPMAIN:main - 加载动态地图模板	融核之心7层
2016-09-09 14:56:18:715  INFO MAPMAIN:main - 加载动态地图模板	融核之心8层
2016-09-09 14:56:18:747  INFO MAPMAIN:main - 加载动态地图模板	融核之心9层
2016-09-09 14:56:18:793  INFO MAPMAIN:main - 加载动态地图模板	融核之心10层
2016-09-09 14:56:18:825  INFO MAPMAIN:main - 加载动态地图模板	黑龙巢穴1层
2016-09-09 14:56:18:856  INFO MAPMAIN:main - 加载动态地图模板	黑龙巢穴2层
2016-09-09 14:56:18:903  INFO MAPMAIN:main - 加载动态地图模板	黑龙巢穴3层
2016-09-09 14:56:18:943  INFO MAPMAIN:main - 加载动态地图模板	黑龙巢穴4层
2016-09-09 14:56:18:974  INFO MAPMAIN:main - 加载动态地图模板	黑龙巢穴5层
2016-09-09 14:56:19:808  INFO MAPMAIN:main - 加载动态地图模板	黑龙巢穴6层
2016-09-09 14:56:19:836  INFO MAPMAIN:main - 加载动态地图模板	黑龙巢穴7层
2016-09-09 14:56:19:864  INFO MAPMAIN:main - 加载动态地图模板	黑龙巢穴8层
2016-09-09 14:56:19:896  INFO MAPMAIN:main - 加载动态地图模板	黑龙巢穴9层
2016-09-09 14:56:19:942  INFO MAPMAIN:main - 加载动态地图模板	黑龙巢穴10层
2016-09-09 14:56:20:002  INFO MAPMAIN:main - 加载动态地图模板	双子神庙1层
2016-09-09 14:56:20:064  INFO MAPMAIN:main - 加载动态地图模板	双子神庙2层
2016-09-09 14:56:20:111  INFO MAPMAIN:main - 加载动态地图模板	双子神庙3层
2016-09-09 14:56:20:158  INFO MAPMAIN:main - 加载动态地图模板	双子神庙4层
2016-09-09 14:56:20:205  INFO MAPMAIN:main - 加载动态地图模板	双子神庙5层
2016-09-09 14:56:20:283  INFO MAPMAIN:main - 加载动态地图模板	双子神庙6层
2016-09-09 14:56:20:330  INFO MAPMAIN:main - 加载动态地图模板	双子神庙7层
2016-09-09 14:56:20:377  INFO MAPMAIN:main - 加载动态地图模板	双子神庙8层
2016-09-09 14:56:20:439  INFO MAPMAIN:main - 加载动态地图模板	双子神庙9层
2016-09-09 14:56:20:502  INFO MAPMAIN:main - 加载动态地图模板	双子神庙10层
2016-09-09 14:56:20:533  INFO MAPMAIN:main - 加载动态地图模板	刀锋之巢1层
2016-09-09 14:56:20:564  INFO MAPMAIN:main - 加载动态地图模板	刀锋之巢2层
2016-09-09 14:56:20:596  INFO MAPMAIN:main - 加载动态地图模板	刀锋之巢3层
2016-09-09 14:56:20:642  INFO MAPMAIN:main - 加载动态地图模板	刀锋之巢4层
2016-09-09 14:56:20:689  INFO MAPMAIN:main - 加载动态地图模板	刀锋之巢5层
2016-09-09 14:56:20:736  INFO MAPMAIN:main - 加载动态地图模板	刀锋之巢6层
2016-09-09 14:56:20:767  INFO MAPMAIN:main - 加载动态地图模板	刀锋之巢7层
2016-09-09 14:56:20:799  INFO MAPMAIN:main - 加载动态地图模板	刀锋之巢8层
2016-09-09 14:56:20:830  INFO MAPMAIN:main - 加载动态地图模板	刀锋之巢9层
2016-09-09 14:56:20:846  INFO MAPMAIN:main - 加载动态地图模板	刀锋之巢10层
2016-09-09 14:56:20:892  INFO MAPMAIN:main - 加载动态地图模板	溶洞
2016-09-09 14:56:20:939  INFO MAPMAIN:main - 加载动态地图模板	废矿
2016-09-09 14:56:20:986  INFO MAPMAIN:main - 加载动态地图模板	银堡
2016-09-09 14:56:21:029  INFO MAPMAIN:main - 加载动态地图模板	荒泽
2016-09-09 14:56:22:008  INFO MAPMAIN:main - 加载动态地图模板	教堂
2016-09-09 14:56:22:044  INFO MAPMAIN:main - 加载动态地图模板	埋骨圣地
2016-09-09 14:56:22:091  INFO MAPMAIN:main - 加载动态地图模板	遗迹
2016-09-09 14:56:22:122  INFO MAPMAIN:main - 加载动态地图模板	祭坛
2016-09-09 14:56:22:153  INFO MAPMAIN:main - 加载动态地图模板	深渊
2016-09-09 14:56:22:184  INFO MAPMAIN:main - 加载动态地图模板	雾都
2016-09-09 14:56:22:216  INFO MAPMAIN:main - 加载动态地图模板	异度学院
2016-09-09 14:56:22:231  INFO MAPMAIN:main - 加载动态地图模板	邪兽堡垒
2016-09-09 14:56:22:263  INFO MAPMAIN:main - 加载动态地图模板	背叛之手
2016-09-09 14:56:22:278  INFO MAPMAIN:main - 加载动态地图模板	娜迦之谋
2016-09-09 14:56:22:294  INFO MAPMAIN:main - 加载动态地图模板	悲伤墓地
2016-09-09 14:56:22:325  INFO MAPMAIN:main - 加载动态地图模板	纳鲁之城
2016-09-09 14:56:22:356  INFO MAPMAIN:main - 加载动态地图模板	死亡之歌
2016-09-09 14:56:22:372  INFO MAPMAIN:main - 加载动态地图模板	粉碎阴谋
2016-09-09 14:56:22:388  INFO MAPMAIN:main - 加载动态地图模板	时空之路
2016-09-09 14:56:22:419  INFO MAPMAIN:main - 加载动态地图模板	英雄平台
2016-09-09 14:56:22:450  INFO MAPMAIN:main - 加载静态场景	测试	1999
2016-09-09 14:56:22:466  INFO MAPMAIN:main - 加载静态场景	测试1	2000
2016-09-09 14:56:22:481  INFO MAPMAIN:main - 加载静态场景	测试2	2001
2016-09-09 14:56:22:513  INFO MAPMAIN:main - 加载静态场景	长眠圣殿	2100
2016-09-09 14:56:22:528  INFO MAPMAIN:main - 加载静态场景	伦巴洞窟	2101
2016-09-09 14:56:22:575  INFO MAPMAIN:main - 加载静态场景	监牢	2102
2016-09-09 14:56:22:606  INFO MAPMAIN:main - 加载静态场景	菲沃德森林	2103
2016-09-09 14:56:22:653  INFO MAPMAIN:main - 加载静态场景	海吉山	2104
2016-09-09 14:56:22:684  INFO MAPMAIN:main - 加载静态场景	破碎岛	2105
2016-09-09 14:56:22:731  INFO MAPMAIN:main - 加载静态场景	墓穴门口	2106
2016-09-09 14:56:22:731  INFO MAPMAIN:main - 加载静态场景	掠夺者遗迹	2107
2016-09-09 14:56:22:778  INFO MAPMAIN:main - 加载静态场景	魔王墓穴	2108
2016-09-09 14:56:22:809  INFO MAPMAIN:main - 加载静态场景	洛达仑废墟	2109
2016-09-09 14:56:22:856  INFO MAPMAIN:main - 加载静态场景	冰冠堡垒	2110
2016-09-09 14:56:22:888  INFO MAPMAIN:main - 加载静态场景	埋骨圣地	2111
2016-09-09 14:56:22:934  INFO MAPMAIN:main - 加载静态场景	黑铁深渊	2112
2016-09-09 14:56:22:981  INFO MAPMAIN:main - 加载静态场景	哀嚎洞穴	2113
2016-09-09 14:56:23:013  INFO MAPMAIN:main - 加载静态场景	寒风平原	2114
2016-09-09 14:56:23:069  INFO MAPMAIN:main - 加载静态场景	嚎风峡谷	2115
2016-09-09 14:56:23:100  INFO MAPMAIN:main - 加载静态场景	龙眠圣地	2116
2016-09-09 14:56:23:116  INFO MAPMAIN:main - 加载静态场景	融核之心	2200
2016-09-09 14:56:23:116  INFO MAPMAIN:main - map模块初始化完成
2016-09-09 14:56:23:225  INFO MAPMAIN:main - load npc walk ai info start
2016-09-09 14:56:23:272  INFO MAPMAIN:main - load npc walk ai info end
2016-09-09 14:56:25:092  INFO MAPMAIN:main - npc模块初始化开始
2016-09-09 14:56:25:116  INFO MAPMAIN:main - NPC服务配置表加载完毕。一共载入服务NPC651个
2016-09-09 14:56:25:117  INFO MAPMAIN:main - NPC服务描述表加载完毕。一共载入服务 646条
2016-09-09 14:56:25:117  INFO MAPMAIN:main - NPC服务映射表加载完毕。一共载入服务映射126条
2016-09-09 14:56:25:275  INFO MAPMAIN:main - NPC买卖物品表加载完毕。一共加载NPC11个
2016-09-09 14:56:25:462  INFO MAPMAIN:main - npc模块初始化完成
2016-09-09 14:59:34:360  INFO MAPMAIN:main - map模块初始化开始
2016-09-09 14:59:34:672  INFO MAPMAIN:main - 加载静态场景	溶洞一层	1601
2016-09-09 14:59:34:719  INFO MAPMAIN:main - 加载静态场景	学院一层	1602
2016-09-09 14:59:34:766  INFO MAPMAIN:main - 加载静态场景	埋股圣地一层	1603
2016-09-09 14:59:34:844  INFO MAPMAIN:main - 加载静态场景	祭坛一层	1604
2016-09-09 14:59:35:125  INFO MAPMAIN:main - 加载静态场景	月光海岸	1605
2016-09-09 14:59:35:226  INFO MAPMAIN:main - 加载静态场景	影月城	1606
2016-09-09 14:59:35:304  INFO MAPMAIN:main - 加载静态场景	虚空要塞	1607
2016-09-09 14:59:35:413  INFO MAPMAIN:main - 加载静态场景	十字路口	1608
2016-09-09 14:59:35:507  INFO MAPMAIN:main - 加载静态场景	银松林	1609
2016-09-09 14:59:35:569  INFO MAPMAIN:main - 加载静态场景	暮光林	1610
2016-09-09 14:59:35:616  INFO MAPMAIN:main - 加载静态场景	剃刀泥沼	1611
2016-09-09 14:59:35:694  INFO MAPMAIN:main - 加载静态场景	激流高地	1612
2016-09-09 14:59:35:741  INFO MAPMAIN:main - 加载动态地图模板	公会
2016-09-09 14:59:35:819  INFO MAPMAIN:main - 加载静态场景	风暴城	1614
2016-09-09 14:59:35:929  INFO MAPMAIN:main - 加载静态场景	紫罗兰	1615
2016-09-09 14:59:36:022  INFO MAPMAIN:main - 加载静态场景	欧格瑞姆	1616
2016-09-09 14:59:36:147  INFO MAPMAIN:main - 加载静态场景	太阳岛	1617
2016-09-09 14:59:36:253  INFO MAPMAIN:main - 加载静态场景	雷霆村	1618
2016-09-09 14:59:36:300  INFO MAPMAIN:main - 加载静态场景	提瑞斯镇	1619
2016-09-09 14:59:36:363  INFO MAPMAIN:main - 加载静态场景	暗矛镇	1620
2016-09-09 14:59:36:410  INFO MAPMAIN:main - 加载静态场景	修道院	1621
2016-09-09 14:59:36:441  INFO MAPMAIN:main - 加载静态场景	永夜林地	1622
2016-09-09 14:59:36:582  INFO MAPMAIN:main - 加载静态场景	溶洞二层	1624
2016-09-09 14:59:36:675  INFO MAPMAIN:main - 加载静态场景	溶洞三层	1625
2016-09-09 14:59:36:769  INFO MAPMAIN:main - 加载静态场景	废矿一层	1626
2016-09-09 14:59:36:847  INFO MAPMAIN:main - 加载静态场景	废矿二层	1627
2016-09-09 14:59:36:925  INFO MAPMAIN:main - 加载静态场景	废矿三层	1628
2016-09-09 14:59:37:050  INFO MAPMAIN:main - 加载静态场景	银堡一层	1629
2016-09-09 14:59:37:129  INFO MAPMAIN:main - 加载静态场景	银堡二层	1630
2016-09-09 14:59:37:222  INFO MAPMAIN:main - 加载静态场景	银堡三层	1631
2016-09-09 14:59:37:277  INFO MAPMAIN:main - 加载静态场景	学院二层	1632
2016-09-09 14:59:37:340  INFO MAPMAIN:main - 加载静态场景	学院三层	1633
2016-09-09 14:59:37:480  INFO MAPMAIN:main - 加载静态场景	教堂一层	1634
2016-09-09 14:59:37:511  INFO MAPMAIN:main - 加载静态场景	教堂二层	1635
2016-09-09 14:59:37:574  INFO MAPMAIN:main - 加载静态场景	教堂三层	1636
2016-09-09 14:59:37:621  INFO MAPMAIN:main - 加载静态场景	埋股圣地二层	1637
2016-09-09 14:59:37:668  INFO MAPMAIN:main - 加载静态场景	埋股圣地三层	1638
2016-09-09 14:59:37:715  INFO MAPMAIN:main - 加载静态场景	遗迹一层	1639
2016-09-09 14:59:37:761  INFO MAPMAIN:main - 加载静态场景	遗迹二层	1640
2016-09-09 14:59:37:793  INFO MAPMAIN:main - 加载静态场景	遗迹三层	1641
2016-09-09 14:59:37:808  INFO MAPMAIN:main - 加载静态场景	祭坛二层	1642
2016-09-09 14:59:37:840  INFO MAPMAIN:main - 加载静态场景	祭坛三层	1643
2016-09-09 14:59:37:902  INFO MAPMAIN:main - 加载静态场景	深渊一层	1644
2016-09-09 14:59:37:965  INFO MAPMAIN:main - 加载静态场景	深渊二层	1645
2016-09-09 14:59:38:012  INFO MAPMAIN:main - 加载静态场景	深渊三层	1646
2016-09-09 14:59:38:689  INFO MAPMAIN:main - 加载静态场景	雾都一层	1647
2016-09-09 14:59:38:727  INFO MAPMAIN:main - 加载静态场景	雾都二层	1648
2016-09-09 14:59:38:759  INFO MAPMAIN:main - 加载静态场景	雾都三层	1649
2016-09-09 14:59:38:774  INFO MAPMAIN:main - 加载静态场景	灵界	1650
2016-09-09 14:59:38:837  INFO MAPMAIN:main - 加载静态场景	时之夹缝	1651
2016-09-09 14:59:38:899  INFO MAPMAIN:main - 加载静态场景	敦霍尔德	1652
2016-09-09 14:59:38:930  INFO MAPMAIN:main - 加载静态场景	地下竞技场	1653
2016-09-09 14:59:39:009  INFO MAPMAIN:main - 加载静态场景	紫罗兰（十年前）	1654
2016-09-09 14:59:39:040  INFO MAPMAIN:main - 加载静态场景	创物梦境	1655
2016-09-09 14:59:39:055  INFO MAPMAIN:main - 加载静态场景	精英组	1656
2016-09-09 14:59:39:087  INFO MAPMAIN:main - 加载静态场景	神威组	1657
2016-09-09 14:59:39:102  INFO MAPMAIN:main - 加载静态场景	王者组	1658
2016-09-09 14:59:39:118  INFO MAPMAIN:main - 加载静态场景	精英组	1659
2016-09-09 14:59:39:149  INFO MAPMAIN:main - 加载静态场景	神威组	1660
2016-09-09 14:59:39:180  INFO MAPMAIN:main - 加载静态场景	王者组	1661
2016-09-09 14:59:39:243  INFO MAPMAIN:main - 加载静态场景	死亡矿井	1662
2016-09-09 14:59:39:321  INFO MAPMAIN:main - 加载静态场景	银堡	1671
2016-09-09 14:59:39:352  INFO MAPMAIN:main - 加载静态场景	银堡地下室	1672
2016-09-09 14:59:39:399  INFO MAPMAIN:main - 加载静态场景	锡拉岛	1673
2016-09-09 14:59:39:430  INFO MAPMAIN:main - 加载静态场景	蓝龙之穴	1674
2016-09-09 14:59:39:462  INFO MAPMAIN:main - 加载静态场景	圣光大教堂	1675
2016-09-09 14:59:39:477  INFO MAPMAIN:main - 加载静态场景	溶洞	1676
2016-09-09 14:59:39:524  INFO MAPMAIN:main - 加载静态场景	黑铁深渊	1677
2016-09-09 14:59:39:524  INFO MAPMAIN:main - 加载静态场景	瘟疫废墟	1678
2016-09-09 14:59:39:540  INFO MAPMAIN:main - 加载静态场景	卡达隆	1679
2016-09-09 14:59:39:587  INFO MAPMAIN:main - 加载静态场景	雾都	1680
2016-09-09 14:59:39:634  INFO MAPMAIN:main - 加载静态场景	忏悔岭	1681
2016-09-09 14:59:39:680  INFO MAPMAIN:main - 加载静态场景	赫斯格林	1682
2016-09-09 14:59:39:712  INFO MAPMAIN:main - 加载静态场景	十字军圣殿	1683
2016-09-09 14:59:39:821  INFO MAPMAIN:main - 加载静态场景	密室	1684
2016-09-09 14:59:39:962  INFO MAPMAIN:main - 加载静态场景	圣光大教堂	1685
2016-09-09 14:59:40:024  INFO MAPMAIN:main - 加载静态场景	通灵要塞	1686
2016-09-09 14:59:40:071  INFO MAPMAIN:main - 加载静态场景	乱风峭壁	1687
2016-09-09 14:59:40:102  INFO MAPMAIN:main - 加载静态场景	地窖	1688
2016-09-09 14:59:40:180  INFO MAPMAIN:main - 加载静态场景	紫罗兰	1689
2016-09-09 14:59:40:227  INFO MAPMAIN:main - 加载静态场景	摩萨德	1690
2016-09-09 14:59:40:243  INFO MAPMAIN:main - 加载静态场景	血蹄村	1691
2016-09-09 14:59:40:274  INFO MAPMAIN:main - 加载静态场景	遗忘之城	1692
2016-09-09 14:59:40:337  INFO MAPMAIN:main - 加载静态场景	微风平原	1693
2016-09-09 14:59:40:368  INFO MAPMAIN:main - 加载静态场景	加纳多尔	1694
2016-09-09 14:59:40:415  INFO MAPMAIN:main - 加载静态场景	槌谷	1695
2016-09-09 14:59:40:477  INFO MAPMAIN:main - 加载静态场景	艾森威尔	1696
2016-09-09 14:59:40:493  INFO MAPMAIN:main - 加载静态场景	巨石山脊	1697
2016-09-09 14:59:40:509  INFO MAPMAIN:main - 加载静态场景	戮魔谷	1698
2016-09-09 14:59:40:571  INFO MAPMAIN:main - 加载静态场景	雷毛普通场	1699
2016-09-09 14:59:40:602  INFO MAPMAIN:main - 加载静态场景	双狼普通场	1700
2016-09-09 14:59:40:649  INFO MAPMAIN:main - 加载静态场景	雷毛普通场	1701
2016-09-09 14:59:40:696  INFO MAPMAIN:main - 加载静态场景	双狼普通场	1702
2016-09-09 14:59:40:727  INFO MAPMAIN:main - 加载静态场景	雷毛普通场	1703
2016-09-09 14:59:40:748  INFO MAPMAIN:main - 加载静态场景	双狼普通场	1704
2016-09-09 14:59:40:779  INFO MAPMAIN:main - 加载静态场景	雷毛优胜场	1705
2016-09-09 14:59:40:826  INFO MAPMAIN:main - 加载静态场景	双狼优胜场	1706
2016-09-09 14:59:40:858  INFO MAPMAIN:main - 加载静态场景	雷毛优胜场	1707
2016-09-09 14:59:40:889  INFO MAPMAIN:main - 加载静态场景	双狼优胜场	1708
2016-09-09 14:59:40:920  INFO MAPMAIN:main - 加载静态场景	雷毛优胜场	1709
2016-09-09 14:59:40:936  INFO MAPMAIN:main - 加载静态场景	双狼优胜场	1710
2016-09-09 14:59:40:983  INFO MAPMAIN:main - 加载动态地图模板	公会战
2016-09-09 14:59:41:029  INFO MAPMAIN:main - 加载静态场景	熊猫人场景	1712
2016-09-09 14:59:41:061  INFO MAPMAIN:main - 加载动态地图模板	巨魔之都
2016-09-09 14:59:41:076  INFO MAPMAIN:main - 加载动态地图模板	巨魔之都
2016-09-09 14:59:41:092  INFO MAPMAIN:main - 加载动态地图模板	诅咒之塔
2016-09-09 14:59:41:108  INFO MAPMAIN:main - 加载动态地图模板	诅咒之塔
2016-09-09 14:59:41:139  INFO MAPMAIN:main - 加载动态地图模板	组队副本预留
2016-09-09 14:59:41:154  INFO MAPMAIN:main - 加载动态地图模板	组队副本预留
2016-09-09 14:59:41:186  INFO MAPMAIN:main - 加载动态地图模板	组队副本预留
2016-09-09 14:59:41:808  INFO MAPMAIN:main - 加载动态地图模板	组队副本预留
2016-09-09 14:59:41:866  INFO MAPMAIN:main - 加载动态地图模板	组队副本预留
2016-09-09 14:59:41:890  INFO MAPMAIN:main - 加载动态地图模板	组队副本预留
2016-09-09 14:59:41:922  INFO MAPMAIN:main - 加载动态地图模板	组队副本预留
2016-09-09 14:59:41:937  INFO MAPMAIN:main - 加载动态地图模板	组队副本预留
2016-09-09 14:59:41:984  INFO MAPMAIN:main - 加载静态场景	冰封王座	1821
2016-09-09 14:59:42:047  INFO MAPMAIN:main - 加载静态场景	冰封王座	1822
2016-09-09 14:59:42:078  INFO MAPMAIN:main - 加载静态场景	冰封王座	1823
2016-09-09 14:59:42:109  INFO MAPMAIN:main - 加载静态场景	冰封王座	1824
2016-09-09 14:59:42:140  INFO MAPMAIN:main - 加载静态场景	冰封王座	1825
2016-09-09 14:59:42:187  INFO MAPMAIN:main - 加载静态场景	冰封王座	1826
2016-09-09 14:59:42:219  INFO MAPMAIN:main - 加载静态场景	冰封王座	1827
2016-09-09 14:59:42:234  INFO MAPMAIN:main - 加载静态场景	冰封王座	1828
2016-09-09 14:59:42:265  INFO MAPMAIN:main - 加载静态场景	冰封王座	1829
2016-09-09 14:59:42:297  INFO MAPMAIN:main - 加载静态场景	冰封王座	1830
2016-09-09 14:59:42:328  INFO MAPMAIN:main - 加载静态场景	冰封王座	1831
2016-09-09 14:59:42:344  INFO MAPMAIN:main - 加载静态场景	冰封王座	1832
2016-09-09 14:59:42:375  INFO MAPMAIN:main - 加载静态场景	冰封王座	1833
2016-09-09 14:59:42:406  INFO MAPMAIN:main - 加载静态场景	冰封王座	1834
2016-09-09 14:59:42:453  INFO MAPMAIN:main - 加载静态场景	冰封王座	1835
2016-09-09 14:59:42:484  INFO MAPMAIN:main - 加载静态场景	冰封王座	1836
2016-09-09 14:59:42:515  INFO MAPMAIN:main - 加载静态场景	冰封王座	1837
2016-09-09 14:59:42:531  INFO MAPMAIN:main - 加载静态场景	冰封王座	1838
2016-09-09 14:59:42:578  INFO MAPMAIN:main - 加载静态场景	冰封王座	1839
2016-09-09 14:59:42:703  INFO MAPMAIN:main - 加载动态地图模板	融核之心1层
2016-09-09 14:59:42:797  INFO MAPMAIN:main - 加载动态地图模板	融核之心2层
2016-09-09 14:59:42:828  INFO MAPMAIN:main - 加载动态地图模板	融核之心3层
2016-09-09 14:59:42:860  INFO MAPMAIN:main - 加载动态地图模板	融核之心4层
2016-09-09 14:59:42:907  INFO MAPMAIN:main - 加载动态地图模板	融核之心5层
2016-09-09 14:59:42:954  INFO MAPMAIN:main - 加载动态地图模板	融核之心6层
2016-09-09 14:59:42:985  INFO MAPMAIN:main - 加载动态地图模板	融核之心7层
2016-09-09 14:59:43:017  INFO MAPMAIN:main - 加载动态地图模板	融核之心8层
2016-09-09 14:59:43:048  INFO MAPMAIN:main - 加载动态地图模板	融核之心9层
2016-09-09 14:59:43:079  INFO MAPMAIN:main - 加载动态地图模板	融核之心10层
2016-09-09 14:59:43:111  INFO MAPMAIN:main - 加载动态地图模板	黑龙巢穴1层
2016-09-09 14:59:43:142  INFO MAPMAIN:main - 加载动态地图模板	黑龙巢穴2层
2016-09-09 14:59:43:173  INFO MAPMAIN:main - 加载动态地图模板	黑龙巢穴3层
2016-09-09 14:59:43:220  INFO MAPMAIN:main - 加载动态地图模板	黑龙巢穴4层
2016-09-09 14:59:43:251  INFO MAPMAIN:main - 加载动态地图模板	黑龙巢穴5层
2016-09-09 14:59:44:103  INFO MAPMAIN:main - 加载动态地图模板	黑龙巢穴6层
2016-09-09 14:59:44:133  INFO MAPMAIN:main - 加载动态地图模板	黑龙巢穴7层
2016-09-09 14:59:44:159  INFO MAPMAIN:main - 加载动态地图模板	黑龙巢穴8层
2016-09-09 14:59:44:175  INFO MAPMAIN:main - 加载动态地图模板	黑龙巢穴9层
2016-09-09 14:59:44:222  INFO MAPMAIN:main - 加载动态地图模板	黑龙巢穴10层
2016-09-09 14:59:44:315  INFO MAPMAIN:main - 加载动态地图模板	双子神庙1层
2016-09-09 14:59:44:378  INFO MAPMAIN:main - 加载动态地图模板	双子神庙2层
2016-09-09 14:59:44:425  INFO MAPMAIN:main - 加载动态地图模板	双子神庙3层
2016-09-09 14:59:44:456  INFO MAPMAIN:main - 加载动态地图模板	双子神庙4层
2016-09-09 14:59:44:519  INFO MAPMAIN:main - 加载动态地图模板	双子神庙5层
2016-09-09 14:59:44:581  INFO MAPMAIN:main - 加载动态地图模板	双子神庙6层
2016-09-09 14:59:44:628  INFO MAPMAIN:main - 加载动态地图模板	双子神庙7层
2016-09-09 14:59:44:806  INFO MAPMAIN:main - 加载动态地图模板	双子神庙8层
2016-09-09 14:59:44:871  INFO MAPMAIN:main - 加载动态地图模板	双子神庙9层
2016-09-09 14:59:44:934  INFO MAPMAIN:main - 加载动态地图模板	双子神庙10层
2016-09-09 14:59:44:981  INFO MAPMAIN:main - 加载动态地图模板	刀锋之巢1层
2016-09-09 14:59:45:027  INFO MAPMAIN:main - 加载动态地图模板	刀锋之巢2层
2016-09-09 14:59:45:059  INFO MAPMAIN:main - 加载动态地图模板	刀锋之巢3层
2016-09-09 14:59:45:090  INFO MAPMAIN:main - 加载动态地图模板	刀锋之巢4层
2016-09-09 14:59:45:121  INFO MAPMAIN:main - 加载动态地图模板	刀锋之巢5层
2016-09-09 14:59:45:152  INFO MAPMAIN:main - 加载动态地图模板	刀锋之巢6层
2016-09-09 14:59:45:183  INFO MAPMAIN:main - 加载动态地图模板	刀锋之巢7层
2016-09-09 14:59:45:214  INFO MAPMAIN:main - 加载动态地图模板	刀锋之巢8层
2016-09-09 14:59:45:245  INFO MAPMAIN:main - 加载动态地图模板	刀锋之巢9层
2016-09-09 14:59:45:261  INFO MAPMAIN:main - 加载动态地图模板	刀锋之巢10层
2016-09-09 14:59:45:308  INFO MAPMAIN:main - 加载动态地图模板	溶洞
2016-09-09 14:59:45:339  INFO MAPMAIN:main - 加载动态地图模板	废矿
2016-09-09 14:59:45:386  INFO MAPMAIN:main - 加载动态地图模板	银堡
2016-09-09 14:59:45:417  INFO MAPMAIN:main - 加载动态地图模板	荒泽
2016-09-09 14:59:45:449  INFO MAPMAIN:main - 加载动态地图模板	教堂
2016-09-09 14:59:45:480  INFO MAPMAIN:main - 加载动态地图模板	埋骨圣地
2016-09-09 14:59:45:542  INFO MAPMAIN:main - 加载动态地图模板	遗迹
2016-09-09 14:59:45:574  INFO MAPMAIN:main - 加载动态地图模板	祭坛
2016-09-09 14:59:45:605  INFO MAPMAIN:main - 加载动态地图模板	深渊
2016-09-09 14:59:45:636  INFO MAPMAIN:main - 加载动态地图模板	雾都
2016-09-09 14:59:45:792  INFO MAPMAIN:main - 加载动态地图模板	异度学院
2016-09-09 14:59:45:824  INFO MAPMAIN:main - 加载动态地图模板	邪兽堡垒
2016-09-09 14:59:45:839  INFO MAPMAIN:main - 加载动态地图模板	背叛之手
2016-09-09 14:59:45:870  INFO MAPMAIN:main - 加载动态地图模板	娜迦之谋
2016-09-09 14:59:45:886  INFO MAPMAIN:main - 加载动态地图模板	悲伤墓地
2016-09-09 14:59:45:902  INFO MAPMAIN:main - 加载动态地图模板	纳鲁之城
2016-09-09 14:59:45:933  INFO MAPMAIN:main - 加载动态地图模板	死亡之歌
2016-09-09 14:59:45:949  INFO MAPMAIN:main - 加载动态地图模板	粉碎阴谋
2016-09-09 14:59:45:980  INFO MAPMAIN:main - 加载动态地图模板	时空之路
2016-09-09 14:59:46:011  INFO MAPMAIN:main - 加载动态地图模板	英雄平台
2016-09-09 14:59:46:027  INFO MAPMAIN:main - 加载静态场景	测试	1999
2016-09-09 14:59:47:413  INFO MAPMAIN:main - 加载静态场景	测试1	2000
2016-09-09 14:59:47:431  INFO MAPMAIN:main - 加载静态场景	测试2	2001
2016-09-09 14:59:47:447  INFO MAPMAIN:main - 加载静态场景	长眠圣殿	2100
2016-09-09 14:59:47:463  INFO MAPMAIN:main - 加载静态场景	伦巴洞窟	2101
2016-09-09 14:59:47:509  INFO MAPMAIN:main - 加载静态场景	监牢	2102
2016-09-09 14:59:47:572  INFO MAPMAIN:main - 加载静态场景	菲沃德森林	2103
2016-09-09 14:59:47:619  INFO MAPMAIN:main - 加载静态场景	海吉山	2104
2016-09-09 14:59:47:650  INFO MAPMAIN:main - 加载静态场景	破碎岛	2105
2016-09-09 14:59:47:681  INFO MAPMAIN:main - 加载静态场景	墓穴门口	2106
2016-09-09 14:59:47:681  INFO MAPMAIN:main - 加载静态场景	掠夺者遗迹	2107
2016-09-09 14:59:47:728  INFO MAPMAIN:main - 加载静态场景	魔王墓穴	2108
2016-09-09 14:59:47:759  INFO MAPMAIN:main - 加载静态场景	洛达仑废墟	2109
2016-09-09 14:59:47:791  INFO MAPMAIN:main - 加载静态场景	冰冠堡垒	2110
2016-09-09 14:59:47:838  INFO MAPMAIN:main - 加载静态场景	埋骨圣地	2111
2016-09-09 14:59:47:884  INFO MAPMAIN:main - 加载静态场景	黑铁深渊	2112
2016-09-09 14:59:48:041  INFO MAPMAIN:main - 加载静态场景	哀嚎洞穴	2113
2016-09-09 14:59:48:072  INFO MAPMAIN:main - 加载静态场景	寒风平原	2114
2016-09-09 14:59:48:119  INFO MAPMAIN:main - 加载静态场景	嚎风峡谷	2115
2016-09-09 14:59:48:150  INFO MAPMAIN:main - 加载静态场景	龙眠圣地	2116
2016-09-09 14:59:48:166  INFO MAPMAIN:main - 加载静态场景	融核之心	2200
2016-09-09 14:59:48:166  INFO MAPMAIN:main - map模块初始化完成
2016-09-09 14:59:48:291  INFO MAPMAIN:main - load npc walk ai info start
2016-09-09 14:59:48:322  INFO MAPMAIN:main - load npc walk ai info end
2016-09-09 14:59:49:836  INFO MAPMAIN:main - npc模块初始化开始
2016-09-09 14:59:49:851  INFO MAPMAIN:main - NPC服务配置表加载完毕。一共载入服务NPC651个
2016-09-09 14:59:49:851  INFO MAPMAIN:main - NPC服务描述表加载完毕。一共载入服务 646条
2016-09-09 14:59:49:851  INFO MAPMAIN:main - NPC服务映射表加载完毕。一共载入服务映射126条
2016-09-09 14:59:50:101  INFO MAPMAIN:main - NPC买卖物品表加载完毕。一共加载NPC11个
2016-09-09 14:59:50:257  INFO MAPMAIN:main - npc模块初始化完成
