2016-09-08 17:00:26:549  INFO SYSTEM:mkdb.Worker.scheduled.51 - gametime update.curGameTime:11gametime:0
2016-09-08 17:02:56:550  INFO SYSTEM:mkdb.Worker.scheduled.24 - gametime update.curGameTime:0gametime:1
2016-09-08 17:05:26:557  INFO SYSTEM:mkdb.Worker.scheduled.21 - gametime update.curGameTime:1gametime:2
2016-09-08 17:07:56:545  INFO SYSTEM:mkdb.Worker.scheduled.24 - gametime update.curGameTime:2gametime:3
2016-09-08 17:10:26:551  INFO SYSTEM:mkdb.Worker.scheduled.24 - gametime update.curGameTime:3gametime:4
2016-09-08 17:12:56:544  INFO SYSTEM:mkdb.Worker.scheduled.24 - gametime update.curGameTime:4gametime:5
2016-09-08 17:15:26:558  INFO SYSTEM:mkdb.Worker.scheduled.53 - gametime update.curGameTime:5gametime:6
2016-09-09 14:45:51:261  INFO SYSTEM:main - SERVER STARTING...
2016-09-09 14:45:51:404  INFO SYSTEM:main - register bean name=fire.pb.activity.ActivityConfNew
2016-09-09 14:45:51:419  INFO SYSTEM:main - register bean name=fire.pb.activity.ActivityConfNew4D
2016-09-09 14:45:51:466  INFO SYSTEM:main - register bean name=fire.pb.activity.SFestivalConf
2016-09-09 14:45:51:466  INFO SYSTEM:main - register bean name=fire.pb.activity.SFestivalConf4D
2016-09-09 14:45:51:576  INFO SYSTEM:main - register bean name=fire.pb.battle.SAIAction
2016-09-09 14:45:51:638  INFO SYSTEM:main - register bean name=fire.pb.battle.SBattleAI
2016-09-09 14:45:51:951  INFO SYSTEM:main - register bean name=fire.pb.battle.SBattleInfo
2016-09-09 14:45:51:951  INFO SYSTEM:main - register bean name=fire.pb.battle.SBattleMonsterConfig
2016-09-09 14:45:51:966  INFO SYSTEM:main - register bean name=fire.pb.battle.SCatchRate
2016-09-09 14:45:51:998  INFO SYSTEM:main - register bean name=fire.pb.battle.SCondition
2016-09-09 14:45:52:013  INFO SYSTEM:main - register bean name=fire.pb.battle.SEffectPostions
2016-09-09 14:45:52:044  INFO SYSTEM:main - register bean name=fire.pb.battle.SFormationConfig
2016-09-09 14:45:52:060  INFO SYSTEM:main - register bean name=fire.pb.battle.SRoleFighteAI
2016-09-09 14:45:52:076  INFO SYSTEM:main - register bean name=fire.pb.battle.STargetFilter
2016-09-09 14:45:52:091  INFO SYSTEM:main - register bean name=fire.pb.buff.SBuffClashs
2016-09-09 14:45:52:123  INFO SYSTEM:main - register bean name=fire.pb.buff.SCBuffConfig
2016-09-09 14:45:52:123  INFO SYSTEM:main - register bean name=fire.pb.buff.SIBuffConfig
2016-09-09 14:45:52:232  INFO SYSTEM:main - register bean name=fire.pb.circletask.AnYeMaXiTuanConf
2016-09-09 14:45:52:232  INFO SYSTEM:main - register bean name=fire.pb.circletask.CircleTaskAutoAccept
2016-09-09 14:45:52:248  INFO SYSTEM:main - register bean name=fire.pb.circletask.CircTask
2016-09-09 14:45:52:263  INFO SYSTEM:main - register bean name=fire.pb.circletask.CircTaskChallengeNpc
2016-09-09 14:45:52:269  INFO SYSTEM:main - register bean name=fire.pb.circletask.CircTaskConf
2016-09-09 14:45:52:284  INFO SYSTEM:main - register bean name=fire.pb.circletask.CircTaskItemCollect
2016-09-09 14:45:52:300  INFO SYSTEM:main - register bean name=fire.pb.circletask.CircTaskItemFind
2016-09-09 14:45:52:300  INFO SYSTEM:main - register bean name=fire.pb.circletask.CircTaskItemFindLegend
2016-09-09 14:45:52:316  INFO SYSTEM:main - register bean name=fire.pb.circletask.CircTaskItemUse
2016-09-09 14:45:52:316  INFO SYSTEM:main - register bean name=fire.pb.circletask.CircTaskKillMonster
2016-09-09 14:45:52:331  INFO SYSTEM:main - register bean name=fire.pb.circletask.CircTaskMailNpc
2016-09-09 14:45:52:331  INFO SYSTEM:main - register bean name=fire.pb.circletask.CircTaskPatrol
2016-09-09 14:45:52:347  INFO SYSTEM:main - register bean name=fire.pb.circletask.CircTaskPetCatch
2016-09-09 14:45:52:347  INFO SYSTEM:main - register bean name=fire.pb.circletask.DemonstrateDefaultMonster
2016-09-09 14:45:52:363  INFO SYSTEM:main - register bean name=fire.pb.circletask.PVPAwardConfig
2016-09-09 14:45:52:363  INFO SYSTEM:main - register bean name=fire.pb.circletask.PVPMatchTimeConfig
2016-09-09 14:45:52:363  INFO SYSTEM:main - register bean name=fire.pb.circletask.PVPScoreAwardConfig
2016-09-09 14:45:52:378  INFO SYSTEM:main - register bean name=fire.pb.circletask.Random4AnYeMaXiTuan
2016-09-09 14:45:52:378  INFO SYSTEM:main - register bean name=fire.pb.circletask.RenXingCircTaskCost
2016-09-09 14:45:52:394  INFO SYSTEM:main - register bean name=fire.pb.circletask.SCircTaskMonsterConfig
2016-09-09 14:45:52:394  INFO SYSTEM:main - register bean name=fire.pb.circletask.SPVP1MapConfig
2016-09-09 14:45:52:394  INFO SYSTEM:main - register bean name=fire.pb.circletask.SPVP3MapConfig
2016-09-09 14:45:52:409  INFO SYSTEM:main - register bean name=fire.pb.circletask.SPVP5MapConfig
2016-09-09 14:45:52:409  INFO SYSTEM:main - register bean name=fire.pb.clan.SClanDrugstore
2016-09-09 14:45:52:425  INFO SYSTEM:main - register bean name=fire.pb.clan.SClanFight
2016-09-09 14:45:52:425  INFO SYSTEM:main - register bean name=fire.pb.clan.SClanGoldBank
2016-09-09 14:45:52:425  INFO SYSTEM:main - register bean name=fire.pb.clan.SClanHotel
2016-09-09 14:45:52:441  INFO SYSTEM:main - register bean name=fire.pb.clan.SClanLobby
2016-09-09 14:45:52:441  INFO SYSTEM:main - register bean name=fire.pb.clan.SClanPosition
2016-09-09 14:45:52:441  INFO SYSTEM:main - register bean name=fire.pb.clan.SClanyaofang
2016-09-09 14:45:52:456  INFO SYSTEM:main - register bean name=fire.pb.clan.SRuneSet
2016-09-09 14:45:52:472  INFO SYSTEM:main - register bean name=fire.pb.common.SCommon
2016-09-09 14:45:52:488  INFO SYSTEM:main - register bean name=fire.pb.effect.SAbilityScore
2016-09-09 14:45:52:488  INFO SYSTEM:main - register bean name=fire.pb.effect.SAttrEffectID2Name
2016-09-09 14:45:52:503  INFO SYSTEM:main - register bean name=fire.pb.effect.SEquipAbilityScore
2016-09-09 14:45:52:503  INFO SYSTEM:main - register bean name=fire.pb.effect.SEquipSkillShowConfig
2016-09-09 14:45:52:519  INFO SYSTEM:main - register bean name=fire.pb.effect.SPetAbilityScore
2016-09-09 14:45:52:519  INFO SYSTEM:main - register bean name=fire.pb.friends.FriendGiveGift
2016-09-09 14:45:52:519  INFO SYSTEM:main - register bean name=fire.pb.friends.FriendGiveItem
2016-09-09 14:45:52:581  INFO SYSTEM:main - register bean name=fire.pb.friends.MyRecruitAwards
2016-09-09 14:45:52:597  INFO SYSTEM:main - register bean name=fire.pb.friends.RecruitAwards
2016-09-09 14:45:52:613  INFO SYSTEM:main - register bean name=fire.pb.friends.SpaceDropGift
2016-09-09 14:45:52:613  INFO SYSTEM:main - register bean name=fire.pb.friends.XshGiveGift
2016-09-09 14:45:52:644  INFO SYSTEM:main - register bean name=fire.pb.fushi.SAddCash
2016-09-09 14:45:52:644  INFO SYSTEM:main - register bean name=fire.pb.fushi.SAddCashPCard
2016-09-09 14:45:52:644  INFO SYSTEM:main - register bean name=fire.pb.fushi.SChargeReturnProfit
2016-09-09 14:45:52:659  INFO SYSTEM:main - register bean name=fire.pb.fushi.SCommonDayPay
2016-09-09 14:45:52:675  INFO SYSTEM:main - register bean name=fire.pb.fushi.SCreditPoint
2016-09-09 14:45:52:675  INFO SYSTEM:main - register bean name=fire.pb.fushi.SFreeDisRewardConfig
2016-09-09 14:45:52:691  INFO SYSTEM:main - register bean name=fire.pb.fushi.SFreeDisRewardConfigDayPay
2016-09-09 14:45:52:691  INFO SYSTEM:main - register bean name=fire.pb.fushi.SMonthCardConfig
2016-09-09 14:45:52:722  INFO SYSTEM:main - register bean name=fire.pb.fushi.SMonthCardConfigDayPay
2016-09-09 14:45:52:722  INFO SYSTEM:main - register bean name=fire.pb.fushi.SRedPackConfig
2016-09-09 14:45:52:722  INFO SYSTEM:main - register bean name=fire.pb.fushi.SSpotCardConfig
2016-09-09 14:45:52:738  INFO SYSTEM:main - register bean name=fire.pb.fushi.SVipInfoConfig
2016-09-09 14:45:52:800  INFO SYSTEM:main - register bean name=fire.pb.game.SActivityAward
2016-09-09 14:45:52:831  INFO SYSTEM:main - register bean name=fire.pb.game.SBindTelAward
2016-09-09 14:45:52:847  INFO SYSTEM:main - register bean name=fire.pb.game.SCrossGlobal
2016-09-09 14:45:52:847  INFO SYSTEM:main - register bean name=fire.pb.game.Sdongtaifuwu
2016-09-09 14:45:52:863  INFO SYSTEM:main - register bean name=fire.pb.game.SFirstPayReward
2016-09-09 14:45:52:863  INFO SYSTEM:main - register bean name=fire.pb.game.SFortuneWheel
2016-09-09 14:45:52:925  INFO SYSTEM:main - register bean name=fire.pb.game.SImperialExamProvinceRepo
2016-09-09 14:45:52:925  INFO SYSTEM:main - register bean name=fire.pb.game.SImperialExamStateRankReward
2016-09-09 14:45:52:988  INFO SYSTEM:main - register bean name=fire.pb.game.SImperialExamStateRepo
2016-09-09 14:45:53:019  INFO SYSTEM:main - register bean name=fire.pb.game.SImperialExamVillageRepo
2016-09-09 14:45:53:034  INFO SYSTEM:main - register bean name=fire.pb.game.Smuldayloginreward
2016-09-09 14:45:53:034  INFO SYSTEM:main - register bean name=fire.pb.game.Snpcjianglifafang
2016-09-09 14:45:53:097  INFO SYSTEM:main - register bean name=fire.pb.game.SPointCardActivityAward
2016-09-09 14:45:53:128  INFO SYSTEM:main - register bean name=fire.pb.game.SPointCardBindTelAward
2016-09-09 14:45:53:128  INFO SYSTEM:main - register bean name=fire.pb.game.SPointCardFirstPayReward
2016-09-09 14:45:53:206  INFO SYSTEM:main - register bean name=fire.pb.game.SPointCardImperialExamProvinceRepo
2016-09-09 14:45:53:284  INFO SYSTEM:main - register bean name=fire.pb.game.SPointCardImperialExamStateRepo
2016-09-09 14:45:53:328  INFO SYSTEM:main - register bean name=fire.pb.game.SPointCardImperialExamVillageRepo
2016-09-09 14:45:53:328  INFO SYSTEM:main - register bean name=fire.pb.game.SPVPCrossWhiteList
2016-09-09 14:45:53:344  INFO SYSTEM:main - register bean name=fire.pb.game.Sregreward
2016-09-09 14:45:53:359  INFO SYSTEM:main - register bean name=fire.pb.game.SRollCardConfig
2016-09-09 14:45:53:359  INFO SYSTEM:main - register bean name=fire.pb.game.SSchoolWheel
2016-09-09 14:45:53:390  INFO SYSTEM:main - register bean name=fire.pb.game.STransferRoleTable
2016-09-09 14:45:53:406  INFO SYSTEM:main - register bean name=fire.pb.game.STransferTable
2016-09-09 14:45:53:406  INFO SYSTEM:main - register bean name=fire.pb.gm.About360XuanShang
2016-09-09 14:45:53:437  INFO SYSTEM:main - register bean name=fire.pb.gm.SGMStandard
2016-09-09 14:45:53:453  INFO SYSTEM:main - register bean name=fire.pb.instance.SBingFengCfg
2016-09-09 14:45:53:453  INFO SYSTEM:main - register bean name=fire.pb.instance.SBingFengJiangLiCfg
2016-09-09 14:45:53:469  INFO SYSTEM:main - register bean name=fire.pb.instance.SBingFengPingJi
2016-09-09 14:45:53:469  INFO SYSTEM:main - register bean name=fire.pb.instance.SInstaceConfig
2016-09-09 14:45:53:484  INFO SYSTEM:main - register bean name=fire.pb.instance.SInstaceEvent
2016-09-09 14:45:53:484  INFO SYSTEM:main - register bean name=fire.pb.instance.SInstaceNpc
2016-09-09 14:45:53:500  INFO SYSTEM:main - register bean name=fire.pb.instance.SInstanceAct
2016-09-09 14:45:53:500  INFO SYSTEM:main - register bean name=fire.pb.instance.SInstanceChildSave
2016-09-09 14:45:53:515  INFO SYSTEM:main - register bean name=fire.pb.instance.SInstanceSave
2016-09-09 14:45:53:515  INFO SYSTEM:main - register bean name=fire.pb.instance.SInstanceService
2016-09-09 14:45:53:515  INFO SYSTEM:main - register bean name=fire.pb.item.BagConfig
2016-09-09 14:45:53:953  INFO SYSTEM:main - register bean name=fire.pb.item.DEquipItemShuXing
2016-09-09 14:45:54:000  INFO SYSTEM:main - register bean name=fire.pb.item.DgemItemShuXing
2016-09-09 14:45:54:094  INFO SYSTEM:main - register bean name=fire.pb.item.DGroceryItemShuXing
2016-09-09 14:45:54:094  INFO SYSTEM:main - register bean name=fire.pb.item.DItemClassConfig
2016-09-09 14:45:54:094  INFO SYSTEM:main - register bean name=fire.pb.item.DItemShuXing
2016-09-09 14:45:54:125  INFO SYSTEM:main - register bean name=fire.pb.item.DPetItemShuXing
2016-09-09 14:45:54:125  INFO SYSTEM:main - register bean name=fire.pb.item.DSEquipHeCheng
2016-09-09 14:45:54:140  INFO SYSTEM:main - register bean name=fire.pb.item.DSEquipLvGemInfo
2016-09-09 14:45:54:156  INFO SYSTEM:main - register bean name=fire.pb.item.DSFoodAndDrugEffect
2016-09-09 14:45:54:172  INFO SYSTEM:main - register bean name=fire.pb.item.DTaskItemShuXing
2016-09-09 14:45:54:562  INFO SYSTEM:main - register bean name=fire.pb.item.EquipItemShuXing
2016-09-09 14:45:54:589  INFO SYSTEM:main - register bean name=fire.pb.item.gemItemShuXing
2016-09-09 14:45:54:651  INFO SYSTEM:main - register bean name=fire.pb.item.GroceryItemShuXing
2016-09-09 14:45:54:667  INFO SYSTEM:main - register bean name=fire.pb.item.ItemClassConfig
2016-09-09 14:45:54:667  INFO SYSTEM:main - register bean name=fire.pb.item.ItemNameClassConfig
2016-09-09 14:45:54:667  INFO SYSTEM:main - register bean name=fire.pb.item.ItemShuXing
2016-09-09 14:45:54:683  INFO SYSTEM:main - register bean name=fire.pb.item.PetItemShuXing
2016-09-09 14:45:54:698  INFO SYSTEM:main - register bean name=fire.pb.item.QualityFormula
2016-09-09 14:45:54:698  INFO SYSTEM:main - register bean name=fire.pb.item.Sanquan
2016-09-09 14:45:54:698  INFO SYSTEM:main - register bean name=fire.pb.item.SBaoShiBiao
2016-09-09 14:45:54:714  INFO SYSTEM:main - register bean name=fire.pb.item.SBattleUseItem
2016-09-09 14:45:54:714  INFO SYSTEM:main - register bean name=fire.pb.item.SCanntInChangKu
2016-09-09 14:45:54:714  INFO SYSTEM:main - register bean name=fire.pb.item.SChangKuExt
2016-09-09 14:45:54:761  INFO SYSTEM:main - register bean name=fire.pb.item.SDianKaLibaoConfig
2016-09-09 14:45:54:792  INFO SYSTEM:main - register bean name=fire.pb.item.SDirectUseItem
2016-09-09 14:45:54:823  INFO SYSTEM:main - register bean name=fire.pb.item.SEquipAddattributelib
2016-09-09 14:45:54:855  INFO SYSTEM:main - register bean name=fire.pb.item.SEquipAddattributerandomlib
2016-09-09 14:45:54:886  INFO SYSTEM:main - register bean name=fire.pb.item.SEquipHeCheng
2016-09-09 14:45:55:120  INFO SYSTEM:main - register bean name=fire.pb.item.SEquipIteminfo
2016-09-09 14:45:55:120  INFO SYSTEM:main - register bean name=fire.pb.item.SEquipLvGemInfo
2016-09-09 14:45:55:167  INFO SYSTEM:main - register bean name=fire.pb.item.SEquipMakeInfo
2016-09-09 14:45:55:167  INFO SYSTEM:main - register bean name=fire.pb.item.SEquipNaiJiuXiaoHao
2016-09-09 14:45:55:183  INFO SYSTEM:main - register bean name=fire.pb.item.SFoodAndDrugEffect
2016-09-09 14:45:55:198  INFO SYSTEM:main - register bean name=fire.pb.item.SItemBuff
2016-09-09 14:45:55:198  INFO SYSTEM:main - register bean name=fire.pb.item.SItemToDbPoint
2016-09-09 14:45:55:214  INFO SYSTEM:main - register bean name=fire.pb.item.SItemToHuoban
2016-09-09 14:45:55:245  INFO SYSTEM:main - register bean name=fire.pb.item.SItemToItem
2016-09-09 14:45:55:261  INFO SYSTEM:main - register bean name=fire.pb.item.SItemToPet
2016-09-09 14:45:55:261  INFO SYSTEM:main - register bean name=fire.pb.item.SItemUseTime
2016-09-09 14:45:55:308  INFO SYSTEM:main - register bean name=fire.pb.item.SLibaoConfig
2016-09-09 14:45:55:308  INFO SYSTEM:main - register bean name=fire.pb.item.SParkExtTable
2016-09-09 14:45:55:323  INFO SYSTEM:main - register bean name=fire.pb.item.SPetSkillSuccessConfig
2016-09-09 14:45:55:323  INFO SYSTEM:main - register bean name=fire.pb.item.SProduceItem
2016-09-09 14:45:55:323  INFO SYSTEM:main - register bean name=fire.pb.item.SRankListNumConfig
2016-09-09 14:45:55:339  INFO SYSTEM:main - register bean name=fire.pb.item.STimeReturn
2016-09-09 14:45:55:339  INFO SYSTEM:main - register bean name=fire.pb.item.STimingReward
2016-09-09 14:45:55:339  INFO SYSTEM:main - register bean name=fire.pb.item.STransformationConfig
2016-09-09 14:45:55:339  INFO SYSTEM:main - register bean name=fire.pb.item.STransformationEffectConfig
2016-09-09 14:45:55:355  INFO SYSTEM:main - register bean name=fire.pb.item.TaskItemShuXing
2016-09-09 14:45:55:355  INFO SYSTEM:main - register bean name=fire.pb.login.SCompensationConfig
2016-09-09 14:45:55:370  INFO SYSTEM:main - register bean name=fire.pb.main.HotfixConfig
2016-09-09 14:45:55:370  INFO SYSTEM:main - register bean name=fire.pb.main.HotfixXml2ModuleConfig
2016-09-09 14:45:55:370  INFO SYSTEM:main - register bean name=fire.pb.main.JumpQueueUser
2016-09-09 14:45:55:370  INFO SYSTEM:main - register bean name=fire.pb.main.LoginLimit
2016-09-09 14:45:55:386  INFO SYSTEM:main - register bean name=fire.pb.main.LoginQueueUp
2016-09-09 14:45:55:386  INFO SYSTEM:main - register bean name=fire.pb.main.ModuleInfo
2016-09-09 14:45:55:417  INFO SYSTEM:main - register bean name=fire.pb.map.MapConfig
2016-09-09 14:45:55:448  INFO SYSTEM:main - register bean name=fire.pb.map.SActivityAwardItems
2016-09-09 14:45:55:464  INFO SYSTEM:main - register bean name=fire.pb.map.SEventTimerNpc
2016-09-09 14:45:55:480  INFO SYSTEM:main - register bean name=fire.pb.map.SEventTimerNpcDianKa
2016-09-09 14:45:55:480  INFO SYSTEM:main - register bean name=fire.pb.map.SFindTreasureEvent
2016-09-09 14:45:55:480  INFO SYSTEM:main - register bean name=fire.pb.map.SFindTreasureEventDianKa
2016-09-09 14:45:55:495  INFO SYSTEM:main - register bean name=fire.pb.map.SFindTreasureGift
2016-09-09 14:45:55:495  INFO SYSTEM:main - register bean name=fire.pb.map.SFindTreasureGiftDianKa
2016-09-09 14:45:55:511  INFO SYSTEM:main - register bean name=fire.pb.map.SFindTreasureResult
2016-09-09 14:45:55:511  INFO SYSTEM:main - register bean name=fire.pb.map.SFindTreasureResultDianKa
2016-09-09 14:45:55:526  INFO SYSTEM:main - register bean name=fire.pb.map.SItemToPos
2016-09-09 14:45:55:542  INFO SYSTEM:main - register bean name=fire.pb.map.SMineArea
2016-09-09 14:45:55:542  INFO SYSTEM:main - register bean name=fire.pb.map.SShowAreainfo
2016-09-09 14:45:55:542  INFO SYSTEM:main - register bean name=fire.pb.map.SWorldMapConfig
2016-09-09 14:45:55:542  INFO SYSTEM:main - register bean name=fire.pb.message.SStringRes
2016-09-09 14:45:55:558  INFO SYSTEM:main - register bean name=fire.pb.mission.SActiveChestConfig
2016-09-09 14:45:55:573  INFO SYSTEM:main - register bean name=fire.pb.mission.SActiveChestConfig4D
2016-09-09 14:45:55:580  INFO SYSTEM:main - register bean name=fire.pb.mission.SActivityQuestion
2016-09-09 14:45:55:580  INFO SYSTEM:main - register bean name=fire.pb.mission.SAllTaskLine
2016-09-09 14:45:55:596  INFO SYSTEM:main - register bean name=fire.pb.mission.Sbukefangqirenwu
2016-09-09 14:45:55:596  INFO SYSTEM:main - register bean name=fire.pb.mission.SGuideCourse
2016-09-09 14:45:55:611  INFO SYSTEM:main - register bean name=fire.pb.mission.SGuideCourseDianKa
2016-09-09 14:45:55:627  INFO SYSTEM:main - register bean name=fire.pb.mission.SLandFightConfig
2016-09-09 14:45:55:627  INFO SYSTEM:main - register bean name=fire.pb.mission.SLandPingJi
2016-09-09 14:45:55:627  INFO SYSTEM:main - register bean name=fire.pb.mission.SLandTask
2016-09-09 14:45:55:643  INFO SYSTEM:main - register bean name=fire.pb.mission.SLandTaskConfig
2016-09-09 14:45:55:643  INFO SYSTEM:main - register bean name=fire.pb.mission.SLinepingji
2016-09-09 14:45:55:658  INFO SYSTEM:main - register bean name=fire.pb.mission.SLineTask
2016-09-09 14:45:55:658  INFO SYSTEM:main - register bean name=fire.pb.mission.SLineTaskConfig
2016-09-09 14:45:55:674  INFO SYSTEM:main - register bean name=fire.pb.mission.SLineTaskFight
2016-09-09 14:45:55:814  INFO SYSTEM:main - register bean name=fire.pb.mission.SMissionData
2016-09-09 14:45:55:830  INFO SYSTEM:main - register bean name=fire.pb.mission.SNewFunctionOpen
2016-09-09 14:45:55:830  INFO SYSTEM:main - register bean name=fire.pb.mission.SQuestCanAcceptList
2016-09-09 14:45:55:830  INFO SYSTEM:main - register bean name=fire.pb.mission.SQuestCanAcceptListDianKa
2016-09-09 14:45:55:846  INFO SYSTEM:main - register bean name=fire.pb.mission.Squestions
2016-09-09 14:45:55:861  INFO SYSTEM:main - register bean name=fire.pb.mission.SSpecialScenarioQuestConfig
2016-09-09 14:45:55:861  INFO SYSTEM:main - register bean name=fire.pb.npc.SActivityNpcPos
2016-09-09 14:45:55:877  INFO SYSTEM:main - register bean name=fire.pb.npc.SAllConds
2016-09-09 14:45:55:877  INFO SYSTEM:main - register bean name=fire.pb.npc.SBaoxiang
2016-09-09 14:45:55:877  INFO SYSTEM:main - register bean name=fire.pb.npc.SchoolMaster
2016-09-09 14:45:55:893  INFO SYSTEM:main - register bean name=fire.pb.npc.SFestivalGift
2016-09-09 14:45:55:893  INFO SYSTEM:main - register bean name=fire.pb.npc.SGatherConfig
2016-09-09 14:45:55:893  INFO SYSTEM:main - register bean name=fire.pb.npc.SHeroBaseInfo
2016-09-09 14:45:55:908  INFO SYSTEM:main - register bean name=fire.pb.npc.SHeroWeekFreeInfo
2016-09-09 14:45:55:908  INFO SYSTEM:main - register bean name=fire.pb.npc.SHireNpc
2016-09-09 14:45:55:924  INFO SYSTEM:main - register bean name=fire.pb.npc.SLeitaiLevel
2016-09-09 14:45:57:877  INFO SYSTEM:main - register bean name=fire.pb.npc.SMonsterConfig
2016-09-09 14:45:57:877  INFO SYSTEM:main - register bean name=fire.pb.npc.SMonstershowConfig
2016-09-09 14:45:57:910  INFO SYSTEM:main - register bean name=fire.pb.npc.SNpcNameRandom
2016-09-09 14:45:57:957  INFO SYSTEM:main - register bean name=fire.pb.npc.SNpcPreNameRandom
2016-09-09 14:45:58:035  INFO SYSTEM:main - register bean name=fire.pb.npc.SNpcServiceConfig
2016-09-09 14:45:58:082  INFO SYSTEM:main - register bean name=fire.pb.npc.SNpcServiceMapping
2016-09-09 14:45:58:129  INFO SYSTEM:main - register bean name=fire.pb.npc.SNpcShape
2016-09-09 14:45:58:222  INFO SYSTEM:main - register bean name=fire.pb.npc.SNpcShare
2016-09-09 14:45:58:285  INFO SYSTEM:main - register bean name=fire.pb.npc.SRefreshTimerNpc
2016-09-09 14:45:58:316  INFO SYSTEM:main - register bean name=fire.pb.npc.SRefreshTimerNpcDianKa
2016-09-09 14:45:58:347  INFO SYSTEM:main - register bean name=fire.pb.npc.SRide
2016-09-09 14:45:58:378  INFO SYSTEM:main - register bean name=fire.pb.npc.SRideItem
2016-09-09 14:45:58:441  INFO SYSTEM:main - register bean name=fire.pb.npc.SServiceConds
2016-09-09 14:45:58:566  INFO SYSTEM:main - register bean name=fire.pb.npc.SWildMonsterConfig
2016-09-09 14:45:58:660  INFO SYSTEM:main - register bean name=fire.pb.pet.PetAttr
2016-09-09 14:45:58:691  INFO SYSTEM:main - register bean name=fire.pb.pet.PetAttrModData
2016-09-09 14:45:58:753  INFO SYSTEM:main - register bean name=fire.pb.pet.PetColumnConfig
2016-09-09 14:45:58:800  INFO SYSTEM:main - register bean name=fire.pb.pet.PetLearnSkillRateConfig
2016-09-09 14:45:58:816  INFO SYSTEM:main - register bean name=fire.pb.pet.PetNextExp
2016-09-09 14:45:58:832  INFO SYSTEM:main - register bean name=fire.pb.pet.PetResetPointConfig
2016-09-09 14:45:58:847  INFO SYSTEM:main - register bean name=fire.pb.pet.PetSynthesizeSkillRateConfig
2016-09-09 14:45:58:863  INFO SYSTEM:main - register bean name=fire.pb.pet.SPetDepotPrice
2016-09-09 14:45:58:878  INFO SYSTEM:main - register bean name=fire.pb.pet.SShenShouInc
2016-09-09 14:45:58:924  INFO SYSTEM:main - register bean name=fire.pb.role.AttrModData
2016-09-09 14:45:58:955  INFO SYSTEM:main - register bean name=fire.pb.role.NextExpAndResMoney
2016-09-09 14:45:59:002  INFO SYSTEM:main - register bean name=fire.pb.role.Redirect
2016-09-09 14:45:59:017  INFO SYSTEM:main - register bean name=fire.pb.role.RoleConfig
2016-09-09 14:45:59:049  INFO SYSTEM:main - register bean name=fire.pb.role.RoleModData
2016-09-09 14:45:59:080  INFO SYSTEM:main - register bean name=fire.pb.role.Saddpointchange
2016-09-09 14:45:59:095  INFO SYSTEM:main - register bean name=fire.pb.role.SCreateRoleConfig
2016-09-09 14:45:59:142  INFO SYSTEM:main - register bean name=fire.pb.role.SEquipEffectConfig
2016-09-09 14:45:59:174  INFO SYSTEM:main - register bean name=fire.pb.role.SRoleNameData
2016-09-09 14:45:59:189  INFO SYSTEM:main - register bean name=fire.pb.role.SRoleRColorConfig
2016-09-09 14:45:59:189  INFO SYSTEM:main - register bean name=fire.pb.role.SRoleSymbolRepository
2016-09-09 14:45:59:205  INFO SYSTEM:main - register bean name=fire.pb.role.SServerMaxLevelConfig
2016-09-09 14:45:59:236  INFO SYSTEM:main - register bean name=fire.pb.role.SServiceExpConfig
2016-09-09 14:45:59:267  INFO SYSTEM:main - register bean name=fire.pb.role.SServiceLevelConfig
2016-09-09 14:45:59:330  INFO SYSTEM:main - register bean name=fire.pb.shop.DMarketFirstTable
2016-09-09 14:45:59:392  INFO SYSTEM:main - register bean name=fire.pb.shop.DMarketThreeTable
2016-09-09 14:45:59:439  INFO SYSTEM:main - register bean name=fire.pb.shop.DSGoods
2016-09-09 14:45:59:486  INFO SYSTEM:main - register bean name=fire.pb.shop.DSMallShop
2016-09-09 14:45:59:502  INFO SYSTEM:main - register bean name=fire.pb.shop.DSNpcSale
2016-09-09 14:45:59:517  INFO SYSTEM:main - register bean name=fire.pb.shop.MarketFirstTable
2016-09-09 14:45:59:564  INFO SYSTEM:main - register bean name=fire.pb.shop.MarketThreeTable
2016-09-09 14:45:59:595  INFO SYSTEM:main - register bean name=fire.pb.shop.SGoods
2016-09-09 14:45:59:611  INFO SYSTEM:main - register bean name=fire.pb.shop.SMallShop
2016-09-09 14:45:59:627  INFO SYSTEM:main - register bean name=fire.pb.shop.SNpcSale
2016-09-09 14:45:59:674  INFO SYSTEM:main - register bean name=fire.pb.shop.SPetShop
2016-09-09 14:45:59:705  INFO SYSTEM:main - register bean name=fire.pb.skill.SActionTime
2016-09-09 14:45:59:736  INFO SYSTEM:main - register bean name=fire.pb.skill.SAssistSkill
2016-09-09 14:45:59:783  INFO SYSTEM:main - register bean name=fire.pb.skill.SInbornConsume
2016-09-09 14:45:59:830  INFO SYSTEM:main - register bean name=fire.pb.skill.SInbornEffectSkill
2016-09-09 14:45:59:877  INFO SYSTEM:main - register bean name=fire.pb.skill.SInbornInfo
2016-09-09 14:45:59:924  INFO SYSTEM:main - register bean name=fire.pb.skill.SInbornMaxLevel
2016-09-09 14:45:59:948  INFO SYSTEM:main - register bean name=fire.pb.skill.SLifeSkill
2016-09-09 14:45:59:995  INFO SYSTEM:main - register bean name=fire.pb.skill.SLifeSkillCost
2016-09-09 14:46:00:042  INFO SYSTEM:main - register bean name=fire.pb.skill.SNuqiget
2016-09-09 14:46:00:073  INFO SYSTEM:main - register bean name=fire.pb.skill.SParticeSkillLevelup
2016-09-09 14:46:00:105  INFO SYSTEM:main - register bean name=fire.pb.skill.SPetSkillitem
2016-09-09 14:46:00:167  INFO SYSTEM:main - register bean name=fire.pb.skill.SPetSkillupgrade
2016-09-09 14:46:00:198  INFO SYSTEM:main - register bean name=fire.pb.skill.SPointCardParticeSkillLevelup
2016-09-09 14:46:00:214  INFO SYSTEM:main - register bean name=fire.pb.skill.SPracticeItemExp
2016-09-09 14:46:00:230  INFO SYSTEM:main - register bean name=fire.pb.skill.SSceneSkillConfig
2016-09-09 14:46:00:245  INFO SYSTEM:main - register bean name=fire.pb.skill.SSchoolSkillitem
2016-09-09 14:46:00:323  INFO SYSTEM:main - register bean name=fire.pb.skill.SSkillConfig
2016-09-09 14:46:00:370  INFO SYSTEM:main - register bean name=fire.pb.skill.SSkillInfoConfig
2016-09-09 14:46:00:464  INFO SYSTEM:main - register bean name=fire.pb.skill.SSubSkillConfig
2016-09-09 14:46:00:495  INFO SYSTEM:main - register bean name=fire.pb.SysConfig.SHotdeployClass
2016-09-09 14:46:00:526  INFO SYSTEM:main - register bean name=fire.pb.SysConfig.SSysconfig
2016-09-09 14:46:00:558  INFO SYSTEM:main - register bean name=fire.pb.team.DSTeamMatchInfo
2016-09-09 14:46:00:605  INFO SYSTEM:main - register bean name=fire.pb.team.SGuangHuanLevelup
2016-09-09 14:46:00:776  INFO SYSTEM:main - register bean name=fire.pb.team.STeamListInfo
2016-09-09 14:46:00:855  INFO SYSTEM:main - register bean name=fire.pb.team.STeamMatchInfo
2016-09-09 14:46:00:886  INFO SYSTEM:main - register bean name=fire.pb.team.SZhenFaeffect
2016-09-09 14:46:00:933  INFO SYSTEM:main - register bean name=fire.pb.timer.SScheculedActivity
2016-09-09 14:46:00:952  INFO SYSTEM:main - register bean name=fire.pb.timer.SScheculedActivityDianKa
2016-09-09 14:46:00:983  INFO SYSTEM:main - register bean name=fire.pb.title.SItemTitleConfig
2016-09-09 14:46:01:030  INFO SYSTEM:main - register bean name=fire.pb.title.STitleConfig
2016-09-09 14:46:01:061  INFO SYSTEM:main - register bean name=fire.pb.triggers.STriggerCondition
2016-09-09 14:46:01:093  INFO SYSTEM:main - register bean name=fire.pb.triggers.STriggerCondition4D
2016-09-09 14:46:01:124  INFO SYSTEM:main - register properties=activity
2016-09-09 14:46:01:140  INFO SYSTEM:main - register properties=battle
2016-09-09 14:46:01:155  INFO SYSTEM:main - register properties=cross
2016-09-09 14:46:01:155  INFO SYSTEM:main - register properties=forbid
2016-09-09 14:46:01:171  INFO SYSTEM:main - register properties=fushi
2016-09-09 14:46:01:186  INFO SYSTEM:main - register properties=game
2016-09-09 14:46:01:186  INFO SYSTEM:main - register properties=item
2016-09-09 14:46:01:202  INFO SYSTEM:main - register properties=market
2016-09-09 14:46:01:218  INFO SYSTEM:main - register properties=message
2016-09-09 14:46:01:218  INFO SYSTEM:main - register properties=npc
2016-09-09 14:46:01:218  INFO SYSTEM:main - register properties=operlog
2016-09-09 14:46:01:218  INFO SYSTEM:main - register properties=robot
2016-09-09 14:46:01:233  INFO SYSTEM:main - register properties=school
2016-09-09 14:46:01:233  INFO SYSTEM:main - register properties=serverid
2016-09-09 14:46:01:233  INFO SYSTEM:main - register properties=skill
2016-09-09 14:46:01:233  INFO SYSTEM:main - register properties=specialquest
2016-09-09 14:46:01:249  INFO SYSTEM:main - register properties=sys
2016-09-09 14:46:01:249  INFO SYSTEM:main - register properties=task
2016-09-09 14:46:44:006  INFO SYSTEM:main - 将在 32956 秒后开始第一次EndOfDayTask
2016-09-09 14:46:44:060  INFO SYSTEM:main - 将在 33197 秒后开始第一次BeginOfDayTask
2016-09-09 14:46:45:091  INFO SYSTEM:mkdb.Worker.scheduled.25 - gametime update.curGameTime:-1gametime:6
2016-09-09 14:46:50:026  INFO SYSTEM:mkdb.Worker.procedure.34 - Server start clear timeout offline protocol.
2016-09-09 14:46:50:897  INFO SYSTEM:main - localhttpserver start port : 29300
2016-09-09 14:46:50:909  INFO SYSTEM:main - Charge Callback Server Thread Start!Listen at 0.0.0.0:8800
2016-09-09 14:46:50:940  INFO SYSTEM:main - ThreadPool init!initsize:8,maxsize:20,queue:1000
2016-09-09 14:46:51:055  INFO SYSTEM:mkio.Engine.1 - delivery connected
2016-09-09 14:46:51:061  INFO SYSTEM:main - SERVER OPENED! Current Local Id:1
2016-09-09 14:46:51:062  INFO SYSTEM:main - Config -usemysql:false
2016-09-09 14:46:51:062  INFO SYSTEM:main - 是否和合过服的服务器 is merger server = false
2016-09-09 14:46:51:076  INFO SYSTEM:mkdb.Worker..30 - plattype:1,serverid:1101961014
2016-09-09 14:46:51:076  INFO SYSTEM:mkdb.Worker..30 - Gs.isYingyongbao=false
2016-09-09 14:46:51:117  INFO SYSTEM:mkio.Engine.3 - Onlines start Listen:Mkio/192.168.29.161:37001-/192.168.29.161:37001@Provider
2016-09-09 14:47:06:614  INFO SYSTEM:mkdb.Worker..43 - userID=61685 CRoleList
2016-09-09 14:47:06:692 ERROR SYSTEM:mkdb.Worker..43 - User登录 UserId = 61685 linksid= 6145
2016-09-09 14:47:07:005  INFO SYSTEM:mkdb.Worker.procedure.35 - userid:61685,username is:wangjianfengw1
2016-09-09 14:47:07:005  INFO SYSTEM:mkdb.Worker.procedure.35 - UserInfoRep:,userid:61685,func:0,username:wangjianfengw1,plattype:ljpl,blisgm:0,loginip:958441664
2016-09-09 14:47:07:223 ERROR SYSTEM:mkdb.Worker.procedure.48 - userinfo is null when CNotifyDeviceInfo.userid:61685 infos:{ChId=108800100, OsVer=, BrType=, PlatType=6, TelcoOper=, IMEI=, NetEnvir=, DeviId=08:62:66:2D:F7:49}
2016-09-09 14:47:22:716  INFO SYSTEM:mkdb.Worker.procedure.51 - 创建角色 :	浪漫榭木	3	roleID:4097	userID:61685
2016-09-09 14:47:24:523  INFO SYSTEM:mkdb.Worker.procedure.51 - PCreateRole.HttpCallBackHandler:角色[4097]没有招募信息.
2016-09-09 14:47:24:632  INFO SYSTEM:EnterWorldThread - roleid=4097 开始进入世界
2016-09-09 14:47:24:632 ERROR SYSTEM:EnterWorldThread - roleId=4097 insert linksid = 6145 userid=61685
2016-09-09 14:47:24:648 ERROR SYSTEM:EnterWorldThread - roleid=4097 CEnterWorld: 已经加入。
2016-09-09 14:47:24:679  INFO SYSTEM:mkdb.Worker.procedure.41 - roleId=4097 角色开始登录：帐号userId = 61685class fire.pb.state.PRoleOnline
2016-09-09 14:47:25:194  INFO SYSTEM:mkdb.Worker.procedure.41 - roleId=4097 角色进入状态：class fire.pb.state.PreEntryState
2016-09-09 14:47:25:331  INFO SYSTEM:mkdb.Worker.procedure.41 - Begin sendEnterWorld roleId=4097,class fire.pb.state.PreEntryState
2016-09-09 14:47:25:831  INFO SYSTEM:mkdb.Worker.procedure.41 - End sendEnterWorld roleId=4097,class fire.pb.state.PreEntryState
2016-09-09 14:47:28:013  INFO SYSTEM:mkdb.Worker.procedure.41 - roleId=4097 角色进入状态：class fire.pb.state.EntryState
2016-09-09 14:47:28:013  INFO SYSTEM:mkdb.Worker.procedure.41 - roleId=4097 帐号userId = 61685上线成功。
2016-09-09 14:48:32:640  INFO SYSTEM:I/O dispatcher 1 - http response completed:HTTP/1.1 200 OK;thread:70
2016-09-09 14:48:32:640  INFO SYSTEM:I/O dispatcher 1 - 手机号格式不对4097
2016-09-09 14:48:49:792  INFO SYSTEM:I/O dispatcher 1 - http response completed:HTTP/1.1 200 OK;thread:70
2016-09-09 14:48:49:839 ERROR SYSTEM:I/O dispatcher 1 - http response failed:java.net.UnknownHostException: smsservice.locojoy.com;thread:70
2016-09-09 14:49:15:095  INFO SYSTEM:mkdb.Worker.scheduled.27 - gametime update.curGameTime:6gametime:7
2016-09-09 14:49:15:659  INFO SYSTEM:mkdb.Worker..44 - 验证码不对4097
2016-09-09 14:49:26:514  INFO SYSTEM:mkdb.Worker..30 - 验证码不对4097
2016-09-09 14:50:12:701  INFO SYSTEM:I/O dispatcher 2 - http response completed:HTTP/1.1 200 OK;thread:71
2016-09-09 14:50:12:701 ERROR SYSTEM:I/O dispatcher 2 - http response failed:java.net.UnknownHostException: smsservice.locojoy.com;thread:71
2016-09-09 14:50:38:057  INFO SYSTEM:mkdb.Worker..44 - 验证码不对4097
2016-09-09 14:51:13:447  INFO SYSTEM:I/O dispatcher 2 - http response completed:HTTP/1.1 200 OK;thread:71
2016-09-09 14:51:13:447 ERROR SYSTEM:I/O dispatcher 2 - http response failed:java.net.UnknownHostException: smsservice.locojoy.com;thread:71
2016-09-09 14:51:22:270  INFO SYSTEM:mkdb.Worker..43 - 验证码不对4097
2016-09-09 14:51:30:069  INFO SYSTEM:mkdb.Worker..44 - 验证码不对4097
2016-09-09 14:51:45:087  INFO SYSTEM:mkdb.Worker.scheduled.25 - gametime update.curGameTime:7gametime:8
2016-09-09 14:53:59:489  INFO SYSTEM:I/O dispatcher 3 - http response completed:HTTP/1.1 200 OK;thread:72
2016-09-09 14:53:59:489 ERROR SYSTEM:I/O dispatcher 3 - http response failed:java.net.UnknownHostException: smsservice.locojoy.com;thread:72
2016-09-09 14:54:15:089  INFO SYSTEM:mkdb.Worker.scheduled.24 - gametime update.curGameTime:8gametime:9
2016-09-09 14:54:59:982  INFO SYSTEM:I/O dispatcher 3 - http response completed:HTTP/1.1 200 OK;thread:72
2016-09-09 14:54:59:982 ERROR SYSTEM:I/O dispatcher 3 - http response failed:java.net.UnknownHostException: smsservice.locojoy.com;thread:72
2016-09-09 14:55:30:608  INFO SYSTEM:main - SERVER STARTING...
2016-09-09 14:55:30:741  INFO SYSTEM:main - register bean name=fire.pb.activity.ActivityConfNew
2016-09-09 14:55:30:757  INFO SYSTEM:main - register bean name=fire.pb.activity.ActivityConfNew4D
2016-09-09 14:55:30:757  INFO SYSTEM:main - register bean name=fire.pb.activity.SFestivalConf
2016-09-09 14:55:30:757  INFO SYSTEM:main - register bean name=fire.pb.activity.SFestivalConf4D
2016-09-09 14:55:30:882  INFO SYSTEM:main - register bean name=fire.pb.battle.SAIAction
2016-09-09 14:55:30:959  INFO SYSTEM:main - register bean name=fire.pb.battle.SBattleAI
2016-09-09 14:55:31:088  INFO SYSTEM:main - register bean name=fire.pb.battle.SBattleInfo
2016-09-09 14:55:31:125  INFO SYSTEM:main - register bean name=fire.pb.battle.SBattleMonsterConfig
2016-09-09 14:55:31:163  INFO SYSTEM:main - register bean name=fire.pb.battle.SCatchRate
2016-09-09 14:55:31:194  INFO SYSTEM:main - register bean name=fire.pb.battle.SCondition
2016-09-09 14:55:31:241  INFO SYSTEM:main - register bean name=fire.pb.battle.SEffectPostions
2016-09-09 14:55:31:288  INFO SYSTEM:main - register bean name=fire.pb.battle.SFormationConfig
2016-09-09 14:55:31:304  INFO SYSTEM:main - register bean name=fire.pb.battle.SRoleFighteAI
2016-09-09 14:55:31:335  INFO SYSTEM:main - register bean name=fire.pb.battle.STargetFilter
2016-09-09 14:55:31:366  INFO SYSTEM:main - register bean name=fire.pb.buff.SBuffClashs
2016-09-09 14:55:31:398  INFO SYSTEM:main - register bean name=fire.pb.buff.SCBuffConfig
2016-09-09 14:55:31:444  INFO SYSTEM:main - register bean name=fire.pb.buff.SIBuffConfig
2016-09-09 14:55:31:585  INFO SYSTEM:main - register bean name=fire.pb.circletask.AnYeMaXiTuanConf
2016-09-09 14:55:31:601  INFO SYSTEM:main - register bean name=fire.pb.circletask.CircleTaskAutoAccept
2016-09-09 14:55:31:632  INFO SYSTEM:main - register bean name=fire.pb.circletask.CircTask
2016-09-09 14:55:31:677  INFO SYSTEM:main - register bean name=fire.pb.circletask.CircTaskChallengeNpc
2016-09-09 14:55:31:708  INFO SYSTEM:main - register bean name=fire.pb.circletask.CircTaskConf
2016-09-09 14:55:31:755  INFO SYSTEM:main - register bean name=fire.pb.circletask.CircTaskItemCollect
2016-09-09 14:55:31:786  INFO SYSTEM:main - register bean name=fire.pb.circletask.CircTaskItemFind
2016-09-09 14:55:31:817  INFO SYSTEM:main - register bean name=fire.pb.circletask.CircTaskItemFindLegend
2016-09-09 14:55:31:848  INFO SYSTEM:main - register bean name=fire.pb.circletask.CircTaskItemUse
2016-09-09 14:55:31:864  INFO SYSTEM:main - register bean name=fire.pb.circletask.CircTaskKillMonster
2016-09-09 14:55:31:880  INFO SYSTEM:main - register bean name=fire.pb.circletask.CircTaskMailNpc
2016-09-09 14:55:31:911  INFO SYSTEM:main - register bean name=fire.pb.circletask.CircTaskPatrol
2016-09-09 14:55:31:942  INFO SYSTEM:main - register bean name=fire.pb.circletask.CircTaskPetCatch
2016-09-09 14:55:31:989  INFO SYSTEM:main - register bean name=fire.pb.circletask.DemonstrateDefaultMonster
2016-09-09 14:55:32:020  INFO SYSTEM:main - register bean name=fire.pb.circletask.PVPAwardConfig
2016-09-09 14:55:32:036  INFO SYSTEM:main - register bean name=fire.pb.circletask.PVPMatchTimeConfig
2016-09-09 14:55:32:052  INFO SYSTEM:main - register bean name=fire.pb.circletask.PVPScoreAwardConfig
2016-09-09 14:55:32:083  INFO SYSTEM:main - register bean name=fire.pb.circletask.Random4AnYeMaXiTuan
2016-09-09 14:55:32:114  INFO SYSTEM:main - register bean name=fire.pb.circletask.RenXingCircTaskCost
2016-09-09 14:55:32:161  INFO SYSTEM:main - register bean name=fire.pb.circletask.SCircTaskMonsterConfig
2016-09-09 14:55:32:177  INFO SYSTEM:main - register bean name=fire.pb.circletask.SPVP1MapConfig
2016-09-09 14:55:32:208  INFO SYSTEM:main - register bean name=fire.pb.circletask.SPVP3MapConfig
2016-09-09 14:55:32:239  INFO SYSTEM:main - register bean name=fire.pb.circletask.SPVP5MapConfig
2016-09-09 14:55:32:270  INFO SYSTEM:main - register bean name=fire.pb.clan.SClanDrugstore
2016-09-09 14:55:32:302  INFO SYSTEM:main - register bean name=fire.pb.clan.SClanFight
2016-09-09 14:55:32:317  INFO SYSTEM:main - register bean name=fire.pb.clan.SClanGoldBank
2016-09-09 14:55:32:333  INFO SYSTEM:main - register bean name=fire.pb.clan.SClanHotel
2016-09-09 14:55:32:364  INFO SYSTEM:main - register bean name=fire.pb.clan.SClanLobby
2016-09-09 14:55:32:395  INFO SYSTEM:main - register bean name=fire.pb.clan.SClanPosition
2016-09-09 14:55:32:427  INFO SYSTEM:main - register bean name=fire.pb.clan.SClanyaofang
2016-09-09 14:55:32:442  INFO SYSTEM:main - register bean name=fire.pb.clan.SRuneSet
2016-09-09 14:55:32:473  INFO SYSTEM:main - register bean name=fire.pb.common.SCommon
2016-09-09 14:55:32:505  INFO SYSTEM:main - register bean name=fire.pb.effect.SAbilityScore
2016-09-09 14:55:32:552  INFO SYSTEM:main - register bean name=fire.pb.effect.SAttrEffectID2Name
2016-09-09 14:55:32:598  INFO SYSTEM:main - register bean name=fire.pb.effect.SEquipAbilityScore
2016-09-09 14:55:32:630  INFO SYSTEM:main - register bean name=fire.pb.effect.SEquipSkillShowConfig
2016-09-09 14:55:32:645  INFO SYSTEM:main - register bean name=fire.pb.effect.SPetAbilityScore
2016-09-09 14:55:32:655  INFO SYSTEM:main - register bean name=fire.pb.friends.FriendGiveGift
2016-09-09 14:55:32:686  INFO SYSTEM:main - register bean name=fire.pb.friends.FriendGiveItem
2016-09-09 14:55:32:717  INFO SYSTEM:main - register bean name=fire.pb.friends.MyRecruitAwards
2016-09-09 14:55:32:733  INFO SYSTEM:main - register bean name=fire.pb.friends.RecruitAwards
2016-09-09 14:55:32:764  INFO SYSTEM:main - register bean name=fire.pb.friends.SpaceDropGift
2016-09-09 14:55:32:764  INFO SYSTEM:main - register bean name=fire.pb.friends.XshGiveGift
2016-09-09 14:55:32:811  INFO SYSTEM:main - register bean name=fire.pb.fushi.SAddCash
2016-09-09 14:55:32:811  INFO SYSTEM:main - register bean name=fire.pb.fushi.SAddCashPCard
2016-09-09 14:55:32:842  INFO SYSTEM:main - register bean name=fire.pb.fushi.SChargeReturnProfit
2016-09-09 14:55:32:874  INFO SYSTEM:main - register bean name=fire.pb.fushi.SCommonDayPay
2016-09-09 14:55:32:905  INFO SYSTEM:main - register bean name=fire.pb.fushi.SCreditPoint
2016-09-09 14:55:32:921  INFO SYSTEM:main - register bean name=fire.pb.fushi.SFreeDisRewardConfig
2016-09-09 14:55:32:921  INFO SYSTEM:main - register bean name=fire.pb.fushi.SFreeDisRewardConfigDayPay
2016-09-09 14:55:32:936  INFO SYSTEM:main - register bean name=fire.pb.fushi.SMonthCardConfig
2016-09-09 14:55:32:952  INFO SYSTEM:main - register bean name=fire.pb.fushi.SMonthCardConfigDayPay
2016-09-09 14:55:32:967  INFO SYSTEM:main - register bean name=fire.pb.fushi.SRedPackConfig
2016-09-09 14:55:32:983  INFO SYSTEM:main - register bean name=fire.pb.fushi.SSpotCardConfig
2016-09-09 14:55:32:999  INFO SYSTEM:main - register bean name=fire.pb.fushi.SVipInfoConfig
2016-09-09 14:55:33:077  INFO SYSTEM:main - register bean name=fire.pb.game.SActivityAward
2016-09-09 14:55:33:108  INFO SYSTEM:main - register bean name=fire.pb.game.SBindTelAward
2016-09-09 14:55:33:124  INFO SYSTEM:main - register bean name=fire.pb.game.SCrossGlobal
2016-09-09 14:55:33:124  INFO SYSTEM:main - register bean name=fire.pb.game.Sdongtaifuwu
2016-09-09 14:55:33:155  INFO SYSTEM:main - register bean name=fire.pb.game.SFirstPayReward
2016-09-09 14:55:33:186  INFO SYSTEM:main - register bean name=fire.pb.game.SFortuneWheel
2016-09-09 14:55:33:327  INFO SYSTEM:main - register bean name=fire.pb.game.SImperialExamProvinceRepo
2016-09-09 14:55:33:358  INFO SYSTEM:main - register bean name=fire.pb.game.SImperialExamStateRankReward
2016-09-09 14:55:33:436  INFO SYSTEM:main - register bean name=fire.pb.game.SImperialExamStateRepo
2016-09-09 14:55:33:483  INFO SYSTEM:main - register bean name=fire.pb.game.SImperialExamVillageRepo
2016-09-09 14:55:33:530  INFO SYSTEM:main - register bean name=fire.pb.game.Smuldayloginreward
2016-09-09 14:55:33:546  INFO SYSTEM:main - register bean name=fire.pb.game.Snpcjianglifafang
2016-09-09 14:55:33:608  INFO SYSTEM:main - register bean name=fire.pb.game.SPointCardActivityAward
2016-09-09 14:55:33:639  INFO SYSTEM:main - register bean name=fire.pb.game.SPointCardBindTelAward
2016-09-09 14:55:33:655  INFO SYSTEM:main - register bean name=fire.pb.game.SPointCardFirstPayReward
2016-09-09 14:55:33:742  INFO SYSTEM:main - register bean name=fire.pb.game.SPointCardImperialExamProvinceRepo
2016-09-09 14:55:33:820  INFO SYSTEM:main - register bean name=fire.pb.game.SPointCardImperialExamStateRepo
2016-09-09 14:55:33:867  INFO SYSTEM:main - register bean name=fire.pb.game.SPointCardImperialExamVillageRepo
2016-09-09 14:55:33:898  INFO SYSTEM:main - register bean name=fire.pb.game.SPVPCrossWhiteList
2016-09-09 14:55:33:945  INFO SYSTEM:main - register bean name=fire.pb.game.Sregreward
2016-09-09 14:55:33:976  INFO SYSTEM:main - register bean name=fire.pb.game.SRollCardConfig
2016-09-09 14:55:34:023  INFO SYSTEM:main - register bean name=fire.pb.game.SSchoolWheel
2016-09-09 14:55:34:054  INFO SYSTEM:main - register bean name=fire.pb.game.STransferRoleTable
2016-09-09 14:55:34:070  INFO SYSTEM:main - register bean name=fire.pb.game.STransferTable
2016-09-09 14:55:34:101  INFO SYSTEM:main - register bean name=fire.pb.gm.About360XuanShang
2016-09-09 14:55:34:164  INFO SYSTEM:main - register bean name=fire.pb.gm.SGMStandard
2016-09-09 14:55:34:210  INFO SYSTEM:main - register bean name=fire.pb.instance.SBingFengCfg
2016-09-09 14:55:34:257  INFO SYSTEM:main - register bean name=fire.pb.instance.SBingFengJiangLiCfg
2016-09-09 14:55:34:289  INFO SYSTEM:main - register bean name=fire.pb.instance.SBingFengPingJi
2016-09-09 14:55:34:320  INFO SYSTEM:main - register bean name=fire.pb.instance.SInstaceConfig
2016-09-09 14:55:34:351  INFO SYSTEM:main - register bean name=fire.pb.instance.SInstaceEvent
2016-09-09 14:55:34:414  INFO SYSTEM:main - register bean name=fire.pb.instance.SInstaceNpc
2016-09-09 14:55:34:445  INFO SYSTEM:main - register bean name=fire.pb.instance.SInstanceAct
2016-09-09 14:55:34:476  INFO SYSTEM:main - register bean name=fire.pb.instance.SInstanceChildSave
2016-09-09 14:55:34:507  INFO SYSTEM:main - register bean name=fire.pb.instance.SInstanceSave
2016-09-09 14:55:34:523  INFO SYSTEM:main - register bean name=fire.pb.instance.SInstanceService
2016-09-09 14:55:34:554  INFO SYSTEM:main - register bean name=fire.pb.item.BagConfig
2016-09-09 14:55:35:101  INFO SYSTEM:main - register bean name=fire.pb.item.DEquipItemShuXing
2016-09-09 14:55:35:177  INFO SYSTEM:main - register bean name=fire.pb.item.DgemItemShuXing
2016-09-09 14:55:35:302  INFO SYSTEM:main - register bean name=fire.pb.item.DGroceryItemShuXing
2016-09-09 14:55:35:333  INFO SYSTEM:main - register bean name=fire.pb.item.DItemClassConfig
2016-09-09 14:55:35:333  INFO SYSTEM:main - register bean name=fire.pb.item.DItemShuXing
2016-09-09 14:55:35:380  INFO SYSTEM:main - register bean name=fire.pb.item.DPetItemShuXing
2016-09-09 14:55:35:442  INFO SYSTEM:main - register bean name=fire.pb.item.DSEquipHeCheng
2016-09-09 14:55:35:473  INFO SYSTEM:main - register bean name=fire.pb.item.DSEquipLvGemInfo
2016-09-09 14:55:35:520  INFO SYSTEM:main - register bean name=fire.pb.item.DSFoodAndDrugEffect
2016-09-09 14:55:35:552  INFO SYSTEM:main - register bean name=fire.pb.item.DTaskItemShuXing
2016-09-09 14:55:36:036  INFO SYSTEM:main - register bean name=fire.pb.item.EquipItemShuXing
2016-09-09 14:55:36:083  INFO SYSTEM:main - register bean name=fire.pb.item.gemItemShuXing
2016-09-09 14:55:36:161  INFO SYSTEM:main - register bean name=fire.pb.item.GroceryItemShuXing
2016-09-09 14:55:36:174  INFO SYSTEM:main - register bean name=fire.pb.item.ItemClassConfig
2016-09-09 14:55:36:221  INFO SYSTEM:main - register bean name=fire.pb.item.ItemNameClassConfig
2016-09-09 14:55:36:221  INFO SYSTEM:main - register bean name=fire.pb.item.ItemShuXing
2016-09-09 14:55:36:268  INFO SYSTEM:main - register bean name=fire.pb.item.PetItemShuXing
2016-09-09 14:55:36:299  INFO SYSTEM:main - register bean name=fire.pb.item.QualityFormula
2016-09-09 14:55:36:299  INFO SYSTEM:main - register bean name=fire.pb.item.Sanquan
2016-09-09 14:55:36:346  INFO SYSTEM:main - register bean name=fire.pb.item.SBaoShiBiao
2016-09-09 14:55:36:377  INFO SYSTEM:main - register bean name=fire.pb.item.SBattleUseItem
2016-09-09 14:55:36:424  INFO SYSTEM:main - register bean name=fire.pb.item.SCanntInChangKu
2016-09-09 14:55:36:440  INFO SYSTEM:main - register bean name=fire.pb.item.SChangKuExt
2016-09-09 14:55:36:502  INFO SYSTEM:main - register bean name=fire.pb.item.SDianKaLibaoConfig
2016-09-09 14:55:36:580  INFO SYSTEM:main - register bean name=fire.pb.item.SDirectUseItem
2016-09-09 14:55:36:627  INFO SYSTEM:main - register bean name=fire.pb.item.SEquipAddattributelib
2016-09-09 14:55:36:705  INFO SYSTEM:main - register bean name=fire.pb.item.SEquipAddattributerandomlib
2016-09-09 14:55:36:737  INFO SYSTEM:main - register bean name=fire.pb.item.SEquipHeCheng
2016-09-09 14:55:37:065  INFO SYSTEM:main - register bean name=fire.pb.item.SEquipIteminfo
2016-09-09 14:55:37:080  INFO SYSTEM:main - register bean name=fire.pb.item.SEquipLvGemInfo
2016-09-09 14:55:37:143  INFO SYSTEM:main - register bean name=fire.pb.item.SEquipMakeInfo
2016-09-09 14:55:37:174  INFO SYSTEM:main - register bean name=fire.pb.item.SEquipNaiJiuXiaoHao
2016-09-09 14:55:37:187  INFO SYSTEM:main - register bean name=fire.pb.item.SFoodAndDrugEffect
2016-09-09 14:55:37:234  INFO SYSTEM:main - register bean name=fire.pb.item.SItemBuff
2016-09-09 14:55:37:250  INFO SYSTEM:main - register bean name=fire.pb.item.SItemToDbPoint
2016-09-09 14:55:37:266  INFO SYSTEM:main - register bean name=fire.pb.item.SItemToHuoban
2016-09-09 14:55:37:328  INFO SYSTEM:main - register bean name=fire.pb.item.SItemToItem
2016-09-09 14:55:37:359  INFO SYSTEM:main - register bean name=fire.pb.item.SItemToPet
2016-09-09 14:55:37:375  INFO SYSTEM:main - register bean name=fire.pb.item.SItemUseTime
2016-09-09 14:55:37:437  INFO SYSTEM:main - register bean name=fire.pb.item.SLibaoConfig
2016-09-09 14:55:37:469  INFO SYSTEM:main - register bean name=fire.pb.item.SParkExtTable
2016-09-09 14:55:37:500  INFO SYSTEM:main - register bean name=fire.pb.item.SPetSkillSuccessConfig
2016-09-09 14:55:37:547  INFO SYSTEM:main - register bean name=fire.pb.item.SProduceItem
2016-09-09 14:55:37:562  INFO SYSTEM:main - register bean name=fire.pb.item.SRankListNumConfig
2016-09-09 14:55:37:578  INFO SYSTEM:main - register bean name=fire.pb.item.STimeReturn
2016-09-09 14:55:37:609  INFO SYSTEM:main - register bean name=fire.pb.item.STimingReward
2016-09-09 14:55:37:609  INFO SYSTEM:main - register bean name=fire.pb.item.STransformationConfig
2016-09-09 14:55:37:609  INFO SYSTEM:main - register bean name=fire.pb.item.STransformationEffectConfig
2016-09-09 14:55:37:641  INFO SYSTEM:main - register bean name=fire.pb.item.TaskItemShuXing
2016-09-09 14:55:37:656  INFO SYSTEM:main - register bean name=fire.pb.login.SCompensationConfig
2016-09-09 14:55:37:687  INFO SYSTEM:main - register bean name=fire.pb.main.HotfixConfig
2016-09-09 14:55:37:719  INFO SYSTEM:main - register bean name=fire.pb.main.HotfixXml2ModuleConfig
2016-09-09 14:55:37:719  INFO SYSTEM:main - register bean name=fire.pb.main.JumpQueueUser
2016-09-09 14:55:37:766  INFO SYSTEM:main - register bean name=fire.pb.main.LoginLimit
2016-09-09 14:55:37:781  INFO SYSTEM:main - register bean name=fire.pb.main.LoginQueueUp
2016-09-09 14:55:37:812  INFO SYSTEM:main - register bean name=fire.pb.main.ModuleInfo
2016-09-09 14:55:37:859  INFO SYSTEM:main - register bean name=fire.pb.map.MapConfig
2016-09-09 14:55:37:891  INFO SYSTEM:main - register bean name=fire.pb.map.SActivityAwardItems
2016-09-09 14:55:37:937  INFO SYSTEM:main - register bean name=fire.pb.map.SEventTimerNpc
2016-09-09 14:55:37:969  INFO SYSTEM:main - register bean name=fire.pb.map.SEventTimerNpcDianKa
2016-09-09 14:55:38:016  INFO SYSTEM:main - register bean name=fire.pb.map.SFindTreasureEvent
2016-09-09 14:55:38:062  INFO SYSTEM:main - register bean name=fire.pb.map.SFindTreasureEventDianKa
2016-09-09 14:55:38:094  INFO SYSTEM:main - register bean name=fire.pb.map.SFindTreasureGift
2016-09-09 14:55:38:125  INFO SYSTEM:main - register bean name=fire.pb.map.SFindTreasureGiftDianKa
2016-09-09 14:55:38:156  INFO SYSTEM:main - register bean name=fire.pb.map.SFindTreasureResult
2016-09-09 14:55:38:172  INFO SYSTEM:main - register bean name=fire.pb.map.SFindTreasureResultDianKa
2016-09-09 14:55:38:203  INFO SYSTEM:main - register bean name=fire.pb.map.SItemToPos
2016-09-09 14:55:38:233  INFO SYSTEM:main - register bean name=fire.pb.map.SMineArea
2016-09-09 14:55:38:249  INFO SYSTEM:main - register bean name=fire.pb.map.SShowAreainfo
2016-09-09 14:55:38:280  INFO SYSTEM:main - register bean name=fire.pb.map.SWorldMapConfig
2016-09-09 14:55:38:295  INFO SYSTEM:main - register bean name=fire.pb.message.SStringRes
2016-09-09 14:55:38:327  INFO SYSTEM:main - register bean name=fire.pb.mission.SActiveChestConfig
2016-09-09 14:55:38:358  INFO SYSTEM:main - register bean name=fire.pb.mission.SActiveChestConfig4D
2016-09-09 14:55:38:405  INFO SYSTEM:main - register bean name=fire.pb.mission.SActivityQuestion
2016-09-09 14:55:38:436  INFO SYSTEM:main - register bean name=fire.pb.mission.SAllTaskLine
2016-09-09 14:55:38:483  INFO SYSTEM:main - register bean name=fire.pb.mission.Sbukefangqirenwu
2016-09-09 14:55:38:530  INFO SYSTEM:main - register bean name=fire.pb.mission.SGuideCourse
2016-09-09 14:55:38:577  INFO SYSTEM:main - register bean name=fire.pb.mission.SGuideCourseDianKa
2016-09-09 14:55:38:624  INFO SYSTEM:main - register bean name=fire.pb.mission.SLandFightConfig
2016-09-09 14:55:38:670  INFO SYSTEM:main - register bean name=fire.pb.mission.SLandPingJi
2016-09-09 14:55:38:702  INFO SYSTEM:main - register bean name=fire.pb.mission.SLandTask
2016-09-09 14:55:38:733  INFO SYSTEM:main - register bean name=fire.pb.mission.SLandTaskConfig
2016-09-09 14:55:38:764  INFO SYSTEM:main - register bean name=fire.pb.mission.SLinepingji
2016-09-09 14:55:38:811  INFO SYSTEM:main - register bean name=fire.pb.mission.SLineTask
2016-09-09 14:55:38:842  INFO SYSTEM:main - register bean name=fire.pb.mission.SLineTaskConfig
2016-09-09 14:55:38:889  INFO SYSTEM:main - register bean name=fire.pb.mission.SLineTaskFight
2016-09-09 14:55:39:124  INFO SYSTEM:main - register bean name=fire.pb.mission.SMissionData
2016-09-09 14:55:39:155  INFO SYSTEM:main - register bean name=fire.pb.mission.SNewFunctionOpen
2016-09-09 14:55:39:202  INFO SYSTEM:main - register bean name=fire.pb.mission.SQuestCanAcceptList
2016-09-09 14:55:39:217  INFO SYSTEM:main - register bean name=fire.pb.mission.SQuestCanAcceptListDianKa
2016-09-09 14:55:39:274  INFO SYSTEM:main - register bean name=fire.pb.mission.Squestions
2016-09-09 14:55:39:305  INFO SYSTEM:main - register bean name=fire.pb.mission.SSpecialScenarioQuestConfig
2016-09-09 14:55:39:368  INFO SYSTEM:main - register bean name=fire.pb.npc.SActivityNpcPos
2016-09-09 14:55:39:399  INFO SYSTEM:main - register bean name=fire.pb.npc.SAllConds
2016-09-09 14:55:39:430  INFO SYSTEM:main - register bean name=fire.pb.npc.SBaoxiang
2016-09-09 14:55:39:446  INFO SYSTEM:main - register bean name=fire.pb.npc.SchoolMaster
2016-09-09 14:55:39:493  INFO SYSTEM:main - register bean name=fire.pb.npc.SFestivalGift
2016-09-09 14:55:39:493  INFO SYSTEM:main - register bean name=fire.pb.npc.SGatherConfig
2016-09-09 14:55:39:524  INFO SYSTEM:main - register bean name=fire.pb.npc.SHeroBaseInfo
2016-09-09 14:55:39:555  INFO SYSTEM:main - register bean name=fire.pb.npc.SHeroWeekFreeInfo
2016-09-09 14:55:39:586  INFO SYSTEM:main - register bean name=fire.pb.npc.SHireNpc
2016-09-09 14:55:39:633  INFO SYSTEM:main - register bean name=fire.pb.npc.SLeitaiLevel
2016-09-09 14:55:41:701  INFO SYSTEM:main - register bean name=fire.pb.npc.SMonsterConfig
2016-09-09 14:55:41:717  INFO SYSTEM:main - register bean name=fire.pb.npc.SMonstershowConfig
2016-09-09 14:55:41:749  INFO SYSTEM:main - register bean name=fire.pb.npc.SNpcNameRandom
2016-09-09 14:55:41:780  INFO SYSTEM:main - register bean name=fire.pb.npc.SNpcPreNameRandom
2016-09-09 14:55:41:827  INFO SYSTEM:main - register bean name=fire.pb.npc.SNpcServiceConfig
2016-09-09 14:55:41:874  INFO SYSTEM:main - register bean name=fire.pb.npc.SNpcServiceMapping
2016-09-09 14:55:41:921  INFO SYSTEM:main - register bean name=fire.pb.npc.SNpcShape
2016-09-09 14:55:41:999  INFO SYSTEM:main - register bean name=fire.pb.npc.SNpcShare
2016-09-09 14:55:42:046  INFO SYSTEM:main - register bean name=fire.pb.npc.SRefreshTimerNpc
2016-09-09 14:55:42:093  INFO SYSTEM:main - register bean name=fire.pb.npc.SRefreshTimerNpcDianKa
2016-09-09 14:55:42:124  INFO SYSTEM:main - register bean name=fire.pb.npc.SRide
2016-09-09 14:55:42:155  INFO SYSTEM:main - register bean name=fire.pb.npc.SRideItem
2016-09-09 14:55:42:202  INFO SYSTEM:main - register bean name=fire.pb.npc.SServiceConds
2016-09-09 14:55:42:343  INFO SYSTEM:main - register bean name=fire.pb.npc.SWildMonsterConfig
2016-09-09 14:55:42:484  INFO SYSTEM:main - register bean name=fire.pb.pet.PetAttr
2016-09-09 14:55:42:499  INFO SYSTEM:main - register bean name=fire.pb.pet.PetAttrModData
2016-09-09 14:55:42:577  INFO SYSTEM:main - register bean name=fire.pb.pet.PetColumnConfig
2016-09-09 14:55:42:609  INFO SYSTEM:main - register bean name=fire.pb.pet.PetLearnSkillRateConfig
2016-09-09 14:55:42:624  INFO SYSTEM:main - register bean name=fire.pb.pet.PetNextExp
2016-09-09 14:55:42:640  INFO SYSTEM:main - register bean name=fire.pb.pet.PetResetPointConfig
2016-09-09 14:55:42:671  INFO SYSTEM:main - register bean name=fire.pb.pet.PetSynthesizeSkillRateConfig
2016-09-09 14:55:42:671  INFO SYSTEM:main - register bean name=fire.pb.pet.SPetDepotPrice
2016-09-09 14:55:42:702  INFO SYSTEM:main - register bean name=fire.pb.pet.SShenShouInc
2016-09-09 14:55:42:749  INFO SYSTEM:main - register bean name=fire.pb.role.AttrModData
2016-09-09 14:55:42:785  INFO SYSTEM:main - register bean name=fire.pb.role.NextExpAndResMoney
2016-09-09 14:55:42:817  INFO SYSTEM:main - register bean name=fire.pb.role.Redirect
2016-09-09 14:55:42:832  INFO SYSTEM:main - register bean name=fire.pb.role.RoleConfig
2016-09-09 14:55:42:879  INFO SYSTEM:main - register bean name=fire.pb.role.RoleModData
2016-09-09 14:55:42:910  INFO SYSTEM:main - register bean name=fire.pb.role.Saddpointchange
2016-09-09 14:55:42:926  INFO SYSTEM:main - register bean name=fire.pb.role.SCreateRoleConfig
2016-09-09 14:55:42:973  INFO SYSTEM:main - register bean name=fire.pb.role.SEquipEffectConfig
2016-09-09 14:55:42:988  INFO SYSTEM:main - register bean name=fire.pb.role.SRoleNameData
2016-09-09 14:55:43:020  INFO SYSTEM:main - register bean name=fire.pb.role.SRoleRColorConfig
2016-09-09 14:55:43:020  INFO SYSTEM:main - register bean name=fire.pb.role.SRoleSymbolRepository
2016-09-09 14:55:43:035  INFO SYSTEM:main - register bean name=fire.pb.role.SServerMaxLevelConfig
2016-09-09 14:55:43:067  INFO SYSTEM:main - register bean name=fire.pb.role.SServiceExpConfig
2016-09-09 14:55:43:098  INFO SYSTEM:main - register bean name=fire.pb.role.SServiceLevelConfig
2016-09-09 14:55:43:145  INFO SYSTEM:main - register bean name=fire.pb.shop.DMarketFirstTable
2016-09-09 14:55:43:192  INFO SYSTEM:main - register bean name=fire.pb.shop.DMarketThreeTable
2016-09-09 14:55:43:254  INFO SYSTEM:main - register bean name=fire.pb.shop.DSGoods
2016-09-09 14:55:43:301  INFO SYSTEM:main - register bean name=fire.pb.shop.DSMallShop
2016-09-09 14:55:43:332  INFO SYSTEM:main - register bean name=fire.pb.shop.DSNpcSale
2016-09-09 14:55:43:348  INFO SYSTEM:main - register bean name=fire.pb.shop.MarketFirstTable
2016-09-09 14:55:43:379  INFO SYSTEM:main - register bean name=fire.pb.shop.MarketThreeTable
2016-09-09 14:55:43:410  INFO SYSTEM:main - register bean name=fire.pb.shop.SGoods
2016-09-09 14:55:43:426  INFO SYSTEM:main - register bean name=fire.pb.shop.SMallShop
2016-09-09 14:55:43:442  INFO SYSTEM:main - register bean name=fire.pb.shop.SNpcSale
2016-09-09 14:55:43:488  INFO SYSTEM:main - register bean name=fire.pb.shop.SPetShop
2016-09-09 14:55:43:520  INFO SYSTEM:main - register bean name=fire.pb.skill.SActionTime
2016-09-09 14:55:43:567  INFO SYSTEM:main - register bean name=fire.pb.skill.SAssistSkill
2016-09-09 14:55:43:598  INFO SYSTEM:main - register bean name=fire.pb.skill.SInbornConsume
2016-09-09 14:55:43:676  INFO SYSTEM:main - register bean name=fire.pb.skill.SInbornEffectSkill
2016-09-09 14:55:43:723  INFO SYSTEM:main - register bean name=fire.pb.skill.SInbornInfo
2016-09-09 14:55:43:770  INFO SYSTEM:main - register bean name=fire.pb.skill.SInbornMaxLevel
2016-09-09 14:55:43:793  INFO SYSTEM:main - register bean name=fire.pb.skill.SLifeSkill
2016-09-09 14:55:43:840  INFO SYSTEM:main - register bean name=fire.pb.skill.SLifeSkillCost
2016-09-09 14:55:43:887  INFO SYSTEM:main - register bean name=fire.pb.skill.SNuqiget
2016-09-09 14:55:43:918  INFO SYSTEM:main - register bean name=fire.pb.skill.SParticeSkillLevelup
2016-09-09 14:55:43:934  INFO SYSTEM:main - register bean name=fire.pb.skill.SPetSkillitem
2016-09-09 14:55:44:012  INFO SYSTEM:main - register bean name=fire.pb.skill.SPetSkillupgrade
2016-09-09 14:55:44:043  INFO SYSTEM:main - register bean name=fire.pb.skill.SPointCardParticeSkillLevelup
2016-09-09 14:55:44:059  INFO SYSTEM:main - register bean name=fire.pb.skill.SPracticeItemExp
2016-09-09 14:55:44:074  INFO SYSTEM:main - register bean name=fire.pb.skill.SSceneSkillConfig
2016-09-09 14:55:44:090  INFO SYSTEM:main - register bean name=fire.pb.skill.SSchoolSkillitem
2016-09-09 14:55:44:168  INFO SYSTEM:main - register bean name=fire.pb.skill.SSkillConfig
2016-09-09 14:55:44:199  INFO SYSTEM:main - register bean name=fire.pb.skill.SSkillInfoConfig
2016-09-09 14:55:44:309  INFO SYSTEM:main - register bean name=fire.pb.skill.SSubSkillConfig
2016-09-09 14:55:44:324  INFO SYSTEM:main - register bean name=fire.pb.SysConfig.SHotdeployClass
2016-09-09 14:55:44:355  INFO SYSTEM:main - register bean name=fire.pb.SysConfig.SSysconfig
2016-09-09 14:55:44:387  INFO SYSTEM:main - register bean name=fire.pb.team.DSTeamMatchInfo
2016-09-09 14:55:44:418  INFO SYSTEM:main - register bean name=fire.pb.team.SGuangHuanLevelup
2016-09-09 14:55:44:449  INFO SYSTEM:main - register bean name=fire.pb.team.STeamListInfo
2016-09-09 14:55:44:465  INFO SYSTEM:main - register bean name=fire.pb.team.STeamMatchInfo
2016-09-09 14:55:44:512  INFO SYSTEM:main - register bean name=fire.pb.team.SZhenFaeffect
2016-09-09 14:55:44:559  INFO SYSTEM:main - register bean name=fire.pb.timer.SScheculedActivity
2016-09-09 14:55:44:590  INFO SYSTEM:main - register bean name=fire.pb.timer.SScheculedActivityDianKa
2016-09-09 14:55:44:621  INFO SYSTEM:main - register bean name=fire.pb.title.SItemTitleConfig
2016-09-09 14:55:44:652  INFO SYSTEM:main - register bean name=fire.pb.title.STitleConfig
2016-09-09 14:55:44:699  INFO SYSTEM:main - register bean name=fire.pb.triggers.STriggerCondition
2016-09-09 14:55:44:730  INFO SYSTEM:main - register bean name=fire.pb.triggers.STriggerCondition4D
2016-09-09 14:55:44:762  INFO SYSTEM:main - register properties=activity
2016-09-09 14:55:44:777  INFO SYSTEM:main - register properties=battle
2016-09-09 14:55:44:788  INFO SYSTEM:main - register properties=cross
2016-09-09 14:55:44:790  INFO SYSTEM:main - register properties=forbid
2016-09-09 14:55:44:791  INFO SYSTEM:main - register properties=fushi
2016-09-09 14:55:44:807  INFO SYSTEM:main - register properties=game
2016-09-09 14:55:44:807  INFO SYSTEM:main - register properties=item
2016-09-09 14:55:44:822  INFO SYSTEM:main - register properties=market
2016-09-09 14:55:44:838  INFO SYSTEM:main - register properties=message
2016-09-09 14:55:44:838  INFO SYSTEM:main - register properties=npc
2016-09-09 14:55:44:838  INFO SYSTEM:main - register properties=operlog
2016-09-09 14:55:44:838  INFO SYSTEM:main - register properties=robot
2016-09-09 14:55:44:854  INFO SYSTEM:main - register properties=school
2016-09-09 14:55:44:854  INFO SYSTEM:main - register properties=serverid
2016-09-09 14:55:44:854  INFO SYSTEM:main - register properties=skill
2016-09-09 14:55:44:854  INFO SYSTEM:main - register properties=specialquest
2016-09-09 14:55:44:869  INFO SYSTEM:main - register properties=sys
2016-09-09 14:55:44:869  INFO SYSTEM:main - register properties=task
2016-09-09 14:56:00:576  INFO SYSTEM:I/O dispatcher 3 - http response completed:HTTP/1.1 200 OK;thread:72
2016-09-09 14:56:00:576 ERROR SYSTEM:I/O dispatcher 3 - http response failed:java.net.UnknownHostException: smsservice.locojoy.com;thread:72
2016-09-09 14:56:25:681  INFO SYSTEM:main - 将在 32374 秒后开始第一次EndOfDayTask
2016-09-09 14:56:25:775  INFO SYSTEM:main - 将在 32616 秒后开始第一次BeginOfDayTask
2016-09-09 14:56:26:824  INFO SYSTEM:mkdb.Worker.scheduled.30 - gametime update.curGameTime:-1gametime:10
2016-09-09 14:56:30:577  INFO SYSTEM:mkdb.Worker.procedure.39 - Server start clear timeout offline protocol.
2016-09-09 14:56:45:097  INFO SYSTEM:mkdb.Worker.scheduled.21 - gametime update.curGameTime:9gametime:10
2016-09-09 14:57:39:900  INFO SYSTEM:I/O dispatcher 4 - http response completed:HTTP/1.1 200 OK;thread:73
2016-09-09 14:57:39:900 ERROR SYSTEM:I/O dispatcher 4 - http response failed:java.net.UnknownHostException: smsservice.locojoy.com;thread:73
2016-09-09 14:57:45:505  INFO SYSTEM:I/O dispatcher 4 - http response completed:HTTP/1.1 200 OK;thread:73
2016-09-09 14:57:59:745 ERROR SYSTEM:mkdb.Worker.procedure.40 - OpTokenLog error: code=2147
2016-09-09 14:59:01:281  INFO SYSTEM:main - SERVER STARTING...
2016-09-09 14:59:01:416  INFO SYSTEM:main - register bean name=fire.pb.activity.ActivityConfNew
2016-09-09 14:59:01:416  INFO SYSTEM:main - register bean name=fire.pb.activity.ActivityConfNew4D
2016-09-09 14:59:01:432  INFO SYSTEM:main - register bean name=fire.pb.activity.SFestivalConf
2016-09-09 14:59:01:432  INFO SYSTEM:main - register bean name=fire.pb.activity.SFestivalConf4D
2016-09-09 14:59:01:494  INFO SYSTEM:main - register bean name=fire.pb.battle.SAIAction
2016-09-09 14:59:01:557  INFO SYSTEM:main - register bean name=fire.pb.battle.SBattleAI
2016-09-09 14:59:01:712  INFO SYSTEM:main - register bean name=fire.pb.battle.SBattleInfo
2016-09-09 14:59:01:716  INFO SYSTEM:main - register bean name=fire.pb.battle.SBattleMonsterConfig
2016-09-09 14:59:01:718  INFO SYSTEM:main - register bean name=fire.pb.battle.SCatchRate
2016-09-09 14:59:01:733  INFO SYSTEM:main - register bean name=fire.pb.battle.SCondition
2016-09-09 14:59:01:735  INFO SYSTEM:main - register bean name=fire.pb.battle.SEffectPostions
2016-09-09 14:59:01:738  INFO SYSTEM:main - register bean name=fire.pb.battle.SFormationConfig
2016-09-09 14:59:01:740  INFO SYSTEM:main - register bean name=fire.pb.battle.SRoleFighteAI
2016-09-09 14:59:01:752  INFO SYSTEM:main - register bean name=fire.pb.battle.STargetFilter
2016-09-09 14:59:01:763  INFO SYSTEM:main - register bean name=fire.pb.buff.SBuffClashs
2016-09-09 14:59:01:782  INFO SYSTEM:main - register bean name=fire.pb.buff.SCBuffConfig
2016-09-09 14:59:01:800  INFO SYSTEM:main - register bean name=fire.pb.buff.SIBuffConfig
2016-09-09 14:59:01:926  INFO SYSTEM:main - register bean name=fire.pb.circletask.AnYeMaXiTuanConf
2016-09-09 14:59:01:928  INFO SYSTEM:main - register bean name=fire.pb.circletask.CircleTaskAutoAccept
2016-09-09 14:59:01:934  INFO SYSTEM:main - register bean name=fire.pb.circletask.CircTask
2016-09-09 14:59:01:941  INFO SYSTEM:main - register bean name=fire.pb.circletask.CircTaskChallengeNpc
2016-09-09 14:59:01:946  INFO SYSTEM:main - register bean name=fire.pb.circletask.CircTaskConf
2016-09-09 14:59:01:957  INFO SYSTEM:main - register bean name=fire.pb.circletask.CircTaskItemCollect
2016-09-09 14:59:01:976  INFO SYSTEM:main - register bean name=fire.pb.circletask.CircTaskItemFind
2016-09-09 14:59:01:981  INFO SYSTEM:main - register bean name=fire.pb.circletask.CircTaskItemFindLegend
2016-09-09 14:59:01:986  INFO SYSTEM:main - register bean name=fire.pb.circletask.CircTaskItemUse
2016-09-09 14:59:01:992  INFO SYSTEM:main - register bean name=fire.pb.circletask.CircTaskKillMonster
2016-09-09 14:59:01:998  INFO SYSTEM:main - register bean name=fire.pb.circletask.CircTaskMailNpc
2016-09-09 14:59:02:003  INFO SYSTEM:main - register bean name=fire.pb.circletask.CircTaskPatrol
2016-09-09 14:59:02:009  INFO SYSTEM:main - register bean name=fire.pb.circletask.CircTaskPetCatch
2016-09-09 14:59:02:020  INFO SYSTEM:main - register bean name=fire.pb.circletask.DemonstrateDefaultMonster
2016-09-09 14:59:02:020  INFO SYSTEM:main - register bean name=fire.pb.circletask.PVPAwardConfig
2016-09-09 14:59:02:020  INFO SYSTEM:main - register bean name=fire.pb.circletask.PVPMatchTimeConfig
2016-09-09 14:59:02:020  INFO SYSTEM:main - register bean name=fire.pb.circletask.PVPScoreAwardConfig
2016-09-09 14:59:02:035  INFO SYSTEM:main - register bean name=fire.pb.circletask.Random4AnYeMaXiTuan
2016-09-09 14:59:02:035  INFO SYSTEM:main - register bean name=fire.pb.circletask.RenXingCircTaskCost
2016-09-09 14:59:02:051  INFO SYSTEM:main - register bean name=fire.pb.circletask.SCircTaskMonsterConfig
2016-09-09 14:59:02:051  INFO SYSTEM:main - register bean name=fire.pb.circletask.SPVP1MapConfig
2016-09-09 14:59:02:051  INFO SYSTEM:main - register bean name=fire.pb.circletask.SPVP3MapConfig
2016-09-09 14:59:02:067  INFO SYSTEM:main - register bean name=fire.pb.circletask.SPVP5MapConfig
2016-09-09 14:59:02:067  INFO SYSTEM:main - register bean name=fire.pb.clan.SClanDrugstore
2016-09-09 14:59:02:067  INFO SYSTEM:main - register bean name=fire.pb.clan.SClanFight
2016-09-09 14:59:02:082  INFO SYSTEM:main - register bean name=fire.pb.clan.SClanGoldBank
2016-09-09 14:59:02:082  INFO SYSTEM:main - register bean name=fire.pb.clan.SClanHotel
2016-09-09 14:59:02:082  INFO SYSTEM:main - register bean name=fire.pb.clan.SClanLobby
2016-09-09 14:59:02:098  INFO SYSTEM:main - register bean name=fire.pb.clan.SClanPosition
2016-09-09 14:59:02:098  INFO SYSTEM:main - register bean name=fire.pb.clan.SClanyaofang
2016-09-09 14:59:02:113  INFO SYSTEM:main - register bean name=fire.pb.clan.SRuneSet
2016-09-09 14:59:02:129  INFO SYSTEM:main - register bean name=fire.pb.common.SCommon
2016-09-09 14:59:02:129  INFO SYSTEM:main - register bean name=fire.pb.effect.SAbilityScore
2016-09-09 14:59:02:145  INFO SYSTEM:main - register bean name=fire.pb.effect.SAttrEffectID2Name
2016-09-09 14:59:02:160  INFO SYSTEM:main - register bean name=fire.pb.effect.SEquipAbilityScore
2016-09-09 14:59:02:160  INFO SYSTEM:main - register bean name=fire.pb.effect.SEquipSkillShowConfig
2016-09-09 14:59:02:176  INFO SYSTEM:main - register bean name=fire.pb.effect.SPetAbilityScore
2016-09-09 14:59:02:176  INFO SYSTEM:main - register bean name=fire.pb.friends.FriendGiveGift
2016-09-09 14:59:02:176  INFO SYSTEM:main - register bean name=fire.pb.friends.FriendGiveItem
2016-09-09 14:59:02:238  INFO SYSTEM:main - register bean name=fire.pb.friends.MyRecruitAwards
2016-09-09 14:59:02:270  INFO SYSTEM:main - register bean name=fire.pb.friends.RecruitAwards
2016-09-09 14:59:02:270  INFO SYSTEM:main - register bean name=fire.pb.friends.SpaceDropGift
2016-09-09 14:59:02:285  INFO SYSTEM:main - register bean name=fire.pb.friends.XshGiveGift
2016-09-09 14:59:02:306  INFO SYSTEM:main - register bean name=fire.pb.fushi.SAddCash
2016-09-09 14:59:02:306  INFO SYSTEM:main - register bean name=fire.pb.fushi.SAddCashPCard
2016-09-09 14:59:02:322  INFO SYSTEM:main - register bean name=fire.pb.fushi.SChargeReturnProfit
2016-09-09 14:59:02:322  INFO SYSTEM:main - register bean name=fire.pb.fushi.SCommonDayPay
2016-09-09 14:59:02:337  INFO SYSTEM:main - register bean name=fire.pb.fushi.SCreditPoint
2016-09-09 14:59:02:353  INFO SYSTEM:main - register bean name=fire.pb.fushi.SFreeDisRewardConfig
2016-09-09 14:59:02:353  INFO SYSTEM:main - register bean name=fire.pb.fushi.SFreeDisRewardConfigDayPay
2016-09-09 14:59:02:353  INFO SYSTEM:main - register bean name=fire.pb.fushi.SMonthCardConfig
2016-09-09 14:59:02:384  INFO SYSTEM:main - register bean name=fire.pb.fushi.SMonthCardConfigDayPay
2016-09-09 14:59:02:384  INFO SYSTEM:main - register bean name=fire.pb.fushi.SRedPackConfig
2016-09-09 14:59:02:400  INFO SYSTEM:main - register bean name=fire.pb.fushi.SSpotCardConfig
2016-09-09 14:59:02:400  INFO SYSTEM:main - register bean name=fire.pb.fushi.SVipInfoConfig
2016-09-09 14:59:02:462  INFO SYSTEM:main - register bean name=fire.pb.game.SActivityAward
2016-09-09 14:59:02:494  INFO SYSTEM:main - register bean name=fire.pb.game.SBindTelAward
2016-09-09 14:59:02:509  INFO SYSTEM:main - register bean name=fire.pb.game.SCrossGlobal
2016-09-09 14:59:02:509  INFO SYSTEM:main - register bean name=fire.pb.game.Sdongtaifuwu
2016-09-09 14:59:02:525  INFO SYSTEM:main - register bean name=fire.pb.game.SFirstPayReward
2016-09-09 14:59:02:541  INFO SYSTEM:main - register bean name=fire.pb.game.SFortuneWheel
2016-09-09 14:59:02:587  INFO SYSTEM:main - register bean name=fire.pb.game.SImperialExamProvinceRepo
2016-09-09 14:59:02:587  INFO SYSTEM:main - register bean name=fire.pb.game.SImperialExamStateRankReward
2016-09-09 14:59:02:650  INFO SYSTEM:main - register bean name=fire.pb.game.SImperialExamStateRepo
2016-09-09 14:59:02:666  INFO SYSTEM:main - register bean name=fire.pb.game.SImperialExamVillageRepo
2016-09-09 14:59:02:681  INFO SYSTEM:main - register bean name=fire.pb.game.Smuldayloginreward
2016-09-09 14:59:02:681  INFO SYSTEM:main - register bean name=fire.pb.game.Snpcjianglifafang
2016-09-09 14:59:02:759  INFO SYSTEM:main - register bean name=fire.pb.game.SPointCardActivityAward
2016-09-09 14:59:02:791  INFO SYSTEM:main - register bean name=fire.pb.game.SPointCardBindTelAward
2016-09-09 14:59:02:791  INFO SYSTEM:main - register bean name=fire.pb.game.SPointCardFirstPayReward
2016-09-09 14:59:02:884  INFO SYSTEM:main - register bean name=fire.pb.game.SPointCardImperialExamProvinceRepo
2016-09-09 14:59:02:962  INFO SYSTEM:main - register bean name=fire.pb.game.SPointCardImperialExamStateRepo
2016-09-09 14:59:03:009  INFO SYSTEM:main - register bean name=fire.pb.game.SPointCardImperialExamVillageRepo
2016-09-09 14:59:03:025  INFO SYSTEM:main - register bean name=fire.pb.game.SPVPCrossWhiteList
2016-09-09 14:59:03:041  INFO SYSTEM:main - register bean name=fire.pb.game.Sregreward
2016-09-09 14:59:03:041  INFO SYSTEM:main - register bean name=fire.pb.game.SRollCardConfig
2016-09-09 14:59:03:041  INFO SYSTEM:main - register bean name=fire.pb.game.SSchoolWheel
2016-09-09 14:59:03:072  INFO SYSTEM:main - register bean name=fire.pb.game.STransferRoleTable
2016-09-09 14:59:03:087  INFO SYSTEM:main - register bean name=fire.pb.game.STransferTable
2016-09-09 14:59:03:103  INFO SYSTEM:main - register bean name=fire.pb.gm.About360XuanShang
2016-09-09 14:59:03:134  INFO SYSTEM:main - register bean name=fire.pb.gm.SGMStandard
2016-09-09 14:59:03:134  INFO SYSTEM:main - register bean name=fire.pb.instance.SBingFengCfg
2016-09-09 14:59:03:150  INFO SYSTEM:main - register bean name=fire.pb.instance.SBingFengJiangLiCfg
2016-09-09 14:59:03:150  INFO SYSTEM:main - register bean name=fire.pb.instance.SBingFengPingJi
2016-09-09 14:59:03:166  INFO SYSTEM:main - register bean name=fire.pb.instance.SInstaceConfig
2016-09-09 14:59:03:166  INFO SYSTEM:main - register bean name=fire.pb.instance.SInstaceEvent
2016-09-09 14:59:03:181  INFO SYSTEM:main - register bean name=fire.pb.instance.SInstaceNpc
2016-09-09 14:59:03:181  INFO SYSTEM:main - register bean name=fire.pb.instance.SInstanceAct
2016-09-09 14:59:03:197  INFO SYSTEM:main - register bean name=fire.pb.instance.SInstanceChildSave
2016-09-09 14:59:03:197  INFO SYSTEM:main - register bean name=fire.pb.instance.SInstanceSave
2016-09-09 14:59:03:197  INFO SYSTEM:main - register bean name=fire.pb.instance.SInstanceService
2016-09-09 14:59:03:212  INFO SYSTEM:main - register bean name=fire.pb.item.BagConfig
2016-09-09 14:59:03:806  INFO SYSTEM:main - register bean name=fire.pb.item.DEquipItemShuXing
2016-09-09 14:59:03:841  INFO SYSTEM:main - register bean name=fire.pb.item.DgemItemShuXing
2016-09-09 14:59:03:935  INFO SYSTEM:main - register bean name=fire.pb.item.DGroceryItemShuXing
2016-09-09 14:59:03:935  INFO SYSTEM:main - register bean name=fire.pb.item.DItemClassConfig
2016-09-09 14:59:03:935  INFO SYSTEM:main - register bean name=fire.pb.item.DItemShuXing
2016-09-09 14:59:03:951  INFO SYSTEM:main - register bean name=fire.pb.item.DPetItemShuXing
2016-09-09 14:59:03:966  INFO SYSTEM:main - register bean name=fire.pb.item.DSEquipHeCheng
2016-09-09 14:59:03:982  INFO SYSTEM:main - register bean name=fire.pb.item.DSEquipLvGemInfo
2016-09-09 14:59:03:998  INFO SYSTEM:main - register bean name=fire.pb.item.DSFoodAndDrugEffect
2016-09-09 14:59:04:013  INFO SYSTEM:main - register bean name=fire.pb.item.DTaskItemShuXing
2016-09-09 14:59:04:451  INFO SYSTEM:main - register bean name=fire.pb.item.EquipItemShuXing
2016-09-09 14:59:04:466  INFO SYSTEM:main - register bean name=fire.pb.item.gemItemShuXing
2016-09-09 14:59:04:545  INFO SYSTEM:main - register bean name=fire.pb.item.GroceryItemShuXing
2016-09-09 14:59:04:545  INFO SYSTEM:main - register bean name=fire.pb.item.ItemClassConfig
2016-09-09 14:59:04:545  INFO SYSTEM:main - register bean name=fire.pb.item.ItemNameClassConfig
2016-09-09 14:59:04:545  INFO SYSTEM:main - register bean name=fire.pb.item.ItemShuXing
2016-09-09 14:59:04:576  INFO SYSTEM:main - register bean name=fire.pb.item.PetItemShuXing
2016-09-09 14:59:04:576  INFO SYSTEM:main - register bean name=fire.pb.item.QualityFormula
2016-09-09 14:59:04:576  INFO SYSTEM:main - register bean name=fire.pb.item.Sanquan
2016-09-09 14:59:04:591  INFO SYSTEM:main - register bean name=fire.pb.item.SBaoShiBiao
2016-09-09 14:59:04:591  INFO SYSTEM:main - register bean name=fire.pb.item.SBattleUseItem
2016-09-09 14:59:04:607  INFO SYSTEM:main - register bean name=fire.pb.item.SCanntInChangKu
2016-09-09 14:59:04:607  INFO SYSTEM:main - register bean name=fire.pb.item.SChangKuExt
2016-09-09 14:59:04:654  INFO SYSTEM:main - register bean name=fire.pb.item.SDianKaLibaoConfig
2016-09-09 14:59:04:670  INFO SYSTEM:main - register bean name=fire.pb.item.SDirectUseItem
2016-09-09 14:59:04:701  INFO SYSTEM:main - register bean name=fire.pb.item.SEquipAddattributelib
2016-09-09 14:59:04:779  INFO SYSTEM:main - register bean name=fire.pb.item.SEquipAddattributerandomlib
2016-09-09 14:59:04:810  INFO SYSTEM:main - register bean name=fire.pb.item.SEquipHeCheng
2016-09-09 14:59:05:058  INFO SYSTEM:main - register bean name=fire.pb.item.SEquipIteminfo
2016-09-09 14:59:05:058  INFO SYSTEM:main - register bean name=fire.pb.item.SEquipLvGemInfo
2016-09-09 14:59:05:105  INFO SYSTEM:main - register bean name=fire.pb.item.SEquipMakeInfo
2016-09-09 14:59:05:120  INFO SYSTEM:main - register bean name=fire.pb.item.SEquipNaiJiuXiaoHao
2016-09-09 14:59:05:120  INFO SYSTEM:main - register bean name=fire.pb.item.SFoodAndDrugEffect
2016-09-09 14:59:05:151  INFO SYSTEM:main - register bean name=fire.pb.item.SItemBuff
2016-09-09 14:59:05:151  INFO SYSTEM:main - register bean name=fire.pb.item.SItemToDbPoint
2016-09-09 14:59:05:167  INFO SYSTEM:main - register bean name=fire.pb.item.SItemToHuoban
2016-09-09 14:59:05:198  INFO SYSTEM:main - register bean name=fire.pb.item.SItemToItem
2016-09-09 14:59:05:198  INFO SYSTEM:main - register bean name=fire.pb.item.SItemToPet
2016-09-09 14:59:05:198  INFO SYSTEM:main - register bean name=fire.pb.item.SItemUseTime
2016-09-09 14:59:05:245  INFO SYSTEM:main - register bean name=fire.pb.item.SLibaoConfig
2016-09-09 14:59:05:245  INFO SYSTEM:main - register bean name=fire.pb.item.SParkExtTable
2016-09-09 14:59:05:261  INFO SYSTEM:main - register bean name=fire.pb.item.SPetSkillSuccessConfig
2016-09-09 14:59:05:261  INFO SYSTEM:main - register bean name=fire.pb.item.SProduceItem
2016-09-09 14:59:05:276  INFO SYSTEM:main - register bean name=fire.pb.item.SRankListNumConfig
2016-09-09 14:59:05:276  INFO SYSTEM:main - register bean name=fire.pb.item.STimeReturn
2016-09-09 14:59:05:276  INFO SYSTEM:main - register bean name=fire.pb.item.STimingReward
2016-09-09 14:59:05:276  INFO SYSTEM:main - register bean name=fire.pb.item.STransformationConfig
2016-09-09 14:59:05:276  INFO SYSTEM:main - register bean name=fire.pb.item.STransformationEffectConfig
2016-09-09 14:59:05:292  INFO SYSTEM:main - register bean name=fire.pb.item.TaskItemShuXing
2016-09-09 14:59:05:308  INFO SYSTEM:main - register bean name=fire.pb.login.SCompensationConfig
2016-09-09 14:59:05:308  INFO SYSTEM:main - register bean name=fire.pb.main.HotfixConfig
2016-09-09 14:59:05:308  INFO SYSTEM:main - register bean name=fire.pb.main.HotfixXml2ModuleConfig
2016-09-09 14:59:05:308  INFO SYSTEM:main - register bean name=fire.pb.main.JumpQueueUser
2016-09-09 14:59:05:323  INFO SYSTEM:main - register bean name=fire.pb.main.LoginLimit
2016-09-09 14:59:05:323  INFO SYSTEM:main - register bean name=fire.pb.main.LoginQueueUp
2016-09-09 14:59:05:339  INFO SYSTEM:main - register bean name=fire.pb.main.ModuleInfo
2016-09-09 14:59:05:355  INFO SYSTEM:main - register bean name=fire.pb.map.MapConfig
2016-09-09 14:59:05:386  INFO SYSTEM:main - register bean name=fire.pb.map.SActivityAwardItems
2016-09-09 14:59:05:417  INFO SYSTEM:main - register bean name=fire.pb.map.SEventTimerNpc
2016-09-09 14:59:05:417  INFO SYSTEM:main - register bean name=fire.pb.map.SEventTimerNpcDianKa
2016-09-09 14:59:05:433  INFO SYSTEM:main - register bean name=fire.pb.map.SFindTreasureEvent
2016-09-09 14:59:05:433  INFO SYSTEM:main - register bean name=fire.pb.map.SFindTreasureEventDianKa
2016-09-09 14:59:05:448  INFO SYSTEM:main - register bean name=fire.pb.map.SFindTreasureGift
2016-09-09 14:59:05:448  INFO SYSTEM:main - register bean name=fire.pb.map.SFindTreasureGiftDianKa
2016-09-09 14:59:05:464  INFO SYSTEM:main - register bean name=fire.pb.map.SFindTreasureResult
2016-09-09 14:59:05:464  INFO SYSTEM:main - register bean name=fire.pb.map.SFindTreasureResultDianKa
2016-09-09 14:59:05:480  INFO SYSTEM:main - register bean name=fire.pb.map.SItemToPos
2016-09-09 14:59:05:495  INFO SYSTEM:main - register bean name=fire.pb.map.SMineArea
2016-09-09 14:59:05:495  INFO SYSTEM:main - register bean name=fire.pb.map.SShowAreainfo
2016-09-09 14:59:05:511  INFO SYSTEM:main - register bean name=fire.pb.map.SWorldMapConfig
2016-09-09 14:59:05:511  INFO SYSTEM:main - register bean name=fire.pb.message.SStringRes
2016-09-09 14:59:05:511  INFO SYSTEM:main - register bean name=fire.pb.mission.SActiveChestConfig
2016-09-09 14:59:05:542  INFO SYSTEM:main - register bean name=fire.pb.mission.SActiveChestConfig4D
2016-09-09 14:59:05:542  INFO SYSTEM:main - register bean name=fire.pb.mission.SActivityQuestion
2016-09-09 14:59:05:558  INFO SYSTEM:main - register bean name=fire.pb.mission.SAllTaskLine
2016-09-09 14:59:05:558  INFO SYSTEM:main - register bean name=fire.pb.mission.Sbukefangqirenwu
2016-09-09 14:59:05:573  INFO SYSTEM:main - register bean name=fire.pb.mission.SGuideCourse
2016-09-09 14:59:05:573  INFO SYSTEM:main - register bean name=fire.pb.mission.SGuideCourseDianKa
2016-09-09 14:59:05:605  INFO SYSTEM:main - register bean name=fire.pb.mission.SLandFightConfig
2016-09-09 14:59:05:605  INFO SYSTEM:main - register bean name=fire.pb.mission.SLandPingJi
2016-09-09 14:59:05:620  INFO SYSTEM:main - register bean name=fire.pb.mission.SLandTask
2016-09-09 14:59:05:620  INFO SYSTEM:main - register bean name=fire.pb.mission.SLandTaskConfig
2016-09-09 14:59:05:620  INFO SYSTEM:main - register bean name=fire.pb.mission.SLinepingji
2016-09-09 14:59:05:636  INFO SYSTEM:main - register bean name=fire.pb.mission.SLineTask
2016-09-09 14:59:05:651  INFO SYSTEM:main - register bean name=fire.pb.mission.SLineTaskConfig
2016-09-09 14:59:05:667  INFO SYSTEM:main - register bean name=fire.pb.mission.SLineTaskFight
2016-09-09 14:59:05:823  INFO SYSTEM:main - register bean name=fire.pb.mission.SMissionData
2016-09-09 14:59:05:829  INFO SYSTEM:main - register bean name=fire.pb.mission.SNewFunctionOpen
2016-09-09 14:59:05:829  INFO SYSTEM:main - register bean name=fire.pb.mission.SQuestCanAcceptList
2016-09-09 14:59:05:845  INFO SYSTEM:main - register bean name=fire.pb.mission.SQuestCanAcceptListDianKa
2016-09-09 14:59:05:845  INFO SYSTEM:main - register bean name=fire.pb.mission.Squestions
2016-09-09 14:59:05:860  INFO SYSTEM:main - register bean name=fire.pb.mission.SSpecialScenarioQuestConfig
2016-09-09 14:59:05:860  INFO SYSTEM:main - register bean name=fire.pb.npc.SActivityNpcPos
2016-09-09 14:59:05:876  INFO SYSTEM:main - register bean name=fire.pb.npc.SAllConds
2016-09-09 14:59:05:876  INFO SYSTEM:main - register bean name=fire.pb.npc.SBaoxiang
2016-09-09 14:59:05:876  INFO SYSTEM:main - register bean name=fire.pb.npc.SchoolMaster
2016-09-09 14:59:05:891  INFO SYSTEM:main - register bean name=fire.pb.npc.SFestivalGift
2016-09-09 14:59:05:891  INFO SYSTEM:main - register bean name=fire.pb.npc.SGatherConfig
2016-09-09 14:59:05:907  INFO SYSTEM:main - register bean name=fire.pb.npc.SHeroBaseInfo
2016-09-09 14:59:05:907  INFO SYSTEM:main - register bean name=fire.pb.npc.SHeroWeekFreeInfo
2016-09-09 14:59:05:907  INFO SYSTEM:main - register bean name=fire.pb.npc.SHireNpc
2016-09-09 14:59:05:923  INFO SYSTEM:main - register bean name=fire.pb.npc.SLeitaiLevel
2016-09-09 14:59:07:850  INFO SYSTEM:main - register bean name=fire.pb.npc.SMonsterConfig
2016-09-09 14:59:07:863  INFO SYSTEM:main - register bean name=fire.pb.npc.SMonstershowConfig
2016-09-09 14:59:07:896  INFO SYSTEM:main - register bean name=fire.pb.npc.SNpcNameRandom
2016-09-09 14:59:08:037  INFO SYSTEM:main - register bean name=fire.pb.npc.SNpcPreNameRandom
2016-09-09 14:59:08:084  INFO SYSTEM:main - register bean name=fire.pb.npc.SNpcServiceConfig
2016-09-09 14:59:08:115  INFO SYSTEM:main - register bean name=fire.pb.npc.SNpcServiceMapping
2016-09-09 14:59:08:162  INFO SYSTEM:main - register bean name=fire.pb.npc.SNpcShape
2016-09-09 14:59:08:240  INFO SYSTEM:main - register bean name=fire.pb.npc.SNpcShare
2016-09-09 14:59:08:302  INFO SYSTEM:main - register bean name=fire.pb.npc.SRefreshTimerNpc
2016-09-09 14:59:08:334  INFO SYSTEM:main - register bean name=fire.pb.npc.SRefreshTimerNpcDianKa
2016-09-09 14:59:08:365  INFO SYSTEM:main - register bean name=fire.pb.npc.SRide
2016-09-09 14:59:08:396  INFO SYSTEM:main - register bean name=fire.pb.npc.SRideItem
2016-09-09 14:59:08:443  INFO SYSTEM:main - register bean name=fire.pb.npc.SServiceConds
2016-09-09 14:59:08:584  INFO SYSTEM:main - register bean name=fire.pb.npc.SWildMonsterConfig
2016-09-09 14:59:08:677  INFO SYSTEM:main - register bean name=fire.pb.pet.PetAttr
2016-09-09 14:59:08:693  INFO SYSTEM:main - register bean name=fire.pb.pet.PetAttrModData
2016-09-09 14:59:08:771  INFO SYSTEM:main - register bean name=fire.pb.pet.PetColumnConfig
2016-09-09 14:59:08:802  INFO SYSTEM:main - register bean name=fire.pb.pet.PetLearnSkillRateConfig
2016-09-09 14:59:08:818  INFO SYSTEM:main - register bean name=fire.pb.pet.PetNextExp
2016-09-09 14:59:08:834  INFO SYSTEM:main - register bean name=fire.pb.pet.PetResetPointConfig
2016-09-09 14:59:08:865  INFO SYSTEM:main - register bean name=fire.pb.pet.PetSynthesizeSkillRateConfig
2016-09-09 14:59:08:890  INFO SYSTEM:main - register bean name=fire.pb.pet.SPetDepotPrice
2016-09-09 14:59:08:906  INFO SYSTEM:main - register bean name=fire.pb.pet.SShenShouInc
2016-09-09 14:59:08:968  INFO SYSTEM:main - register bean name=fire.pb.role.AttrModData
2016-09-09 14:59:08:999  INFO SYSTEM:main - register bean name=fire.pb.role.NextExpAndResMoney
2016-09-09 14:59:09:031  INFO SYSTEM:main - register bean name=fire.pb.role.Redirect
2016-09-09 14:59:09:093  INFO SYSTEM:main - register bean name=fire.pb.role.RoleConfig
2016-09-09 14:59:09:124  INFO SYSTEM:main - register bean name=fire.pb.role.RoleModData
2016-09-09 14:59:09:156  INFO SYSTEM:main - register bean name=fire.pb.role.Saddpointchange
2016-09-09 14:59:09:171  INFO SYSTEM:main - register bean name=fire.pb.role.SCreateRoleConfig
2016-09-09 14:59:09:187  INFO SYSTEM:main - register bean name=fire.pb.role.SEquipEffectConfig
2016-09-09 14:59:09:218  INFO SYSTEM:main - register bean name=fire.pb.role.SRoleNameData
2016-09-09 14:59:09:234  INFO SYSTEM:main - register bean name=fire.pb.role.SRoleRColorConfig
2016-09-09 14:59:09:234  INFO SYSTEM:main - register bean name=fire.pb.role.SRoleSymbolRepository
2016-09-09 14:59:09:249  INFO SYSTEM:main - register bean name=fire.pb.role.SServerMaxLevelConfig
2016-09-09 14:59:09:296  INFO SYSTEM:main - register bean name=fire.pb.role.SServiceExpConfig
2016-09-09 14:59:09:328  INFO SYSTEM:main - register bean name=fire.pb.role.SServiceLevelConfig
2016-09-09 14:59:09:359  INFO SYSTEM:main - register bean name=fire.pb.shop.DMarketFirstTable
2016-09-09 14:59:09:421  INFO SYSTEM:main - register bean name=fire.pb.shop.DMarketThreeTable
2016-09-09 14:59:09:484  INFO SYSTEM:main - register bean name=fire.pb.shop.DSGoods
2016-09-09 14:59:09:531  INFO SYSTEM:main - register bean name=fire.pb.shop.DSMallShop
2016-09-09 14:59:09:562  INFO SYSTEM:main - register bean name=fire.pb.shop.DSNpcSale
2016-09-09 14:59:09:562  INFO SYSTEM:main - register bean name=fire.pb.shop.MarketFirstTable
2016-09-09 14:59:09:609  INFO SYSTEM:main - register bean name=fire.pb.shop.MarketThreeTable
2016-09-09 14:59:09:640  INFO SYSTEM:main - register bean name=fire.pb.shop.SGoods
2016-09-09 14:59:09:656  INFO SYSTEM:main - register bean name=fire.pb.shop.SMallShop
2016-09-09 14:59:09:671  INFO SYSTEM:main - register bean name=fire.pb.shop.SNpcSale
2016-09-09 14:59:09:718  INFO SYSTEM:main - register bean name=fire.pb.shop.SPetShop
2016-09-09 14:59:09:749  INFO SYSTEM:main - register bean name=fire.pb.skill.SActionTime
2016-09-09 14:59:09:796  INFO SYSTEM:main - register bean name=fire.pb.skill.SAssistSkill
2016-09-09 14:59:09:828  INFO SYSTEM:main - register bean name=fire.pb.skill.SInbornConsume
2016-09-09 14:59:09:874  INFO SYSTEM:main - register bean name=fire.pb.skill.SInbornEffectSkill
2016-09-09 14:59:09:913  INFO SYSTEM:main - register bean name=fire.pb.skill.SInbornInfo
2016-09-09 14:59:09:960  INFO SYSTEM:main - register bean name=fire.pb.skill.SInbornMaxLevel
2016-09-09 14:59:09:975  INFO SYSTEM:main - register bean name=fire.pb.skill.SLifeSkill
2016-09-09 14:59:10:022  INFO SYSTEM:main - register bean name=fire.pb.skill.SLifeSkillCost
2016-09-09 14:59:10:069  INFO SYSTEM:main - register bean name=fire.pb.skill.SNuqiget
2016-09-09 14:59:10:100  INFO SYSTEM:main - register bean name=fire.pb.skill.SParticeSkillLevelup
2016-09-09 14:59:10:132  INFO SYSTEM:main - register bean name=fire.pb.skill.SPetSkillitem
2016-09-09 14:59:10:194  INFO SYSTEM:main - register bean name=fire.pb.skill.SPetSkillupgrade
2016-09-09 14:59:10:225  INFO SYSTEM:main - register bean name=fire.pb.skill.SPointCardParticeSkillLevelup
2016-09-09 14:59:10:241  INFO SYSTEM:main - register bean name=fire.pb.skill.SPracticeItemExp
2016-09-09 14:59:10:257  INFO SYSTEM:main - register bean name=fire.pb.skill.SSceneSkillConfig
2016-09-09 14:59:10:288  INFO SYSTEM:main - register bean name=fire.pb.skill.SSchoolSkillitem
2016-09-09 14:59:10:350  INFO SYSTEM:main - register bean name=fire.pb.skill.SSkillConfig
2016-09-09 14:59:10:382  INFO SYSTEM:main - register bean name=fire.pb.skill.SSkillInfoConfig
2016-09-09 14:59:10:553  INFO SYSTEM:main - register bean name=fire.pb.skill.SSubSkillConfig
2016-09-09 14:59:10:585  INFO SYSTEM:main - register bean name=fire.pb.SysConfig.SHotdeployClass
2016-09-09 14:59:10:616  INFO SYSTEM:main - register bean name=fire.pb.SysConfig.SSysconfig
2016-09-09 14:59:10:647  INFO SYSTEM:main - register bean name=fire.pb.team.DSTeamMatchInfo
2016-09-09 14:59:10:678  INFO SYSTEM:main - register bean name=fire.pb.team.SGuangHuanLevelup
2016-09-09 14:59:10:725  INFO SYSTEM:main - register bean name=fire.pb.team.STeamListInfo
2016-09-09 14:59:10:741  INFO SYSTEM:main - register bean name=fire.pb.team.STeamMatchInfo
2016-09-09 14:59:10:772  INFO SYSTEM:main - register bean name=fire.pb.team.SZhenFaeffect
2016-09-09 14:59:10:819  INFO SYSTEM:main - register bean name=fire.pb.timer.SScheculedActivity
2016-09-09 14:59:10:850  INFO SYSTEM:main - register bean name=fire.pb.timer.SScheculedActivityDianKa
2016-09-09 14:59:10:882  INFO SYSTEM:main - register bean name=fire.pb.title.SItemTitleConfig
2016-09-09 14:59:10:925  INFO SYSTEM:main - register bean name=fire.pb.title.STitleConfig
2016-09-09 14:59:10:956  INFO SYSTEM:main - register bean name=fire.pb.triggers.STriggerCondition
2016-09-09 14:59:11:003  INFO SYSTEM:main - register bean name=fire.pb.triggers.STriggerCondition4D
2016-09-09 14:59:11:034  INFO SYSTEM:main - register properties=activity
2016-09-09 14:59:11:050  INFO SYSTEM:main - register properties=battle
2016-09-09 14:59:11:050  INFO SYSTEM:main - register properties=cross
2016-09-09 14:59:11:050  INFO SYSTEM:main - register properties=forbid
2016-09-09 14:59:11:065  INFO SYSTEM:main - register properties=fushi
2016-09-09 14:59:11:065  INFO SYSTEM:main - register properties=game
2016-09-09 14:59:11:081  INFO SYSTEM:main - register properties=item
2016-09-09 14:59:11:096  INFO SYSTEM:main - register properties=market
2016-09-09 14:59:11:096  INFO SYSTEM:main - register properties=message
2016-09-09 14:59:11:112  INFO SYSTEM:main - register properties=npc
2016-09-09 14:59:11:112  INFO SYSTEM:main - register properties=operlog
2016-09-09 14:59:11:112  INFO SYSTEM:main - register properties=robot
2016-09-09 14:59:11:128  INFO SYSTEM:main - register properties=school
2016-09-09 14:59:11:128  INFO SYSTEM:main - register properties=serverid
2016-09-09 14:59:11:143  INFO SYSTEM:main - register properties=skill
2016-09-09 14:59:11:143  INFO SYSTEM:main - register properties=specialquest
2016-09-09 14:59:11:143  INFO SYSTEM:main - register properties=sys
2016-09-09 14:59:11:159  INFO SYSTEM:main - register properties=task
2016-09-09 14:59:50:398  INFO SYSTEM:main - 将在 32169 秒后开始第一次EndOfDayTask
2016-09-09 14:59:50:429  INFO SYSTEM:main - 将在 32411 秒后开始第一次BeginOfDayTask
2016-09-09 14:59:51:453  INFO SYSTEM:mkdb.Worker.scheduled.28 - gametime update.curGameTime:-1gametime:11
2016-09-09 14:59:57:061  INFO SYSTEM:mkdb.Worker.procedure.37 - Server start clear timeout offline protocol.
2016-09-09 14:59:57:467  INFO SYSTEM:main - localhttpserver start port : 29300
2016-09-09 14:59:57:482  INFO SYSTEM:main - Charge Callback Server Thread Start!Listen at 0.0.0.0:8800
2016-09-09 14:59:57:514  INFO SYSTEM:main - ThreadPool init!initsize:8,maxsize:20,queue:1000
2016-09-09 14:59:57:607  INFO SYSTEM:main - SERVER OPENED! Current Local Id:1
2016-09-09 14:59:57:607  INFO SYSTEM:main - Config -usemysql:false
2016-09-09 14:59:57:607  INFO SYSTEM:main - 是否和合过服的服务器 is merger server = false
2016-09-09 14:59:57:623  INFO SYSTEM:mkio.Engine.1 - delivery connected
2016-09-09 14:59:57:623  INFO SYSTEM:mkdb.Worker..47 - plattype:1,serverid:1101961014
2016-09-09 14:59:57:623  INFO SYSTEM:mkdb.Worker..47 - Gs.isYingyongbao=false
2016-09-09 14:59:57:670  INFO SYSTEM:mkio.Engine.3 - Onlines start Listen:Mkio/192.168.29.161:37001-/192.168.29.161:37001@Provider
