2016-09-09 14:46:45:169  INFO TASK:main - task模块初始化开始
2016-09-09 14:46:45:607  INFO TASK:main - task模块初始化完成
2016-09-09 14:46:45:779  INFO TASK:main - 开始清理过期无效充值订单...
2016-09-09 14:46:45:826  INFO TASK:main - 开始清理过期无效充值订单...size=0
2016-09-09 14:46:45:826  INFO TASK:main - 开始清理过期无效充值订单历史...
2016-09-09 14:46:45:857  INFO TASK:main - 开始清理过期无效充值订单历史...size=0
2016-09-09 14:46:45:857  INFO TASK:main - 开始清理过期平台充值订单历史...
2016-09-09 14:46:45:919  INFO TASK:main - 开始清理过期平台充值订单历史...size=0
2016-09-09 14:47:27:219  INFO TASK:mkdb.Worker.procedure.41 - 角色[4097]暗夜马戏团任务一周数据刷新，随机新任务。
2016-09-09 14:47:27:328  WARN TASK:mkdb.Worker.procedure.41 - 角色[4097]当前等级:1！随机任务总权重:0错误(<=0)！
2016-09-09 14:47:28:060  INFO TASK:mkdb.Worker.procedure.37 - 角色[4097]循环任务1010000,强制:false,AutoAddCircTask!
2016-09-09 14:47:28:060  INFO TASK:mkdb.Worker.procedure.37 - 角色[4097]任务1010000,准备接去循环任务!questid:0
2016-09-09 14:47:31:187  INFO TASK:mkdb.Worker.procedure.28 - 角色[4097]接受任务成功:180401
2016-09-09 14:48:05:482  INFO TASK:mkdb.Worker.procedure.48 - 角色[4097]暗夜马戏团任务一周数据刷新，随机新任务。
2016-09-09 14:48:05:482  WARN TASK:mkdb.Worker.procedure.48 - 角色[4097]当前等级:2！随机任务总权重:0错误(<=0)！
2016-09-09 14:48:05:498  INFO TASK:mkdb.Worker.procedure.48 - 角色[4097]暗夜马戏团任务一周数据刷新，随机新任务。
2016-09-09 14:48:05:498  WARN TASK:mkdb.Worker.procedure.48 - 角色[4097]当前等级:3！随机任务总权重:0错误(<=0)！
2016-09-09 14:48:05:498  INFO TASK:mkdb.Worker.procedure.48 - 角色[4097]暗夜马戏团任务一周数据刷新，随机新任务。
2016-09-09 14:48:05:498  WARN TASK:mkdb.Worker.procedure.48 - 角色[4097]当前等级:4！随机任务总权重:0错误(<=0)！
2016-09-09 14:48:05:498  INFO TASK:mkdb.Worker.procedure.48 - 角色[4097]暗夜马戏团任务一周数据刷新，随机新任务。
2016-09-09 14:48:05:498  WARN TASK:mkdb.Worker.procedure.48 - 角色[4097]当前等级:5！随机任务总权重:0错误(<=0)！
2016-09-09 14:48:05:498  INFO TASK:mkdb.Worker.procedure.48 - 角色[4097]暗夜马戏团任务一周数据刷新，随机新任务。
2016-09-09 14:48:05:498  WARN TASK:mkdb.Worker.procedure.48 - 角色[4097]当前等级:6！随机任务总权重:0错误(<=0)！
2016-09-09 14:48:05:498  INFO TASK:mkdb.Worker.procedure.48 - 角色[4097]暗夜马戏团任务一周数据刷新，随机新任务。
2016-09-09 14:48:05:498  WARN TASK:mkdb.Worker.procedure.48 - 角色[4097]当前等级:7！随机任务总权重:0错误(<=0)！
2016-09-09 14:48:05:498  INFO TASK:mkdb.Worker.procedure.48 - 角色[4097]暗夜马戏团任务一周数据刷新，随机新任务。
2016-09-09 14:48:05:498  WARN TASK:mkdb.Worker.procedure.48 - 角色[4097]当前等级:8！随机任务总权重:0错误(<=0)！
2016-09-09 14:48:05:498  INFO TASK:mkdb.Worker.procedure.48 - 角色[4097]暗夜马戏团任务一周数据刷新，随机新任务。
2016-09-09 14:48:05:498  WARN TASK:mkdb.Worker.procedure.48 - 角色[4097]当前等级:9！随机任务总权重:0错误(<=0)！
2016-09-09 14:48:05:498  INFO TASK:mkdb.Worker.procedure.48 - 角色[4097]暗夜马戏团任务一周数据刷新，随机新任务。
2016-09-09 14:48:05:498  WARN TASK:mkdb.Worker.procedure.48 - 角色[4097]当前等级:10！随机任务总权重:0错误(<=0)！
2016-09-09 14:48:05:498  INFO TASK:mkdb.Worker.procedure.48 - 角色[4097]暗夜马戏团任务一周数据刷新，随机新任务。
2016-09-09 14:48:05:498  WARN TASK:mkdb.Worker.procedure.48 - 角色[4097]当前等级:11！随机任务总权重:0错误(<=0)！
2016-09-09 14:48:05:513  INFO TASK:mkdb.Worker.procedure.48 - 角色[4097]暗夜马戏团任务一周数据刷新，随机新任务。
2016-09-09 14:48:05:513  WARN TASK:mkdb.Worker.procedure.48 - 角色[4097]当前等级:12！随机任务总权重:0错误(<=0)！
2016-09-09 14:48:05:513  INFO TASK:mkdb.Worker.procedure.48 - 角色[4097]暗夜马戏团任务一周数据刷新，随机新任务。
2016-09-09 14:48:05:513  WARN TASK:mkdb.Worker.procedure.48 - 角色[4097]当前等级:13！随机任务总权重:0错误(<=0)！
2016-09-09 14:48:05:513  INFO TASK:mkdb.Worker.procedure.48 - 角色[4097]暗夜马戏团任务一周数据刷新，随机新任务。
2016-09-09 14:48:05:513  WARN TASK:mkdb.Worker.procedure.48 - 角色[4097]当前等级:14！随机任务总权重:0错误(<=0)！
2016-09-09 14:48:05:513  INFO TASK:mkdb.Worker.procedure.48 - 角色[4097]暗夜马戏团任务一周数据刷新，随机新任务。
2016-09-09 14:48:05:513  WARN TASK:mkdb.Worker.procedure.48 - 角色[4097]当前等级:15！随机任务总权重:0错误(<=0)！
2016-09-09 14:48:05:513  INFO TASK:mkdb.Worker.procedure.48 - 角色[4097]循环任务1010000,强制:false,AutoAddCircTask!
2016-09-09 14:48:05:513  INFO TASK:mkdb.Worker.procedure.48 - 角色[4097]任务1010000,准备接去循环任务!questid:0
2016-09-09 14:48:05:513  INFO TASK:mkdb.Worker.procedure.48 - 角色[4097]暗夜马戏团任务一周数据刷新，随机新任务。
2016-09-09 14:48:05:513  WARN TASK:mkdb.Worker.procedure.48 - 角色[4097]当前等级:16！随机任务总权重:0错误(<=0)！
2016-09-09 14:48:05:513  INFO TASK:mkdb.Worker.procedure.48 - 角色[4097]循环任务1010000,强制:false,AutoAddCircTask!
2016-09-09 14:48:05:513  INFO TASK:mkdb.Worker.procedure.48 - 角色[4097]任务1010000,准备接去循环任务!questid:0
2016-09-09 14:48:05:513  INFO TASK:mkdb.Worker.procedure.48 - 角色[4097]暗夜马戏团任务一周数据刷新，随机新任务。
2016-09-09 14:48:05:513  WARN TASK:mkdb.Worker.procedure.48 - 角色[4097]当前等级:17！随机任务总权重:0错误(<=0)！
2016-09-09 14:48:05:513  INFO TASK:mkdb.Worker.procedure.48 - 角色[4097]循环任务1010000,强制:false,AutoAddCircTask!
2016-09-09 14:48:05:513  INFO TASK:mkdb.Worker.procedure.48 - 角色[4097]任务1010000,准备接去循环任务!questid:0
2016-09-09 14:48:05:623  INFO TASK:mkdb.Worker.procedure.48 - 角色[4097]暗夜马戏团任务一周数据刷新，随机新任务。
2016-09-09 14:48:05:623  WARN TASK:mkdb.Worker.procedure.48 - 角色[4097]当前等级:18！随机任务总权重:0错误(<=0)！
2016-09-09 14:48:05:623  INFO TASK:mkdb.Worker.procedure.48 - 角色[4097]循环任务1010000,强制:false,AutoAddCircTask!
2016-09-09 14:48:05:623  INFO TASK:mkdb.Worker.procedure.48 - 角色[4097]任务1010000,准备接去循环任务!questid:0
2016-09-09 14:48:05:623  INFO TASK:mkdb.Worker.procedure.48 - 角色[4097]暗夜马戏团任务一周数据刷新，随机新任务。
2016-09-09 14:48:05:623  WARN TASK:mkdb.Worker.procedure.48 - 角色[4097]当前等级:19！随机任务总权重:0错误(<=0)！
2016-09-09 14:48:05:623  INFO TASK:mkdb.Worker.procedure.48 - 角色[4097]循环任务1010000,强制:false,AutoAddCircTask!
2016-09-09 14:48:05:623  INFO TASK:mkdb.Worker.procedure.48 - 角色[4097]任务1010000,准备接去循环任务!questid:0
2016-09-09 14:48:05:623  INFO TASK:mkdb.Worker.procedure.48 - 角色[4097]暗夜马戏团任务一周数据刷新，随机新任务。
2016-09-09 14:48:05:623  WARN TASK:mkdb.Worker.procedure.48 - 角色[4097]当前等级:20！随机任务总权重:0错误(<=0)！
2016-09-09 14:48:05:623  INFO TASK:mkdb.Worker.procedure.48 - 角色[4097]循环任务1010000,强制:false,AutoAddCircTask!
2016-09-09 14:48:05:623  INFO TASK:mkdb.Worker.procedure.48 - 角色[4097]任务1010000,准备接去循环任务!questid:0
2016-09-09 14:48:05:623  INFO TASK:mkdb.Worker.procedure.48 - 角色[4097]暗夜马戏团任务一周数据刷新，随机新任务。
2016-09-09 14:48:05:623  WARN TASK:mkdb.Worker.procedure.48 - 角色[4097]当前等级:21！随机任务总权重:0错误(<=0)！
2016-09-09 14:48:05:623  INFO TASK:mkdb.Worker.procedure.48 - 角色[4097]循环任务1010000,强制:false,AutoAddCircTask!
2016-09-09 14:48:05:623  INFO TASK:mkdb.Worker.procedure.48 - 角色[4097]任务1010000,准备接去循环任务!questid:0
2016-09-09 14:48:05:701  INFO TASK:mkdb.Worker.procedure.50 - 角色[4097]开始接受循环任务:1010000,预定任务id:0.强制:false
2016-09-09 14:48:05:920  INFO TASK:mkdb.Worker.procedure.50 - 角色[4097]循环任务[0]初始信息=Id:0,Questid:0,Queststate:0,Round:0,Sumnum:0,Questtype:0,Lastgiveuptime:0,Takequesttime:0,Sametimes:0,Lasttype:0,Questclass:0,Questgroup:0,Autocomp:1,Submitnpc:0,danbei:0,suangbei:0,Openawardnum:0.
2016-09-09 14:48:06:060  INFO TASK:mkdb.Worker.procedure.50 - refresh2role:4097,questid:1010000
2016-09-09 14:48:06:060  INFO TASK:mkdb.Worker.procedure.50 - 角色[4097]循环任务[1010000]发送信息=,npcid:0,npckey:0,send!
2016-09-09 14:48:06:060  INFO TASK:mkdb.Worker.procedure.50 - 循环师门任务领取:任务id:1010003, 角色id:4097, 角色姓名:浪漫榭木角色等级:21, 角色门派ID:13, 目的道具ID:50356, 次数:0, 环数:1
2016-09-09 14:48:06:060  INFO TASK:mkdb.Worker.procedure.50 - 角色[4097]循环任务[1010000]结果信息=Id:2,Questid:1010000,Queststate:4,Round:1,Sumnum:0,Questtype:1010003,Lastgiveuptime:0,Takequesttime:1473403685966,Sametimes:1,Lasttype:1010003,Questclass:2,Questgroup:2,Autocomp:1,Submitnpc:0,Openawardnum:0.
2016-09-09 14:48:06:060  INFO TASK:mkdb.Worker.procedure.49 - 角色[4097]开始接受循环任务:1010000,预定任务id:0.强制:false
2016-09-09 14:48:06:060 ERROR TASK:mkdb.Worker.procedure.49 - 角色[4097]当前循环任务1010000状态:4,尚未成功提交,无法接受新任务!
2016-09-09 14:48:06:060  INFO TASK:mkdb.Worker.procedure.48 - 角色[4097]开始接受循环任务:1010000,预定任务id:0.强制:false
2016-09-09 14:48:06:060 ERROR TASK:mkdb.Worker.procedure.48 - 角色[4097]当前循环任务1010000状态:4,尚未成功提交,无法接受新任务!
2016-09-09 14:48:06:091  INFO TASK:mkdb.Worker.procedure.39 - 角色[4097]开始接受循环任务:1010000,预定任务id:0.强制:false
2016-09-09 14:48:06:091 ERROR TASK:mkdb.Worker.procedure.39 - 角色[4097]当前循环任务1010000状态:4,尚未成功提交,无法接受新任务!
2016-09-09 14:48:06:091  INFO TASK:mkdb.Worker.procedure.35 - 角色[4097]接受任务成功:500602
2016-09-09 14:48:06:091  INFO TASK:mkdb.Worker.procedure.52 - 角色[4097]开始接受循环任务:1010000,预定任务id:0.强制:false
2016-09-09 14:48:06:091 ERROR TASK:mkdb.Worker.procedure.52 - 角色[4097]当前循环任务1010000状态:4,尚未成功提交,无法接受新任务!
2016-09-09 14:48:06:091  INFO TASK:mkdb.Worker.procedure.33 - 角色[4097]接受任务成功:600001
2016-09-09 14:48:06:091  INFO TASK:mkdb.Worker.procedure.29 - 角色[4097]开始接受循环任务:1010000,预定任务id:0.强制:false
2016-09-09 14:48:06:091 ERROR TASK:mkdb.Worker.procedure.29 - 角色[4097]当前循环任务1010000状态:4,尚未成功提交,无法接受新任务!
2016-09-09 14:48:06:091  INFO TASK:mkdb.Worker.procedure.34 - 角色[4097]开始接受循环任务:1010000,预定任务id:0.强制:false
2016-09-09 14:48:06:091 ERROR TASK:mkdb.Worker.procedure.34 - 角色[4097]当前循环任务1010000状态:4,尚未成功提交,无法接受新任务!
2016-09-09 14:56:26:699  INFO TASK:main - task模块初始化开始
2016-09-09 14:56:27:106  INFO TASK:main - task模块初始化完成
2016-09-09 14:56:27:277  INFO TASK:main - 开始清理过期无效充值订单...
2016-09-09 14:56:27:310  INFO TASK:main - 开始清理过期无效充值订单...size=0
2016-09-09 14:56:27:310  INFO TASK:main - 开始清理过期无效充值订单历史...
2016-09-09 14:56:27:357  INFO TASK:main - 开始清理过期无效充值订单历史...size=0
2016-09-09 14:56:27:357  INFO TASK:main - 开始清理过期平台充值订单历史...
2016-09-09 14:56:27:373  INFO TASK:main - 开始清理过期平台充值订单历史...size=0
2016-09-09 14:59:51:328  INFO TASK:main - task模块初始化开始
2016-09-09 14:59:51:781  INFO TASK:main - task模块初始化完成
2016-09-09 14:59:52:001  INFO TASK:main - 开始清理过期无效充值订单...
2016-09-09 14:59:52:033  INFO TASK:main - 开始清理过期无效充值订单...size=0
2016-09-09 14:59:52:033  INFO TASK:main - 开始清理过期无效充值订单历史...
2016-09-09 14:59:52:079  INFO TASK:main - 开始清理过期无效充值订单历史...size=1
2016-09-09 14:59:52:079  INFO TASK:main - 开始清理过期平台充值订单历史...
2016-09-09 14:59:52:111  INFO TASK:main - 开始清理过期平台充值订单历史...size=0
2016-09-09 14:59:52:314  INFO TASK:mkdb.Worker.procedure.40 - 完成清理过期无效充值订单历史.
